2024-04-11 13:29:06,203 [INFO] Activator:176 - 


2024-04-11 13:29:06,203 [INFO] Activator:177 - !SESSION log4j initialized
2024-04-11 13:29:13,774 [INFO] LogOutputStream:77 - [STDOUT_REDIRECT] 
2024-04-11 13:29:16,072 [INFO] ApplicationProperties:184 - Using Application install path: C:\ST\STM32CubeIDE_1.14.1\STM32CubeIDE\plugins\com.st.stm32cube.common.mx_6.10.0.202311202037
2024-04-11 13:29:16,118 [INFO] DbMcusXml:78 - Set database path to: C:\ST\STM32CubeIDE_1.14.1\STM32CubeIDE\plugins\com.st.stm32cube.common.mx_6.10.0.202311202037\\db\/mcu/
2024-04-11 13:29:16,118 [INFO] ApiDb:274 - Set plugin database path to: C:\ST\STM32CubeIDE_1.14.1\STM32CubeIDE\plugins\com.st.stm32cube.common.mx_6.10.0.202311202037\\db\/plugins/boardmanager/
2024-04-11 13:29:16,119 [WARN] ApiDb:259 - Overriding images path with different value:  => C:\ST\STM32CubeIDE_1.14.1\STM32CubeIDE\plugins\com.st.stm32cube.common.mx_6.10.0.202311202037\\db\/plugins/mcufinder/images/
2024-04-11 13:29:16,146 [INFO] ApiDb:250 - Set database path to: C:\Users\TuranyElijah\.stmcufinder\plugins\mcufinder//mcu/
2024-04-11 13:29:16,149 [INFO] DbMcusAds:125 - Set database path to: C:\Users\TuranyElijah\.stmcufinder\plugins\mcufinder//mcu/
2024-04-11 13:29:16,155 [INFO] CrossReferenceDbSqlite:203 - Set database path to: C:\Users\TuranyElijah\.stmcufinder\plugins\mcufinder//mcu/cs/
2024-04-11 13:29:16,426 [INFO] RulesReader:64 - Compatibility file has been processed (297 Rules)
2024-04-11 13:29:16,598 [INFO] DbMcusXml:78 - Set database path to: C:\ST\STM32CubeIDE_1.14.1\STM32CubeIDE\plugins\com.st.stm32cube.common.mx_6.10.0.202311202037\\db\/mcu/
2024-04-11 13:29:16,598 [INFO] ApiDb:274 - Set plugin database path to: C:\ST\STM32CubeIDE_1.14.1\STM32CubeIDE\plugins\com.st.stm32cube.common.mx_6.10.0.202311202037\\db\/plugins/boardmanager/
2024-04-11 13:29:16,598 [INFO] ApiDb:261 - Set plugin images path to: C:\ST\STM32CubeIDE_1.14.1\STM32CubeIDE\plugins\com.st.stm32cube.common.mx_6.10.0.202311202037\\db\/plugins/mcufinder/images/
2024-04-11 13:29:16,598 [WARN] DbFile:41 - Overriding database path with different value: C:\Users\TuranyElijah\.stmcufinder\plugins\mcufinder/ => C:\Users\TuranyElijah\.stmcufinder\plugins\mcufinder
2024-04-11 13:29:16,599 [INFO] ApiDb:250 - Set database path to: C:\Users\TuranyElijah\.stmcufinder\plugins\mcufinder//mcu/
2024-04-11 13:29:16,599 [WARN] DbFile:41 - Overriding database path with different value: C:\Users\TuranyElijah\.stmcufinder\plugins\mcufinder/ => C:\Users\TuranyElijah\.stmcufinder\plugins\mcufinder
2024-04-11 13:29:16,599 [INFO] DbMcusAds:125 - Set database path to: C:\Users\TuranyElijah\.stmcufinder\plugins\mcufinder//mcu/
2024-04-11 13:29:16,599 [WARN] DbFile:41 - Overriding database path with different value: C:\Users\TuranyElijah\.stmcufinder\plugins\mcufinder/ => C:\Users\TuranyElijah\.stmcufinder\plugins\mcufinder
2024-04-11 13:29:16,599 [WARN] DbFile:41 - Overriding database path with different value: C:\Users\TuranyElijah\.stmcufinder\plugins\mcufinder/ => C:\Users\TuranyElijah\.stmcufinder\plugins\mcufinder
2024-04-11 13:29:16,599 [INFO] CrossReferenceDbSqlite:203 - Set database path to: C:\Users\TuranyElijah\.stmcufinder\plugins\mcufinder//mcu/cs/
2024-04-11 13:29:16,762 [INFO] MainPanel:264 - HeapMemory: 268435456
2024-04-11 13:29:16,950 [INFO] DbMcusXml:78 - Set database path to: C:\ST\STM32CubeIDE_1.14.1\STM32CubeIDE\plugins\com.st.stm32cube.common.mx_6.10.0.202311202037\\db\/mcu/
2024-04-11 13:29:16,950 [INFO] ApiDb:274 - Set plugin database path to: C:\ST\STM32CubeIDE_1.14.1\STM32CubeIDE\plugins\com.st.stm32cube.common.mx_6.10.0.202311202037\\db\/plugins/boardmanager/
2024-04-11 13:29:16,950 [INFO] ApiDb:261 - Set plugin images path to: C:\ST\STM32CubeIDE_1.14.1\STM32CubeIDE\plugins\com.st.stm32cube.common.mx_6.10.0.202311202037\\db\/plugins/mcufinder/images/
2024-04-11 13:29:16,951 [WARN] DbFile:41 - Overriding database path with different value: C:\Users\TuranyElijah\.stmcufinder\plugins\mcufinder/ => C:\Users\TuranyElijah\.stmcufinder\plugins\mcufinder
2024-04-11 13:29:16,951 [INFO] ApiDb:250 - Set database path to: C:\Users\TuranyElijah\.stmcufinder\plugins\mcufinder//mcu/
2024-04-11 13:29:16,951 [WARN] DbFile:41 - Overriding database path with different value: C:\Users\TuranyElijah\.stmcufinder\plugins\mcufinder/ => C:\Users\TuranyElijah\.stmcufinder\plugins\mcufinder
2024-04-11 13:29:16,951 [INFO] DbMcusAds:125 - Set database path to: C:\Users\TuranyElijah\.stmcufinder\plugins\mcufinder//mcu/
2024-04-11 13:29:16,952 [WARN] DbFile:41 - Overriding database path with different value: C:\Users\TuranyElijah\.stmcufinder\plugins\mcufinder/ => C:\Users\TuranyElijah\.stmcufinder\plugins\mcufinder
2024-04-11 13:29:16,952 [WARN] DbFile:41 - Overriding database path with different value: C:\Users\TuranyElijah\.stmcufinder\plugins\mcufinder/ => C:\Users\TuranyElijah\.stmcufinder\plugins\mcufinder
2024-04-11 13:29:16,952 [INFO] CrossReferenceDbSqlite:203 - Set database path to: C:\Users\TuranyElijah\.stmcufinder\plugins\mcufinder//mcu/cs/
2024-04-11 13:29:16,986 [INFO] ApplicationProperties:184 - Using Application install path: C:\ST\STM32CubeIDE_1.14.1\STM32CubeIDE\plugins\com.st.stm32cube.common.mx_6.10.0.202311202037
2024-04-11 13:29:16,989 [INFO] PluginManage:196 - Search for loadable plugins [exclusion list=, ]
2024-04-11 13:29:16,992 [INFO] PluginManage:310 - Check plugin analytics
2024-04-11 13:29:17,341 [INFO] AnalyticsPlugin:253 - Accepted Software Licenses: STM32CubeMX.6.10.0
2024-04-11 13:29:17,342 [INFO] AnalyticsPlugin:255 - Accepted CMSIS Pack Licenses: 
2024-04-11 13:29:17,342 [INFO] AnalyticsPlugin:257 - Accepted Firmware Licenses: 
2024-04-11 13:29:17,347 [INFO] PluginManage:359 - Loaded plugin analytics (category:tool,tabindex:-1)
2024-04-11 13:29:17,348 [INFO] PluginManage:310 - Check plugin cadmodel
2024-04-11 13:29:17,370 [INFO] CADModel:105 - Init CAD model plugin
2024-04-11 13:29:17,370 [INFO] PluginManage:359 - Loaded plugin cadmodel (category:power,tabindex:5)
2024-04-11 13:29:17,371 [INFO] PluginManage:310 - Check plugin clock
2024-04-11 13:29:17,410 [INFO] PluginManage:359 - Loaded plugin clock (category:base,tabindex:2)
2024-04-11 13:29:17,410 [INFO] PluginManage:310 - Check plugin ddr
2024-04-11 13:29:17,415 [INFO] PluginManage:359 - Loaded plugin ddr (category:tool,tabindex:6)
2024-04-11 13:29:17,416 [INFO] PluginManage:310 - Check plugin filemanager
2024-04-11 13:29:17,663 [INFO] PluginManage:359 - Loaded plugin filemanager (category:base,tabindex:10)
2024-04-11 13:29:17,664 [INFO] PluginManage:310 - Check plugin ipmanager
2024-04-11 13:29:17,678 [INFO] PluginManage:359 - Loaded plugin ipmanager (category:base,tabindex:5)
2024-04-11 13:29:17,678 [INFO] PluginManage:310 - Check plugin lpbam
2024-04-11 13:29:17,706 [INFO] PluginManage:359 - Loaded plugin lpbam (category:base,tabindex:0)
2024-04-11 13:29:17,707 [INFO] PluginManage:310 - Check plugin memorymap
2024-04-11 13:29:17,751 [INFO] PluginManage:359 - Loaded plugin memorymap (category:base,tabindex:4)
2024-04-11 13:29:17,751 [INFO] PluginManage:310 - Check plugin pinoutandconfiguration
2024-04-11 13:29:17,777 [INFO] PluginManage:359 - Loaded plugin pinoutandconfiguration (category:base,tabindex:1)
2024-04-11 13:29:17,777 [INFO] PluginManage:310 - Check plugin pinoutconfig
2024-04-11 13:29:17,958 [WARN] SupportedApi:132 - Cannot load RTOS API schema: s4s-elt-must-match.1: The content of 'definitions' must match (annotation?, (simpleType | complexType)?, (unique | key | keyref)*)). A problem was found starting at: attribute.
2024-04-11 13:29:18,227 [INFO] PluginManage:359 - Loaded plugin pinoutconfig (category:base,tabindex:0)
2024-04-11 13:29:18,228 [INFO] PluginManage:310 - Check plugin power
2024-04-11 13:29:18,260 [INFO] PluginManage:359 - Loaded plugin power (category:power,tabindex:4)
2024-04-11 13:29:18,260 [INFO] PluginManage:310 - Check plugin projectmanager
2024-04-11 13:29:18,291 [INFO] PluginManage:359 - Loaded plugin projectmanager (category:projectmanager,tabindex:3)
2024-04-11 13:29:18,291 [INFO] PluginManage:310 - Check plugin thirdparty
2024-04-11 13:29:18,666 [INFO] PluginManage:359 - Loaded plugin thirdparty (category:base,tabindex:-1)
2024-04-11 13:29:18,666 [WARN] IntegrityCheckThread:84 - waiting for thirdparty lock release [integrity check]
2024-04-11 13:29:18,667 [INFO] IntegrityCheckThread:86 - entering critical section [integrity check]
2024-04-11 13:29:18,667 [INFO] PluginManage:310 - Check plugin tools
2024-04-11 13:29:18,667 [INFO] ThirdPartyUpdaterWithRetryManager:70 - Updater plugin not ready yet. [1/15]
2024-04-11 13:29:18,717 [INFO] PluginManage:359 - Loaded plugin tools (category:base,tabindex:7)
2024-04-11 13:29:18,717 [INFO] PluginManage:310 - Check plugin tutovideos
2024-04-11 13:29:18,976 [INFO] PluginManage:359 - Loaded plugin tutovideos (category:base,tabindex:-1)
2024-04-11 13:29:18,977 [INFO] PluginManage:310 - Check plugin updater
2024-04-11 13:29:18,999 [INFO] PluginManage:359 - Loaded plugin updater (category:base,tabindex:12)
2024-04-11 13:29:18,999 [INFO] PluginManage:310 - Check plugin userauth
2024-04-11 13:29:19,007 [INFO] UserAuth:114 - Init User Auth plugin
2024-04-11 13:29:19,008 [INFO] PluginManage:359 - Loaded plugin userauth (category:base,tabindex:14)
2024-04-11 13:29:19,008 [INFO] PluginManage:283 - PluginManage : Loaded plugins [17]
2024-04-11 13:29:19,345 [INFO] PinOutPanel:1499 - setPackage(No Configuration,No Configuration)
2024-04-11 13:29:19,458 [INFO] CADModel:165 - CPN selected for project level
2024-04-11 13:29:19,458 [INFO] CADModel:114 - Register for checkConnection events
2024-04-11 13:29:19,493 [INFO] IPUIPlugin:80 - create IPUIPlugin
2024-04-11 13:29:19,493 [INFO] PluginManager:220 - loadIPPluginJar : add adc
2024-04-11 13:29:19,534 [INFO] IPUIPlugin:80 - create IPUIPlugin
2024-04-11 13:29:19,534 [INFO] PluginManager:220 - loadIPPluginJar : add aes
2024-04-11 13:29:19,580 [INFO] IPUIPlugin:80 - create IPUIPlugin
2024-04-11 13:29:19,580 [INFO] PluginManager:220 - loadIPPluginJar : add can
2024-04-11 13:29:19,604 [INFO] IPUIPlugin:80 - create IPUIPlugin
2024-04-11 13:29:19,604 [INFO] PluginManager:220 - loadIPPluginJar : add comp
2024-04-11 13:29:19,637 [INFO] IPUIPlugin:80 - create IPUIPlugin
2024-04-11 13:29:19,638 [INFO] PluginManager:220 - loadIPPluginJar : add cryp
2024-04-11 13:29:19,668 [INFO] IPUIPlugin:80 - create IPUIPlugin
2024-04-11 13:29:19,669 [INFO] PluginManager:220 - loadIPPluginJar : add dfsdm
2024-04-11 13:29:19,685 [INFO] IPUIPlugin:80 - create IPUIPlugin
2024-04-11 13:29:19,686 [INFO] PluginManager:220 - loadIPPluginJar : add dma
2024-04-11 13:29:19,725 [INFO] IPUIPlugin:80 - create IPUIPlugin
2024-04-11 13:29:19,725 [INFO] PluginManager:220 - loadIPPluginJar : add dma3
2024-04-11 13:29:19,744 [INFO] IPUIPlugin:80 - create IPUIPlugin
2024-04-11 13:29:19,745 [INFO] PluginManager:220 - loadIPPluginJar : add fatfs
2024-04-11 13:29:19,790 [INFO] IPUIPlugin:80 - create IPUIPlugin
2024-04-11 13:29:19,790 [INFO] PluginManager:220 - loadIPPluginJar : add fmc
2024-04-11 13:29:19,808 [INFO] IPUIPlugin:80 - create IPUIPlugin
2024-04-11 13:29:19,808 [INFO] PluginManager:220 - loadIPPluginJar : add freertos
2024-04-11 13:29:19,829 [INFO] IPUIPlugin:80 - create IPUIPlugin
2024-04-11 13:29:19,829 [INFO] PluginManager:220 - loadIPPluginJar : add genericplugin
2024-04-11 13:29:19,909 [INFO] IPUIPlugin:80 - create IPUIPlugin
2024-04-11 13:29:19,909 [INFO] PluginManager:220 - loadIPPluginJar : add gfxmmu
2024-04-11 13:29:20,030 [INFO] IPUIPlugin:80 - create IPUIPlugin
2024-04-11 13:29:20,030 [INFO] PluginManager:220 - loadIPPluginJar : add gic
2024-04-11 13:29:20,047 [INFO] IPUIPlugin:80 - create IPUIPlugin
2024-04-11 13:29:20,047 [INFO] PluginManager:220 - loadIPPluginJar : add gpio
2024-04-11 13:29:20,126 [INFO] IPUIPlugin:80 - create IPUIPlugin
2024-04-11 13:29:20,126 [INFO] PluginManager:220 - loadIPPluginJar : add gtzc
2024-04-11 13:29:20,157 [INFO] IPUIPlugin:80 - create IPUIPlugin
2024-04-11 13:29:20,157 [INFO] PluginManager:220 - loadIPPluginJar : add hash
2024-04-11 13:29:20,201 [INFO] IPUIPlugin:80 - create IPUIPlugin
2024-04-11 13:29:20,201 [INFO] PluginManager:220 - loadIPPluginJar : add i2c
2024-04-11 13:29:20,238 [INFO] IPUIPlugin:80 - create IPUIPlugin
2024-04-11 13:29:20,238 [INFO] PluginManager:220 - loadIPPluginJar : add i2s
2024-04-11 13:29:20,279 [INFO] IPUIPlugin:80 - create IPUIPlugin
2024-04-11 13:29:20,279 [INFO] PluginManager:220 - loadIPPluginJar : add i3c
2024-04-11 13:29:20,379 [INFO] IPUIPlugin:80 - create IPUIPlugin
2024-04-11 13:29:20,379 [INFO] PluginManager:220 - loadIPPluginJar : add ipddr
2024-04-11 13:29:20,457 [INFO] IPUIPlugin:80 - create IPUIPlugin
2024-04-11 13:29:20,457 [INFO] PluginManager:220 - loadIPPluginJar : add linkedlist
2024-04-11 13:29:20,490 [INFO] IPUIPlugin:80 - create IPUIPlugin
2024-04-11 13:29:20,490 [INFO] PluginManager:220 - loadIPPluginJar : add lorawan
2024-04-11 13:29:20,523 [INFO] IPUIPlugin:80 - create IPUIPlugin
2024-04-11 13:29:20,523 [INFO] PluginManager:220 - loadIPPluginJar : add ltdc
2024-04-11 13:29:20,541 [INFO] IPUIPlugin:80 - create IPUIPlugin
2024-04-11 13:29:20,541 [INFO] PluginManager:220 - loadIPPluginJar : add mdma
2024-04-11 13:29:20,554 [INFO] IPUIPlugin:80 - create IPUIPlugin
2024-04-11 13:29:20,554 [INFO] PluginManager:220 - loadIPPluginJar : add nvic
2024-04-11 13:29:20,589 [INFO] IPUIPlugin:80 - create IPUIPlugin
2024-04-11 13:29:20,590 [INFO] PluginManager:220 - loadIPPluginJar : add opamp
2024-04-11 13:29:20,641 [INFO] IPUIPlugin:80 - create IPUIPlugin
2024-04-11 13:29:20,641 [INFO] PluginManager:220 - loadIPPluginJar : add openamp
2024-04-11 13:29:20,683 [INFO] IPUIPlugin:80 - create IPUIPlugin
2024-04-11 13:29:20,683 [INFO] PluginManager:220 - loadIPPluginJar : add pdm2pcm
2024-04-11 13:29:20,697 [INFO] IPUIPlugin:80 - create IPUIPlugin
2024-04-11 13:29:20,698 [INFO] PluginManager:220 - loadIPPluginJar : add plateformsettings
2024-04-11 13:29:20,719 [INFO] IPUIPlugin:80 - create IPUIPlugin
2024-04-11 13:29:20,720 [INFO] PluginManager:220 - loadIPPluginJar : add quadspi
2024-04-11 13:29:20,737 [INFO] IPUIPlugin:80 - create IPUIPlugin
2024-04-11 13:29:20,737 [INFO] PluginManager:220 - loadIPPluginJar : add resmgrutility
2024-04-11 13:29:20,800 [INFO] IPUIPlugin:80 - create IPUIPlugin
2024-04-11 13:29:20,800 [INFO] PluginManager:220 - loadIPPluginJar : add sai
2024-04-11 13:29:20,833 [INFO] IPUIPlugin:80 - create IPUIPlugin
2024-04-11 13:29:20,834 [INFO] PluginManager:220 - loadIPPluginJar : add spi
2024-04-11 13:29:20,897 [INFO] IPUIPlugin:80 - create IPUIPlugin
2024-04-11 13:29:20,897 [INFO] PluginManager:220 - loadIPPluginJar : add stm32_wpan
2024-04-11 13:29:20,919 [INFO] IPUIPlugin:80 - create IPUIPlugin
2024-04-11 13:29:20,919 [INFO] PluginManager:220 - loadIPPluginJar : add tim
2024-04-11 13:29:20,967 [INFO] IPUIPlugin:80 - create IPUIPlugin
2024-04-11 13:29:20,967 [INFO] PluginManager:220 - loadIPPluginJar : add touchsensing
2024-04-11 13:29:20,988 [INFO] IPUIPlugin:80 - create IPUIPlugin
2024-04-11 13:29:20,988 [INFO] PluginManager:220 - loadIPPluginJar : add tracer_emb
2024-04-11 13:29:21,009 [INFO] IPUIPlugin:80 - create IPUIPlugin
2024-04-11 13:29:21,009 [INFO] PluginManager:220 - loadIPPluginJar : add ts
2024-04-11 13:29:21,030 [INFO] IPUIPlugin:80 - create IPUIPlugin
2024-04-11 13:29:21,030 [INFO] PluginManager:220 - loadIPPluginJar : add tsc
2024-04-11 13:29:21,049 [INFO] IPUIPlugin:80 - create IPUIPlugin
2024-04-11 13:29:21,050 [INFO] PluginManager:220 - loadIPPluginJar : add ucpd
2024-04-11 13:29:21,092 [INFO] IPUIPlugin:80 - create IPUIPlugin
2024-04-11 13:29:21,092 [INFO] PluginManager:220 - loadIPPluginJar : add usart
2024-04-11 13:29:21,130 [INFO] IPUIPlugin:80 - create IPUIPlugin
2024-04-11 13:29:21,130 [INFO] PluginManager:220 - loadIPPluginJar : add usbx
2024-04-11 13:29:21,267 [INFO] CADModel:165 - CPN selected for project level
2024-04-11 13:29:21,267 [INFO] CADModel:114 - Register for checkConnection events
2024-04-11 13:29:21,267 [FATAL] Updater:308 - Updater called before beeing initialized
2024-04-11 13:29:21,267 [ERROR] CADModel:125 - Updater not yet initialized, retry later 
2024-04-11 13:29:21,455 [INFO] CADModel:165 - CPN selected for project level
2024-04-11 13:29:21,456 [INFO] CADModel:114 - Register for checkConnection events
2024-04-11 13:29:21,456 [FATAL] Updater:308 - Updater called before beeing initialized
2024-04-11 13:29:21,456 [ERROR] CADModel:125 - Updater not yet initialized, retry later 
2024-04-11 13:29:21,460 [FATAL] Updater:308 - Updater called before beeing initialized
2024-04-11 13:29:21,599 [FATAL] Updater:308 - Updater called before beeing initialized
2024-04-11 13:29:21,609 [INFO] DbMcusAds:53 - JSON generation date=Wed Nov 29 04:52:27 CST 2023 (1701255147349)
2024-04-11 13:29:21,610 [FATAL] Updater:308 - Updater called before beeing initialized
2024-04-11 13:29:21,670 [INFO] ThirdPartyUpdaterWithRetryManager:70 - Updater plugin not ready yet. [2/15]
2024-04-11 13:29:21,691 [WARN] DetailPanel:346 - Failed to get advertising image, set to default
2024-04-11 13:29:21,799 [FATAL] Updater:308 - Updater called before beeing initialized
2024-04-11 13:29:21,801 [FATAL] Updater:308 - Updater called before beeing initialized
2024-04-11 13:29:21,801 [FATAL] Updater:308 - Updater called before beeing initialized
2024-04-11 13:29:21,801 [WARN] DetailPanel:346 - Failed to get advertising image, set to default
2024-04-11 13:29:21,802 [FATAL] Updater:308 - Updater called before beeing initialized
2024-04-11 13:29:21,908 [ERROR] Updater:1120 - MainUpdater not yet initialized. External WinMGr cannot be set.
2024-04-11 13:29:21,918 [INFO] Updater:1056 - Updater Version found : 6.10.0
2024-04-11 13:29:21,936 [INFO] ApplicationProperties:184 - Using Application install path: C:\ST\STM32CubeIDE_1.14.1\STM32CubeIDE\plugins\com.st.stm32cube.common.mx_6.10.0.202311202037
2024-04-11 13:29:23,518 [ERROR] LogOutputStream:75 - [STDERR_REDIRECT] Apr 11, 2024 1:29:23 PM java.util.prefs.WindowsPreferences <init>
2024-04-11 13:29:23,519 [ERROR] LogOutputStream:75 - [STDERR_REDIRECT] WARNING: Could not open/create prefs root node Software\JavaSoft\Prefs at root 0xffffffff80000002. Windows RegCreateKeyEx(...) returned error code 5.
2024-04-11 13:29:23,520 [ERROR] LogOutputStream:75 - [STDERR_REDIRECT] 
2024-04-11 13:29:23,942 [INFO] MainUpdater:2873 - connection check result : 10
2024-04-11 13:29:23,943 [INFO] MainUpdater:290 - Updater Check For Update Now.
2024-04-11 13:29:23,944 [INFO] MicroXplorer:498 - Change Database Version : DB.6.0.100
2024-04-11 13:29:23,976 [INFO] McuFinderGlobals:63 - Set McuFinder mode to 2 (CubeIDE integrated)
2024-04-11 13:29:23,976 [INFO] UserAuth:180 - activating auth plugin
2024-04-11 13:29:23,981 [INFO] UserAuth:404 - Internet connection configuration mode: 1
2024-04-11 13:29:24,026 [INFO] JxBrowserEngine:152 - Initiate JxBrowser Engine with user profile folder
2024-04-11 13:29:24,218 [INFO] CheckServerUpdateThread:120 - End of CheckServer Thread
2024-04-11 13:29:24,969 [WARN] PackLoader:240 - Cannot read IP mode file for STMicroelectronics.X-CUBE-SMBUS.2.1.0
2024-04-11 13:29:24,996 [WARN] PackLoader:240 - Cannot read IP mode file for STMicroelectronics.X-CUBE-TOUCHGFX.4.23.1
2024-04-11 13:29:25,013 [WARN] PackLoader:240 - Cannot read IP mode file for STMicroelectronics.X-CUBE-TOUCHGFX.4.23.0
2024-04-11 13:29:25,029 [WARN] PackLoader:240 - Cannot read IP mode file for STMicroelectronics.X-CUBE-TOUCHGFX.4.23.2
2024-04-11 13:29:25,099 [WARN] PackLoader:240 - Cannot read IP mode file for STMicroelectronics.X-CUBE-AZRTOS-F7.1.1.0
2024-04-11 13:29:25,135 [WARN] PackLoader:240 - Cannot read IP mode file for STMicroelectronics.FP-SNS-MOTENV1.4.3.2
2024-04-11 13:29:25,162 [WARN] PackLoader:240 - Cannot read IP mode file for STMicroelectronics.FP-SNS-FLIGHT1.5.0.2
2024-04-11 13:29:25,195 [WARN] PackLoader:240 - Cannot read IP mode file for STMicroelectronics.X-CUBE-DISPLAY.3.0.0
2024-04-11 13:29:25,227 [WARN] PackLoader:240 - Cannot read IP mode file for STMicroelectronics.X-CUBE-BLE1.7.0.0
2024-04-11 13:29:25,247 [WARN] PackLoader:240 - Cannot read IP mode file for emotas.I-CUBE-CANOPEN.1.3.0
2024-04-11 13:29:25,272 [WARN] PackLoader:240 - Cannot read IP mode file for STMicroelectronics.X-CUBE-BLEMGR.3.1.0
2024-04-11 13:29:25,297 [WARN] PackLoader:240 - Cannot read IP mode file for STMicroelectronics.FP-SNS-SMARTAG2.1.2.0
2024-04-11 13:29:25,324 [INFO] LogOutputStream:77 - [STDOUT_REDIRECT] 1 : Invalid condition id : UX_CORESTACK_Condition cause : null
2024-04-11 13:29:25,325 [INFO] LogOutputStream:77 - [STDOUT_REDIRECT] 1 : Invalid condition id : UX_CORESTACK_Condition cause : null
2024-04-11 13:29:25,327 [INFO] LogOutputStream:77 - [STDOUT_REDIRECT] 1 : Invalid condition id : UX_CORESTACK_Condition cause : null
2024-04-11 13:29:25,329 [INFO] LogOutputStream:77 - [STDOUT_REDIRECT] 1 : Invalid condition id : UX_CORESTACK_Condition cause : null
2024-04-11 13:29:25,330 [INFO] LogOutputStream:77 - [STDOUT_REDIRECT] 1 : Invalid condition id : UX_CORESTACK_Condition cause : null
2024-04-11 13:29:25,334 [WARN] PackLoader:240 - Cannot read IP mode file for STMicroelectronics.X-CUBE-AZRTOS-WL.2.0.0
2024-04-11 13:29:25,352 [WARN] PackLoader:240 - Cannot read IP mode file for STMicroelectronics.FP-SNS-MOTENV1.5.0.0
2024-04-11 13:29:25,375 [WARN] PackLoader:240 - Cannot read IP mode file for WES.I-CUBE-Cesium.1.3.0
2024-04-11 13:29:25,392 [WARN] PackLoader:240 - Cannot read IP mode file for STMicroelectronics.X-CUBE-BLE2.3.3.0
2024-04-11 13:29:25,412 [WARN] PackLoader:240 - Cannot read IP mode file for STMicroelectronics.X-CUBE-TCPP.4.1.0
2024-04-11 13:29:25,436 [WARN] PackLoader:240 - Cannot read IP mode file for STMicroelectronics.X-CUBE-ALGOBUILD.1.3.0
2024-04-11 13:29:25,480 [WARN] PackLoader:240 - Cannot read IP mode file for STMicroelectronics.X-CUBE-AZRTOS-G0.1.1.0
2024-04-11 13:29:25,525 [WARN] PackLoader:240 - Cannot read IP mode file for STMicroelectronics.X-CUBE-SAFEA1.1.2.2
2024-04-11 13:29:25,563 [WARN] PackLoader:240 - Cannot read IP mode file for STMicroelectronics.X-CUBE-NFC4.3.0.0
2024-04-11 13:29:25,591 [WARN] PackLoader:240 - Cannot read IP mode file for STMicroelectronics.X-CUBE-BLEMGR.3.0.0
2024-04-11 13:29:25,614 [WARN] PackLoader:240 - Cannot read IP mode file for STMicroelectronics.FP-ATR-SIGFOX1.3.2.0
2024-04-11 13:29:25,640 [WARN] PackLoader:240 - Cannot read IP mode file for STMicroelectronics.X-CUBE-EEPRMA1.5.1.0
2024-04-11 13:29:25,699 [WARN] PackLoader:240 - Cannot read IP mode file for SEGGER.I-CUBE-embOS.1.3.1
2024-04-11 13:29:25,788 [WARN] PackLoader:240 - Cannot read IP mode file for STMicroelectronics.X-CUBE-GNSS1.6.0.0
2024-04-11 13:29:25,824 [WARN] PackLoader:240 - Cannot read IP mode file for STMicroelectronics.X-CUBE-AZRTOS-F4.1.1.0
2024-04-11 13:29:25,850 [WARN] PackLoader:240 - Cannot read IP mode file for wolfSSL.I-CUBE-wolfSSL.5.6.6
2024-04-11 13:29:25,942 [WARN] PackLoader:240 - Cannot read IP mode file for STMicroelectronics.X-CUBE-AZRTOS-L5.2.0.0
2024-04-11 13:29:25,962 [WARN] PackLoader:240 - Cannot read IP mode file for STMicroelectronics.X-CUBE-EEPRMA1.4.2.0
2024-04-11 13:29:25,988 [WARN] PackLoader:240 - Cannot read IP mode file for STMicroelectronics.X-CUBE-NFC6.3.1.0
2024-04-11 13:29:26,007 [WARN] PackLoader:240 - Cannot read IP mode file for ITTIA_DB.I-CUBE-ITTIADB.8.8.0
2024-04-11 13:29:26,022 [WARN] PackLoader:240 - Cannot read IP mode file for STMicroelectronics.X-CUBE-NFC7.1.0.1
2024-04-11 13:29:26,040 [WARN] PackLoader:240 - Cannot read IP mode file for STMicroelectronics.X-CUBE-NFC6.3.0.0
2024-04-11 13:29:26,056 [WARN] PackLoader:240 - Cannot read IP mode file for STMicroelectronics.X-CUBE-AI.8.1.0
2024-04-11 13:29:26,093 [WARN] ConditionMgr:438 - getConditionDescription Invalid condition id : LAN8742 Phy interface Condition cause : null
2024-04-11 13:29:26,094 [WARN] PackLoader:240 - Cannot read IP mode file for STMicroelectronics.X-CUBE-AZRTOS-L4.2.0.0
2024-04-11 13:29:26,096 [WARN] ConditionMgr:1039 - genDependencies : Invalid condition id : LAN8742 Phy interface Condition cause : null
2024-04-11 13:29:26,096 [WARN] ConditionMgr:1039 - genDependencies : Invalid condition id : LAN8742 Phy interface Condition cause : null
2024-04-11 13:29:26,102 [WARN] ConditionMgr:1039 - genDependencies : Invalid condition id : LAN8742 Phy interface Condition cause : null
2024-04-11 13:29:26,129 [WARN] PackLoader:240 - Cannot read IP mode file for STMicroelectronics.X-CUBE-SFXS2LP1.4.0.0
2024-04-11 13:29:26,167 [WARN] ConditionMgr:438 - getConditionDescription Invalid condition id : UX DEVICE CLASS RTOS Condition cause : null
2024-04-11 13:29:26,168 [WARN] ConditionMgr:438 - getConditionDescription Invalid condition id : UX DEVICE CLASS RTOS Condition cause : null
2024-04-11 13:29:26,171 [WARN] PackLoader:240 - Cannot read IP mode file for STMicroelectronics.X-CUBE-AZRTOS-WB.2.0.0
2024-04-11 13:29:26,171 [WARN] ConditionMgr:1039 - genDependencies : Invalid condition id : UX DEVICE CLASS RTOS Condition cause : null
2024-04-11 13:29:26,171 [WARN] ConditionMgr:1039 - genDependencies : Invalid condition id : UX DEVICE CLASS RTOS Condition cause : null
2024-04-11 13:29:26,172 [WARN] ConditionMgr:1039 - genDependencies : Invalid condition id : UX DEVICE CLASS RTOS Condition cause : null
2024-04-11 13:29:26,172 [WARN] ConditionMgr:1039 - genDependencies : Invalid condition id : UX DEVICE CLASS RTOS Condition cause : null
2024-04-11 13:29:26,172 [WARN] ConditionMgr:1039 - genDependencies : Invalid condition id : UX DEVICE CLASS RTOS Condition cause : null
2024-04-11 13:29:26,213 [WARN] PackLoader:240 - Cannot read IP mode file for STMicroelectronics.X-CUBE-SUBG2.5.0.0
2024-04-11 13:29:26,253 [WARN] PackLoader:240 - Cannot read IP mode file for STMicroelectronics.X-CUBE-AZRTOS-G4.2.0.0
2024-04-11 13:29:26,280 [WARN] PackLoader:240 - Cannot read IP mode file for Infineon.AIROC-Wi-Fi-Bluetooth-STM32.1.5.1
2024-04-11 13:29:26,298 [WARN] PackLoader:240 - Cannot read IP mode file for STMicroelectronics.FP-SNS-MOTENVWB1.1.3.1
2024-04-11 13:29:26,311 [WARN] PackLoader:240 - Cannot read IP mode file for STMicroelectronics.X-CUBE-ISPU.2.0.0
2024-04-11 13:29:26,361 [WARN] PackLoader:240 - Cannot read IP mode file for STMicroelectronics.X-CUBE-MEMS1.10.0.0
2024-04-11 13:29:26,500 [WARN] PackLoader:240 - Cannot read IP mode file for STMicroelectronics.X-CUBE-FREERTOS.1.1.0
2024-04-11 13:29:26,515 [WARN] PackLoader:240 - Cannot read IP mode file for portGmbH.I-Cube-SoM-uGOAL.1.1.0
2024-04-11 13:29:26,531 [WARN] PackLoader:240 - Cannot read IP mode file for STMicroelectronics.X-CUBE-ALS.1.0.1
2024-04-11 13:29:26,547 [WARN] PackLoader:240 - Cannot read IP mode file for STMicroelectronics.FP-ATR-ASTRA1.2.0.0
2024-04-11 13:29:26,574 [WARN] PackLoader:240 - Cannot read IP mode file for STMicroelectronics.X-CUBE-TOF1.3.4.0
2024-04-11 13:29:26,609 [WARN] PackLoader:240 - Cannot read IP mode file for STMicroelectronics.X-CUBE-TOF1.3.4.1
2024-04-11 13:29:26,662 [WARN] PackLoader:240 - Cannot read IP mode file for STMicroelectronics.X-CUBE-AZRTOS-H7.3.2.0
2024-04-11 13:29:26,668 [INFO] ThirdParty:978 - Integrity check success = true
2024-04-11 13:29:26,668 [INFO] IntegrityCheckThread:100 - exiting critical section [integrity check]
2024-04-11 13:29:26,668 [INFO] IntegrityCheckThread:103 - End integrity checks thread
2024-04-11 13:29:28,871 [INFO] WebApp:161 - Instantiating new browser for Auth
2024-04-11 13:29:29,958 [INFO] WebApp:780 - Register for checkConnection events
2024-04-11 13:29:29,959 [INFO] WebApp:414 - Apply proxy settings
2024-04-11 13:29:29,959 [INFO] WebApp:499 - Chromium requires no authentication
2024-04-11 13:29:29,970 [INFO] WebApp:442 - Direct internet connection detected
2024-04-11 13:29:30,190 [INFO] WebApp:192 - Starting web application
2024-04-11 13:29:30,190 [INFO] WebApp:544 - Web application path used C:\ST\STM32CubeIDE_1.14.1\STM32CubeIDE\plugins\com.st.stm32cube.common.mx_6.10.0.202311202037\db\plugins\mcufinder\reactClient1\index.html
2024-04-11 13:29:51,563 [ERROR] LogOutputStream:75 - [STDERR_REDIRECT] SLF4J: Failed to load class "org.slf4j.impl.StaticLoggerBinder".
2024-04-11 13:29:51,563 [ERROR] LogOutputStream:75 - [STDERR_REDIRECT] SLF4J: Defaulting to no-operation (NOP) logger implementation
2024-04-11 13:29:51,563 [ERROR] LogOutputStream:75 - [STDERR_REDIRECT] SLF4J: See http://www.slf4j.org/codes.html#StaticLoggerBinder for further details.
2024-04-11 15:56:48,519 [ERROR] LogOutputStream:75 - [STDERR_REDIRECT] 
2024-04-11 15:56:48,519 [ERROR] LogOutputStream:75 - [STDERR_REDIRECT] 
2024-04-11 17:27:54,624 [INFO] Activator:176 - 


2024-04-11 17:27:54,624 [INFO] Activator:177 - !SESSION log4j initialized
2024-04-11 17:28:00,293 [INFO] LogOutputStream:77 - [STDOUT_REDIRECT] 
2024-04-11 17:28:01,142 [INFO] ApplicationProperties:184 - Using Application install path: C:\ST\STM32CubeIDE_1.14.1\STM32CubeIDE\plugins\com.st.stm32cube.common.mx_6.10.0.202311202037
2024-04-11 17:28:01,164 [INFO] DbMcusXml:78 - Set database path to: C:\ST\STM32CubeIDE_1.14.1\STM32CubeIDE\plugins\com.st.stm32cube.common.mx_6.10.0.202311202037\\db\/mcu/
2024-04-11 17:28:01,164 [INFO] ApiDb:274 - Set plugin database path to: C:\ST\STM32CubeIDE_1.14.1\STM32CubeIDE\plugins\com.st.stm32cube.common.mx_6.10.0.202311202037\\db\/plugins/boardmanager/
2024-04-11 17:28:01,164 [WARN] ApiDb:259 - Overriding images path with different value:  => C:\ST\STM32CubeIDE_1.14.1\STM32CubeIDE\plugins\com.st.stm32cube.common.mx_6.10.0.202311202037\\db\/plugins/mcufinder/images/
2024-04-11 17:28:01,169 [INFO] ApiDb:250 - Set database path to: C:\Users\TuranyElijah\.stmcufinder\plugins\mcufinder//mcu/
2024-04-11 17:28:01,170 [INFO] DbMcusAds:125 - Set database path to: C:\Users\TuranyElijah\.stmcufinder\plugins\mcufinder//mcu/
2024-04-11 17:28:01,171 [INFO] CrossReferenceDbSqlite:203 - Set database path to: C:\Users\TuranyElijah\.stmcufinder\plugins\mcufinder//mcu/cs/
2024-04-11 17:28:01,257 [INFO] RulesReader:64 - Compatibility file has been processed (297 Rules)
2024-04-11 17:28:01,319 [INFO] DbMcusXml:78 - Set database path to: C:\ST\STM32CubeIDE_1.14.1\STM32CubeIDE\plugins\com.st.stm32cube.common.mx_6.10.0.202311202037\\db\/mcu/
2024-04-11 17:28:01,320 [INFO] ApiDb:274 - Set plugin database path to: C:\ST\STM32CubeIDE_1.14.1\STM32CubeIDE\plugins\com.st.stm32cube.common.mx_6.10.0.202311202037\\db\/plugins/boardmanager/
2024-04-11 17:28:01,320 [INFO] ApiDb:261 - Set plugin images path to: C:\ST\STM32CubeIDE_1.14.1\STM32CubeIDE\plugins\com.st.stm32cube.common.mx_6.10.0.202311202037\\db\/plugins/mcufinder/images/
2024-04-11 17:28:01,320 [WARN] DbFile:41 - Overriding database path with different value: C:\Users\TuranyElijah\.stmcufinder\plugins\mcufinder/ => C:\Users\TuranyElijah\.stmcufinder\plugins\mcufinder
2024-04-11 17:28:01,320 [INFO] ApiDb:250 - Set database path to: C:\Users\TuranyElijah\.stmcufinder\plugins\mcufinder//mcu/
2024-04-11 17:28:01,320 [WARN] DbFile:41 - Overriding database path with different value: C:\Users\TuranyElijah\.stmcufinder\plugins\mcufinder/ => C:\Users\TuranyElijah\.stmcufinder\plugins\mcufinder
2024-04-11 17:28:01,320 [INFO] DbMcusAds:125 - Set database path to: C:\Users\TuranyElijah\.stmcufinder\plugins\mcufinder//mcu/
2024-04-11 17:28:01,320 [WARN] DbFile:41 - Overriding database path with different value: C:\Users\TuranyElijah\.stmcufinder\plugins\mcufinder/ => C:\Users\TuranyElijah\.stmcufinder\plugins\mcufinder
2024-04-11 17:28:01,320 [WARN] DbFile:41 - Overriding database path with different value: C:\Users\TuranyElijah\.stmcufinder\plugins\mcufinder/ => C:\Users\TuranyElijah\.stmcufinder\plugins\mcufinder
2024-04-11 17:28:01,320 [INFO] CrossReferenceDbSqlite:203 - Set database path to: C:\Users\TuranyElijah\.stmcufinder\plugins\mcufinder//mcu/cs/
2024-04-11 17:28:01,381 [INFO] MainPanel:264 - HeapMemory: 268435456
2024-04-11 17:28:01,439 [INFO] DbMcusXml:78 - Set database path to: C:\ST\STM32CubeIDE_1.14.1\STM32CubeIDE\plugins\com.st.stm32cube.common.mx_6.10.0.202311202037\\db\/mcu/
2024-04-11 17:28:01,439 [INFO] ApiDb:274 - Set plugin database path to: C:\ST\STM32CubeIDE_1.14.1\STM32CubeIDE\plugins\com.st.stm32cube.common.mx_6.10.0.202311202037\\db\/plugins/boardmanager/
2024-04-11 17:28:01,439 [INFO] ApiDb:261 - Set plugin images path to: C:\ST\STM32CubeIDE_1.14.1\STM32CubeIDE\plugins\com.st.stm32cube.common.mx_6.10.0.202311202037\\db\/plugins/mcufinder/images/
2024-04-11 17:28:01,440 [WARN] DbFile:41 - Overriding database path with different value: C:\Users\TuranyElijah\.stmcufinder\plugins\mcufinder/ => C:\Users\TuranyElijah\.stmcufinder\plugins\mcufinder
2024-04-11 17:28:01,440 [INFO] ApiDb:250 - Set database path to: C:\Users\TuranyElijah\.stmcufinder\plugins\mcufinder//mcu/
2024-04-11 17:28:01,440 [WARN] DbFile:41 - Overriding database path with different value: C:\Users\TuranyElijah\.stmcufinder\plugins\mcufinder/ => C:\Users\TuranyElijah\.stmcufinder\plugins\mcufinder
2024-04-11 17:28:01,440 [INFO] DbMcusAds:125 - Set database path to: C:\Users\TuranyElijah\.stmcufinder\plugins\mcufinder//mcu/
2024-04-11 17:28:01,440 [WARN] DbFile:41 - Overriding database path with different value: C:\Users\TuranyElijah\.stmcufinder\plugins\mcufinder/ => C:\Users\TuranyElijah\.stmcufinder\plugins\mcufinder
2024-04-11 17:28:01,440 [WARN] DbFile:41 - Overriding database path with different value: C:\Users\TuranyElijah\.stmcufinder\plugins\mcufinder/ => C:\Users\TuranyElijah\.stmcufinder\plugins\mcufinder
2024-04-11 17:28:01,440 [INFO] CrossReferenceDbSqlite:203 - Set database path to: C:\Users\TuranyElijah\.stmcufinder\plugins\mcufinder//mcu/cs/
2024-04-11 17:28:01,452 [INFO] ApplicationProperties:184 - Using Application install path: C:\ST\STM32CubeIDE_1.14.1\STM32CubeIDE\plugins\com.st.stm32cube.common.mx_6.10.0.202311202037
2024-04-11 17:28:01,456 [INFO] PluginManage:196 - Search for loadable plugins [exclusion list=, ]
2024-04-11 17:28:01,456 [INFO] PluginManage:310 - Check plugin analytics
2024-04-11 17:28:01,610 [INFO] AnalyticsPlugin:253 - Accepted Software Licenses: STM32CubeMX.6.10.0
2024-04-11 17:28:01,610 [INFO] AnalyticsPlugin:255 - Accepted CMSIS Pack Licenses: 
2024-04-11 17:28:01,610 [INFO] AnalyticsPlugin:257 - Accepted Firmware Licenses: 
2024-04-11 17:28:01,614 [INFO] PluginManage:359 - Loaded plugin analytics (category:tool,tabindex:-1)
2024-04-11 17:28:01,614 [INFO] PluginManage:310 - Check plugin cadmodel
2024-04-11 17:28:01,618 [INFO] CADModel:105 - Init CAD model plugin
2024-04-11 17:28:01,618 [INFO] PluginManage:359 - Loaded plugin cadmodel (category:power,tabindex:5)
2024-04-11 17:28:01,618 [INFO] PluginManage:310 - Check plugin clock
2024-04-11 17:28:01,626 [INFO] PluginManage:359 - Loaded plugin clock (category:base,tabindex:2)
2024-04-11 17:28:01,626 [INFO] PluginManage:310 - Check plugin ddr
2024-04-11 17:28:01,630 [INFO] PluginManage:359 - Loaded plugin ddr (category:tool,tabindex:6)
2024-04-11 17:28:01,630 [INFO] PluginManage:310 - Check plugin filemanager
2024-04-11 17:28:01,753 [INFO] PluginManage:359 - Loaded plugin filemanager (category:base,tabindex:10)
2024-04-11 17:28:01,753 [INFO] PluginManage:310 - Check plugin ipmanager
2024-04-11 17:28:01,761 [INFO] PluginManage:359 - Loaded plugin ipmanager (category:base,tabindex:5)
2024-04-11 17:28:01,761 [INFO] PluginManage:310 - Check plugin lpbam
2024-04-11 17:28:01,769 [INFO] PluginManage:359 - Loaded plugin lpbam (category:base,tabindex:0)
2024-04-11 17:28:01,769 [INFO] PluginManage:310 - Check plugin memorymap
2024-04-11 17:28:01,777 [INFO] PluginManage:359 - Loaded plugin memorymap (category:base,tabindex:4)
2024-04-11 17:28:01,777 [INFO] PluginManage:310 - Check plugin pinoutandconfiguration
2024-04-11 17:28:01,785 [INFO] PluginManage:359 - Loaded plugin pinoutandconfiguration (category:base,tabindex:1)
2024-04-11 17:28:01,785 [INFO] PluginManage:310 - Check plugin pinoutconfig
2024-04-11 17:28:01,865 [WARN] SupportedApi:132 - Cannot load RTOS API schema: s4s-elt-must-match.1: The content of 'definitions' must match (annotation?, (simpleType | complexType)?, (unique | key | keyref)*)). A problem was found starting at: attribute.
2024-04-11 17:28:01,983 [INFO] PluginManage:359 - Loaded plugin pinoutconfig (category:base,tabindex:0)
2024-04-11 17:28:01,983 [INFO] PluginManage:310 - Check plugin power
2024-04-11 17:28:01,995 [INFO] PluginManage:359 - Loaded plugin power (category:power,tabindex:4)
2024-04-11 17:28:01,995 [INFO] PluginManage:310 - Check plugin projectmanager
2024-04-11 17:28:02,015 [INFO] PluginManage:359 - Loaded plugin projectmanager (category:projectmanager,tabindex:3)
2024-04-11 17:28:02,015 [INFO] PluginManage:310 - Check plugin thirdparty
2024-04-11 17:28:02,139 [WARN] IntegrityCheckThread:84 - waiting for thirdparty lock release [integrity check]
2024-04-11 17:28:02,139 [INFO] IntegrityCheckThread:86 - entering critical section [integrity check]
2024-04-11 17:28:02,139 [INFO] PluginManage:359 - Loaded plugin thirdparty (category:base,tabindex:-1)
2024-04-11 17:28:02,139 [INFO] PluginManage:310 - Check plugin tools
2024-04-11 17:28:02,139 [INFO] ThirdPartyUpdaterWithRetryManager:70 - Updater plugin not ready yet. [1/15]
2024-04-11 17:28:02,143 [INFO] PluginManage:359 - Loaded plugin tools (category:base,tabindex:7)
2024-04-11 17:28:02,143 [INFO] PluginManage:310 - Check plugin tutovideos
2024-04-11 17:28:02,275 [INFO] PluginManage:359 - Loaded plugin tutovideos (category:base,tabindex:-1)
2024-04-11 17:28:02,275 [INFO] PluginManage:310 - Check plugin updater
2024-04-11 17:28:02,283 [INFO] PluginManage:359 - Loaded plugin updater (category:base,tabindex:12)
2024-04-11 17:28:02,283 [INFO] PluginManage:310 - Check plugin userauth
2024-04-11 17:28:02,287 [INFO] UserAuth:114 - Init User Auth plugin
2024-04-11 17:28:02,287 [INFO] PluginManage:359 - Loaded plugin userauth (category:base,tabindex:14)
2024-04-11 17:28:02,287 [INFO] PluginManage:283 - PluginManage : Loaded plugins [17]
2024-04-11 17:28:02,460 [INFO] PinOutPanel:1499 - setPackage(No Configuration,No Configuration)
2024-04-11 17:28:02,520 [INFO] CADModel:165 - CPN selected for project level
2024-04-11 17:28:02,520 [INFO] CADModel:114 - Register for checkConnection events
2024-04-11 17:28:02,532 [INFO] IPUIPlugin:80 - create IPUIPlugin
2024-04-11 17:28:02,532 [INFO] PluginManager:220 - loadIPPluginJar : add adc
2024-04-11 17:28:02,536 [INFO] IPUIPlugin:80 - create IPUIPlugin
2024-04-11 17:28:02,536 [INFO] PluginManager:220 - loadIPPluginJar : add aes
2024-04-11 17:28:02,536 [INFO] IPUIPlugin:80 - create IPUIPlugin
2024-04-11 17:28:02,536 [INFO] PluginManager:220 - loadIPPluginJar : add can
2024-04-11 17:28:02,540 [INFO] IPUIPlugin:80 - create IPUIPlugin
2024-04-11 17:28:02,540 [INFO] PluginManager:220 - loadIPPluginJar : add comp
2024-04-11 17:28:02,542 [INFO] IPUIPlugin:80 - create IPUIPlugin
2024-04-11 17:28:02,542 [INFO] PluginManager:220 - loadIPPluginJar : add cryp
2024-04-11 17:28:02,544 [INFO] IPUIPlugin:80 - create IPUIPlugin
2024-04-11 17:28:02,544 [INFO] PluginManager:220 - loadIPPluginJar : add dfsdm
2024-04-11 17:28:02,548 [INFO] IPUIPlugin:80 - create IPUIPlugin
2024-04-11 17:28:02,548 [INFO] PluginManager:220 - loadIPPluginJar : add dma
2024-04-11 17:28:02,552 [INFO] IPUIPlugin:80 - create IPUIPlugin
2024-04-11 17:28:02,552 [INFO] PluginManager:220 - loadIPPluginJar : add dma3
2024-04-11 17:28:02,552 [INFO] IPUIPlugin:80 - create IPUIPlugin
2024-04-11 17:28:02,552 [INFO] PluginManager:220 - loadIPPluginJar : add fatfs
2024-04-11 17:28:02,556 [INFO] IPUIPlugin:80 - create IPUIPlugin
2024-04-11 17:28:02,556 [INFO] PluginManager:220 - loadIPPluginJar : add fmc
2024-04-11 17:28:02,560 [INFO] IPUIPlugin:80 - create IPUIPlugin
2024-04-11 17:28:02,560 [INFO] PluginManager:220 - loadIPPluginJar : add freertos
2024-04-11 17:28:02,560 [INFO] IPUIPlugin:80 - create IPUIPlugin
2024-04-11 17:28:02,560 [INFO] PluginManager:220 - loadIPPluginJar : add genericplugin
2024-04-11 17:28:02,560 [INFO] IPUIPlugin:80 - create IPUIPlugin
2024-04-11 17:28:02,564 [INFO] PluginManager:220 - loadIPPluginJar : add gfxmmu
2024-04-11 17:28:02,564 [INFO] IPUIPlugin:80 - create IPUIPlugin
2024-04-11 17:28:02,564 [INFO] PluginManager:220 - loadIPPluginJar : add gic
2024-04-11 17:28:02,568 [INFO] IPUIPlugin:80 - create IPUIPlugin
2024-04-11 17:28:02,568 [INFO] PluginManager:220 - loadIPPluginJar : add gpio
2024-04-11 17:28:02,568 [INFO] IPUIPlugin:80 - create IPUIPlugin
2024-04-11 17:28:02,572 [INFO] PluginManager:220 - loadIPPluginJar : add gtzc
2024-04-11 17:28:02,572 [INFO] IPUIPlugin:80 - create IPUIPlugin
2024-04-11 17:28:02,572 [INFO] PluginManager:220 - loadIPPluginJar : add hash
2024-04-11 17:28:02,572 [INFO] IPUIPlugin:80 - create IPUIPlugin
2024-04-11 17:28:02,572 [INFO] PluginManager:220 - loadIPPluginJar : add i2c
2024-04-11 17:28:02,576 [INFO] IPUIPlugin:80 - create IPUIPlugin
2024-04-11 17:28:02,576 [INFO] PluginManager:220 - loadIPPluginJar : add i2s
2024-04-11 17:28:02,576 [INFO] IPUIPlugin:80 - create IPUIPlugin
2024-04-11 17:28:02,576 [INFO] PluginManager:220 - loadIPPluginJar : add i3c
2024-04-11 17:28:02,580 [INFO] IPUIPlugin:80 - create IPUIPlugin
2024-04-11 17:28:02,580 [INFO] PluginManager:220 - loadIPPluginJar : add ipddr
2024-04-11 17:28:02,584 [INFO] IPUIPlugin:80 - create IPUIPlugin
2024-04-11 17:28:02,584 [INFO] PluginManager:220 - loadIPPluginJar : add linkedlist
2024-04-11 17:28:02,584 [INFO] IPUIPlugin:80 - create IPUIPlugin
2024-04-11 17:28:02,584 [INFO] PluginManager:220 - loadIPPluginJar : add lorawan
2024-04-11 17:28:02,588 [INFO] IPUIPlugin:80 - create IPUIPlugin
2024-04-11 17:28:02,588 [INFO] PluginManager:220 - loadIPPluginJar : add ltdc
2024-04-11 17:28:02,592 [INFO] IPUIPlugin:80 - create IPUIPlugin
2024-04-11 17:28:02,592 [INFO] PluginManager:220 - loadIPPluginJar : add mdma
2024-04-11 17:28:02,592 [INFO] IPUIPlugin:80 - create IPUIPlugin
2024-04-11 17:28:02,592 [INFO] PluginManager:220 - loadIPPluginJar : add nvic
2024-04-11 17:28:02,596 [INFO] IPUIPlugin:80 - create IPUIPlugin
2024-04-11 17:28:02,596 [INFO] PluginManager:220 - loadIPPluginJar : add opamp
2024-04-11 17:28:02,596 [INFO] IPUIPlugin:80 - create IPUIPlugin
2024-04-11 17:28:02,596 [INFO] PluginManager:220 - loadIPPluginJar : add openamp
2024-04-11 17:28:02,600 [INFO] IPUIPlugin:80 - create IPUIPlugin
2024-04-11 17:28:02,600 [INFO] PluginManager:220 - loadIPPluginJar : add pdm2pcm
2024-04-11 17:28:02,604 [INFO] IPUIPlugin:80 - create IPUIPlugin
2024-04-11 17:28:02,604 [INFO] PluginManager:220 - loadIPPluginJar : add plateformsettings
2024-04-11 17:28:02,608 [INFO] IPUIPlugin:80 - create IPUIPlugin
2024-04-11 17:28:02,608 [INFO] PluginManager:220 - loadIPPluginJar : add quadspi
2024-04-11 17:28:02,608 [INFO] IPUIPlugin:80 - create IPUIPlugin
2024-04-11 17:28:02,608 [INFO] PluginManager:220 - loadIPPluginJar : add resmgrutility
2024-04-11 17:28:02,612 [INFO] IPUIPlugin:80 - create IPUIPlugin
2024-04-11 17:28:02,612 [INFO] PluginManager:220 - loadIPPluginJar : add sai
2024-04-11 17:28:02,612 [INFO] IPUIPlugin:80 - create IPUIPlugin
2024-04-11 17:28:02,612 [INFO] PluginManager:220 - loadIPPluginJar : add spi
2024-04-11 17:28:02,616 [INFO] IPUIPlugin:80 - create IPUIPlugin
2024-04-11 17:28:02,616 [INFO] PluginManager:220 - loadIPPluginJar : add stm32_wpan
2024-04-11 17:28:02,616 [INFO] IPUIPlugin:80 - create IPUIPlugin
2024-04-11 17:28:02,616 [INFO] PluginManager:220 - loadIPPluginJar : add tim
2024-04-11 17:28:02,621 [INFO] IPUIPlugin:80 - create IPUIPlugin
2024-04-11 17:28:02,621 [INFO] PluginManager:220 - loadIPPluginJar : add touchsensing
2024-04-11 17:28:02,621 [INFO] IPUIPlugin:80 - create IPUIPlugin
2024-04-11 17:28:02,621 [INFO] PluginManager:220 - loadIPPluginJar : add tracer_emb
2024-04-11 17:28:02,621 [INFO] IPUIPlugin:80 - create IPUIPlugin
2024-04-11 17:28:02,621 [INFO] PluginManager:220 - loadIPPluginJar : add ts
2024-04-11 17:28:02,625 [INFO] IPUIPlugin:80 - create IPUIPlugin
2024-04-11 17:28:02,625 [INFO] PluginManager:220 - loadIPPluginJar : add tsc
2024-04-11 17:28:02,625 [INFO] IPUIPlugin:80 - create IPUIPlugin
2024-04-11 17:28:02,625 [INFO] PluginManager:220 - loadIPPluginJar : add ucpd
2024-04-11 17:28:02,625 [INFO] IPUIPlugin:80 - create IPUIPlugin
2024-04-11 17:28:02,625 [INFO] PluginManager:220 - loadIPPluginJar : add usart
2024-04-11 17:28:02,629 [INFO] IPUIPlugin:80 - create IPUIPlugin
2024-04-11 17:28:02,629 [INFO] PluginManager:220 - loadIPPluginJar : add usbx
2024-04-11 17:28:02,746 [INFO] CADModel:165 - CPN selected for project level
2024-04-11 17:28:02,746 [INFO] CADModel:114 - Register for checkConnection events
2024-04-11 17:28:02,746 [FATAL] Updater:308 - Updater called before beeing initialized
2024-04-11 17:28:02,746 [ERROR] CADModel:125 - Updater not yet initialized, retry later 
2024-04-11 17:28:02,867 [INFO] CADModel:165 - CPN selected for project level
2024-04-11 17:28:02,867 [INFO] CADModel:114 - Register for checkConnection events
2024-04-11 17:28:02,867 [FATAL] Updater:308 - Updater called before beeing initialized
2024-04-11 17:28:02,867 [ERROR] CADModel:125 - Updater not yet initialized, retry later 
2024-04-11 17:28:02,867 [FATAL] Updater:308 - Updater called before beeing initialized
2024-04-11 17:28:02,963 [FATAL] Updater:308 - Updater called before beeing initialized
2024-04-11 17:28:02,971 [INFO] DbMcusAds:53 - JSON generation date=Wed Nov 29 04:52:27 CST 2023 (1701255147349)
2024-04-11 17:28:02,971 [FATAL] Updater:308 - Updater called before beeing initialized
2024-04-11 17:28:02,999 [WARN] DetailPanel:346 - Failed to get advertising image, set to default
2024-04-11 17:28:03,086 [FATAL] Updater:308 - Updater called before beeing initialized
2024-04-11 17:28:03,086 [FATAL] Updater:308 - Updater called before beeing initialized
2024-04-11 17:28:03,086 [FATAL] Updater:308 - Updater called before beeing initialized
2024-04-11 17:28:03,086 [WARN] DetailPanel:346 - Failed to get advertising image, set to default
2024-04-11 17:28:03,086 [FATAL] Updater:308 - Updater called before beeing initialized
2024-04-11 17:28:03,166 [ERROR] Updater:1120 - MainUpdater not yet initialized. External WinMGr cannot be set.
2024-04-11 17:28:03,166 [INFO] Updater:1056 - Updater Version found : 6.10.0
2024-04-11 17:28:03,178 [INFO] ApplicationProperties:184 - Using Application install path: C:\ST\STM32CubeIDE_1.14.1\STM32CubeIDE\plugins\com.st.stm32cube.common.mx_6.10.0.202311202037
2024-04-11 17:28:04,780 [ERROR] LogOutputStream:75 - [STDERR_REDIRECT] Apr 11, 2024 5:28:04 PM java.util.prefs.WindowsPreferences <init>
2024-04-11 17:28:04,784 [ERROR] LogOutputStream:75 - [STDERR_REDIRECT] WARNING: Could not open/create prefs root node Software\JavaSoft\Prefs at root 0xffffffff80000002. Windows RegCreateKeyEx(...) returned error code 5.
2024-04-11 17:28:04,784 [ERROR] LogOutputStream:75 - [STDERR_REDIRECT] 
2024-04-11 17:28:05,067 [INFO] MainUpdater:2873 - connection check result : 10
2024-04-11 17:28:05,067 [INFO] MainUpdater:290 - Updater Check For Update Now.
2024-04-11 17:28:05,067 [INFO] MicroXplorer:498 - Change Database Version : DB.6.0.100
2024-04-11 17:28:05,079 [INFO] McuFinderGlobals:63 - Set McuFinder mode to 2 (CubeIDE integrated)
2024-04-11 17:28:05,079 [INFO] UserAuth:180 - activating auth plugin
2024-04-11 17:28:05,083 [INFO] UserAuth:404 - Internet connection configuration mode: 1
2024-04-11 17:28:05,098 [INFO] JxBrowserEngine:152 - Initiate JxBrowser Engine with user profile folder
2024-04-11 17:28:05,152 [WARN] MainUpdater:1194 - Updater busy. Cannot search thirdparties
2024-04-11 17:28:05,152 [INFO] ThirdPartyUpdaterWithRetryManager:96 - Updater plugin is busy. [1/15]
2024-04-11 17:28:05,229 [INFO] CheckServerUpdateThread:120 - End of CheckServer Thread
2024-04-11 17:28:05,653 [INFO] WebApp:161 - Instantiating new browser for Auth
2024-04-11 17:28:06,044 [INFO] WebApp:780 - Register for checkConnection events
2024-04-11 17:28:06,045 [INFO] WebApp:414 - Apply proxy settings
2024-04-11 17:28:06,045 [INFO] WebApp:499 - Chromium requires no authentication
2024-04-11 17:28:06,049 [INFO] WebApp:442 - Direct internet connection detected
2024-04-11 17:28:06,151 [INFO] WebApp:192 - Starting web application
2024-04-11 17:28:06,151 [INFO] WebApp:544 - Web application path used C:\ST\STM32CubeIDE_1.14.1\STM32CubeIDE\plugins\com.st.stm32cube.common.mx_6.10.0.202311202037\db\plugins\mcufinder\reactClient1\index.html
2024-04-11 17:28:08,296 [WARN] PackLoader:240 - Cannot read IP mode file for STMicroelectronics.X-CUBE-SMBUS.2.1.0
2024-04-11 17:28:08,306 [WARN] PackLoader:240 - Cannot read IP mode file for STMicroelectronics.X-CUBE-TOUCHGFX.4.23.1
2024-04-11 17:28:08,306 [WARN] PackLoader:240 - Cannot read IP mode file for STMicroelectronics.X-CUBE-TOUCHGFX.4.23.0
2024-04-11 17:28:08,306 [WARN] PackLoader:240 - Cannot read IP mode file for STMicroelectronics.X-CUBE-TOUCHGFX.4.23.2
2024-04-11 17:28:08,336 [WARN] PackLoader:240 - Cannot read IP mode file for STMicroelectronics.X-CUBE-AZRTOS-F7.1.1.0
2024-04-11 17:28:08,346 [WARN] PackLoader:240 - Cannot read IP mode file for STMicroelectronics.FP-SNS-MOTENV1.4.3.2
2024-04-11 17:28:08,349 [WARN] PackLoader:240 - Cannot read IP mode file for STMicroelectronics.FP-SNS-FLIGHT1.5.0.2
2024-04-11 17:28:08,356 [WARN] PackLoader:240 - Cannot read IP mode file for STMicroelectronics.X-CUBE-DISPLAY.3.0.0
2024-04-11 17:28:08,366 [WARN] PackLoader:240 - Cannot read IP mode file for STMicroelectronics.X-CUBE-BLE1.7.0.0
2024-04-11 17:28:08,366 [WARN] PackLoader:240 - Cannot read IP mode file for emotas.I-CUBE-CANOPEN.1.3.0
2024-04-11 17:28:08,376 [WARN] PackLoader:240 - Cannot read IP mode file for STMicroelectronics.X-CUBE-BLEMGR.3.1.0
2024-04-11 17:28:08,386 [WARN] PackLoader:240 - Cannot read IP mode file for STMicroelectronics.FP-SNS-SMARTAG2.1.2.0
2024-04-11 17:28:08,396 [INFO] LogOutputStream:77 - [STDOUT_REDIRECT] 1 : Invalid condition id : UX_CORESTACK_Condition cause : null
2024-04-11 17:28:08,396 [INFO] LogOutputStream:77 - [STDOUT_REDIRECT] 1 : Invalid condition id : UX_CORESTACK_Condition cause : null
2024-04-11 17:28:08,396 [INFO] LogOutputStream:77 - [STDOUT_REDIRECT] 1 : Invalid condition id : UX_CORESTACK_Condition cause : null
2024-04-11 17:28:08,396 [INFO] LogOutputStream:77 - [STDOUT_REDIRECT] 1 : Invalid condition id : UX_CORESTACK_Condition cause : null
2024-04-11 17:28:08,396 [INFO] LogOutputStream:77 - [STDOUT_REDIRECT] 1 : Invalid condition id : UX_CORESTACK_Condition cause : null
2024-04-11 17:28:08,406 [WARN] PackLoader:240 - Cannot read IP mode file for STMicroelectronics.X-CUBE-AZRTOS-WL.2.0.0
2024-04-11 17:28:08,406 [WARN] PackLoader:240 - Cannot read IP mode file for STMicroelectronics.FP-SNS-MOTENV1.5.0.0
2024-04-11 17:28:08,416 [WARN] PackLoader:240 - Cannot read IP mode file for WES.I-CUBE-Cesium.1.3.0
2024-04-11 17:28:08,416 [WARN] PackLoader:240 - Cannot read IP mode file for STMicroelectronics.X-CUBE-BLE2.3.3.0
2024-04-11 17:28:08,426 [WARN] PackLoader:240 - Cannot read IP mode file for STMicroelectronics.X-CUBE-TCPP.4.1.0
2024-04-11 17:28:08,426 [WARN] PackLoader:240 - Cannot read IP mode file for STMicroelectronics.X-CUBE-ALGOBUILD.1.3.0
2024-04-11 17:28:08,436 [WARN] PackLoader:240 - Cannot read IP mode file for STMicroelectronics.X-CUBE-AZRTOS-G0.1.1.0
2024-04-11 17:28:08,449 [WARN] PackLoader:240 - Cannot read IP mode file for STMicroelectronics.X-CUBE-SAFEA1.1.2.2
2024-04-11 17:28:08,456 [WARN] PackLoader:240 - Cannot read IP mode file for STMicroelectronics.X-CUBE-NFC4.3.0.0
2024-04-11 17:28:08,456 [WARN] PackLoader:240 - Cannot read IP mode file for STMicroelectronics.X-CUBE-BLEMGR.3.0.0
2024-04-11 17:28:08,466 [WARN] PackLoader:240 - Cannot read IP mode file for STMicroelectronics.FP-ATR-SIGFOX1.3.2.0
2024-04-11 17:28:08,466 [WARN] PackLoader:240 - Cannot read IP mode file for STMicroelectronics.X-CUBE-EEPRMA1.5.1.0
2024-04-11 17:28:08,496 [WARN] PackLoader:240 - Cannot read IP mode file for SEGGER.I-CUBE-embOS.1.3.1
2024-04-11 17:28:08,566 [WARN] PackLoader:240 - Cannot read IP mode file for STMicroelectronics.X-CUBE-GNSS1.6.0.0
2024-04-11 17:28:08,586 [WARN] PackLoader:240 - Cannot read IP mode file for STMicroelectronics.X-CUBE-AZRTOS-F4.1.1.0
2024-04-11 17:28:08,596 [WARN] PackLoader:240 - Cannot read IP mode file for wolfSSL.I-CUBE-wolfSSL.5.6.6
2024-04-11 17:28:08,606 [WARN] PackLoader:240 - Cannot read IP mode file for STMicroelectronics.X-CUBE-AZRTOS-L5.2.0.0
2024-04-11 17:28:08,606 [WARN] PackLoader:240 - Cannot read IP mode file for STMicroelectronics.X-CUBE-EEPRMA1.4.2.0
2024-04-11 17:28:08,616 [WARN] PackLoader:240 - Cannot read IP mode file for STMicroelectronics.X-CUBE-NFC6.3.1.0
2024-04-11 17:28:08,616 [WARN] PackLoader:240 - Cannot read IP mode file for ITTIA_DB.I-CUBE-ITTIADB.8.8.0
2024-04-11 17:28:08,626 [WARN] PackLoader:240 - Cannot read IP mode file for STMicroelectronics.X-CUBE-NFC7.1.0.1
2024-04-11 17:28:08,626 [WARN] PackLoader:240 - Cannot read IP mode file for STMicroelectronics.X-CUBE-NFC6.3.0.0
2024-04-11 17:28:08,636 [WARN] PackLoader:240 - Cannot read IP mode file for STMicroelectronics.X-CUBE-AI.8.1.0
2024-04-11 17:28:08,646 [WARN] ConditionMgr:438 - getConditionDescription Invalid condition id : LAN8742 Phy interface Condition cause : null
2024-04-11 17:28:08,646 [WARN] PackLoader:240 - Cannot read IP mode file for STMicroelectronics.X-CUBE-AZRTOS-L4.2.0.0
2024-04-11 17:28:08,649 [WARN] ConditionMgr:1039 - genDependencies : Invalid condition id : LAN8742 Phy interface Condition cause : null
2024-04-11 17:28:08,649 [WARN] ConditionMgr:1039 - genDependencies : Invalid condition id : LAN8742 Phy interface Condition cause : null
2024-04-11 17:28:08,649 [WARN] ConditionMgr:1039 - genDependencies : Invalid condition id : LAN8742 Phy interface Condition cause : null
2024-04-11 17:28:08,649 [WARN] PackLoader:240 - Cannot read IP mode file for STMicroelectronics.X-CUBE-SFXS2LP1.4.0.0
2024-04-11 17:28:08,656 [WARN] ConditionMgr:438 - getConditionDescription Invalid condition id : UX DEVICE CLASS RTOS Condition cause : null
2024-04-11 17:28:08,656 [WARN] ConditionMgr:438 - getConditionDescription Invalid condition id : UX DEVICE CLASS RTOS Condition cause : null
2024-04-11 17:28:08,656 [WARN] PackLoader:240 - Cannot read IP mode file for STMicroelectronics.X-CUBE-AZRTOS-WB.2.0.0
2024-04-11 17:28:08,656 [WARN] ConditionMgr:1039 - genDependencies : Invalid condition id : UX DEVICE CLASS RTOS Condition cause : null
2024-04-11 17:28:08,656 [WARN] ConditionMgr:1039 - genDependencies : Invalid condition id : UX DEVICE CLASS RTOS Condition cause : null
2024-04-11 17:28:08,656 [WARN] ConditionMgr:1039 - genDependencies : Invalid condition id : UX DEVICE CLASS RTOS Condition cause : null
2024-04-11 17:28:08,656 [WARN] ConditionMgr:1039 - genDependencies : Invalid condition id : UX DEVICE CLASS RTOS Condition cause : null
2024-04-11 17:28:08,656 [WARN] ConditionMgr:1039 - genDependencies : Invalid condition id : UX DEVICE CLASS RTOS Condition cause : null
2024-04-11 17:28:08,666 [WARN] PackLoader:240 - Cannot read IP mode file for STMicroelectronics.X-CUBE-SUBG2.5.0.0
2024-04-11 17:28:08,686 [WARN] PackLoader:240 - Cannot read IP mode file for STMicroelectronics.X-CUBE-AZRTOS-G4.2.0.0
2024-04-11 17:28:08,696 [WARN] PackLoader:240 - Cannot read IP mode file for Infineon.AIROC-Wi-Fi-Bluetooth-STM32.1.5.1
2024-04-11 17:28:08,706 [WARN] PackLoader:240 - Cannot read IP mode file for STMicroelectronics.FP-SNS-MOTENVWB1.1.3.1
2024-04-11 17:28:08,706 [WARN] PackLoader:240 - Cannot read IP mode file for STMicroelectronics.X-CUBE-ISPU.2.0.0
2024-04-11 17:28:08,736 [WARN] PackLoader:240 - Cannot read IP mode file for STMicroelectronics.X-CUBE-MEMS1.10.0.0
2024-04-11 17:28:08,816 [WARN] PackLoader:240 - Cannot read IP mode file for STMicroelectronics.X-CUBE-FREERTOS.1.1.0
2024-04-11 17:28:08,816 [WARN] PackLoader:240 - Cannot read IP mode file for portGmbH.I-Cube-SoM-uGOAL.1.1.0
2024-04-11 17:28:08,826 [WARN] PackLoader:240 - Cannot read IP mode file for STMicroelectronics.X-CUBE-ALS.1.0.1
2024-04-11 17:28:08,826 [WARN] PackLoader:240 - Cannot read IP mode file for STMicroelectronics.FP-ATR-ASTRA1.2.0.0
2024-04-11 17:28:08,836 [WARN] PackLoader:240 - Cannot read IP mode file for STMicroelectronics.X-CUBE-TOF1.3.4.0
2024-04-11 17:28:08,857 [WARN] PackLoader:240 - Cannot read IP mode file for STMicroelectronics.X-CUBE-TOF1.3.4.1
2024-04-11 17:28:08,878 [WARN] PackLoader:240 - Cannot read IP mode file for STMicroelectronics.X-CUBE-AZRTOS-H7.3.2.0
2024-04-11 17:28:08,887 [INFO] ThirdParty:978 - Integrity check success = true
2024-04-11 17:28:08,887 [INFO] IntegrityCheckThread:100 - exiting critical section [integrity check]
2024-04-11 17:28:08,887 [INFO] IntegrityCheckThread:103 - End integrity checks thread
2024-04-11 17:28:26,684 [ERROR] LogOutputStream:75 - [STDERR_REDIRECT] SLF4J: Failed to load class "org.slf4j.impl.StaticLoggerBinder".
2024-04-11 17:28:26,684 [ERROR] LogOutputStream:75 - [STDERR_REDIRECT] SLF4J: Defaulting to no-operation (NOP) logger implementation
2024-04-11 17:28:26,700 [ERROR] LogOutputStream:75 - [STDERR_REDIRECT] SLF4J: See http://www.slf4j.org/codes.html#StaticLoggerBinder for further details.
2024-04-11 20:18:24,042 [ERROR] LogOutputStream:75 - [STDERR_REDIRECT] 
2024-04-11 20:31:22,295 [INFO] Activator:176 - 


2024-04-11 20:31:22,297 [INFO] Activator:177 - !SESSION log4j initialized
2024-04-11 20:31:27,661 [INFO] LogOutputStream:77 - [STDOUT_REDIRECT] 
2024-04-11 20:31:28,599 [INFO] ApplicationProperties:184 - Using Application install path: C:\ST\STM32CubeIDE_1.14.1\STM32CubeIDE\plugins\com.st.stm32cube.common.mx_6.10.0.202311202037
2024-04-11 20:31:28,616 [INFO] DbMcusXml:78 - Set database path to: C:\ST\STM32CubeIDE_1.14.1\STM32CubeIDE\plugins\com.st.stm32cube.common.mx_6.10.0.202311202037\\db\/mcu/
2024-04-11 20:31:28,616 [INFO] ApiDb:274 - Set plugin database path to: C:\ST\STM32CubeIDE_1.14.1\STM32CubeIDE\plugins\com.st.stm32cube.common.mx_6.10.0.202311202037\\db\/plugins/boardmanager/
2024-04-11 20:31:28,617 [WARN] ApiDb:259 - Overriding images path with different value:  => C:\ST\STM32CubeIDE_1.14.1\STM32CubeIDE\plugins\com.st.stm32cube.common.mx_6.10.0.202311202037\\db\/plugins/mcufinder/images/
2024-04-11 20:31:28,622 [INFO] ApiDb:250 - Set database path to: C:\Users\TuranyElijah\.stmcufinder\plugins\mcufinder//mcu/
2024-04-11 20:31:28,622 [INFO] DbMcusAds:125 - Set database path to: C:\Users\TuranyElijah\.stmcufinder\plugins\mcufinder//mcu/
2024-04-11 20:31:28,624 [INFO] CrossReferenceDbSqlite:203 - Set database path to: C:\Users\TuranyElijah\.stmcufinder\plugins\mcufinder//mcu/cs/
2024-04-11 20:31:28,721 [INFO] RulesReader:64 - Compatibility file has been processed (297 Rules)
2024-04-11 20:31:28,790 [INFO] DbMcusXml:78 - Set database path to: C:\ST\STM32CubeIDE_1.14.1\STM32CubeIDE\plugins\com.st.stm32cube.common.mx_6.10.0.202311202037\\db\/mcu/
2024-04-11 20:31:28,790 [INFO] ApiDb:274 - Set plugin database path to: C:\ST\STM32CubeIDE_1.14.1\STM32CubeIDE\plugins\com.st.stm32cube.common.mx_6.10.0.202311202037\\db\/plugins/boardmanager/
2024-04-11 20:31:28,790 [INFO] ApiDb:261 - Set plugin images path to: C:\ST\STM32CubeIDE_1.14.1\STM32CubeIDE\plugins\com.st.stm32cube.common.mx_6.10.0.202311202037\\db\/plugins/mcufinder/images/
2024-04-11 20:31:28,791 [WARN] DbFile:41 - Overriding database path with different value: C:\Users\TuranyElijah\.stmcufinder\plugins\mcufinder/ => C:\Users\TuranyElijah\.stmcufinder\plugins\mcufinder
2024-04-11 20:31:28,791 [INFO] ApiDb:250 - Set database path to: C:\Users\TuranyElijah\.stmcufinder\plugins\mcufinder//mcu/
2024-04-11 20:31:28,791 [WARN] DbFile:41 - Overriding database path with different value: C:\Users\TuranyElijah\.stmcufinder\plugins\mcufinder/ => C:\Users\TuranyElijah\.stmcufinder\plugins\mcufinder
2024-04-11 20:31:28,791 [INFO] DbMcusAds:125 - Set database path to: C:\Users\TuranyElijah\.stmcufinder\plugins\mcufinder//mcu/
2024-04-11 20:31:28,791 [WARN] DbFile:41 - Overriding database path with different value: C:\Users\TuranyElijah\.stmcufinder\plugins\mcufinder/ => C:\Users\TuranyElijah\.stmcufinder\plugins\mcufinder
2024-04-11 20:31:28,791 [WARN] DbFile:41 - Overriding database path with different value: C:\Users\TuranyElijah\.stmcufinder\plugins\mcufinder/ => C:\Users\TuranyElijah\.stmcufinder\plugins\mcufinder
2024-04-11 20:31:28,791 [INFO] CrossReferenceDbSqlite:203 - Set database path to: C:\Users\TuranyElijah\.stmcufinder\plugins\mcufinder//mcu/cs/
2024-04-11 20:31:28,847 [INFO] MainPanel:264 - HeapMemory: 268435456
2024-04-11 20:31:28,901 [INFO] DbMcusXml:78 - Set database path to: C:\ST\STM32CubeIDE_1.14.1\STM32CubeIDE\plugins\com.st.stm32cube.common.mx_6.10.0.202311202037\\db\/mcu/
2024-04-11 20:31:28,901 [INFO] ApiDb:274 - Set plugin database path to: C:\ST\STM32CubeIDE_1.14.1\STM32CubeIDE\plugins\com.st.stm32cube.common.mx_6.10.0.202311202037\\db\/plugins/boardmanager/
2024-04-11 20:31:28,901 [INFO] ApiDb:261 - Set plugin images path to: C:\ST\STM32CubeIDE_1.14.1\STM32CubeIDE\plugins\com.st.stm32cube.common.mx_6.10.0.202311202037\\db\/plugins/mcufinder/images/
2024-04-11 20:31:28,901 [WARN] DbFile:41 - Overriding database path with different value: C:\Users\TuranyElijah\.stmcufinder\plugins\mcufinder/ => C:\Users\TuranyElijah\.stmcufinder\plugins\mcufinder
2024-04-11 20:31:28,901 [INFO] ApiDb:250 - Set database path to: C:\Users\TuranyElijah\.stmcufinder\plugins\mcufinder//mcu/
2024-04-11 20:31:28,902 [WARN] DbFile:41 - Overriding database path with different value: C:\Users\TuranyElijah\.stmcufinder\plugins\mcufinder/ => C:\Users\TuranyElijah\.stmcufinder\plugins\mcufinder
2024-04-11 20:31:28,902 [INFO] DbMcusAds:125 - Set database path to: C:\Users\TuranyElijah\.stmcufinder\plugins\mcufinder//mcu/
2024-04-11 20:31:28,902 [WARN] DbFile:41 - Overriding database path with different value: C:\Users\TuranyElijah\.stmcufinder\plugins\mcufinder/ => C:\Users\TuranyElijah\.stmcufinder\plugins\mcufinder
2024-04-11 20:31:28,902 [WARN] DbFile:41 - Overriding database path with different value: C:\Users\TuranyElijah\.stmcufinder\plugins\mcufinder/ => C:\Users\TuranyElijah\.stmcufinder\plugins\mcufinder
2024-04-11 20:31:28,902 [INFO] CrossReferenceDbSqlite:203 - Set database path to: C:\Users\TuranyElijah\.stmcufinder\plugins\mcufinder//mcu/cs/
2024-04-11 20:31:28,918 [INFO] ApplicationProperties:184 - Using Application install path: C:\ST\STM32CubeIDE_1.14.1\STM32CubeIDE\plugins\com.st.stm32cube.common.mx_6.10.0.202311202037
2024-04-11 20:31:28,919 [INFO] PluginManage:196 - Search for loadable plugins [exclusion list=, ]
2024-04-11 20:31:28,920 [INFO] PluginManage:310 - Check plugin analytics
2024-04-11 20:31:29,045 [INFO] AnalyticsPlugin:253 - Accepted Software Licenses: STM32CubeMX.6.10.0
2024-04-11 20:31:29,045 [INFO] AnalyticsPlugin:255 - Accepted CMSIS Pack Licenses: 
2024-04-11 20:31:29,045 [INFO] AnalyticsPlugin:257 - Accepted Firmware Licenses: 
2024-04-11 20:31:29,047 [INFO] PluginManage:359 - Loaded plugin analytics (category:tool,tabindex:-1)
2024-04-11 20:31:29,047 [INFO] PluginManage:310 - Check plugin cadmodel
2024-04-11 20:31:29,058 [INFO] CADModel:105 - Init CAD model plugin
2024-04-11 20:31:29,059 [INFO] PluginManage:359 - Loaded plugin cadmodel (category:power,tabindex:5)
2024-04-11 20:31:29,059 [INFO] PluginManage:310 - Check plugin clock
2024-04-11 20:31:29,072 [INFO] PluginManage:359 - Loaded plugin clock (category:base,tabindex:2)
2024-04-11 20:31:29,072 [INFO] PluginManage:310 - Check plugin ddr
2024-04-11 20:31:29,074 [INFO] PluginManage:359 - Loaded plugin ddr (category:tool,tabindex:6)
2024-04-11 20:31:29,074 [INFO] PluginManage:310 - Check plugin filemanager
2024-04-11 20:31:29,174 [INFO] PluginManage:359 - Loaded plugin filemanager (category:base,tabindex:10)
2024-04-11 20:31:29,174 [INFO] PluginManage:310 - Check plugin ipmanager
2024-04-11 20:31:29,180 [INFO] PluginManage:359 - Loaded plugin ipmanager (category:base,tabindex:5)
2024-04-11 20:31:29,180 [INFO] PluginManage:310 - Check plugin lpbam
2024-04-11 20:31:29,195 [INFO] PluginManage:359 - Loaded plugin lpbam (category:base,tabindex:0)
2024-04-11 20:31:29,195 [INFO] PluginManage:310 - Check plugin memorymap
2024-04-11 20:31:29,212 [INFO] PluginManage:359 - Loaded plugin memorymap (category:base,tabindex:4)
2024-04-11 20:31:29,213 [INFO] PluginManage:310 - Check plugin pinoutandconfiguration
2024-04-11 20:31:29,227 [INFO] PluginManage:359 - Loaded plugin pinoutandconfiguration (category:base,tabindex:1)
2024-04-11 20:31:29,227 [INFO] PluginManage:310 - Check plugin pinoutconfig
2024-04-11 20:31:29,307 [WARN] SupportedApi:132 - Cannot load RTOS API schema: s4s-elt-must-match.1: The content of 'definitions' must match (annotation?, (simpleType | complexType)?, (unique | key | keyref)*)). A problem was found starting at: attribute.
2024-04-11 20:31:29,413 [INFO] PluginManage:359 - Loaded plugin pinoutconfig (category:base,tabindex:0)
2024-04-11 20:31:29,413 [INFO] PluginManage:310 - Check plugin power
2024-04-11 20:31:29,430 [INFO] PluginManage:359 - Loaded plugin power (category:power,tabindex:4)
2024-04-11 20:31:29,430 [INFO] PluginManage:310 - Check plugin projectmanager
2024-04-11 20:31:29,445 [INFO] PluginManage:359 - Loaded plugin projectmanager (category:projectmanager,tabindex:3)
2024-04-11 20:31:29,445 [INFO] PluginManage:310 - Check plugin thirdparty
2024-04-11 20:31:29,684 [INFO] PluginManage:359 - Loaded plugin thirdparty (category:base,tabindex:-1)
2024-04-11 20:31:29,684 [WARN] IntegrityCheckThread:84 - waiting for thirdparty lock release [integrity check]
2024-04-11 20:31:29,684 [INFO] PluginManage:310 - Check plugin tools
2024-04-11 20:31:29,684 [INFO] IntegrityCheckThread:86 - entering critical section [integrity check]
2024-04-11 20:31:29,685 [INFO] ThirdPartyUpdaterWithRetryManager:70 - Updater plugin not ready yet. [1/15]
2024-04-11 20:31:29,713 [INFO] PluginManage:359 - Loaded plugin tools (category:base,tabindex:7)
2024-04-11 20:31:29,713 [INFO] PluginManage:310 - Check plugin tutovideos
2024-04-11 20:31:29,845 [INFO] PluginManage:359 - Loaded plugin tutovideos (category:base,tabindex:-1)
2024-04-11 20:31:29,845 [INFO] PluginManage:310 - Check plugin updater
2024-04-11 20:31:29,854 [INFO] PluginManage:359 - Loaded plugin updater (category:base,tabindex:12)
2024-04-11 20:31:29,855 [INFO] PluginManage:310 - Check plugin userauth
2024-04-11 20:31:29,858 [INFO] UserAuth:114 - Init User Auth plugin
2024-04-11 20:31:29,858 [INFO] PluginManage:359 - Loaded plugin userauth (category:base,tabindex:14)
2024-04-11 20:31:29,859 [INFO] PluginManage:283 - PluginManage : Loaded plugins [17]
2024-04-11 20:31:30,022 [INFO] PinOutPanel:1499 - setPackage(No Configuration,No Configuration)
2024-04-11 20:31:30,076 [INFO] CADModel:165 - CPN selected for project level
2024-04-11 20:31:30,077 [INFO] CADModel:114 - Register for checkConnection events
2024-04-11 20:31:30,097 [INFO] IPUIPlugin:80 - create IPUIPlugin
2024-04-11 20:31:30,098 [INFO] PluginManager:220 - loadIPPluginJar : add adc
2024-04-11 20:31:30,125 [INFO] IPUIPlugin:80 - create IPUIPlugin
2024-04-11 20:31:30,125 [INFO] PluginManager:220 - loadIPPluginJar : add aes
2024-04-11 20:31:30,155 [INFO] IPUIPlugin:80 - create IPUIPlugin
2024-04-11 20:31:30,155 [INFO] PluginManager:220 - loadIPPluginJar : add can
2024-04-11 20:31:30,174 [INFO] IPUIPlugin:80 - create IPUIPlugin
2024-04-11 20:31:30,174 [INFO] PluginManager:220 - loadIPPluginJar : add comp
2024-04-11 20:31:30,199 [INFO] IPUIPlugin:80 - create IPUIPlugin
2024-04-11 20:31:30,199 [INFO] PluginManager:220 - loadIPPluginJar : add cryp
2024-04-11 20:31:30,221 [INFO] IPUIPlugin:80 - create IPUIPlugin
2024-04-11 20:31:30,221 [INFO] PluginManager:220 - loadIPPluginJar : add dfsdm
2024-04-11 20:31:30,232 [INFO] IPUIPlugin:80 - create IPUIPlugin
2024-04-11 20:31:30,232 [INFO] PluginManager:220 - loadIPPluginJar : add dma
2024-04-11 20:31:30,265 [INFO] IPUIPlugin:80 - create IPUIPlugin
2024-04-11 20:31:30,265 [INFO] PluginManager:220 - loadIPPluginJar : add dma3
2024-04-11 20:31:30,281 [INFO] IPUIPlugin:80 - create IPUIPlugin
2024-04-11 20:31:30,281 [INFO] PluginManager:220 - loadIPPluginJar : add fatfs
2024-04-11 20:31:30,317 [INFO] IPUIPlugin:80 - create IPUIPlugin
2024-04-11 20:31:30,317 [INFO] PluginManager:220 - loadIPPluginJar : add fmc
2024-04-11 20:31:30,337 [INFO] IPUIPlugin:80 - create IPUIPlugin
2024-04-11 20:31:30,337 [INFO] PluginManager:220 - loadIPPluginJar : add freertos
2024-04-11 20:31:30,353 [INFO] IPUIPlugin:80 - create IPUIPlugin
2024-04-11 20:31:30,353 [INFO] PluginManager:220 - loadIPPluginJar : add genericplugin
2024-04-11 20:31:30,419 [INFO] IPUIPlugin:80 - create IPUIPlugin
2024-04-11 20:31:30,420 [INFO] PluginManager:220 - loadIPPluginJar : add gfxmmu
2024-04-11 20:31:30,512 [INFO] IPUIPlugin:80 - create IPUIPlugin
2024-04-11 20:31:30,512 [INFO] PluginManager:220 - loadIPPluginJar : add gic
2024-04-11 20:31:30,524 [INFO] IPUIPlugin:80 - create IPUIPlugin
2024-04-11 20:31:30,524 [INFO] PluginManager:220 - loadIPPluginJar : add gpio
2024-04-11 20:31:30,596 [INFO] IPUIPlugin:80 - create IPUIPlugin
2024-04-11 20:31:30,596 [INFO] PluginManager:220 - loadIPPluginJar : add gtzc
2024-04-11 20:31:30,619 [INFO] IPUIPlugin:80 - create IPUIPlugin
2024-04-11 20:31:30,620 [INFO] PluginManager:220 - loadIPPluginJar : add hash
2024-04-11 20:31:30,656 [INFO] IPUIPlugin:80 - create IPUIPlugin
2024-04-11 20:31:30,656 [INFO] PluginManager:220 - loadIPPluginJar : add i2c
2024-04-11 20:31:30,684 [INFO] IPUIPlugin:80 - create IPUIPlugin
2024-04-11 20:31:30,684 [INFO] PluginManager:220 - loadIPPluginJar : add i2s
2024-04-11 20:31:30,716 [INFO] IPUIPlugin:80 - create IPUIPlugin
2024-04-11 20:31:30,716 [INFO] PluginManager:220 - loadIPPluginJar : add i3c
2024-04-11 20:31:30,789 [INFO] IPUIPlugin:80 - create IPUIPlugin
2024-04-11 20:31:30,789 [INFO] PluginManager:220 - loadIPPluginJar : add ipddr
2024-04-11 20:31:30,854 [INFO] IPUIPlugin:80 - create IPUIPlugin
2024-04-11 20:31:30,854 [INFO] PluginManager:220 - loadIPPluginJar : add linkedlist
2024-04-11 20:31:30,881 [INFO] IPUIPlugin:80 - create IPUIPlugin
2024-04-11 20:31:30,881 [INFO] PluginManager:220 - loadIPPluginJar : add lorawan
2024-04-11 20:31:30,908 [INFO] IPUIPlugin:80 - create IPUIPlugin
2024-04-11 20:31:30,908 [INFO] PluginManager:220 - loadIPPluginJar : add ltdc
2024-04-11 20:31:30,919 [INFO] IPUIPlugin:80 - create IPUIPlugin
2024-04-11 20:31:30,919 [INFO] PluginManager:220 - loadIPPluginJar : add mdma
2024-04-11 20:31:30,929 [INFO] IPUIPlugin:80 - create IPUIPlugin
2024-04-11 20:31:30,930 [INFO] PluginManager:220 - loadIPPluginJar : add nvic
2024-04-11 20:31:30,956 [INFO] IPUIPlugin:80 - create IPUIPlugin
2024-04-11 20:31:30,956 [INFO] PluginManager:220 - loadIPPluginJar : add opamp
2024-04-11 20:31:31,000 [INFO] IPUIPlugin:80 - create IPUIPlugin
2024-04-11 20:31:31,001 [INFO] PluginManager:220 - loadIPPluginJar : add openamp
2024-04-11 20:31:31,032 [INFO] IPUIPlugin:80 - create IPUIPlugin
2024-04-11 20:31:31,032 [INFO] PluginManager:220 - loadIPPluginJar : add pdm2pcm
2024-04-11 20:31:31,044 [INFO] IPUIPlugin:80 - create IPUIPlugin
2024-04-11 20:31:31,046 [INFO] PluginManager:220 - loadIPPluginJar : add plateformsettings
2024-04-11 20:31:31,063 [INFO] IPUIPlugin:80 - create IPUIPlugin
2024-04-11 20:31:31,063 [INFO] PluginManager:220 - loadIPPluginJar : add quadspi
2024-04-11 20:31:31,072 [INFO] IPUIPlugin:80 - create IPUIPlugin
2024-04-11 20:31:31,073 [INFO] PluginManager:220 - loadIPPluginJar : add resmgrutility
2024-04-11 20:31:31,107 [INFO] IPUIPlugin:80 - create IPUIPlugin
2024-04-11 20:31:31,107 [INFO] PluginManager:220 - loadIPPluginJar : add sai
2024-04-11 20:31:31,134 [INFO] IPUIPlugin:80 - create IPUIPlugin
2024-04-11 20:31:31,135 [INFO] PluginManager:220 - loadIPPluginJar : add spi
2024-04-11 20:31:31,183 [INFO] IPUIPlugin:80 - create IPUIPlugin
2024-04-11 20:31:31,183 [INFO] PluginManager:220 - loadIPPluginJar : add stm32_wpan
2024-04-11 20:31:31,200 [INFO] IPUIPlugin:80 - create IPUIPlugin
2024-04-11 20:31:31,200 [INFO] PluginManager:220 - loadIPPluginJar : add tim
2024-04-11 20:31:31,243 [INFO] IPUIPlugin:80 - create IPUIPlugin
2024-04-11 20:31:31,243 [INFO] PluginManager:220 - loadIPPluginJar : add touchsensing
2024-04-11 20:31:31,261 [INFO] IPUIPlugin:80 - create IPUIPlugin
2024-04-11 20:31:31,261 [INFO] PluginManager:220 - loadIPPluginJar : add tracer_emb
2024-04-11 20:31:31,278 [INFO] IPUIPlugin:80 - create IPUIPlugin
2024-04-11 20:31:31,278 [INFO] PluginManager:220 - loadIPPluginJar : add ts
2024-04-11 20:31:31,294 [INFO] IPUIPlugin:80 - create IPUIPlugin
2024-04-11 20:31:31,294 [INFO] PluginManager:220 - loadIPPluginJar : add tsc
2024-04-11 20:31:31,310 [INFO] IPUIPlugin:80 - create IPUIPlugin
2024-04-11 20:31:31,310 [INFO] PluginManager:220 - loadIPPluginJar : add ucpd
2024-04-11 20:31:31,342 [INFO] IPUIPlugin:80 - create IPUIPlugin
2024-04-11 20:31:31,342 [INFO] PluginManager:220 - loadIPPluginJar : add usart
2024-04-11 20:31:31,373 [INFO] IPUIPlugin:80 - create IPUIPlugin
2024-04-11 20:31:31,373 [INFO] PluginManager:220 - loadIPPluginJar : add usbx
2024-04-11 20:31:31,490 [INFO] CADModel:165 - CPN selected for project level
2024-04-11 20:31:31,490 [INFO] CADModel:114 - Register for checkConnection events
2024-04-11 20:31:31,490 [FATAL] Updater:308 - Updater called before beeing initialized
2024-04-11 20:31:31,490 [ERROR] CADModel:125 - Updater not yet initialized, retry later 
2024-04-11 20:31:31,596 [INFO] CADModel:165 - CPN selected for project level
2024-04-11 20:31:31,596 [INFO] CADModel:114 - Register for checkConnection events
2024-04-11 20:31:31,596 [FATAL] Updater:308 - Updater called before beeing initialized
2024-04-11 20:31:31,596 [ERROR] CADModel:125 - Updater not yet initialized, retry later 
2024-04-11 20:31:31,599 [FATAL] Updater:308 - Updater called before beeing initialized
2024-04-11 20:31:31,689 [FATAL] Updater:308 - Updater called before beeing initialized
2024-04-11 20:31:31,697 [INFO] DbMcusAds:53 - JSON generation date=Wed Nov 29 04:52:27 CST 2023 (1701255147349)
2024-04-11 20:31:31,698 [FATAL] Updater:308 - Updater called before beeing initialized
2024-04-11 20:31:31,761 [WARN] DetailPanel:346 - Failed to get advertising image, set to default
2024-04-11 20:31:31,841 [FATAL] Updater:308 - Updater called before beeing initialized
2024-04-11 20:31:31,843 [FATAL] Updater:308 - Updater called before beeing initialized
2024-04-11 20:31:31,843 [FATAL] Updater:308 - Updater called before beeing initialized
2024-04-11 20:31:31,843 [WARN] DetailPanel:346 - Failed to get advertising image, set to default
2024-04-11 20:31:31,843 [FATAL] Updater:308 - Updater called before beeing initialized
2024-04-11 20:31:31,892 [ERROR] Updater:1120 - MainUpdater not yet initialized. External WinMGr cannot be set.
2024-04-11 20:31:31,901 [INFO] Updater:1056 - Updater Version found : 6.10.0
2024-04-11 20:31:31,914 [INFO] ApplicationProperties:184 - Using Application install path: C:\ST\STM32CubeIDE_1.14.1\STM32CubeIDE\plugins\com.st.stm32cube.common.mx_6.10.0.202311202037
2024-04-11 20:31:32,685 [INFO] ThirdPartyUpdaterWithRetryManager:70 - Updater plugin not ready yet. [2/15]
2024-04-11 20:31:33,488 [ERROR] LogOutputStream:75 - [STDERR_REDIRECT] Apr 11, 2024 8:31:33 PM java.util.prefs.WindowsPreferences <init>
2024-04-11 20:31:33,489 [ERROR] LogOutputStream:75 - [STDERR_REDIRECT] WARNING: Could not open/create prefs root node Software\JavaSoft\Prefs at root 0xffffffff80000002. Windows RegCreateKeyEx(...) returned error code 5.
2024-04-11 20:31:33,489 [ERROR] LogOutputStream:75 - [STDERR_REDIRECT] 
2024-04-11 20:31:33,824 [INFO] MainUpdater:2873 - connection check result : 10
2024-04-11 20:31:33,825 [INFO] MainUpdater:290 - Updater Check For Update Now.
2024-04-11 20:31:33,825 [INFO] MicroXplorer:498 - Change Database Version : DB.6.0.100
2024-04-11 20:31:33,837 [INFO] McuFinderGlobals:63 - Set McuFinder mode to 2 (CubeIDE integrated)
2024-04-11 20:31:33,837 [INFO] UserAuth:180 - activating auth plugin
2024-04-11 20:31:33,839 [INFO] UserAuth:404 - Internet connection configuration mode: 1
2024-04-11 20:31:33,862 [INFO] JxBrowserEngine:152 - Initiate JxBrowser Engine with user profile folder
2024-04-11 20:31:34,012 [INFO] CheckServerUpdateThread:120 - End of CheckServer Thread
2024-04-11 20:31:35,947 [WARN] PackLoader:240 - Cannot read IP mode file for STMicroelectronics.X-CUBE-SMBUS.2.1.0
2024-04-11 20:31:35,970 [WARN] PackLoader:240 - Cannot read IP mode file for STMicroelectronics.X-CUBE-TOUCHGFX.4.23.1
2024-04-11 20:31:35,980 [WARN] PackLoader:240 - Cannot read IP mode file for STMicroelectronics.X-CUBE-TOUCHGFX.4.23.0
2024-04-11 20:31:35,990 [WARN] PackLoader:240 - Cannot read IP mode file for STMicroelectronics.X-CUBE-TOUCHGFX.4.23.2
2024-04-11 20:31:36,027 [WARN] PackLoader:240 - Cannot read IP mode file for STMicroelectronics.X-CUBE-AZRTOS-F7.1.1.0
2024-04-11 20:31:36,045 [WARN] PackLoader:240 - Cannot read IP mode file for STMicroelectronics.FP-SNS-MOTENV1.4.3.2
2024-04-11 20:31:36,050 [INFO] WebApp:161 - Instantiating new browser for Auth
2024-04-11 20:31:36,058 [WARN] PackLoader:240 - Cannot read IP mode file for STMicroelectronics.FP-SNS-FLIGHT1.5.0.2
2024-04-11 20:31:36,088 [WARN] PackLoader:240 - Cannot read IP mode file for STMicroelectronics.X-CUBE-DISPLAY.3.0.0
2024-04-11 20:31:36,122 [WARN] PackLoader:240 - Cannot read IP mode file for STMicroelectronics.X-CUBE-BLE1.7.0.0
2024-04-11 20:31:36,138 [WARN] PackLoader:240 - Cannot read IP mode file for emotas.I-CUBE-CANOPEN.1.3.0
2024-04-11 20:31:36,162 [WARN] PackLoader:240 - Cannot read IP mode file for STMicroelectronics.X-CUBE-BLEMGR.3.1.0
2024-04-11 20:31:36,183 [WARN] PackLoader:240 - Cannot read IP mode file for STMicroelectronics.FP-SNS-SMARTAG2.1.2.0
2024-04-11 20:31:36,209 [INFO] LogOutputStream:77 - [STDOUT_REDIRECT] 1 : Invalid condition id : UX_CORESTACK_Condition cause : null
2024-04-11 20:31:36,210 [INFO] LogOutputStream:77 - [STDOUT_REDIRECT] 1 : Invalid condition id : UX_CORESTACK_Condition cause : null
2024-04-11 20:31:36,211 [INFO] LogOutputStream:77 - [STDOUT_REDIRECT] 1 : Invalid condition id : UX_CORESTACK_Condition cause : null
2024-04-11 20:31:36,214 [INFO] LogOutputStream:77 - [STDOUT_REDIRECT] 1 : Invalid condition id : UX_CORESTACK_Condition cause : null
2024-04-11 20:31:36,218 [INFO] LogOutputStream:77 - [STDOUT_REDIRECT] 1 : Invalid condition id : UX_CORESTACK_Condition cause : null
2024-04-11 20:31:36,227 [WARN] PackLoader:240 - Cannot read IP mode file for STMicroelectronics.X-CUBE-AZRTOS-WL.2.0.0
2024-04-11 20:31:36,244 [WARN] PackLoader:240 - Cannot read IP mode file for STMicroelectronics.FP-SNS-MOTENV1.5.0.0
2024-04-11 20:31:36,267 [WARN] PackLoader:240 - Cannot read IP mode file for WES.I-CUBE-Cesium.1.3.0
2024-04-11 20:31:36,281 [WARN] PackLoader:240 - Cannot read IP mode file for STMicroelectronics.X-CUBE-BLE2.3.3.0
2024-04-11 20:31:36,294 [WARN] PackLoader:240 - Cannot read IP mode file for STMicroelectronics.X-CUBE-TCPP.4.1.0
2024-04-11 20:31:36,309 [WARN] PackLoader:240 - Cannot read IP mode file for STMicroelectronics.X-CUBE-ALGOBUILD.1.3.0
2024-04-11 20:31:36,338 [WARN] PackLoader:240 - Cannot read IP mode file for STMicroelectronics.X-CUBE-AZRTOS-G0.1.1.0
2024-04-11 20:31:36,353 [WARN] PackLoader:240 - Cannot read IP mode file for STMicroelectronics.X-CUBE-SAFEA1.1.2.2
2024-04-11 20:31:36,366 [WARN] PackLoader:240 - Cannot read IP mode file for STMicroelectronics.X-CUBE-NFC4.3.0.0
2024-04-11 20:31:36,379 [WARN] PackLoader:240 - Cannot read IP mode file for STMicroelectronics.X-CUBE-BLEMGR.3.0.0
2024-04-11 20:31:36,390 [WARN] PackLoader:240 - Cannot read IP mode file for STMicroelectronics.FP-ATR-SIGFOX1.3.2.0
2024-04-11 20:31:36,402 [WARN] PackLoader:240 - Cannot read IP mode file for STMicroelectronics.X-CUBE-EEPRMA1.5.1.0
2024-04-11 20:31:36,432 [WARN] PackLoader:240 - Cannot read IP mode file for SEGGER.I-CUBE-embOS.1.3.1
2024-04-11 20:31:36,487 [WARN] PackLoader:240 - Cannot read IP mode file for STMicroelectronics.X-CUBE-GNSS1.6.0.0
2024-04-11 20:31:36,512 [WARN] PackLoader:240 - Cannot read IP mode file for STMicroelectronics.X-CUBE-AZRTOS-F4.1.1.0
2024-04-11 20:31:36,525 [WARN] PackLoader:240 - Cannot read IP mode file for wolfSSL.I-CUBE-wolfSSL.5.6.6
2024-04-11 20:31:36,549 [WARN] PackLoader:240 - Cannot read IP mode file for STMicroelectronics.X-CUBE-AZRTOS-L5.2.0.0
2024-04-11 20:31:36,561 [WARN] PackLoader:240 - Cannot read IP mode file for STMicroelectronics.X-CUBE-EEPRMA1.4.2.0
2024-04-11 20:31:36,575 [WARN] PackLoader:240 - Cannot read IP mode file for STMicroelectronics.X-CUBE-NFC6.3.1.0
2024-04-11 20:31:36,589 [WARN] PackLoader:240 - Cannot read IP mode file for ITTIA_DB.I-CUBE-ITTIADB.8.8.0
2024-04-11 20:31:36,605 [WARN] PackLoader:240 - Cannot read IP mode file for STMicroelectronics.X-CUBE-NFC7.1.0.1
2024-04-11 20:31:36,620 [WARN] PackLoader:240 - Cannot read IP mode file for STMicroelectronics.X-CUBE-NFC6.3.0.0
2024-04-11 20:31:36,636 [WARN] PackLoader:240 - Cannot read IP mode file for STMicroelectronics.X-CUBE-AI.8.1.0
2024-04-11 20:31:36,668 [WARN] ConditionMgr:438 - getConditionDescription Invalid condition id : LAN8742 Phy interface Condition cause : null
2024-04-11 20:31:36,669 [WARN] PackLoader:240 - Cannot read IP mode file for STMicroelectronics.X-CUBE-AZRTOS-L4.2.0.0
2024-04-11 20:31:36,671 [WARN] ConditionMgr:1039 - genDependencies : Invalid condition id : LAN8742 Phy interface Condition cause : null
2024-04-11 20:31:36,671 [WARN] ConditionMgr:1039 - genDependencies : Invalid condition id : LAN8742 Phy interface Condition cause : null
2024-04-11 20:31:36,672 [WARN] ConditionMgr:1039 - genDependencies : Invalid condition id : LAN8742 Phy interface Condition cause : null
2024-04-11 20:31:36,693 [WARN] PackLoader:240 - Cannot read IP mode file for STMicroelectronics.X-CUBE-SFXS2LP1.4.0.0
2024-04-11 20:31:36,723 [WARN] ConditionMgr:438 - getConditionDescription Invalid condition id : UX DEVICE CLASS RTOS Condition cause : null
2024-04-11 20:31:36,723 [WARN] ConditionMgr:438 - getConditionDescription Invalid condition id : UX DEVICE CLASS RTOS Condition cause : null
2024-04-11 20:31:36,725 [WARN] PackLoader:240 - Cannot read IP mode file for STMicroelectronics.X-CUBE-AZRTOS-WB.2.0.0
2024-04-11 20:31:36,726 [WARN] ConditionMgr:1039 - genDependencies : Invalid condition id : UX DEVICE CLASS RTOS Condition cause : null
2024-04-11 20:31:36,726 [WARN] ConditionMgr:1039 - genDependencies : Invalid condition id : UX DEVICE CLASS RTOS Condition cause : null
2024-04-11 20:31:36,726 [WARN] ConditionMgr:1039 - genDependencies : Invalid condition id : UX DEVICE CLASS RTOS Condition cause : null
2024-04-11 20:31:36,727 [WARN] ConditionMgr:1039 - genDependencies : Invalid condition id : UX DEVICE CLASS RTOS Condition cause : null
2024-04-11 20:31:36,727 [WARN] ConditionMgr:1039 - genDependencies : Invalid condition id : UX DEVICE CLASS RTOS Condition cause : null
2024-04-11 20:31:36,746 [WARN] PackLoader:240 - Cannot read IP mode file for STMicroelectronics.X-CUBE-SUBG2.5.0.0
2024-04-11 20:31:36,772 [WARN] PackLoader:240 - Cannot read IP mode file for STMicroelectronics.X-CUBE-AZRTOS-G4.2.0.0
2024-04-11 20:31:36,790 [WARN] PackLoader:240 - Cannot read IP mode file for Infineon.AIROC-Wi-Fi-Bluetooth-STM32.1.5.1
2024-04-11 20:31:36,805 [WARN] PackLoader:240 - Cannot read IP mode file for STMicroelectronics.FP-SNS-MOTENVWB1.1.3.1
2024-04-11 20:31:36,821 [WARN] PackLoader:240 - Cannot read IP mode file for STMicroelectronics.X-CUBE-ISPU.2.0.0
2024-04-11 20:31:36,850 [INFO] WebApp:780 - Register for checkConnection events
2024-04-11 20:31:36,850 [INFO] WebApp:414 - Apply proxy settings
2024-04-11 20:31:36,851 [INFO] WebApp:499 - Chromium requires no authentication
2024-04-11 20:31:36,866 [INFO] WebApp:442 - Direct internet connection detected
2024-04-11 20:31:36,875 [WARN] PackLoader:240 - Cannot read IP mode file for STMicroelectronics.X-CUBE-MEMS1.10.0.0
2024-04-11 20:31:37,025 [WARN] PackLoader:240 - Cannot read IP mode file for STMicroelectronics.X-CUBE-FREERTOS.1.1.0
2024-04-11 20:31:37,038 [WARN] PackLoader:240 - Cannot read IP mode file for portGmbH.I-Cube-SoM-uGOAL.1.1.0
2024-04-11 20:31:37,049 [WARN] PackLoader:240 - Cannot read IP mode file for STMicroelectronics.X-CUBE-ALS.1.0.1
2024-04-11 20:31:37,059 [WARN] PackLoader:240 - Cannot read IP mode file for STMicroelectronics.FP-ATR-ASTRA1.2.0.0
2024-04-11 20:31:37,075 [WARN] PackLoader:240 - Cannot read IP mode file for STMicroelectronics.X-CUBE-TOF1.3.4.0
2024-04-11 20:31:37,109 [WARN] PackLoader:240 - Cannot read IP mode file for STMicroelectronics.X-CUBE-TOF1.3.4.1
2024-04-11 20:31:37,136 [WARN] PackLoader:240 - Cannot read IP mode file for STMicroelectronics.X-CUBE-AZRTOS-H7.3.2.0
2024-04-11 20:31:37,138 [INFO] ThirdParty:978 - Integrity check success = true
2024-04-11 20:31:37,138 [INFO] IntegrityCheckThread:100 - exiting critical section [integrity check]
2024-04-11 20:31:37,138 [INFO] IntegrityCheckThread:103 - End integrity checks thread
2024-04-11 20:31:37,225 [INFO] WebApp:192 - Starting web application
2024-04-11 20:31:37,226 [INFO] WebApp:544 - Web application path used C:\ST\STM32CubeIDE_1.14.1\STM32CubeIDE\plugins\com.st.stm32cube.common.mx_6.10.0.202311202037\db\plugins\mcufinder\reactClient1\index.html
2024-04-11 20:31:58,107 [ERROR] LogOutputStream:75 - [STDERR_REDIRECT] SLF4J: Failed to load class "org.slf4j.impl.StaticLoggerBinder".
2024-04-11 20:31:58,107 [ERROR] LogOutputStream:75 - [STDERR_REDIRECT] SLF4J: Defaulting to no-operation (NOP) logger implementation
2024-04-11 20:31:58,107 [ERROR] LogOutputStream:75 - [STDERR_REDIRECT] SLF4J: See http://www.slf4j.org/codes.html#StaticLoggerBinder for further details.
