2024-04-03 12:23:05,772 [INFO] Activator:176 - 


2024-04-03 12:23:05,778 [INFO] Activator:177 - !SESSION log4j initialized
2024-04-03 12:23:13,030 [INFO] LogOutputStream:77 - [STDOUT_REDIRECT] 
2024-04-03 12:23:15,912 [INFO] ApplicationProperties:184 - Using Application install path: C:\ST\STM32CubeIDE_1.14.1\STM32CubeIDE\plugins\com.st.stm32cube.common.mx_6.10.0.202311202037
2024-04-03 12:23:15,935 [INFO] DbMcusXml:78 - Set database path to: C:\ST\STM32CubeIDE_1.14.1\STM32CubeIDE\plugins\com.st.stm32cube.common.mx_6.10.0.202311202037\\db\/mcu/
2024-04-03 12:23:15,936 [INFO] ApiDb:274 - Set plugin database path to: C:\ST\STM32CubeIDE_1.14.1\STM32CubeIDE\plugins\com.st.stm32cube.common.mx_6.10.0.202311202037\\db\/plugins/boardmanager/
2024-04-03 12:23:15,936 [WARN] ApiDb:259 - Overriding images path with different value:  => C:\ST\STM32CubeIDE_1.14.1\STM32CubeIDE\plugins\com.st.stm32cube.common.mx_6.10.0.202311202037\\db\/plugins/mcufinder/images/
2024-04-03 12:23:15,951 [INFO] ApiDb:250 - Set database path to: C:\Users\TuranyElijah\.stmcufinder\plugins\mcufinder//mcu/
2024-04-03 12:23:15,952 [INFO] DbMcusAds:125 - Set database path to: C:\Users\TuranyElijah\.stmcufinder\plugins\mcufinder//mcu/
2024-04-03 12:23:15,954 [INFO] CrossReferenceDbSqlite:203 - Set database path to: C:\Users\TuranyElijah\.stmcufinder\plugins\mcufinder//mcu/cs/
2024-04-03 12:23:16,095 [INFO] RulesReader:64 - Compatibility file has been processed (297 Rules)
2024-04-03 12:23:16,186 [INFO] DbMcusXml:78 - Set database path to: C:\ST\STM32CubeIDE_1.14.1\STM32CubeIDE\plugins\com.st.stm32cube.common.mx_6.10.0.202311202037\\db\/mcu/
2024-04-03 12:23:16,186 [INFO] ApiDb:274 - Set plugin database path to: C:\ST\STM32CubeIDE_1.14.1\STM32CubeIDE\plugins\com.st.stm32cube.common.mx_6.10.0.202311202037\\db\/plugins/boardmanager/
2024-04-03 12:23:16,186 [INFO] ApiDb:261 - Set plugin images path to: C:\ST\STM32CubeIDE_1.14.1\STM32CubeIDE\plugins\com.st.stm32cube.common.mx_6.10.0.202311202037\\db\/plugins/mcufinder/images/
2024-04-03 12:23:16,187 [WARN] DbFile:41 - Overriding database path with different value: C:\Users\TuranyElijah\.stmcufinder\plugins\mcufinder/ => C:\Users\TuranyElijah\.stmcufinder\plugins\mcufinder
2024-04-03 12:23:16,187 [INFO] ApiDb:250 - Set database path to: C:\Users\TuranyElijah\.stmcufinder\plugins\mcufinder//mcu/
2024-04-03 12:23:16,187 [WARN] DbFile:41 - Overriding database path with different value: C:\Users\TuranyElijah\.stmcufinder\plugins\mcufinder/ => C:\Users\TuranyElijah\.stmcufinder\plugins\mcufinder
2024-04-03 12:23:16,187 [INFO] DbMcusAds:125 - Set database path to: C:\Users\TuranyElijah\.stmcufinder\plugins\mcufinder//mcu/
2024-04-03 12:23:16,187 [WARN] DbFile:41 - Overriding database path with different value: C:\Users\TuranyElijah\.stmcufinder\plugins\mcufinder/ => C:\Users\TuranyElijah\.stmcufinder\plugins\mcufinder
2024-04-03 12:23:16,187 [WARN] DbFile:41 - Overriding database path with different value: C:\Users\TuranyElijah\.stmcufinder\plugins\mcufinder/ => C:\Users\TuranyElijah\.stmcufinder\plugins\mcufinder
2024-04-03 12:23:16,187 [INFO] CrossReferenceDbSqlite:203 - Set database path to: C:\Users\TuranyElijah\.stmcufinder\plugins\mcufinder//mcu/cs/
2024-04-03 12:23:16,281 [INFO] MainPanel:264 - HeapMemory: 268435456
2024-04-03 12:23:16,396 [INFO] DbMcusXml:78 - Set database path to: C:\ST\STM32CubeIDE_1.14.1\STM32CubeIDE\plugins\com.st.stm32cube.common.mx_6.10.0.202311202037\\db\/mcu/
2024-04-03 12:23:16,396 [INFO] ApiDb:274 - Set plugin database path to: C:\ST\STM32CubeIDE_1.14.1\STM32CubeIDE\plugins\com.st.stm32cube.common.mx_6.10.0.202311202037\\db\/plugins/boardmanager/
2024-04-03 12:23:16,396 [INFO] ApiDb:261 - Set plugin images path to: C:\ST\STM32CubeIDE_1.14.1\STM32CubeIDE\plugins\com.st.stm32cube.common.mx_6.10.0.202311202037\\db\/plugins/mcufinder/images/
2024-04-03 12:23:16,397 [WARN] DbFile:41 - Overriding database path with different value: C:\Users\TuranyElijah\.stmcufinder\plugins\mcufinder/ => C:\Users\TuranyElijah\.stmcufinder\plugins\mcufinder
2024-04-03 12:23:16,397 [INFO] ApiDb:250 - Set database path to: C:\Users\TuranyElijah\.stmcufinder\plugins\mcufinder//mcu/
2024-04-03 12:23:16,397 [WARN] DbFile:41 - Overriding database path with different value: C:\Users\TuranyElijah\.stmcufinder\plugins\mcufinder/ => C:\Users\TuranyElijah\.stmcufinder\plugins\mcufinder
2024-04-03 12:23:16,397 [INFO] DbMcusAds:125 - Set database path to: C:\Users\TuranyElijah\.stmcufinder\plugins\mcufinder//mcu/
2024-04-03 12:23:16,397 [WARN] DbFile:41 - Overriding database path with different value: C:\Users\TuranyElijah\.stmcufinder\plugins\mcufinder/ => C:\Users\TuranyElijah\.stmcufinder\plugins\mcufinder
2024-04-03 12:23:16,397 [WARN] DbFile:41 - Overriding database path with different value: C:\Users\TuranyElijah\.stmcufinder\plugins\mcufinder/ => C:\Users\TuranyElijah\.stmcufinder\plugins\mcufinder
2024-04-03 12:23:16,397 [INFO] CrossReferenceDbSqlite:203 - Set database path to: C:\Users\TuranyElijah\.stmcufinder\plugins\mcufinder//mcu/cs/
2024-04-03 12:23:16,422 [INFO] ApplicationProperties:184 - Using Application install path: C:\ST\STM32CubeIDE_1.14.1\STM32CubeIDE\plugins\com.st.stm32cube.common.mx_6.10.0.202311202037
2024-04-03 12:23:16,424 [INFO] PluginManage:196 - Search for loadable plugins [exclusion list=, ]
2024-04-03 12:23:16,425 [INFO] PluginManage:310 - Check plugin analytics
2024-04-03 12:23:16,617 [INFO] AnalyticsPlugin:253 - Accepted Software Licenses: STM32CubeMX.6.10.0
2024-04-03 12:23:16,618 [INFO] AnalyticsPlugin:255 - Accepted CMSIS Pack Licenses: 
2024-04-03 12:23:16,618 [INFO] AnalyticsPlugin:257 - Accepted Firmware Licenses: 
2024-04-03 12:23:16,620 [INFO] PluginManage:359 - Loaded plugin analytics (category:tool,tabindex:-1)
2024-04-03 12:23:16,621 [INFO] PluginManage:310 - Check plugin cadmodel
2024-04-03 12:23:16,639 [INFO] CADModel:105 - Init CAD model plugin
2024-04-03 12:23:16,640 [INFO] PluginManage:359 - Loaded plugin cadmodel (category:power,tabindex:5)
2024-04-03 12:23:16,640 [INFO] PluginManage:310 - Check plugin clock
2024-04-03 12:23:16,659 [INFO] PluginManage:359 - Loaded plugin clock (category:base,tabindex:2)
2024-04-03 12:23:16,659 [INFO] PluginManage:310 - Check plugin ddr
2024-04-03 12:23:16,661 [INFO] PluginManage:359 - Loaded plugin ddr (category:tool,tabindex:6)
2024-04-03 12:23:16,661 [INFO] PluginManage:310 - Check plugin filemanager
2024-04-03 12:23:16,799 [INFO] PluginManage:359 - Loaded plugin filemanager (category:base,tabindex:10)
2024-04-03 12:23:16,799 [INFO] PluginManage:310 - Check plugin ipmanager
2024-04-03 12:23:16,806 [INFO] PluginManage:359 - Loaded plugin ipmanager (category:base,tabindex:5)
2024-04-03 12:23:16,806 [INFO] PluginManage:310 - Check plugin lpbam
2024-04-03 12:23:16,826 [INFO] PluginManage:359 - Loaded plugin lpbam (category:base,tabindex:0)
2024-04-03 12:23:16,826 [INFO] PluginManage:310 - Check plugin memorymap
2024-04-03 12:23:16,854 [INFO] PluginManage:359 - Loaded plugin memorymap (category:base,tabindex:4)
2024-04-03 12:23:16,854 [INFO] PluginManage:310 - Check plugin pinoutandconfiguration
2024-04-03 12:23:16,873 [INFO] PluginManage:359 - Loaded plugin pinoutandconfiguration (category:base,tabindex:1)
2024-04-03 12:23:16,873 [INFO] PluginManage:310 - Check plugin pinoutconfig
2024-04-03 12:23:16,984 [WARN] SupportedApi:132 - Cannot load RTOS API schema: s4s-elt-must-match.1: The content of 'definitions' must match (annotation?, (simpleType | complexType)?, (unique | key | keyref)*)). A problem was found starting at: attribute.
2024-04-03 12:23:17,120 [INFO] PluginManage:359 - Loaded plugin pinoutconfig (category:base,tabindex:0)
2024-04-03 12:23:17,121 [INFO] PluginManage:310 - Check plugin power
2024-04-03 12:23:17,157 [INFO] PluginManage:359 - Loaded plugin power (category:power,tabindex:4)
2024-04-03 12:23:17,158 [INFO] PluginManage:310 - Check plugin projectmanager
2024-04-03 12:23:17,184 [INFO] PluginManage:359 - Loaded plugin projectmanager (category:projectmanager,tabindex:3)
2024-04-03 12:23:17,184 [INFO] PluginManage:310 - Check plugin thirdparty
2024-04-03 12:23:17,464 [INFO] PluginManage:359 - Loaded plugin thirdparty (category:base,tabindex:-1)
2024-04-03 12:23:17,464 [WARN] IntegrityCheckThread:84 - waiting for thirdparty lock release [integrity check]
2024-04-03 12:23:17,465 [INFO] PluginManage:310 - Check plugin tools
2024-04-03 12:23:17,465 [INFO] IntegrityCheckThread:86 - entering critical section [integrity check]
2024-04-03 12:23:17,465 [INFO] ThirdPartyUpdaterWithRetryManager:70 - Updater plugin not ready yet. [1/15]
2024-04-03 12:23:17,498 [INFO] PluginManage:359 - Loaded plugin tools (category:base,tabindex:7)
2024-04-03 12:23:17,499 [INFO] PluginManage:310 - Check plugin tutovideos
2024-04-03 12:23:17,700 [INFO] PluginManage:359 - Loaded plugin tutovideos (category:base,tabindex:-1)
2024-04-03 12:23:17,701 [INFO] PluginManage:310 - Check plugin updater
2024-04-03 12:23:17,712 [INFO] PluginManage:359 - Loaded plugin updater (category:base,tabindex:12)
2024-04-03 12:23:17,713 [INFO] PluginManage:310 - Check plugin userauth
2024-04-03 12:23:17,719 [INFO] UserAuth:114 - Init User Auth plugin
2024-04-03 12:23:17,719 [INFO] PluginManage:359 - Loaded plugin userauth (category:base,tabindex:14)
2024-04-03 12:23:17,719 [INFO] PluginManage:283 - PluginManage : Loaded plugins [17]
2024-04-03 12:23:17,944 [INFO] PinOutPanel:1499 - setPackage(No Configuration,No Configuration)
2024-04-03 12:23:18,018 [INFO] CADModel:165 - CPN selected for project level
2024-04-03 12:23:18,018 [INFO] CADModel:114 - Register for checkConnection events
2024-04-03 12:23:18,045 [INFO] IPUIPlugin:80 - create IPUIPlugin
2024-04-03 12:23:18,045 [INFO] PluginManager:220 - loadIPPluginJar : add adc
2024-04-03 12:23:18,076 [INFO] IPUIPlugin:80 - create IPUIPlugin
2024-04-03 12:23:18,076 [INFO] PluginManager:220 - loadIPPluginJar : add aes
2024-04-03 12:23:18,111 [INFO] IPUIPlugin:80 - create IPUIPlugin
2024-04-03 12:23:18,112 [INFO] PluginManager:220 - loadIPPluginJar : add can
2024-04-03 12:23:18,131 [INFO] IPUIPlugin:80 - create IPUIPlugin
2024-04-03 12:23:18,131 [INFO] PluginManager:220 - loadIPPluginJar : add comp
2024-04-03 12:23:18,158 [INFO] IPUIPlugin:80 - create IPUIPlugin
2024-04-03 12:23:18,158 [INFO] PluginManager:220 - loadIPPluginJar : add cryp
2024-04-03 12:23:18,183 [INFO] IPUIPlugin:80 - create IPUIPlugin
2024-04-03 12:23:18,184 [INFO] PluginManager:220 - loadIPPluginJar : add dfsdm
2024-04-03 12:23:18,198 [INFO] IPUIPlugin:80 - create IPUIPlugin
2024-04-03 12:23:18,199 [INFO] PluginManager:220 - loadIPPluginJar : add dma
2024-04-03 12:23:18,235 [INFO] IPUIPlugin:80 - create IPUIPlugin
2024-04-03 12:23:18,235 [INFO] PluginManager:220 - loadIPPluginJar : add dma3
2024-04-03 12:23:18,253 [INFO] IPUIPlugin:80 - create IPUIPlugin
2024-04-03 12:23:18,253 [INFO] PluginManager:220 - loadIPPluginJar : add fatfs
2024-04-03 12:23:18,295 [INFO] IPUIPlugin:80 - create IPUIPlugin
2024-04-03 12:23:18,295 [INFO] PluginManager:220 - loadIPPluginJar : add fmc
2024-04-03 12:23:18,309 [INFO] IPUIPlugin:80 - create IPUIPlugin
2024-04-03 12:23:18,309 [INFO] PluginManager:220 - loadIPPluginJar : add freertos
2024-04-03 12:23:18,327 [INFO] IPUIPlugin:80 - create IPUIPlugin
2024-04-03 12:23:18,327 [INFO] PluginManager:220 - loadIPPluginJar : add genericplugin
2024-04-03 12:23:18,402 [INFO] IPUIPlugin:80 - create IPUIPlugin
2024-04-03 12:23:18,402 [INFO] PluginManager:220 - loadIPPluginJar : add gfxmmu
2024-04-03 12:23:18,506 [INFO] IPUIPlugin:80 - create IPUIPlugin
2024-04-03 12:23:18,506 [INFO] PluginManager:220 - loadIPPluginJar : add gic
2024-04-03 12:23:18,519 [INFO] IPUIPlugin:80 - create IPUIPlugin
2024-04-03 12:23:18,519 [INFO] PluginManager:220 - loadIPPluginJar : add gpio
2024-04-03 12:23:18,595 [INFO] IPUIPlugin:80 - create IPUIPlugin
2024-04-03 12:23:18,595 [INFO] PluginManager:220 - loadIPPluginJar : add gtzc
2024-04-03 12:23:18,623 [INFO] IPUIPlugin:80 - create IPUIPlugin
2024-04-03 12:23:18,623 [INFO] PluginManager:220 - loadIPPluginJar : add hash
2024-04-03 12:23:18,666 [INFO] IPUIPlugin:80 - create IPUIPlugin
2024-04-03 12:23:18,666 [INFO] PluginManager:220 - loadIPPluginJar : add i2c
2024-04-03 12:23:18,699 [INFO] IPUIPlugin:80 - create IPUIPlugin
2024-04-03 12:23:18,699 [INFO] PluginManager:220 - loadIPPluginJar : add i2s
2024-04-03 12:23:18,734 [INFO] IPUIPlugin:80 - create IPUIPlugin
2024-04-03 12:23:18,734 [INFO] PluginManager:220 - loadIPPluginJar : add i3c
2024-04-03 12:23:18,821 [INFO] IPUIPlugin:80 - create IPUIPlugin
2024-04-03 12:23:18,821 [INFO] PluginManager:220 - loadIPPluginJar : add ipddr
2024-04-03 12:23:18,896 [INFO] IPUIPlugin:80 - create IPUIPlugin
2024-04-03 12:23:18,896 [INFO] PluginManager:220 - loadIPPluginJar : add linkedlist
2024-04-03 12:23:18,928 [INFO] IPUIPlugin:80 - create IPUIPlugin
2024-04-03 12:23:18,928 [INFO] PluginManager:220 - loadIPPluginJar : add lorawan
2024-04-03 12:23:18,959 [INFO] IPUIPlugin:80 - create IPUIPlugin
2024-04-03 12:23:18,959 [INFO] PluginManager:220 - loadIPPluginJar : add ltdc
2024-04-03 12:23:18,972 [INFO] IPUIPlugin:80 - create IPUIPlugin
2024-04-03 12:23:18,972 [INFO] PluginManager:220 - loadIPPluginJar : add mdma
2024-04-03 12:23:18,984 [INFO] IPUIPlugin:80 - create IPUIPlugin
2024-04-03 12:23:18,984 [INFO] PluginManager:220 - loadIPPluginJar : add nvic
2024-04-03 12:23:19,015 [INFO] IPUIPlugin:80 - create IPUIPlugin
2024-04-03 12:23:19,015 [INFO] PluginManager:220 - loadIPPluginJar : add opamp
2024-04-03 12:23:19,064 [INFO] IPUIPlugin:80 - create IPUIPlugin
2024-04-03 12:23:19,064 [INFO] PluginManager:220 - loadIPPluginJar : add openamp
2024-04-03 12:23:19,099 [INFO] IPUIPlugin:80 - create IPUIPlugin
2024-04-03 12:23:19,099 [INFO] PluginManager:220 - loadIPPluginJar : add pdm2pcm
2024-04-03 12:23:19,113 [INFO] IPUIPlugin:80 - create IPUIPlugin
2024-04-03 12:23:19,115 [INFO] PluginManager:220 - loadIPPluginJar : add plateformsettings
2024-04-03 12:23:19,137 [INFO] IPUIPlugin:80 - create IPUIPlugin
2024-04-03 12:23:19,137 [INFO] PluginManager:220 - loadIPPluginJar : add quadspi
2024-04-03 12:23:19,149 [INFO] IPUIPlugin:80 - create IPUIPlugin
2024-04-03 12:23:19,149 [INFO] PluginManager:220 - loadIPPluginJar : add resmgrutility
2024-04-03 12:23:19,190 [INFO] IPUIPlugin:80 - create IPUIPlugin
2024-04-03 12:23:19,190 [INFO] PluginManager:220 - loadIPPluginJar : add sai
2024-04-03 12:23:19,222 [INFO] IPUIPlugin:80 - create IPUIPlugin
2024-04-03 12:23:19,223 [INFO] PluginManager:220 - loadIPPluginJar : add spi
2024-04-03 12:23:19,280 [INFO] IPUIPlugin:80 - create IPUIPlugin
2024-04-03 12:23:19,280 [INFO] PluginManager:220 - loadIPPluginJar : add stm32_wpan
2024-04-03 12:23:19,301 [INFO] IPUIPlugin:80 - create IPUIPlugin
2024-04-03 12:23:19,301 [INFO] PluginManager:220 - loadIPPluginJar : add tim
2024-04-03 12:23:19,347 [INFO] IPUIPlugin:80 - create IPUIPlugin
2024-04-03 12:23:19,348 [INFO] PluginManager:220 - loadIPPluginJar : add touchsensing
2024-04-03 12:23:19,367 [INFO] IPUIPlugin:80 - create IPUIPlugin
2024-04-03 12:23:19,368 [INFO] PluginManager:220 - loadIPPluginJar : add tracer_emb
2024-04-03 12:23:19,387 [INFO] IPUIPlugin:80 - create IPUIPlugin
2024-04-03 12:23:19,387 [INFO] PluginManager:220 - loadIPPluginJar : add ts
2024-04-03 12:23:19,406 [INFO] IPUIPlugin:80 - create IPUIPlugin
2024-04-03 12:23:19,406 [INFO] PluginManager:220 - loadIPPluginJar : add tsc
2024-04-03 12:23:19,434 [INFO] IPUIPlugin:80 - create IPUIPlugin
2024-04-03 12:23:19,434 [INFO] PluginManager:220 - loadIPPluginJar : add ucpd
2024-04-03 12:23:19,481 [INFO] IPUIPlugin:80 - create IPUIPlugin
2024-04-03 12:23:19,481 [INFO] PluginManager:220 - loadIPPluginJar : add usart
2024-04-03 12:23:19,517 [INFO] IPUIPlugin:80 - create IPUIPlugin
2024-04-03 12:23:19,517 [INFO] PluginManager:220 - loadIPPluginJar : add usbx
2024-04-03 12:23:19,649 [INFO] CADModel:165 - CPN selected for project level
2024-04-03 12:23:19,649 [INFO] CADModel:114 - Register for checkConnection events
2024-04-03 12:23:19,649 [FATAL] Updater:308 - Updater called before beeing initialized
2024-04-03 12:23:19,649 [ERROR] CADModel:125 - Updater not yet initialized, retry later 
2024-04-03 12:23:19,816 [INFO] CADModel:165 - CPN selected for project level
2024-04-03 12:23:19,817 [INFO] CADModel:114 - Register for checkConnection events
2024-04-03 12:23:19,817 [FATAL] Updater:308 - Updater called before beeing initialized
2024-04-03 12:23:19,817 [ERROR] CADModel:125 - Updater not yet initialized, retry later 
2024-04-03 12:23:19,820 [FATAL] Updater:308 - Updater called before beeing initialized
2024-04-03 12:23:19,938 [FATAL] Updater:308 - Updater called before beeing initialized
2024-04-03 12:23:19,950 [INFO] DbMcusAds:53 - JSON generation date=Wed Nov 29 04:52:27 CST 2023 (1701255147349)
2024-04-03 12:23:19,950 [FATAL] Updater:308 - Updater called before beeing initialized
2024-04-03 12:23:20,025 [WARN] DetailPanel:346 - Failed to get advertising image, set to default
2024-04-03 12:23:20,120 [FATAL] Updater:308 - Updater called before beeing initialized
2024-04-03 12:23:20,122 [FATAL] Updater:308 - Updater called before beeing initialized
2024-04-03 12:23:20,122 [FATAL] Updater:308 - Updater called before beeing initialized
2024-04-03 12:23:20,122 [WARN] DetailPanel:346 - Failed to get advertising image, set to default
2024-04-03 12:23:20,123 [FATAL] Updater:308 - Updater called before beeing initialized
2024-04-03 12:23:20,195 [ERROR] Updater:1120 - MainUpdater not yet initialized. External WinMGr cannot be set.
2024-04-03 12:23:20,205 [INFO] Updater:1056 - Updater Version found : 6.10.0
2024-04-03 12:23:20,223 [INFO] ApplicationProperties:184 - Using Application install path: C:\ST\STM32CubeIDE_1.14.1\STM32CubeIDE\plugins\com.st.stm32cube.common.mx_6.10.0.202311202037
2024-04-03 12:23:20,467 [INFO] ThirdPartyUpdaterWithRetryManager:70 - Updater plugin not ready yet. [2/15]
2024-04-03 12:23:21,814 [ERROR] LogOutputStream:75 - [STDERR_REDIRECT] Apr 03, 2024 12:23:21 PM java.util.prefs.WindowsPreferences <init>
2024-04-03 12:23:21,816 [ERROR] LogOutputStream:75 - [STDERR_REDIRECT] WARNING: Could not open/create prefs root node Software\JavaSoft\Prefs at root 0xffffffff80000002. Windows RegCreateKeyEx(...) returned error code 5.
2024-04-03 12:23:21,816 [ERROR] LogOutputStream:75 - [STDERR_REDIRECT] 
2024-04-03 12:23:22,292 [INFO] MainUpdater:2873 - connection check result : 10
2024-04-03 12:23:22,294 [INFO] MainUpdater:290 - Updater Check For Update Now.
2024-04-03 12:23:22,294 [INFO] MicroXplorer:498 - Change Database Version : DB.6.0.100
2024-04-03 12:23:22,321 [INFO] McuFinderGlobals:63 - Set McuFinder mode to 2 (CubeIDE integrated)
2024-04-03 12:23:22,321 [INFO] UserAuth:180 - activating auth plugin
2024-04-03 12:23:22,326 [INFO] UserAuth:404 - Internet connection configuration mode: 1
2024-04-03 12:23:22,371 [INFO] JxBrowserEngine:152 - Initiate JxBrowser Engine with user profile folder
2024-04-03 12:23:22,549 [INFO] CheckServerUpdateThread:120 - End of CheckServer Thread
2024-04-03 12:23:23,796 [WARN] PackLoader:240 - Cannot read IP mode file for STMicroelectronics.X-CUBE-SMBUS.2.1.0
2024-04-03 12:23:23,821 [WARN] PackLoader:240 - Cannot read IP mode file for STMicroelectronics.X-CUBE-TOUCHGFX.4.23.1
2024-04-03 12:23:23,836 [WARN] PackLoader:240 - Cannot read IP mode file for STMicroelectronics.X-CUBE-TOUCHGFX.4.23.0
2024-04-03 12:23:23,934 [WARN] PackLoader:240 - Cannot read IP mode file for STMicroelectronics.X-CUBE-AZRTOS-F7.1.1.0
2024-04-03 12:23:23,977 [WARN] PackLoader:240 - Cannot read IP mode file for STMicroelectronics.FP-SNS-MOTENV1.4.3.2
2024-04-03 12:23:24,029 [WARN] PackLoader:240 - Cannot read IP mode file for STMicroelectronics.FP-SNS-FLIGHT1.5.0.2
2024-04-03 12:23:24,082 [WARN] PackLoader:240 - Cannot read IP mode file for STMicroelectronics.X-CUBE-DISPLAY.3.0.0
2024-04-03 12:23:24,117 [WARN] PackLoader:240 - Cannot read IP mode file for STMicroelectronics.X-CUBE-BLE1.7.0.0
2024-04-03 12:23:24,140 [WARN] PackLoader:240 - Cannot read IP mode file for emotas.I-CUBE-CANOPEN.1.3.0
2024-04-03 12:23:24,172 [WARN] PackLoader:240 - Cannot read IP mode file for STMicroelectronics.X-CUBE-BLEMGR.3.1.0
2024-04-03 12:23:24,200 [WARN] PackLoader:240 - Cannot read IP mode file for STMicroelectronics.FP-SNS-SMARTAG2.1.2.0
2024-04-03 12:23:24,231 [INFO] LogOutputStream:77 - [STDOUT_REDIRECT] 1 : Invalid condition id : UX_CORESTACK_Condition cause : null
2024-04-03 12:23:24,232 [INFO] LogOutputStream:77 - [STDOUT_REDIRECT] 1 : Invalid condition id : UX_CORESTACK_Condition cause : null
2024-04-03 12:23:24,234 [INFO] LogOutputStream:77 - [STDOUT_REDIRECT] 1 : Invalid condition id : UX_CORESTACK_Condition cause : null
2024-04-03 12:23:24,235 [INFO] LogOutputStream:77 - [STDOUT_REDIRECT] 1 : Invalid condition id : UX_CORESTACK_Condition cause : null
2024-04-03 12:23:24,236 [INFO] LogOutputStream:77 - [STDOUT_REDIRECT] 1 : Invalid condition id : UX_CORESTACK_Condition cause : null
2024-04-03 12:23:24,240 [WARN] PackLoader:240 - Cannot read IP mode file for STMicroelectronics.X-CUBE-AZRTOS-WL.2.0.0
2024-04-03 12:23:24,259 [WARN] PackLoader:240 - Cannot read IP mode file for STMicroelectronics.FP-SNS-MOTENV1.5.0.0
2024-04-03 12:23:24,281 [WARN] PackLoader:240 - Cannot read IP mode file for WES.I-CUBE-Cesium.1.3.0
2024-04-03 12:23:24,298 [WARN] PackLoader:240 - Cannot read IP mode file for STMicroelectronics.X-CUBE-BLE2.3.3.0
2024-04-03 12:23:24,319 [WARN] PackLoader:240 - Cannot read IP mode file for STMicroelectronics.X-CUBE-ALGOBUILD.1.3.0
2024-04-03 12:23:24,361 [WARN] PackLoader:240 - Cannot read IP mode file for STMicroelectronics.X-CUBE-AZRTOS-G0.1.1.0
2024-04-03 12:23:24,392 [WARN] PackLoader:240 - Cannot read IP mode file for STMicroelectronics.X-CUBE-SAFEA1.1.2.2
2024-04-03 12:23:24,413 [WARN] PackLoader:240 - Cannot read IP mode file for STMicroelectronics.X-CUBE-NFC4.3.0.0
2024-04-03 12:23:24,439 [WARN] PackLoader:240 - Cannot read IP mode file for STMicroelectronics.X-CUBE-BLEMGR.3.0.0
2024-04-03 12:23:24,461 [WARN] PackLoader:240 - Cannot read IP mode file for STMicroelectronics.FP-ATR-SIGFOX1.3.2.0
2024-04-03 12:23:24,481 [WARN] PackLoader:240 - Cannot read IP mode file for STMicroelectronics.X-CUBE-EEPRMA1.5.1.0
2024-04-03 12:23:24,534 [WARN] PackLoader:240 - Cannot read IP mode file for SEGGER.I-CUBE-embOS.1.3.1
2024-04-03 12:23:24,599 [WARN] PackLoader:240 - Cannot read IP mode file for STMicroelectronics.X-CUBE-GNSS1.6.0.0
2024-04-03 12:23:24,665 [WARN] PackLoader:240 - Cannot read IP mode file for STMicroelectronics.X-CUBE-AZRTOS-F4.1.1.0
2024-04-03 12:23:24,692 [WARN] PackLoader:240 - Cannot read IP mode file for wolfSSL.I-CUBE-wolfSSL.5.6.6
2024-04-03 12:23:24,740 [WARN] PackLoader:240 - Cannot read IP mode file for STMicroelectronics.X-CUBE-AZRTOS-L5.2.0.0
2024-04-03 12:23:24,766 [WARN] PackLoader:240 - Cannot read IP mode file for STMicroelectronics.X-CUBE-EEPRMA1.4.2.0
2024-04-03 12:23:24,789 [WARN] PackLoader:240 - Cannot read IP mode file for STMicroelectronics.X-CUBE-NFC6.3.1.0
2024-04-03 12:23:24,813 [WARN] PackLoader:240 - Cannot read IP mode file for ITTIA_DB.I-CUBE-ITTIADB.8.8.0
2024-04-03 12:23:24,833 [WARN] PackLoader:240 - Cannot read IP mode file for STMicroelectronics.X-CUBE-NFC7.1.0.1
2024-04-03 12:23:24,852 [WARN] PackLoader:240 - Cannot read IP mode file for STMicroelectronics.X-CUBE-NFC6.3.0.0
2024-04-03 12:23:24,868 [WARN] PackLoader:240 - Cannot read IP mode file for STMicroelectronics.X-CUBE-AI.8.1.0
2024-04-03 12:23:24,908 [WARN] ConditionMgr:438 - getConditionDescription Invalid condition id : LAN8742 Phy interface Condition cause : null
2024-04-03 12:23:24,909 [WARN] PackLoader:240 - Cannot read IP mode file for STMicroelectronics.X-CUBE-AZRTOS-L4.2.0.0
2024-04-03 12:23:24,911 [WARN] ConditionMgr:1039 - genDependencies : Invalid condition id : LAN8742 Phy interface Condition cause : null
2024-04-03 12:23:24,912 [WARN] ConditionMgr:1039 - genDependencies : Invalid condition id : LAN8742 Phy interface Condition cause : null
2024-04-03 12:23:24,913 [WARN] ConditionMgr:1039 - genDependencies : Invalid condition id : LAN8742 Phy interface Condition cause : null
2024-04-03 12:23:24,934 [WARN] PackLoader:240 - Cannot read IP mode file for STMicroelectronics.X-CUBE-SFXS2LP1.4.0.0
2024-04-03 12:23:24,970 [WARN] ConditionMgr:438 - getConditionDescription Invalid condition id : UX DEVICE CLASS RTOS Condition cause : null
2024-04-03 12:23:24,971 [WARN] ConditionMgr:438 - getConditionDescription Invalid condition id : UX DEVICE CLASS RTOS Condition cause : null
2024-04-03 12:23:24,973 [WARN] PackLoader:240 - Cannot read IP mode file for STMicroelectronics.X-CUBE-AZRTOS-WB.2.0.0
2024-04-03 12:23:24,974 [WARN] ConditionMgr:1039 - genDependencies : Invalid condition id : UX DEVICE CLASS RTOS Condition cause : null
2024-04-03 12:23:24,974 [WARN] ConditionMgr:1039 - genDependencies : Invalid condition id : UX DEVICE CLASS RTOS Condition cause : null
2024-04-03 12:23:24,975 [WARN] ConditionMgr:1039 - genDependencies : Invalid condition id : UX DEVICE CLASS RTOS Condition cause : null
2024-04-03 12:23:24,975 [WARN] ConditionMgr:1039 - genDependencies : Invalid condition id : UX DEVICE CLASS RTOS Condition cause : null
2024-04-03 12:23:24,975 [WARN] ConditionMgr:1039 - genDependencies : Invalid condition id : UX DEVICE CLASS RTOS Condition cause : null
2024-04-03 12:23:25,002 [WARN] PackLoader:240 - Cannot read IP mode file for STMicroelectronics.X-CUBE-SUBG2.5.0.0
2024-04-03 12:23:25,045 [WARN] PackLoader:240 - Cannot read IP mode file for STMicroelectronics.X-CUBE-AZRTOS-G4.2.0.0
2024-04-03 12:23:25,077 [WARN] PackLoader:240 - Cannot read IP mode file for Infineon.AIROC-Wi-Fi-Bluetooth-STM32.1.5.1
2024-04-03 12:23:25,100 [WARN] PackLoader:240 - Cannot read IP mode file for STMicroelectronics.FP-SNS-MOTENVWB1.1.3.1
2024-04-03 12:23:25,117 [WARN] PackLoader:240 - Cannot read IP mode file for STMicroelectronics.X-CUBE-ISPU.2.0.0
2024-04-03 12:23:25,191 [WARN] PackLoader:240 - Cannot read IP mode file for STMicroelectronics.X-CUBE-MEMS1.10.0.0
2024-04-03 12:23:25,426 [WARN] PackLoader:240 - Cannot read IP mode file for STMicroelectronics.X-CUBE-FREERTOS.1.1.0
2024-04-03 12:23:25,443 [WARN] PackLoader:240 - Cannot read IP mode file for portGmbH.I-Cube-SoM-uGOAL.1.1.0
2024-04-03 12:23:25,459 [WARN] PackLoader:240 - Cannot read IP mode file for STMicroelectronics.X-CUBE-ALS.1.0.1
2024-04-03 12:23:25,473 [WARN] PackLoader:240 - Cannot read IP mode file for STMicroelectronics.FP-ATR-ASTRA1.2.0.0
2024-04-03 12:23:25,495 [WARN] PackLoader:240 - Cannot read IP mode file for STMicroelectronics.X-CUBE-TOF1.3.4.0
2024-04-03 12:23:25,526 [WARN] PackLoader:240 - Cannot read IP mode file for STMicroelectronics.X-CUBE-TOF1.3.4.1
2024-04-03 12:23:25,569 [WARN] PackLoader:240 - Cannot read IP mode file for STMicroelectronics.X-CUBE-AZRTOS-H7.3.2.0
2024-04-03 12:23:25,572 [INFO] ThirdParty:978 - Integrity check success = true
2024-04-03 12:23:25,572 [INFO] IntegrityCheckThread:100 - exiting critical section [integrity check]
2024-04-03 12:23:25,572 [INFO] IntegrityCheckThread:103 - End integrity checks thread
2024-04-03 12:23:26,964 [INFO] WebApp:161 - Instantiating new browser for Auth
2024-04-03 12:23:27,686 [INFO] WebApp:780 - Register for checkConnection events
2024-04-03 12:23:27,686 [INFO] WebApp:414 - Apply proxy settings
2024-04-03 12:23:27,686 [INFO] WebApp:499 - Chromium requires no authentication
2024-04-03 12:23:27,697 [INFO] WebApp:442 - Direct internet connection detected
2024-04-03 12:23:27,900 [INFO] WebApp:192 - Starting web application
2024-04-03 12:23:27,900 [INFO] WebApp:544 - Web application path used C:\ST\STM32CubeIDE_1.14.1\STM32CubeIDE\plugins\com.st.stm32cube.common.mx_6.10.0.202311202037\db\plugins\mcufinder\reactClient1\index.html
2024-04-03 12:23:49,053 [ERROR] LogOutputStream:75 - [STDERR_REDIRECT] SLF4J: Failed to load class "org.slf4j.impl.StaticLoggerBinder".
2024-04-03 12:23:49,054 [ERROR] LogOutputStream:75 - [STDERR_REDIRECT] SLF4J: Defaulting to no-operation (NOP) logger implementation
2024-04-03 12:23:49,056 [ERROR] LogOutputStream:75 - [STDERR_REDIRECT] SLF4J: See http://www.slf4j.org/codes.html#StaticLoggerBinder for further details.
2024-04-03 15:32:58,091 [ERROR] LogOutputStream:75 - [STDERR_REDIRECT] 
