2024-04-29 12:27:58,302 [INFO] Activator:176 - 


2024-04-29 12:27:58,308 [INFO] Activator:177 - !SESSION log4j initialized
2024-04-29 12:28:06,245 [INFO] LogOutputStream:77 - [STDOUT_REDIRECT] 
2024-04-29 12:28:08,233 [INFO] ApplicationProperties:184 - Using Application install path: C:\ST\STM32CubeIDE_1.14.1\STM32CubeIDE\plugins\com.st.stm32cube.common.mx_6.10.0.202311202037
2024-04-29 12:28:08,255 [INFO] DbMcusXml:78 - Set database path to: C:\ST\STM32CubeIDE_1.14.1\STM32CubeIDE\plugins\com.st.stm32cube.common.mx_6.10.0.202311202037\\db\/mcu/
2024-04-29 12:28:08,256 [INFO] ApiDb:274 - Set plugin database path to: C:\ST\STM32CubeIDE_1.14.1\STM32CubeIDE\plugins\com.st.stm32cube.common.mx_6.10.0.202311202037\\db\/plugins/boardmanager/
2024-04-29 12:28:08,257 [WARN] ApiDb:259 - Overriding images path with different value:  => C:\ST\STM32CubeIDE_1.14.1\STM32CubeIDE\plugins\com.st.stm32cube.common.mx_6.10.0.202311202037\\db\/plugins/mcufinder/images/
2024-04-29 12:28:08,278 [INFO] ApiDb:250 - Set database path to: C:\Users\TuranyElijah\.stmcufinder\plugins\mcufinder//mcu/
2024-04-29 12:28:08,280 [INFO] DbMcusAds:125 - Set database path to: C:\Users\TuranyElijah\.stmcufinder\plugins\mcufinder//mcu/
2024-04-29 12:28:08,282 [INFO] CrossReferenceDbSqlite:203 - Set database path to: C:\Users\TuranyElijah\.stmcufinder\plugins\mcufinder//mcu/cs/
2024-04-29 12:28:08,446 [INFO] RulesReader:64 - Compatibility file has been processed (297 Rules)
2024-04-29 12:28:08,567 [INFO] DbMcusXml:78 - Set database path to: C:\ST\STM32CubeIDE_1.14.1\STM32CubeIDE\plugins\com.st.stm32cube.common.mx_6.10.0.202311202037\\db\/mcu/
2024-04-29 12:28:08,567 [INFO] ApiDb:274 - Set plugin database path to: C:\ST\STM32CubeIDE_1.14.1\STM32CubeIDE\plugins\com.st.stm32cube.common.mx_6.10.0.202311202037\\db\/plugins/boardmanager/
2024-04-29 12:28:08,568 [INFO] ApiDb:261 - Set plugin images path to: C:\ST\STM32CubeIDE_1.14.1\STM32CubeIDE\plugins\com.st.stm32cube.common.mx_6.10.0.202311202037\\db\/plugins/mcufinder/images/
2024-04-29 12:28:08,568 [WARN] DbFile:41 - Overriding database path with different value: C:\Users\TuranyElijah\.stmcufinder\plugins\mcufinder/ => C:\Users\TuranyElijah\.stmcufinder\plugins\mcufinder
2024-04-29 12:28:08,568 [INFO] ApiDb:250 - Set database path to: C:\Users\TuranyElijah\.stmcufinder\plugins\mcufinder//mcu/
2024-04-29 12:28:08,568 [WARN] DbFile:41 - Overriding database path with different value: C:\Users\TuranyElijah\.stmcufinder\plugins\mcufinder/ => C:\Users\TuranyElijah\.stmcufinder\plugins\mcufinder
2024-04-29 12:28:08,568 [INFO] DbMcusAds:125 - Set database path to: C:\Users\TuranyElijah\.stmcufinder\plugins\mcufinder//mcu/
2024-04-29 12:28:08,568 [WARN] DbFile:41 - Overriding database path with different value: C:\Users\TuranyElijah\.stmcufinder\plugins\mcufinder/ => C:\Users\TuranyElijah\.stmcufinder\plugins\mcufinder
2024-04-29 12:28:08,569 [WARN] DbFile:41 - Overriding database path with different value: C:\Users\TuranyElijah\.stmcufinder\plugins\mcufinder/ => C:\Users\TuranyElijah\.stmcufinder\plugins\mcufinder
2024-04-29 12:28:08,569 [INFO] CrossReferenceDbSqlite:203 - Set database path to: C:\Users\TuranyElijah\.stmcufinder\plugins\mcufinder//mcu/cs/
2024-04-29 12:28:08,676 [INFO] MainPanel:264 - HeapMemory: 268435456
2024-04-29 12:28:08,809 [INFO] DbMcusXml:78 - Set database path to: C:\ST\STM32CubeIDE_1.14.1\STM32CubeIDE\plugins\com.st.stm32cube.common.mx_6.10.0.202311202037\\db\/mcu/
2024-04-29 12:28:08,810 [INFO] ApiDb:274 - Set plugin database path to: C:\ST\STM32CubeIDE_1.14.1\STM32CubeIDE\plugins\com.st.stm32cube.common.mx_6.10.0.202311202037\\db\/plugins/boardmanager/
2024-04-29 12:28:08,810 [INFO] ApiDb:261 - Set plugin images path to: C:\ST\STM32CubeIDE_1.14.1\STM32CubeIDE\plugins\com.st.stm32cube.common.mx_6.10.0.202311202037\\db\/plugins/mcufinder/images/
2024-04-29 12:28:08,811 [WARN] DbFile:41 - Overriding database path with different value: C:\Users\TuranyElijah\.stmcufinder\plugins\mcufinder/ => C:\Users\TuranyElijah\.stmcufinder\plugins\mcufinder
2024-04-29 12:28:08,811 [INFO] ApiDb:250 - Set database path to: C:\Users\TuranyElijah\.stmcufinder\plugins\mcufinder//mcu/
2024-04-29 12:28:08,811 [WARN] DbFile:41 - Overriding database path with different value: C:\Users\TuranyElijah\.stmcufinder\plugins\mcufinder/ => C:\Users\TuranyElijah\.stmcufinder\plugins\mcufinder
2024-04-29 12:28:08,811 [INFO] DbMcusAds:125 - Set database path to: C:\Users\TuranyElijah\.stmcufinder\plugins\mcufinder//mcu/
2024-04-29 12:28:08,811 [WARN] DbFile:41 - Overriding database path with different value: C:\Users\TuranyElijah\.stmcufinder\plugins\mcufinder/ => C:\Users\TuranyElijah\.stmcufinder\plugins\mcufinder
2024-04-29 12:28:08,811 [WARN] DbFile:41 - Overriding database path with different value: C:\Users\TuranyElijah\.stmcufinder\plugins\mcufinder/ => C:\Users\TuranyElijah\.stmcufinder\plugins\mcufinder
2024-04-29 12:28:08,811 [INFO] CrossReferenceDbSqlite:203 - Set database path to: C:\Users\TuranyElijah\.stmcufinder\plugins\mcufinder//mcu/cs/
2024-04-29 12:28:08,837 [INFO] ApplicationProperties:184 - Using Application install path: C:\ST\STM32CubeIDE_1.14.1\STM32CubeIDE\plugins\com.st.stm32cube.common.mx_6.10.0.202311202037
2024-04-29 12:28:08,839 [INFO] PluginManage:196 - Search for loadable plugins [exclusion list=, ]
2024-04-29 12:28:08,841 [INFO] PluginManage:310 - Check plugin analytics
2024-04-29 12:28:09,082 [INFO] AnalyticsPlugin:253 - Accepted Software Licenses: STM32CubeMX.6.10.0
2024-04-29 12:28:09,082 [INFO] AnalyticsPlugin:255 - Accepted CMSIS Pack Licenses: 
2024-04-29 12:28:09,082 [INFO] AnalyticsPlugin:257 - Accepted Firmware Licenses: 
2024-04-29 12:28:09,089 [INFO] PluginManage:359 - Loaded plugin analytics (category:tool,tabindex:-1)
2024-04-29 12:28:09,089 [INFO] PluginManage:310 - Check plugin cadmodel
2024-04-29 12:28:09,118 [INFO] CADModel:105 - Init CAD model plugin
2024-04-29 12:28:09,118 [INFO] PluginManage:359 - Loaded plugin cadmodel (category:power,tabindex:5)
2024-04-29 12:28:09,118 [INFO] PluginManage:310 - Check plugin clock
2024-04-29 12:28:09,146 [INFO] PluginManage:359 - Loaded plugin clock (category:base,tabindex:2)
2024-04-29 12:28:09,146 [INFO] PluginManage:310 - Check plugin ddr
2024-04-29 12:28:09,148 [INFO] PluginManage:359 - Loaded plugin ddr (category:tool,tabindex:6)
2024-04-29 12:28:09,148 [INFO] PluginManage:310 - Check plugin filemanager
2024-04-29 12:28:09,348 [INFO] PluginManage:359 - Loaded plugin filemanager (category:base,tabindex:10)
2024-04-29 12:28:09,349 [INFO] PluginManage:310 - Check plugin ipmanager
2024-04-29 12:28:09,359 [INFO] PluginManage:359 - Loaded plugin ipmanager (category:base,tabindex:5)
2024-04-29 12:28:09,359 [INFO] PluginManage:310 - Check plugin lpbam
2024-04-29 12:28:09,384 [INFO] PluginManage:359 - Loaded plugin lpbam (category:base,tabindex:0)
2024-04-29 12:28:09,385 [INFO] PluginManage:310 - Check plugin memorymap
2024-04-29 12:28:09,422 [INFO] PluginManage:359 - Loaded plugin memorymap (category:base,tabindex:4)
2024-04-29 12:28:09,422 [INFO] PluginManage:310 - Check plugin pinoutandconfiguration
2024-04-29 12:28:09,448 [INFO] PluginManage:359 - Loaded plugin pinoutandconfiguration (category:base,tabindex:1)
2024-04-29 12:28:09,448 [INFO] PluginManage:310 - Check plugin pinoutconfig
2024-04-29 12:28:09,593 [WARN] SupportedApi:132 - Cannot load RTOS API schema: s4s-elt-must-match.1: The content of 'definitions' must match (annotation?, (simpleType | complexType)?, (unique | key | keyref)*)). A problem was found starting at: attribute.
2024-04-29 12:28:09,796 [INFO] PluginManage:359 - Loaded plugin pinoutconfig (category:base,tabindex:0)
2024-04-29 12:28:09,796 [INFO] PluginManage:310 - Check plugin power
2024-04-29 12:28:09,830 [INFO] PluginManage:359 - Loaded plugin power (category:power,tabindex:4)
2024-04-29 12:28:09,830 [INFO] PluginManage:310 - Check plugin projectmanager
2024-04-29 12:28:09,859 [INFO] PluginManage:359 - Loaded plugin projectmanager (category:projectmanager,tabindex:3)
2024-04-29 12:28:09,859 [INFO] PluginManage:310 - Check plugin thirdparty
2024-04-29 12:28:10,285 [INFO] PluginManage:359 - Loaded plugin thirdparty (category:base,tabindex:-1)
2024-04-29 12:28:10,285 [WARN] IntegrityCheckThread:84 - waiting for thirdparty lock release [integrity check]
2024-04-29 12:28:10,285 [INFO] PluginManage:310 - Check plugin tools
2024-04-29 12:28:10,285 [INFO] IntegrityCheckThread:86 - entering critical section [integrity check]
2024-04-29 12:28:10,286 [INFO] ThirdPartyUpdaterWithRetryManager:70 - Updater plugin not ready yet. [1/15]
2024-04-29 12:28:10,336 [INFO] PluginManage:359 - Loaded plugin tools (category:base,tabindex:7)
2024-04-29 12:28:10,337 [INFO] PluginManage:310 - Check plugin tutovideos
2024-04-29 12:28:10,625 [INFO] PluginManage:359 - Loaded plugin tutovideos (category:base,tabindex:-1)
2024-04-29 12:28:10,626 [INFO] PluginManage:310 - Check plugin updater
2024-04-29 12:28:10,643 [INFO] PluginManage:359 - Loaded plugin updater (category:base,tabindex:12)
2024-04-29 12:28:10,644 [INFO] PluginManage:310 - Check plugin userauth
2024-04-29 12:28:10,652 [INFO] UserAuth:114 - Init User Auth plugin
2024-04-29 12:28:10,652 [INFO] PluginManage:359 - Loaded plugin userauth (category:base,tabindex:14)
2024-04-29 12:28:10,653 [INFO] PluginManage:283 - PluginManage : Loaded plugins [17]
2024-04-29 12:28:11,024 [INFO] PinOutPanel:1499 - setPackage(No Configuration,No Configuration)
2024-04-29 12:28:11,128 [INFO] CADModel:165 - CPN selected for project level
2024-04-29 12:28:11,128 [INFO] CADModel:114 - Register for checkConnection events
2024-04-29 12:28:11,164 [INFO] IPUIPlugin:80 - create IPUIPlugin
2024-04-29 12:28:11,164 [INFO] PluginManager:220 - loadIPPluginJar : add adc
2024-04-29 12:28:11,213 [INFO] IPUIPlugin:80 - create IPUIPlugin
2024-04-29 12:28:11,213 [INFO] PluginManager:220 - loadIPPluginJar : add aes
2024-04-29 12:28:11,268 [INFO] IPUIPlugin:80 - create IPUIPlugin
2024-04-29 12:28:11,269 [INFO] PluginManager:220 - loadIPPluginJar : add can
2024-04-29 12:28:11,297 [INFO] IPUIPlugin:80 - create IPUIPlugin
2024-04-29 12:28:11,297 [INFO] PluginManager:220 - loadIPPluginJar : add comp
2024-04-29 12:28:11,343 [INFO] IPUIPlugin:80 - create IPUIPlugin
2024-04-29 12:28:11,343 [INFO] PluginManager:220 - loadIPPluginJar : add cryp
2024-04-29 12:28:11,380 [INFO] IPUIPlugin:80 - create IPUIPlugin
2024-04-29 12:28:11,380 [INFO] PluginManager:220 - loadIPPluginJar : add dfsdm
2024-04-29 12:28:11,401 [INFO] IPUIPlugin:80 - create IPUIPlugin
2024-04-29 12:28:11,401 [INFO] PluginManager:220 - loadIPPluginJar : add dma
2024-04-29 12:28:11,455 [INFO] IPUIPlugin:80 - create IPUIPlugin
2024-04-29 12:28:11,456 [INFO] PluginManager:220 - loadIPPluginJar : add dma3
2024-04-29 12:28:11,480 [INFO] IPUIPlugin:80 - create IPUIPlugin
2024-04-29 12:28:11,480 [INFO] PluginManager:220 - loadIPPluginJar : add fatfs
2024-04-29 12:28:11,537 [INFO] IPUIPlugin:80 - create IPUIPlugin
2024-04-29 12:28:11,537 [INFO] PluginManager:220 - loadIPPluginJar : add fmc
2024-04-29 12:28:11,559 [INFO] IPUIPlugin:80 - create IPUIPlugin
2024-04-29 12:28:11,559 [INFO] PluginManager:220 - loadIPPluginJar : add freertos
2024-04-29 12:28:11,585 [INFO] IPUIPlugin:80 - create IPUIPlugin
2024-04-29 12:28:11,586 [INFO] PluginManager:220 - loadIPPluginJar : add genericplugin
2024-04-29 12:28:11,695 [INFO] IPUIPlugin:80 - create IPUIPlugin
2024-04-29 12:28:11,695 [INFO] PluginManager:220 - loadIPPluginJar : add gfxmmu
2024-04-29 12:28:11,857 [INFO] IPUIPlugin:80 - create IPUIPlugin
2024-04-29 12:28:11,857 [INFO] PluginManager:220 - loadIPPluginJar : add gic
2024-04-29 12:28:11,884 [INFO] IPUIPlugin:80 - create IPUIPlugin
2024-04-29 12:28:11,884 [INFO] PluginManager:220 - loadIPPluginJar : add gpio
2024-04-29 12:28:11,994 [INFO] IPUIPlugin:80 - create IPUIPlugin
2024-04-29 12:28:11,994 [INFO] PluginManager:220 - loadIPPluginJar : add gtzc
2024-04-29 12:28:12,037 [INFO] IPUIPlugin:80 - create IPUIPlugin
2024-04-29 12:28:12,037 [INFO] PluginManager:220 - loadIPPluginJar : add hash
2024-04-29 12:28:12,100 [INFO] IPUIPlugin:80 - create IPUIPlugin
2024-04-29 12:28:12,100 [INFO] PluginManager:220 - loadIPPluginJar : add i2c
2024-04-29 12:28:12,149 [INFO] IPUIPlugin:80 - create IPUIPlugin
2024-04-29 12:28:12,149 [INFO] PluginManager:220 - loadIPPluginJar : add i2s
2024-04-29 12:28:12,201 [INFO] IPUIPlugin:80 - create IPUIPlugin
2024-04-29 12:28:12,201 [INFO] PluginManager:220 - loadIPPluginJar : add i3c
2024-04-29 12:28:12,334 [INFO] IPUIPlugin:80 - create IPUIPlugin
2024-04-29 12:28:12,334 [INFO] PluginManager:220 - loadIPPluginJar : add ipddr
2024-04-29 12:28:12,446 [INFO] IPUIPlugin:80 - create IPUIPlugin
2024-04-29 12:28:12,446 [INFO] PluginManager:220 - loadIPPluginJar : add linkedlist
2024-04-29 12:28:12,490 [INFO] IPUIPlugin:80 - create IPUIPlugin
2024-04-29 12:28:12,490 [INFO] PluginManager:220 - loadIPPluginJar : add lorawan
2024-04-29 12:28:12,535 [INFO] IPUIPlugin:80 - create IPUIPlugin
2024-04-29 12:28:12,535 [INFO] PluginManager:220 - loadIPPluginJar : add ltdc
2024-04-29 12:28:12,555 [INFO] IPUIPlugin:80 - create IPUIPlugin
2024-04-29 12:28:12,555 [INFO] PluginManager:220 - loadIPPluginJar : add mdma
2024-04-29 12:28:12,576 [INFO] IPUIPlugin:80 - create IPUIPlugin
2024-04-29 12:28:12,576 [INFO] PluginManager:220 - loadIPPluginJar : add nvic
2024-04-29 12:28:12,620 [INFO] IPUIPlugin:80 - create IPUIPlugin
2024-04-29 12:28:12,620 [INFO] PluginManager:220 - loadIPPluginJar : add opamp
2024-04-29 12:28:12,687 [INFO] IPUIPlugin:80 - create IPUIPlugin
2024-04-29 12:28:12,688 [INFO] PluginManager:220 - loadIPPluginJar : add openamp
2024-04-29 12:28:12,737 [INFO] IPUIPlugin:80 - create IPUIPlugin
2024-04-29 12:28:12,737 [INFO] PluginManager:220 - loadIPPluginJar : add pdm2pcm
2024-04-29 12:28:12,757 [INFO] IPUIPlugin:80 - create IPUIPlugin
2024-04-29 12:28:12,759 [INFO] PluginManager:220 - loadIPPluginJar : add plateformsettings
2024-04-29 12:28:12,791 [INFO] IPUIPlugin:80 - create IPUIPlugin
2024-04-29 12:28:12,791 [INFO] PluginManager:220 - loadIPPluginJar : add quadspi
2024-04-29 12:28:12,807 [INFO] IPUIPlugin:80 - create IPUIPlugin
2024-04-29 12:28:12,807 [INFO] PluginManager:220 - loadIPPluginJar : add resmgrutility
2024-04-29 12:28:12,860 [INFO] IPUIPlugin:80 - create IPUIPlugin
2024-04-29 12:28:12,860 [INFO] PluginManager:220 - loadIPPluginJar : add sai
2024-04-29 12:28:12,899 [INFO] IPUIPlugin:80 - create IPUIPlugin
2024-04-29 12:28:12,899 [INFO] PluginManager:220 - loadIPPluginJar : add spi
2024-04-29 12:28:12,971 [INFO] IPUIPlugin:80 - create IPUIPlugin
2024-04-29 12:28:12,971 [INFO] PluginManager:220 - loadIPPluginJar : add stm32_wpan
2024-04-29 12:28:12,998 [INFO] IPUIPlugin:80 - create IPUIPlugin
2024-04-29 12:28:12,998 [INFO] PluginManager:220 - loadIPPluginJar : add tim
2024-04-29 12:28:13,055 [INFO] IPUIPlugin:80 - create IPUIPlugin
2024-04-29 12:28:13,056 [INFO] PluginManager:220 - loadIPPluginJar : add touchsensing
2024-04-29 12:28:13,081 [INFO] IPUIPlugin:80 - create IPUIPlugin
2024-04-29 12:28:13,081 [INFO] PluginManager:220 - loadIPPluginJar : add tracer_emb
2024-04-29 12:28:13,105 [INFO] IPUIPlugin:80 - create IPUIPlugin
2024-04-29 12:28:13,105 [INFO] PluginManager:220 - loadIPPluginJar : add ts
2024-04-29 12:28:13,127 [INFO] IPUIPlugin:80 - create IPUIPlugin
2024-04-29 12:28:13,127 [INFO] PluginManager:220 - loadIPPluginJar : add tsc
2024-04-29 12:28:13,149 [INFO] IPUIPlugin:80 - create IPUIPlugin
2024-04-29 12:28:13,149 [INFO] PluginManager:220 - loadIPPluginJar : add ucpd
2024-04-29 12:28:13,193 [INFO] IPUIPlugin:80 - create IPUIPlugin
2024-04-29 12:28:13,193 [INFO] PluginManager:220 - loadIPPluginJar : add usart
2024-04-29 12:28:13,250 [INFO] IPUIPlugin:80 - create IPUIPlugin
2024-04-29 12:28:13,251 [INFO] PluginManager:220 - loadIPPluginJar : add usbx
2024-04-29 12:28:13,287 [INFO] ThirdPartyUpdaterWithRetryManager:70 - Updater plugin not ready yet. [2/15]
2024-04-29 12:28:13,387 [INFO] CADModel:165 - CPN selected for project level
2024-04-29 12:28:13,388 [INFO] CADModel:114 - Register for checkConnection events
2024-04-29 12:28:13,388 [FATAL] Updater:308 - Updater called before beeing initialized
2024-04-29 12:28:13,388 [ERROR] CADModel:125 - Updater not yet initialized, retry later 
2024-04-29 12:28:13,553 [INFO] CADModel:165 - CPN selected for project level
2024-04-29 12:28:13,553 [INFO] CADModel:114 - Register for checkConnection events
2024-04-29 12:28:13,553 [FATAL] Updater:308 - Updater called before beeing initialized
2024-04-29 12:28:13,553 [ERROR] CADModel:125 - Updater not yet initialized, retry later 
2024-04-29 12:28:13,553 [FATAL] Updater:308 - Updater called before beeing initialized
2024-04-29 12:28:13,690 [FATAL] Updater:308 - Updater called before beeing initialized
2024-04-29 12:28:13,706 [INFO] DbMcusAds:53 - JSON generation date=Wed Nov 29 04:52:27 CST 2023 (1701255147349)
2024-04-29 12:28:13,706 [FATAL] Updater:308 - Updater called before beeing initialized
2024-04-29 12:28:13,785 [WARN] DetailPanel:346 - Failed to get advertising image, set to default
2024-04-29 12:28:13,879 [FATAL] Updater:308 - Updater called before beeing initialized
2024-04-29 12:28:13,879 [FATAL] Updater:308 - Updater called before beeing initialized
2024-04-29 12:28:13,879 [FATAL] Updater:308 - Updater called before beeing initialized
2024-04-29 12:28:13,879 [WARN] DetailPanel:346 - Failed to get advertising image, set to default
2024-04-29 12:28:13,879 [FATAL] Updater:308 - Updater called before beeing initialized
2024-04-29 12:28:13,954 [ERROR] Updater:1120 - MainUpdater not yet initialized. External WinMGr cannot be set.
2024-04-29 12:28:13,957 [INFO] Updater:1056 - Updater Version found : 6.10.0
2024-04-29 12:28:13,973 [INFO] ApplicationProperties:184 - Using Application install path: C:\ST\STM32CubeIDE_1.14.1\STM32CubeIDE\plugins\com.st.stm32cube.common.mx_6.10.0.202311202037
2024-04-29 12:28:15,609 [ERROR] LogOutputStream:75 - [STDERR_REDIRECT] Apr 29, 2024 12:28:15 PM java.util.prefs.WindowsPreferences <init>
2024-04-29 12:28:15,609 [ERROR] LogOutputStream:75 - [STDERR_REDIRECT] WARNING: Could not open/create prefs root node Software\JavaSoft\Prefs at root 0xffffffff80000002. Windows RegCreateKeyEx(...) returned error code 5.
2024-04-29 12:28:15,609 [ERROR] LogOutputStream:75 - [STDERR_REDIRECT] 
2024-04-29 12:28:16,096 [INFO] MainUpdater:2873 - connection check result : 10
2024-04-29 12:28:16,096 [INFO] MainUpdater:3567 - Updater definition file requires update
2024-04-29 12:28:16,096 [INFO] MainUpdater:290 - Updater Check For Update Now.
2024-04-29 12:28:16,096 [INFO] MicroXplorer:498 - Change Database Version : DB.6.0.100
2024-04-29 12:28:16,143 [INFO] McuFinderGlobals:63 - Set McuFinder mode to 2 (CubeIDE integrated)
2024-04-29 12:28:16,143 [INFO] UserAuth:180 - activating auth plugin
2024-04-29 12:28:16,143 [INFO] UserAuth:404 - Internet connection configuration mode: 1
2024-04-29 12:28:16,175 [INFO] JxBrowserEngine:152 - Initiate JxBrowser Engine with user profile folder
2024-04-29 12:28:16,237 [INFO] ServerAccessManage:473 - Download File updaters.zip
2024-04-29 12:28:16,300 [WARN] MainUpdater:1194 - Updater busy. Cannot search thirdparties
2024-04-29 12:28:16,300 [INFO] ThirdPartyUpdaterWithRetryManager:96 - Updater plugin is busy. [1/15]
2024-04-29 12:28:16,379 [INFO] FileExtend:240 - Unzip File : updaters.zip
2024-04-29 12:28:16,379 [INFO] FileExtend:255 - Standard Zip Deflate
2024-04-29 12:28:17,100 [INFO] ServerAccessManage:473 - Download File PacksControlFlags.xml
2024-04-29 12:28:17,304 [INFO] ServerAccessManage:473 - Download File cubemx.pidx
2024-04-29 12:28:18,214 [INFO] ServerAccessManage:473 - Download File STMicroelectronics.X-CUBE-FREERTOS.pdsc
2024-04-29 12:28:19,312 [WARN] MainUpdater:1194 - Updater busy. Cannot search thirdparties
2024-04-29 12:28:19,312 [INFO] ThirdPartyUpdaterWithRetryManager:96 - Updater plugin is busy. [2/15]
2024-04-29 12:28:19,783 [WARN] PackLoader:240 - Cannot read IP mode file for STMicroelectronics.X-CUBE-FREERTOS.1.2.0
2024-04-29 12:28:19,798 [INFO] PopulateThirdPartyThread:66 - Ending populate Thread
2024-04-29 12:28:19,798 [INFO] ThirdParty:1030 - CMSIS Pack Vendor :STMicroelectronics X-CUBE-FREERTOS 1.2.0
2024-04-29 12:28:19,798 [INFO] LoadServerUpdatesThread:375 - End of LoadServerUpdate Thread
2024-04-29 12:28:19,908 [INFO] CheckServerUpdateThread:120 - End of CheckServer Thread
2024-04-29 12:28:21,352 [INFO] WebApp:161 - Instantiating new browser for Auth
2024-04-29 12:28:22,157 [INFO] WebApp:780 - Register for checkConnection events
2024-04-29 12:28:22,157 [INFO] WebApp:414 - Apply proxy settings
2024-04-29 12:28:22,157 [INFO] WebApp:499 - Chromium requires no authentication
2024-04-29 12:28:22,172 [INFO] WebApp:442 - Direct internet connection detected
2024-04-29 12:28:22,400 [INFO] WebApp:192 - Starting web application
2024-04-29 12:28:22,400 [INFO] WebApp:544 - Web application path used C:\ST\STM32CubeIDE_1.14.1\STM32CubeIDE\plugins\com.st.stm32cube.common.mx_6.10.0.202311202037\db\plugins\mcufinder\reactClient1\index.html
2024-04-29 12:28:22,577 [WARN] PackLoader:240 - Cannot read IP mode file for STMicroelectronics.FP-SNS-MOTENVWB1.1.4.0
2024-04-29 12:28:22,601 [WARN] PackLoader:240 - Cannot read IP mode file for STMicroelectronics.X-CUBE-SMBUS.2.1.0
2024-04-29 12:28:22,625 [WARN] PackLoader:240 - Cannot read IP mode file for STMicroelectronics.X-CUBE-TOUCHGFX.4.23.1
2024-04-29 12:28:22,638 [WARN] PackLoader:240 - Cannot read IP mode file for STMicroelectronics.X-CUBE-TOUCHGFX.4.23.0
2024-04-29 12:28:22,647 [WARN] PackLoader:240 - Cannot read IP mode file for STMicroelectronics.X-CUBE-TOUCHGFX.4.23.2
2024-04-29 12:28:22,717 [WARN] PackLoader:240 - Cannot read IP mode file for STMicroelectronics.X-CUBE-AZRTOS-F7.1.1.0
2024-04-29 12:28:22,743 [WARN] PackLoader:240 - Cannot read IP mode file for STMicroelectronics.FP-SNS-MOTENV1.4.3.2
2024-04-29 12:28:22,751 [WARN] PackLoader:240 - Cannot read IP mode file for STMicroelectronics.FP-SNS-FLIGHT1.5.0.2
2024-04-29 12:28:22,775 [WARN] PackLoader:240 - Cannot read IP mode file for STMicroelectronics.X-CUBE-DISPLAY.3.0.0
2024-04-29 12:28:22,806 [WARN] PackLoader:240 - Cannot read IP mode file for STMicroelectronics.X-CUBE-BLE1.7.0.0
2024-04-29 12:28:22,822 [WARN] PackLoader:240 - Cannot read IP mode file for emotas.I-CUBE-CANOPEN.1.3.0
2024-04-29 12:28:22,862 [WARN] PackLoader:240 - Cannot read IP mode file for STMicroelectronics.X-CUBE-BLEMGR.3.1.0
2024-04-29 12:28:22,879 [WARN] PackLoader:240 - Cannot read IP mode file for STMicroelectronics.FP-SNS-SMARTAG2.1.2.0
2024-04-29 12:28:22,910 [INFO] LogOutputStream:77 - [STDOUT_REDIRECT] 1 : Invalid condition id : UX_CORESTACK_Condition cause : null
2024-04-29 12:28:22,910 [INFO] LogOutputStream:77 - [STDOUT_REDIRECT] 1 : Invalid condition id : UX_CORESTACK_Condition cause : null
2024-04-29 12:28:22,910 [INFO] LogOutputStream:77 - [STDOUT_REDIRECT] 1 : Invalid condition id : UX_CORESTACK_Condition cause : null
2024-04-29 12:28:22,910 [INFO] LogOutputStream:77 - [STDOUT_REDIRECT] 1 : Invalid condition id : UX_CORESTACK_Condition cause : null
2024-04-29 12:28:22,926 [INFO] LogOutputStream:77 - [STDOUT_REDIRECT] 1 : Invalid condition id : UX_CORESTACK_Condition cause : null
2024-04-29 12:28:22,926 [WARN] PackLoader:240 - Cannot read IP mode file for STMicroelectronics.X-CUBE-AZRTOS-WL.2.0.0
2024-04-29 12:28:22,957 [WARN] PackLoader:240 - Cannot read IP mode file for STMicroelectronics.FP-SNS-MOTENV1.5.0.0
2024-04-29 12:28:22,974 [WARN] PackLoader:240 - Cannot read IP mode file for WES.I-CUBE-Cesium.1.3.0
2024-04-29 12:28:22,988 [WARN] PackLoader:240 - Cannot read IP mode file for STMicroelectronics.X-CUBE-BLE2.3.3.0
2024-04-29 12:28:23,004 [WARN] PackLoader:240 - Cannot read IP mode file for STMicroelectronics.X-CUBE-TCPP.4.1.0
2024-04-29 12:28:23,035 [WARN] PackLoader:240 - Cannot read IP mode file for STMicroelectronics.X-CUBE-ALGOBUILD.1.3.0
2024-04-29 12:28:23,074 [WARN] PackLoader:240 - Cannot read IP mode file for STMicroelectronics.X-CUBE-AZRTOS-G0.1.1.0
2024-04-29 12:28:23,083 [WARN] PackLoader:240 - Cannot read IP mode file for STMicroelectronics.X-CUBE-SAFEA1.1.2.2
2024-04-29 12:28:23,114 [WARN] PackLoader:240 - Cannot read IP mode file for STMicroelectronics.X-CUBE-NFC4.3.0.0
2024-04-29 12:28:23,130 [WARN] PackLoader:240 - Cannot read IP mode file for STMicroelectronics.X-CUBE-BLEMGR.3.0.0
2024-04-29 12:28:23,145 [WARN] PackLoader:240 - Cannot read IP mode file for STMicroelectronics.FP-ATR-SIGFOX1.3.2.0
2024-04-29 12:28:23,161 [WARN] PackLoader:240 - Cannot read IP mode file for STMicroelectronics.X-CUBE-EEPRMA1.5.1.0
2024-04-29 12:28:23,208 [WARN] PackLoader:240 - Cannot read IP mode file for SEGGER.I-CUBE-embOS.1.3.1
2024-04-29 12:28:23,287 [WARN] PackLoader:240 - Cannot read IP mode file for STMicroelectronics.X-CUBE-GNSS1.6.0.0
2024-04-29 12:28:23,334 [WARN] PackLoader:240 - Cannot read IP mode file for STMicroelectronics.X-CUBE-AZRTOS-F4.1.1.0
2024-04-29 12:28:23,334 [WARN] PackLoader:240 - Cannot read IP mode file for STMicroelectronics.X-CUBE-FREERTOS.1.2.0
2024-04-29 12:28:23,349 [WARN] PackLoader:240 - Cannot read IP mode file for wolfSSL.I-CUBE-wolfSSL.5.6.6
2024-04-29 12:28:23,381 [WARN] PackLoader:240 - Cannot read IP mode file for STMicroelectronics.X-CUBE-AZRTOS-L5.2.0.0
2024-04-29 12:28:23,412 [WARN] PackLoader:240 - Cannot read IP mode file for STMicroelectronics.X-CUBE-EEPRMA1.4.2.0
2024-04-29 12:28:23,428 [WARN] PackLoader:240 - Cannot read IP mode file for STMicroelectronics.X-CUBE-NFC6.3.1.0
2024-04-29 12:28:23,443 [WARN] PackLoader:240 - Cannot read IP mode file for ITTIA_DB.I-CUBE-ITTIADB.8.8.0
2024-04-29 12:28:23,459 [WARN] PackLoader:240 - Cannot read IP mode file for STMicroelectronics.X-CUBE-AI.9.0.0
2024-04-29 12:28:23,475 [WARN] PackLoader:240 - Cannot read IP mode file for STMicroelectronics.X-CUBE-NFC7.1.0.1
2024-04-29 12:28:23,491 [WARN] PackLoader:240 - Cannot read IP mode file for STMicroelectronics.X-CUBE-NFC6.3.0.0
2024-04-29 12:28:23,506 [WARN] PackLoader:240 - Cannot read IP mode file for STMicroelectronics.X-CUBE-AI.8.1.0
2024-04-29 12:28:23,538 [WARN] ConditionMgr:438 - getConditionDescription Invalid condition id : LAN8742 Phy interface Condition cause : null
2024-04-29 12:28:23,538 [WARN] PackLoader:240 - Cannot read IP mode file for STMicroelectronics.X-CUBE-AZRTOS-L4.2.0.0
2024-04-29 12:28:23,553 [WARN] ConditionMgr:1039 - genDependencies : Invalid condition id : LAN8742 Phy interface Condition cause : null
2024-04-29 12:28:23,553 [WARN] ConditionMgr:1039 - genDependencies : Invalid condition id : LAN8742 Phy interface Condition cause : null
2024-04-29 12:28:23,553 [WARN] ConditionMgr:1039 - genDependencies : Invalid condition id : LAN8742 Phy interface Condition cause : null
2024-04-29 12:28:23,569 [WARN] PackLoader:240 - Cannot read IP mode file for STMicroelectronics.X-CUBE-SFXS2LP1.4.0.0
2024-04-29 12:28:23,600 [WARN] ConditionMgr:438 - getConditionDescription Invalid condition id : UX DEVICE CLASS RTOS Condition cause : null
2024-04-29 12:28:23,600 [WARN] ConditionMgr:438 - getConditionDescription Invalid condition id : UX DEVICE CLASS RTOS Condition cause : null
2024-04-29 12:28:23,600 [WARN] PackLoader:240 - Cannot read IP mode file for STMicroelectronics.X-CUBE-AZRTOS-WB.2.0.0
2024-04-29 12:28:23,600 [WARN] ConditionMgr:1039 - genDependencies : Invalid condition id : UX DEVICE CLASS RTOS Condition cause : null
2024-04-29 12:28:23,600 [WARN] ConditionMgr:1039 - genDependencies : Invalid condition id : UX DEVICE CLASS RTOS Condition cause : null
2024-04-29 12:28:23,600 [WARN] ConditionMgr:1039 - genDependencies : Invalid condition id : UX DEVICE CLASS RTOS Condition cause : null
2024-04-29 12:28:23,600 [WARN] ConditionMgr:1039 - genDependencies : Invalid condition id : UX DEVICE CLASS RTOS Condition cause : null
2024-04-29 12:28:23,600 [WARN] ConditionMgr:1039 - genDependencies : Invalid condition id : UX DEVICE CLASS RTOS Condition cause : null
2024-04-29 12:28:23,632 [WARN] PackLoader:240 - Cannot read IP mode file for STMicroelectronics.X-CUBE-SUBG2.5.0.0
2024-04-29 12:28:23,663 [WARN] PackLoader:240 - Cannot read IP mode file for STMicroelectronics.X-CUBE-AZRTOS-G4.2.0.0
2024-04-29 12:28:23,695 [WARN] PackLoader:240 - Cannot read IP mode file for Infineon.AIROC-Wi-Fi-Bluetooth-STM32.1.5.1
2024-04-29 12:28:23,710 [WARN] PackLoader:240 - Cannot read IP mode file for STMicroelectronics.FP-SNS-MOTENVWB1.1.3.1
2024-04-29 12:28:23,726 [WARN] PackLoader:240 - Cannot read IP mode file for STMicroelectronics.X-CUBE-ISPU.2.0.0
2024-04-29 12:28:23,776 [WARN] PackLoader:240 - Cannot read IP mode file for STMicroelectronics.X-CUBE-MEMS1.10.0.0
2024-04-29 12:28:23,899 [WARN] PackLoader:240 - Cannot read IP mode file for STMicroelectronics.X-CUBE-FREERTOS.1.1.0
2024-04-29 12:28:23,914 [WARN] PackLoader:240 - Cannot read IP mode file for portGmbH.I-Cube-SoM-uGOAL.1.1.0
2024-04-29 12:28:23,930 [WARN] PackLoader:240 - Cannot read IP mode file for STMicroelectronics.X-CUBE-ALS.1.0.1
2024-04-29 12:28:23,977 [WARN] PackLoader:240 - Cannot read IP mode file for STMicroelectronics.X-CUBE-AZRTOS-H7RS.1.0.0
2024-04-29 12:28:23,977 [WARN] PackLoader:240 - Cannot read IP mode file for STMicroelectronics.FP-ATR-ASTRA1.2.0.0
2024-04-29 12:28:24,009 [WARN] PackLoader:240 - Cannot read IP mode file for STMicroelectronics.X-CUBE-TOF1.3.4.0
2024-04-29 12:28:24,040 [WARN] PackLoader:240 - Cannot read IP mode file for STMicroelectronics.X-CUBE-TOF1.3.4.1
2024-04-29 12:28:24,087 [WARN] PackLoader:240 - Cannot read IP mode file for STMicroelectronics.X-CUBE-AZRTOS-H7.3.2.0
2024-04-29 12:28:24,103 [INFO] ThirdParty:978 - Integrity check success = true
2024-04-29 12:28:24,103 [INFO] IntegrityCheckThread:100 - exiting critical section [integrity check]
2024-04-29 12:28:24,103 [INFO] IntegrityCheckThread:103 - End integrity checks thread
2024-04-29 12:28:43,568 [ERROR] LogOutputStream:75 - [STDERR_REDIRECT] SLF4J: Failed to load class "org.slf4j.impl.StaticLoggerBinder".
2024-04-29 12:28:43,570 [ERROR] LogOutputStream:75 - [STDERR_REDIRECT] SLF4J: Defaulting to no-operation (NOP) logger implementation
2024-04-29 12:28:43,571 [ERROR] LogOutputStream:75 - [STDERR_REDIRECT] SLF4J: See http://www.slf4j.org/codes.html#StaticLoggerBinder for further details.
2024-04-29 15:02:25,484 [ERROR] ConfigurationRetriever:142 - IOException on connection: sw-center.st.com
2024-04-29 15:02:25,488 [ERROR] ConfigurationRetriever:142 - IOException on connection: sw-center.st.com
2024-04-29 15:02:25,489 [ERROR] ConfigurationRetriever:142 - IOException on connection: sw-center.st.com
2024-04-29 15:02:27,923 [ERROR] ConfigurationRetriever:142 - IOException on connection: sw-center.st.com
2024-04-29 15:02:27,924 [ERROR] ConfigurationRetriever:142 - IOException on connection: sw-center.st.com
2024-04-29 15:02:27,925 [ERROR] ConfigurationRetriever:142 - IOException on connection: sw-center.st.com
2024-04-29 15:03:25,692 [ERROR] ConfigurationRetriever:142 - IOException on connection: sw-center.st.com
2024-04-29 15:03:25,693 [ERROR] ConfigurationRetriever:142 - IOException on connection: sw-center.st.com
2024-04-29 15:03:25,693 [ERROR] ConfigurationRetriever:142 - IOException on connection: sw-center.st.com
2024-04-29 15:03:25,935 [ERROR] ConfigurationRetriever:142 - IOException on connection: sw-center.st.com
2024-04-29 15:03:25,936 [ERROR] ConfigurationRetriever:142 - IOException on connection: sw-center.st.com
2024-04-29 15:03:25,937 [ERROR] ConfigurationRetriever:142 - IOException on connection: sw-center.st.com
