2024-02-05 12:19:23,828 [INFO] Activator:176 - 


2024-02-05 12:19:23,828 [INFO] Activator:177 - !SESSION log4j initialized
2024-02-05 12:19:30,798 [INFO] LogOutputStream:77 - [STDOUT_REDIRECT] 
2024-02-05 12:19:32,517 [INFO] ApplicationProperties:184 - Using Application install path: C:\ST\STM32CubeIDE_1.14.1\STM32CubeIDE\plugins\com.st.stm32cube.common.mx_6.10.0.202311202037
2024-02-05 12:19:32,540 [INFO] DbMcusXml:78 - Set database path to: C:\ST\STM32CubeIDE_1.14.1\STM32CubeIDE\plugins\com.st.stm32cube.common.mx_6.10.0.202311202037\\db\/mcu/
2024-02-05 12:19:32,540 [INFO] ApiDb:274 - Set plugin database path to: C:\ST\STM32CubeIDE_1.14.1\STM32CubeIDE\plugins\com.st.stm32cube.common.mx_6.10.0.202311202037\\db\/plugins/boardmanager/
2024-02-05 12:19:32,541 [WARN] ApiDb:259 - Overriding images path with different value:  => C:\ST\STM32CubeIDE_1.14.1\STM32CubeIDE\plugins\com.st.stm32cube.common.mx_6.10.0.202311202037\\db\/plugins/mcufinder/images/
2024-02-05 12:19:32,551 [INFO] ApiDb:250 - Set database path to: C:\Users\TuranyElijah\.stmcufinder\plugins\mcufinder//mcu/
2024-02-05 12:19:32,552 [INFO] DbMcusAds:125 - Set database path to: C:\Users\TuranyElijah\.stmcufinder\plugins\mcufinder//mcu/
2024-02-05 12:19:32,554 [INFO] CrossReferenceDbSqlite:203 - Set database path to: C:\Users\TuranyElijah\.stmcufinder\plugins\mcufinder//mcu/cs/
2024-02-05 12:19:32,723 [INFO] RulesReader:64 - Compatibility file has been processed (297 Rules)
2024-02-05 12:19:32,834 [INFO] DbMcusXml:78 - Set database path to: C:\ST\STM32CubeIDE_1.14.1\STM32CubeIDE\plugins\com.st.stm32cube.common.mx_6.10.0.202311202037\\db\/mcu/
2024-02-05 12:19:32,834 [INFO] ApiDb:274 - Set plugin database path to: C:\ST\STM32CubeIDE_1.14.1\STM32CubeIDE\plugins\com.st.stm32cube.common.mx_6.10.0.202311202037\\db\/plugins/boardmanager/
2024-02-05 12:19:32,834 [INFO] ApiDb:261 - Set plugin images path to: C:\ST\STM32CubeIDE_1.14.1\STM32CubeIDE\plugins\com.st.stm32cube.common.mx_6.10.0.202311202037\\db\/plugins/mcufinder/images/
2024-02-05 12:19:32,834 [WARN] DbFile:41 - Overriding database path with different value: C:\Users\TuranyElijah\.stmcufinder\plugins\mcufinder/ => C:\Users\TuranyElijah\.stmcufinder\plugins\mcufinder
2024-02-05 12:19:32,834 [INFO] ApiDb:250 - Set database path to: C:\Users\TuranyElijah\.stmcufinder\plugins\mcufinder//mcu/
2024-02-05 12:19:32,835 [WARN] DbFile:41 - Overriding database path with different value: C:\Users\TuranyElijah\.stmcufinder\plugins\mcufinder/ => C:\Users\TuranyElijah\.stmcufinder\plugins\mcufinder
2024-02-05 12:19:32,835 [INFO] DbMcusAds:125 - Set database path to: C:\Users\TuranyElijah\.stmcufinder\plugins\mcufinder//mcu/
2024-02-05 12:19:32,835 [WARN] DbFile:41 - Overriding database path with different value: C:\Users\TuranyElijah\.stmcufinder\plugins\mcufinder/ => C:\Users\TuranyElijah\.stmcufinder\plugins\mcufinder
2024-02-05 12:19:32,835 [WARN] DbFile:41 - Overriding database path with different value: C:\Users\TuranyElijah\.stmcufinder\plugins\mcufinder/ => C:\Users\TuranyElijah\.stmcufinder\plugins\mcufinder
2024-02-05 12:19:32,835 [INFO] CrossReferenceDbSqlite:203 - Set database path to: C:\Users\TuranyElijah\.stmcufinder\plugins\mcufinder//mcu/cs/
2024-02-05 12:19:32,925 [INFO] MainPanel:264 - HeapMemory: 268435456
2024-02-05 12:19:33,042 [INFO] DbMcusXml:78 - Set database path to: C:\ST\STM32CubeIDE_1.14.1\STM32CubeIDE\plugins\com.st.stm32cube.common.mx_6.10.0.202311202037\\db\/mcu/
2024-02-05 12:19:33,042 [INFO] ApiDb:274 - Set plugin database path to: C:\ST\STM32CubeIDE_1.14.1\STM32CubeIDE\plugins\com.st.stm32cube.common.mx_6.10.0.202311202037\\db\/plugins/boardmanager/
2024-02-05 12:19:33,042 [INFO] ApiDb:261 - Set plugin images path to: C:\ST\STM32CubeIDE_1.14.1\STM32CubeIDE\plugins\com.st.stm32cube.common.mx_6.10.0.202311202037\\db\/plugins/mcufinder/images/
2024-02-05 12:19:33,042 [WARN] DbFile:41 - Overriding database path with different value: C:\Users\TuranyElijah\.stmcufinder\plugins\mcufinder/ => C:\Users\TuranyElijah\.stmcufinder\plugins\mcufinder
2024-02-05 12:19:33,042 [INFO] ApiDb:250 - Set database path to: C:\Users\TuranyElijah\.stmcufinder\plugins\mcufinder//mcu/
2024-02-05 12:19:33,043 [WARN] DbFile:41 - Overriding database path with different value: C:\Users\TuranyElijah\.stmcufinder\plugins\mcufinder/ => C:\Users\TuranyElijah\.stmcufinder\plugins\mcufinder
2024-02-05 12:19:33,043 [INFO] DbMcusAds:125 - Set database path to: C:\Users\TuranyElijah\.stmcufinder\plugins\mcufinder//mcu/
2024-02-05 12:19:33,043 [WARN] DbFile:41 - Overriding database path with different value: C:\Users\TuranyElijah\.stmcufinder\plugins\mcufinder/ => C:\Users\TuranyElijah\.stmcufinder\plugins\mcufinder
2024-02-05 12:19:33,043 [WARN] DbFile:41 - Overriding database path with different value: C:\Users\TuranyElijah\.stmcufinder\plugins\mcufinder/ => C:\Users\TuranyElijah\.stmcufinder\plugins\mcufinder
2024-02-05 12:19:33,043 [INFO] CrossReferenceDbSqlite:203 - Set database path to: C:\Users\TuranyElijah\.stmcufinder\plugins\mcufinder//mcu/cs/
2024-02-05 12:19:33,065 [INFO] ApplicationProperties:184 - Using Application install path: C:\ST\STM32CubeIDE_1.14.1\STM32CubeIDE\plugins\com.st.stm32cube.common.mx_6.10.0.202311202037
2024-02-05 12:19:33,067 [INFO] PluginManage:196 - Search for loadable plugins [exclusion list=, ]
2024-02-05 12:19:33,068 [INFO] PluginManage:310 - Check plugin analytics
2024-02-05 12:19:33,263 [INFO] AnalyticsPlugin:253 - Accepted Software Licenses: 
2024-02-05 12:19:33,263 [INFO] AnalyticsPlugin:255 - Accepted CMSIS Pack Licenses: 
2024-02-05 12:19:33,264 [INFO] AnalyticsPlugin:257 - Accepted Firmware Licenses: 
2024-02-05 12:19:33,267 [INFO] PluginManage:359 - Loaded plugin analytics (category:tool,tabindex:-1)
2024-02-05 12:19:33,268 [INFO] PluginManage:310 - Check plugin cadmodel
2024-02-05 12:19:33,296 [INFO] CADModel:105 - Init CAD model plugin
2024-02-05 12:19:33,296 [INFO] PluginManage:359 - Loaded plugin cadmodel (category:power,tabindex:5)
2024-02-05 12:19:33,297 [INFO] PluginManage:310 - Check plugin clock
2024-02-05 12:19:33,323 [INFO] PluginManage:359 - Loaded plugin clock (category:base,tabindex:2)
2024-02-05 12:19:33,323 [INFO] PluginManage:310 - Check plugin ddr
2024-02-05 12:19:33,325 [INFO] PluginManage:359 - Loaded plugin ddr (category:tool,tabindex:6)
2024-02-05 12:19:33,326 [INFO] PluginManage:310 - Check plugin filemanager
2024-02-05 12:19:33,482 [INFO] PluginManage:359 - Loaded plugin filemanager (category:base,tabindex:10)
2024-02-05 12:19:33,482 [INFO] PluginManage:310 - Check plugin ipmanager
2024-02-05 12:19:33,488 [INFO] PluginManage:359 - Loaded plugin ipmanager (category:base,tabindex:5)
2024-02-05 12:19:33,489 [INFO] PluginManage:310 - Check plugin lpbam
2024-02-05 12:19:33,509 [INFO] PluginManage:359 - Loaded plugin lpbam (category:base,tabindex:0)
2024-02-05 12:19:33,510 [INFO] PluginManage:310 - Check plugin memorymap
2024-02-05 12:19:33,536 [INFO] PluginManage:359 - Loaded plugin memorymap (category:base,tabindex:4)
2024-02-05 12:19:33,536 [INFO] PluginManage:310 - Check plugin pinoutandconfiguration
2024-02-05 12:19:33,558 [INFO] PluginManage:359 - Loaded plugin pinoutandconfiguration (category:base,tabindex:1)
2024-02-05 12:19:33,558 [INFO] PluginManage:310 - Check plugin pinoutconfig
2024-02-05 12:19:33,659 [WARN] SupportedApi:132 - Cannot load RTOS API schema: s4s-elt-must-match.1: The content of 'definitions' must match (annotation?, (simpleType | complexType)?, (unique | key | keyref)*)). A problem was found starting at: attribute.
2024-02-05 12:19:33,823 [INFO] PluginManage:359 - Loaded plugin pinoutconfig (category:base,tabindex:0)
2024-02-05 12:19:33,823 [INFO] PluginManage:310 - Check plugin power
2024-02-05 12:19:33,845 [INFO] PluginManage:359 - Loaded plugin power (category:power,tabindex:4)
2024-02-05 12:19:33,845 [INFO] PluginManage:310 - Check plugin projectmanager
2024-02-05 12:19:33,867 [INFO] PluginManage:359 - Loaded plugin projectmanager (category:projectmanager,tabindex:3)
2024-02-05 12:19:33,867 [INFO] PluginManage:310 - Check plugin thirdparty
2024-02-05 12:19:34,143 [INFO] PluginManage:359 - Loaded plugin thirdparty (category:base,tabindex:-1)
2024-02-05 12:19:34,143 [INFO] PluginManage:310 - Check plugin tools
2024-02-05 12:19:34,143 [WARN] IntegrityCheckThread:84 - waiting for thirdparty lock release [integrity check]
2024-02-05 12:19:34,144 [INFO] IntegrityCheckThread:86 - entering critical section [integrity check]
2024-02-05 12:19:34,144 [INFO] ThirdPartyUpdaterWithRetryManager:70 - Updater plugin not ready yet. [1/15]
2024-02-05 12:19:34,175 [INFO] PluginManage:359 - Loaded plugin tools (category:base,tabindex:7)
2024-02-05 12:19:34,175 [INFO] PluginManage:310 - Check plugin tutovideos
2024-02-05 12:19:34,387 [INFO] PluginManage:359 - Loaded plugin tutovideos (category:base,tabindex:-1)
2024-02-05 12:19:34,387 [INFO] PluginManage:310 - Check plugin updater
2024-02-05 12:19:34,399 [INFO] PluginManage:359 - Loaded plugin updater (category:base,tabindex:12)
2024-02-05 12:19:34,400 [INFO] PluginManage:310 - Check plugin userauth
2024-02-05 12:19:34,405 [INFO] UserAuth:114 - Init User Auth plugin
2024-02-05 12:19:34,406 [INFO] PluginManage:359 - Loaded plugin userauth (category:base,tabindex:14)
2024-02-05 12:19:34,406 [INFO] PluginManage:283 - PluginManage : Loaded plugins [17]
2024-02-05 12:19:34,637 [INFO] PinOutPanel:1499 - setPackage(No Configuration,No Configuration)
2024-02-05 12:19:34,716 [INFO] CADModel:165 - CPN selected for project level
2024-02-05 12:19:34,716 [INFO] CADModel:114 - Register for checkConnection events
2024-02-05 12:19:34,744 [INFO] IPUIPlugin:80 - create IPUIPlugin
2024-02-05 12:19:34,744 [INFO] PluginManager:220 - loadIPPluginJar : add adc
2024-02-05 12:19:34,778 [INFO] IPUIPlugin:80 - create IPUIPlugin
2024-02-05 12:19:34,778 [INFO] PluginManager:220 - loadIPPluginJar : add aes
2024-02-05 12:19:34,816 [INFO] IPUIPlugin:80 - create IPUIPlugin
2024-02-05 12:19:34,816 [INFO] PluginManager:220 - loadIPPluginJar : add can
2024-02-05 12:19:34,838 [INFO] IPUIPlugin:80 - create IPUIPlugin
2024-02-05 12:19:34,838 [INFO] PluginManager:220 - loadIPPluginJar : add comp
2024-02-05 12:19:34,870 [INFO] IPUIPlugin:80 - create IPUIPlugin
2024-02-05 12:19:34,870 [INFO] PluginManager:220 - loadIPPluginJar : add cryp
2024-02-05 12:19:34,899 [INFO] IPUIPlugin:80 - create IPUIPlugin
2024-02-05 12:19:34,899 [INFO] PluginManager:220 - loadIPPluginJar : add dfsdm
2024-02-05 12:19:34,914 [INFO] IPUIPlugin:80 - create IPUIPlugin
2024-02-05 12:19:34,915 [INFO] PluginManager:220 - loadIPPluginJar : add dma
2024-02-05 12:19:34,953 [INFO] IPUIPlugin:80 - create IPUIPlugin
2024-02-05 12:19:34,953 [INFO] PluginManager:220 - loadIPPluginJar : add dma3
2024-02-05 12:19:34,973 [INFO] IPUIPlugin:80 - create IPUIPlugin
2024-02-05 12:19:34,973 [INFO] PluginManager:220 - loadIPPluginJar : add fatfs
2024-02-05 12:19:35,015 [INFO] IPUIPlugin:80 - create IPUIPlugin
2024-02-05 12:19:35,016 [INFO] PluginManager:220 - loadIPPluginJar : add fmc
2024-02-05 12:19:35,034 [INFO] IPUIPlugin:80 - create IPUIPlugin
2024-02-05 12:19:35,034 [INFO] PluginManager:220 - loadIPPluginJar : add freertos
2024-02-05 12:19:35,054 [INFO] IPUIPlugin:80 - create IPUIPlugin
2024-02-05 12:19:35,054 [INFO] PluginManager:220 - loadIPPluginJar : add genericplugin
2024-02-05 12:19:35,138 [INFO] IPUIPlugin:80 - create IPUIPlugin
2024-02-05 12:19:35,138 [INFO] PluginManager:220 - loadIPPluginJar : add gfxmmu
2024-02-05 12:19:35,250 [INFO] IPUIPlugin:80 - create IPUIPlugin
2024-02-05 12:19:35,251 [INFO] PluginManager:220 - loadIPPluginJar : add gic
2024-02-05 12:19:35,272 [INFO] IPUIPlugin:80 - create IPUIPlugin
2024-02-05 12:19:35,272 [INFO] PluginManager:220 - loadIPPluginJar : add gpio
2024-02-05 12:19:35,355 [INFO] IPUIPlugin:80 - create IPUIPlugin
2024-02-05 12:19:35,355 [INFO] PluginManager:220 - loadIPPluginJar : add gtzc
2024-02-05 12:19:35,385 [INFO] IPUIPlugin:80 - create IPUIPlugin
2024-02-05 12:19:35,385 [INFO] PluginManager:220 - loadIPPluginJar : add hash
2024-02-05 12:19:35,435 [INFO] IPUIPlugin:80 - create IPUIPlugin
2024-02-05 12:19:35,435 [INFO] PluginManager:220 - loadIPPluginJar : add i2c
2024-02-05 12:19:35,472 [INFO] IPUIPlugin:80 - create IPUIPlugin
2024-02-05 12:19:35,472 [INFO] PluginManager:220 - loadIPPluginJar : add i2s
2024-02-05 12:19:35,511 [INFO] IPUIPlugin:80 - create IPUIPlugin
2024-02-05 12:19:35,511 [INFO] PluginManager:220 - loadIPPluginJar : add i3c
2024-02-05 12:19:35,606 [INFO] IPUIPlugin:80 - create IPUIPlugin
2024-02-05 12:19:35,607 [INFO] PluginManager:220 - loadIPPluginJar : add ipddr
2024-02-05 12:19:35,687 [INFO] IPUIPlugin:80 - create IPUIPlugin
2024-02-05 12:19:35,687 [INFO] PluginManager:220 - loadIPPluginJar : add linkedlist
2024-02-05 12:19:35,720 [INFO] IPUIPlugin:80 - create IPUIPlugin
2024-02-05 12:19:35,720 [INFO] PluginManager:220 - loadIPPluginJar : add lorawan
2024-02-05 12:19:35,754 [INFO] IPUIPlugin:80 - create IPUIPlugin
2024-02-05 12:19:35,755 [INFO] PluginManager:220 - loadIPPluginJar : add ltdc
2024-02-05 12:19:35,773 [INFO] IPUIPlugin:80 - create IPUIPlugin
2024-02-05 12:19:35,773 [INFO] PluginManager:220 - loadIPPluginJar : add mdma
2024-02-05 12:19:35,785 [INFO] IPUIPlugin:80 - create IPUIPlugin
2024-02-05 12:19:35,785 [INFO] PluginManager:220 - loadIPPluginJar : add nvic
2024-02-05 12:19:35,820 [INFO] IPUIPlugin:80 - create IPUIPlugin
2024-02-05 12:19:35,820 [INFO] PluginManager:220 - loadIPPluginJar : add opamp
2024-02-05 12:19:35,877 [INFO] IPUIPlugin:80 - create IPUIPlugin
2024-02-05 12:19:35,877 [INFO] PluginManager:220 - loadIPPluginJar : add openamp
2024-02-05 12:19:35,939 [INFO] IPUIPlugin:80 - create IPUIPlugin
2024-02-05 12:19:35,939 [INFO] PluginManager:220 - loadIPPluginJar : add pdm2pcm
2024-02-05 12:19:35,957 [INFO] IPUIPlugin:80 - create IPUIPlugin
2024-02-05 12:19:35,960 [INFO] PluginManager:220 - loadIPPluginJar : add plateformsettings
2024-02-05 12:19:35,982 [INFO] IPUIPlugin:80 - create IPUIPlugin
2024-02-05 12:19:35,982 [INFO] PluginManager:220 - loadIPPluginJar : add quadspi
2024-02-05 12:19:35,997 [INFO] IPUIPlugin:80 - create IPUIPlugin
2024-02-05 12:19:35,997 [INFO] PluginManager:220 - loadIPPluginJar : add resmgrutility
2024-02-05 12:19:36,047 [INFO] IPUIPlugin:80 - create IPUIPlugin
2024-02-05 12:19:36,047 [INFO] PluginManager:220 - loadIPPluginJar : add sai
2024-02-05 12:19:36,084 [INFO] IPUIPlugin:80 - create IPUIPlugin
2024-02-05 12:19:36,084 [INFO] PluginManager:220 - loadIPPluginJar : add spi
2024-02-05 12:19:36,145 [INFO] IPUIPlugin:80 - create IPUIPlugin
2024-02-05 12:19:36,145 [INFO] PluginManager:220 - loadIPPluginJar : add stm32_wpan
2024-02-05 12:19:36,168 [INFO] IPUIPlugin:80 - create IPUIPlugin
2024-02-05 12:19:36,169 [INFO] PluginManager:220 - loadIPPluginJar : add tim
2024-02-05 12:19:36,219 [INFO] IPUIPlugin:80 - create IPUIPlugin
2024-02-05 12:19:36,219 [INFO] PluginManager:220 - loadIPPluginJar : add touchsensing
2024-02-05 12:19:36,240 [INFO] IPUIPlugin:80 - create IPUIPlugin
2024-02-05 12:19:36,240 [INFO] PluginManager:220 - loadIPPluginJar : add tracer_emb
2024-02-05 12:19:36,265 [INFO] IPUIPlugin:80 - create IPUIPlugin
2024-02-05 12:19:36,265 [INFO] PluginManager:220 - loadIPPluginJar : add ts
2024-02-05 12:19:36,284 [INFO] IPUIPlugin:80 - create IPUIPlugin
2024-02-05 12:19:36,284 [INFO] PluginManager:220 - loadIPPluginJar : add tsc
2024-02-05 12:19:36,313 [INFO] IPUIPlugin:80 - create IPUIPlugin
2024-02-05 12:19:36,313 [INFO] PluginManager:220 - loadIPPluginJar : add ucpd
2024-02-05 12:19:36,356 [INFO] IPUIPlugin:80 - create IPUIPlugin
2024-02-05 12:19:36,356 [INFO] PluginManager:220 - loadIPPluginJar : add usart
2024-02-05 12:19:36,397 [INFO] IPUIPlugin:80 - create IPUIPlugin
2024-02-05 12:19:36,397 [INFO] PluginManager:220 - loadIPPluginJar : add usbx
2024-02-05 12:19:36,530 [INFO] CADModel:165 - CPN selected for project level
2024-02-05 12:19:36,530 [INFO] CADModel:114 - Register for checkConnection events
2024-02-05 12:19:36,530 [FATAL] Updater:308 - Updater called before beeing initialized
2024-02-05 12:19:36,530 [ERROR] CADModel:125 - Updater not yet initialized, retry later 
2024-02-05 12:19:36,694 [INFO] CADModel:165 - CPN selected for project level
2024-02-05 12:19:36,694 [INFO] CADModel:114 - Register for checkConnection events
2024-02-05 12:19:36,694 [FATAL] Updater:308 - Updater called before beeing initialized
2024-02-05 12:19:36,694 [ERROR] CADModel:125 - Updater not yet initialized, retry later 
2024-02-05 12:19:36,697 [FATAL] Updater:308 - Updater called before beeing initialized
2024-02-05 12:19:36,828 [FATAL] Updater:308 - Updater called before beeing initialized
2024-02-05 12:19:36,838 [INFO] DbMcusAds:53 - JSON generation date=Wed Nov 29 04:52:27 CST 2023 (1701255147200)
2024-02-05 12:19:36,838 [FATAL] Updater:308 - Updater called before beeing initialized
2024-02-05 12:19:36,920 [WARN] DetailPanel:346 - Failed to get advertising image, set to default
2024-02-05 12:19:37,020 [FATAL] Updater:308 - Updater called before beeing initialized
2024-02-05 12:19:37,022 [FATAL] Updater:308 - Updater called before beeing initialized
2024-02-05 12:19:37,023 [FATAL] Updater:308 - Updater called before beeing initialized
2024-02-05 12:19:37,023 [WARN] DetailPanel:346 - Failed to get advertising image, set to default
2024-02-05 12:19:37,024 [FATAL] Updater:308 - Updater called before beeing initialized
2024-02-05 12:19:37,089 [ERROR] Updater:1120 - MainUpdater not yet initialized. External WinMGr cannot be set.
2024-02-05 12:19:37,099 [INFO] Updater:1056 - Updater Version found : 6.10.0
2024-02-05 12:19:37,121 [INFO] ApplicationProperties:184 - Using Application install path: C:\ST\STM32CubeIDE_1.14.1\STM32CubeIDE\plugins\com.st.stm32cube.common.mx_6.10.0.202311202037
2024-02-05 12:19:37,146 [INFO] ThirdPartyUpdaterWithRetryManager:70 - Updater plugin not ready yet. [2/15]
2024-02-05 12:19:38,710 [ERROR] LogOutputStream:75 - [STDERR_REDIRECT] Feb 05, 2024 12:19:38 PM java.util.prefs.WindowsPreferences <init>
2024-02-05 12:19:38,713 [ERROR] LogOutputStream:75 - [STDERR_REDIRECT] WARNING: Could not open/create prefs root node Software\JavaSoft\Prefs at root 0xffffffff80000002. Windows RegCreateKeyEx(...) returned error code 5.
2024-02-05 12:19:38,713 [ERROR] LogOutputStream:75 - [STDERR_REDIRECT] 
2024-02-05 12:19:39,187 [INFO] MainUpdater:2873 - connection check result : 10
2024-02-05 12:19:39,188 [INFO] MainUpdater:3567 - Updater definition file requires update
2024-02-05 12:19:39,190 [INFO] MainUpdater:290 - Updater Check For Update Now.
2024-02-05 12:19:39,190 [INFO] MicroXplorer:498 - Change Database Version : DB.6.0.100
2024-02-05 12:19:39,224 [INFO] McuFinderGlobals:63 - Set McuFinder mode to 2 (CubeIDE integrated)
2024-02-05 12:19:39,225 [INFO] UserAuth:180 - activating auth plugin
2024-02-05 12:19:39,228 [INFO] UserAuth:404 - Internet connection configuration mode: 1
2024-02-05 12:19:39,264 [INFO] JxBrowserEngine:152 - Initiate JxBrowser Engine with user profile folder
2024-02-05 12:19:39,317 [INFO] ServerAccessManage:473 - Download File updaters.zip
2024-02-05 12:19:39,443 [INFO] FileExtend:240 - Unzip File : updaters.zip
2024-02-05 12:19:39,443 [INFO] FileExtend:255 - Standard Zip Deflate
2024-02-05 12:19:40,099 [INFO] ServerAccessManage:473 - Download File PacksControlFlags.xml
2024-02-05 12:19:40,147 [WARN] MainUpdater:1194 - Updater busy. Cannot search thirdparties
2024-02-05 12:19:40,148 [INFO] ThirdPartyUpdaterWithRetryManager:96 - Updater plugin is busy. [1/15]
2024-02-05 12:19:40,304 [INFO] ServerAccessManage:473 - Download File cubemx.pidx
2024-02-05 12:19:40,513 [INFO] LoadServerUpdatesThread:375 - End of LoadServerUpdate Thread
2024-02-05 12:19:40,806 [INFO] CheckServerUpdateThread:120 - End of CheckServer Thread
2024-02-05 12:19:43,446 [WARN] PackLoader:240 - Cannot read IP mode file for STMicroelectronics.X-CUBE-SMBUS.2.1.0
2024-02-05 12:19:43,472 [WARN] PackLoader:240 - Cannot read IP mode file for STMicroelectronics.X-CUBE-TOUCHGFX.4.23.0
2024-02-05 12:19:43,534 [WARN] PackLoader:240 - Cannot read IP mode file for STMicroelectronics.X-CUBE-AZRTOS-F7.1.1.0
2024-02-05 12:19:43,570 [WARN] PackLoader:240 - Cannot read IP mode file for STMicroelectronics.FP-SNS-MOTENV1.4.3.2
2024-02-05 12:19:43,591 [WARN] PackLoader:240 - Cannot read IP mode file for STMicroelectronics.FP-SNS-FLIGHT1.5.0.2
2024-02-05 12:19:43,612 [WARN] PackLoader:240 - Cannot read IP mode file for STMicroelectronics.X-CUBE-DISPLAY.3.0.0
2024-02-05 12:19:43,644 [WARN] PackLoader:240 - Cannot read IP mode file for STMicroelectronics.X-CUBE-BLE1.7.0.0
2024-02-05 12:19:43,667 [WARN] PackLoader:240 - Cannot read IP mode file for emotas.I-CUBE-CANOPEN.1.3.0
2024-02-05 12:19:43,689 [WARN] PackLoader:240 - Cannot read IP mode file for STMicroelectronics.FP-SNS-SMARTAG2.1.2.0
2024-02-05 12:19:43,722 [INFO] LogOutputStream:77 - [STDOUT_REDIRECT] 1 : Invalid condition id : UX_CORESTACK_Condition cause : null
2024-02-05 12:19:43,723 [INFO] LogOutputStream:77 - [STDOUT_REDIRECT] 1 : Invalid condition id : UX_CORESTACK_Condition cause : null
2024-02-05 12:19:43,724 [INFO] LogOutputStream:77 - [STDOUT_REDIRECT] 1 : Invalid condition id : UX_CORESTACK_Condition cause : null
2024-02-05 12:19:43,726 [INFO] LogOutputStream:77 - [STDOUT_REDIRECT] 1 : Invalid condition id : UX_CORESTACK_Condition cause : null
2024-02-05 12:19:43,727 [INFO] LogOutputStream:77 - [STDOUT_REDIRECT] 1 : Invalid condition id : UX_CORESTACK_Condition cause : null
2024-02-05 12:19:43,733 [WARN] PackLoader:240 - Cannot read IP mode file for STMicroelectronics.X-CUBE-AZRTOS-WL.2.0.0
2024-02-05 12:19:43,760 [WARN] PackLoader:240 - Cannot read IP mode file for WES.I-CUBE-Cesium.1.3.0
2024-02-05 12:19:43,777 [WARN] PackLoader:240 - Cannot read IP mode file for STMicroelectronics.X-CUBE-BLE2.3.3.0
2024-02-05 12:19:43,794 [WARN] PackLoader:240 - Cannot read IP mode file for STMicroelectronics.X-CUBE-ALGOBUILD.1.3.0
2024-02-05 12:19:43,845 [WARN] PackLoader:240 - Cannot read IP mode file for STMicroelectronics.X-CUBE-AZRTOS-G0.1.1.0
2024-02-05 12:19:43,903 [WARN] PackLoader:240 - Cannot read IP mode file for STMicroelectronics.X-CUBE-NFC4.3.0.0
2024-02-05 12:19:43,945 [WARN] PackLoader:240 - Cannot read IP mode file for STMicroelectronics.X-CUBE-BLEMGR.3.0.0
2024-02-05 12:19:43,966 [WARN] PackLoader:240 - Cannot read IP mode file for STMicroelectronics.FP-ATR-SIGFOX1.3.2.0
2024-02-05 12:19:43,988 [WARN] PackLoader:240 - Cannot read IP mode file for STMicroelectronics.X-CUBE-EEPRMA1.5.1.0
2024-02-05 12:19:44,047 [WARN] PackLoader:240 - Cannot read IP mode file for SEGGER.I-CUBE-embOS.1.3.1
2024-02-05 12:19:44,212 [WARN] PackLoader:240 - Cannot read IP mode file for STMicroelectronics.X-CUBE-GNSS1.6.0.0
2024-02-05 12:19:44,253 [WARN] PackLoader:240 - Cannot read IP mode file for STMicroelectronics.X-CUBE-AZRTOS-F4.1.1.0
2024-02-05 12:19:44,272 [WARN] PackLoader:240 - Cannot read IP mode file for wolfSSL.I-CUBE-wolfSSL.5.6.6
2024-02-05 12:19:44,307 [WARN] PackLoader:240 - Cannot read IP mode file for STMicroelectronics.X-CUBE-AZRTOS-L5.2.0.0
2024-02-05 12:19:44,329 [WARN] PackLoader:240 - Cannot read IP mode file for STMicroelectronics.X-CUBE-EEPRMA1.4.2.0
2024-02-05 12:19:44,345 [WARN] PackLoader:240 - Cannot read IP mode file for ITTIA_DB.I-CUBE-ITTIADB.8.8.0
2024-02-05 12:19:44,362 [WARN] PackLoader:240 - Cannot read IP mode file for STMicroelectronics.X-CUBE-NFC7.1.0.1
2024-02-05 12:19:44,384 [WARN] PackLoader:240 - Cannot read IP mode file for STMicroelectronics.X-CUBE-NFC6.3.0.0
2024-02-05 12:19:44,406 [WARN] PackLoader:240 - Cannot read IP mode file for STMicroelectronics.X-CUBE-AI.8.1.0
2024-02-05 12:19:44,449 [WARN] ConditionMgr:438 - getConditionDescription Invalid condition id : LAN8742 Phy interface Condition cause : null
2024-02-05 12:19:44,450 [WARN] PackLoader:240 - Cannot read IP mode file for STMicroelectronics.X-CUBE-AZRTOS-L4.2.0.0
2024-02-05 12:19:44,453 [WARN] ConditionMgr:1039 - genDependencies : Invalid condition id : LAN8742 Phy interface Condition cause : null
2024-02-05 12:19:44,454 [WARN] ConditionMgr:1039 - genDependencies : Invalid condition id : LAN8742 Phy interface Condition cause : null
2024-02-05 12:19:44,454 [WARN] ConditionMgr:1039 - genDependencies : Invalid condition id : LAN8742 Phy interface Condition cause : null
2024-02-05 12:19:44,474 [WARN] PackLoader:240 - Cannot read IP mode file for STMicroelectronics.X-CUBE-SFXS2LP1.4.0.0
2024-02-05 12:19:44,516 [WARN] ConditionMgr:438 - getConditionDescription Invalid condition id : UX DEVICE CLASS RTOS Condition cause : null
2024-02-05 12:19:44,516 [WARN] ConditionMgr:438 - getConditionDescription Invalid condition id : UX DEVICE CLASS RTOS Condition cause : null
2024-02-05 12:19:44,518 [INFO] WebApp:161 - Instantiating new browser for Auth
2024-02-05 12:19:44,519 [WARN] PackLoader:240 - Cannot read IP mode file for STMicroelectronics.X-CUBE-AZRTOS-WB.2.0.0
2024-02-05 12:19:44,520 [WARN] ConditionMgr:1039 - genDependencies : Invalid condition id : UX DEVICE CLASS RTOS Condition cause : null
2024-02-05 12:19:44,520 [WARN] ConditionMgr:1039 - genDependencies : Invalid condition id : UX DEVICE CLASS RTOS Condition cause : null
2024-02-05 12:19:44,521 [WARN] ConditionMgr:1039 - genDependencies : Invalid condition id : UX DEVICE CLASS RTOS Condition cause : null
2024-02-05 12:19:44,521 [WARN] ConditionMgr:1039 - genDependencies : Invalid condition id : UX DEVICE CLASS RTOS Condition cause : null
2024-02-05 12:19:44,521 [WARN] ConditionMgr:1039 - genDependencies : Invalid condition id : UX DEVICE CLASS RTOS Condition cause : null
2024-02-05 12:19:44,566 [WARN] PackLoader:240 - Cannot read IP mode file for STMicroelectronics.X-CUBE-SUBG2.5.0.0
2024-02-05 12:19:44,609 [WARN] PackLoader:240 - Cannot read IP mode file for STMicroelectronics.X-CUBE-AZRTOS-G4.2.0.0
2024-02-05 12:19:44,642 [WARN] PackLoader:240 - Cannot read IP mode file for Infineon.AIROC-Wi-Fi-Bluetooth-STM32.1.5.1
2024-02-05 12:19:44,669 [WARN] PackLoader:240 - Cannot read IP mode file for STMicroelectronics.FP-SNS-MOTENVWB1.1.3.1
2024-02-05 12:19:44,689 [WARN] PackLoader:240 - Cannot read IP mode file for STMicroelectronics.X-CUBE-ISPU.2.0.0
2024-02-05 12:19:44,768 [WARN] PackLoader:240 - Cannot read IP mode file for STMicroelectronics.X-CUBE-MEMS1.10.0.0
2024-02-05 12:19:44,906 [WARN] PackLoader:240 - Cannot read IP mode file for STMicroelectronics.X-CUBE-FREERTOS.1.1.0
2024-02-05 12:19:44,924 [WARN] PackLoader:240 - Cannot read IP mode file for portGmbH.I-Cube-SoM-uGOAL.1.1.0
2024-02-05 12:19:44,942 [WARN] PackLoader:240 - Cannot read IP mode file for STMicroelectronics.X-CUBE-ALS.1.0.1
2024-02-05 12:19:44,957 [WARN] PackLoader:240 - Cannot read IP mode file for STMicroelectronics.FP-ATR-ASTRA1.2.0.0
2024-02-05 12:19:44,982 [WARN] PackLoader:240 - Cannot read IP mode file for STMicroelectronics.X-CUBE-TOF1.3.4.0
2024-02-05 12:19:45,027 [WARN] PackLoader:240 - Cannot read IP mode file for STMicroelectronics.X-CUBE-AZRTOS-H7.3.2.0
2024-02-05 12:19:45,031 [INFO] ThirdParty:978 - Integrity check success = true
2024-02-05 12:19:45,031 [INFO] IntegrityCheckThread:100 - exiting critical section [integrity check]
2024-02-05 12:19:45,031 [INFO] IntegrityCheckThread:103 - End integrity checks thread
2024-02-05 12:19:45,598 [INFO] WebApp:780 - Register for checkConnection events
2024-02-05 12:19:45,598 [INFO] WebApp:414 - Apply proxy settings
2024-02-05 12:19:45,598 [INFO] WebApp:499 - Chromium requires no authentication
2024-02-05 12:19:45,614 [INFO] WebApp:442 - Direct internet connection detected
2024-02-05 12:19:45,924 [INFO] WebApp:192 - Starting web application
2024-02-05 12:19:45,924 [INFO] WebApp:544 - Web application path used C:\ST\STM32CubeIDE_1.14.1\STM32CubeIDE\plugins\com.st.stm32cube.common.mx_6.10.0.202311202037\db\plugins\mcufinder\reactClient1\index.html
2024-02-05 12:20:07,280 [ERROR] LogOutputStream:75 - [STDERR_REDIRECT] SLF4J: Failed to load class "org.slf4j.impl.StaticLoggerBinder".
2024-02-05 12:20:07,280 [ERROR] LogOutputStream:75 - [STDERR_REDIRECT] SLF4J: Defaulting to no-operation (NOP) logger implementation
2024-02-05 12:20:07,280 [ERROR] LogOutputStream:75 - [STDERR_REDIRECT] SLF4J: See http://www.slf4j.org/codes.html#StaticLoggerBinder for further details.
2024-02-05 13:24:22,426 [ERROR] LogOutputStream:75 - [STDERR_REDIRECT] 
2024-02-05 13:24:22,428 [ERROR] LogOutputStream:75 - [STDERR_REDIRECT] 
