2024-01-22 09:04:24,187 [INFO] Activator:176 - 


2024-01-22 09:04:24,190 [INFO] Activator:177 - !SESSION log4j initialized
2024-01-22 09:04:29,881 [INFO] LogOutputStream:77 - [STDOUT_REDIRECT] 
2024-01-22 09:04:32,287 [INFO] ApplicationProperties:184 - Using Application install path: C:\ST\STM32CubeIDE_1.14.1\STM32CubeIDE\plugins\com.st.stm32cube.common.mx_6.10.0.202311202037
2024-01-22 09:04:32,306 [INFO] DbMcusXml:78 - Set database path to: C:\ST\STM32CubeIDE_1.14.1\STM32CubeIDE\plugins\com.st.stm32cube.common.mx_6.10.0.202311202037\\db\/mcu/
2024-01-22 09:04:32,307 [INFO] ApiDb:274 - Set plugin database path to: C:\ST\STM32CubeIDE_1.14.1\STM32CubeIDE\plugins\com.st.stm32cube.common.mx_6.10.0.202311202037\\db\/plugins/boardmanager/
2024-01-22 09:04:32,307 [WARN] ApiDb:259 - Overriding images path with different value:  => C:\ST\STM32CubeIDE_1.14.1\STM32CubeIDE\plugins\com.st.stm32cube.common.mx_6.10.0.202311202037\\db\/plugins/mcufinder/images/
2024-01-22 09:04:33,622 [WARN] ApiFinderProperties:113 - C:\Users\TuranyElijah\.stmcufinder\plugins\mcufinder\mcu\mcuFinder.mfd doesn't exist
2024-01-22 09:04:33,622 [INFO] ApiDb:250 - Set database path to: C:\Users\TuranyElijah\.stmcufinder\plugins\mcufinder//mcu/
2024-01-22 09:04:33,622 [INFO] DbMcusAds:125 - Set database path to: C:\Users\TuranyElijah\.stmcufinder\plugins\mcufinder//mcu/
2024-01-22 09:04:33,637 [INFO] CrossReferenceDbSqlite:203 - Set database path to: C:\Users\TuranyElijah\.stmcufinder\plugins\mcufinder//mcu/cs/
2024-01-22 09:04:33,747 [INFO] RulesReader:64 - Compatibility file has been processed (297 Rules)
2024-01-22 09:04:33,841 [INFO] DbMcusXml:78 - Set database path to: C:\ST\STM32CubeIDE_1.14.1\STM32CubeIDE\plugins\com.st.stm32cube.common.mx_6.10.0.202311202037\\db\/mcu/
2024-01-22 09:04:33,841 [INFO] ApiDb:274 - Set plugin database path to: C:\ST\STM32CubeIDE_1.14.1\STM32CubeIDE\plugins\com.st.stm32cube.common.mx_6.10.0.202311202037\\db\/plugins/boardmanager/
2024-01-22 09:04:33,841 [INFO] ApiDb:261 - Set plugin images path to: C:\ST\STM32CubeIDE_1.14.1\STM32CubeIDE\plugins\com.st.stm32cube.common.mx_6.10.0.202311202037\\db\/plugins/mcufinder/images/
2024-01-22 09:04:33,841 [WARN] DbFile:41 - Overriding database path with different value: C:\Users\TuranyElijah\.stmcufinder\plugins\mcufinder/ => C:\Users\TuranyElijah\.stmcufinder\plugins\mcufinder
2024-01-22 09:04:33,841 [INFO] ApiDb:250 - Set database path to: C:\Users\TuranyElijah\.stmcufinder\plugins\mcufinder//mcu/
2024-01-22 09:04:33,841 [WARN] DbFile:41 - Overriding database path with different value: C:\Users\TuranyElijah\.stmcufinder\plugins\mcufinder/ => C:\Users\TuranyElijah\.stmcufinder\plugins\mcufinder
2024-01-22 09:04:33,841 [INFO] DbMcusAds:125 - Set database path to: C:\Users\TuranyElijah\.stmcufinder\plugins\mcufinder//mcu/
2024-01-22 09:04:33,841 [WARN] DbFile:41 - Overriding database path with different value: C:\Users\TuranyElijah\.stmcufinder\plugins\mcufinder/ => C:\Users\TuranyElijah\.stmcufinder\plugins\mcufinder
2024-01-22 09:04:33,841 [WARN] DbFile:41 - Overriding database path with different value: C:\Users\TuranyElijah\.stmcufinder\plugins\mcufinder/ => C:\Users\TuranyElijah\.stmcufinder\plugins\mcufinder
2024-01-22 09:04:33,841 [INFO] CrossReferenceDbSqlite:203 - Set database path to: C:\Users\TuranyElijah\.stmcufinder\plugins\mcufinder//mcu/cs/
2024-01-22 09:04:33,919 [INFO] MainPanel:264 - HeapMemory: 268435456
2024-01-22 09:04:33,998 [INFO] DbMcusXml:78 - Set database path to: C:\ST\STM32CubeIDE_1.14.1\STM32CubeIDE\plugins\com.st.stm32cube.common.mx_6.10.0.202311202037\\db\/mcu/
2024-01-22 09:04:33,998 [INFO] ApiDb:274 - Set plugin database path to: C:\ST\STM32CubeIDE_1.14.1\STM32CubeIDE\plugins\com.st.stm32cube.common.mx_6.10.0.202311202037\\db\/plugins/boardmanager/
2024-01-22 09:04:33,998 [INFO] ApiDb:261 - Set plugin images path to: C:\ST\STM32CubeIDE_1.14.1\STM32CubeIDE\plugins\com.st.stm32cube.common.mx_6.10.0.202311202037\\db\/plugins/mcufinder/images/
2024-01-22 09:04:33,998 [WARN] DbFile:41 - Overriding database path with different value: C:\Users\TuranyElijah\.stmcufinder\plugins\mcufinder/ => C:\Users\TuranyElijah\.stmcufinder\plugins\mcufinder
2024-01-22 09:04:33,998 [INFO] ApiDb:250 - Set database path to: C:\Users\TuranyElijah\.stmcufinder\plugins\mcufinder//mcu/
2024-01-22 09:04:33,998 [WARN] DbFile:41 - Overriding database path with different value: C:\Users\TuranyElijah\.stmcufinder\plugins\mcufinder/ => C:\Users\TuranyElijah\.stmcufinder\plugins\mcufinder
2024-01-22 09:04:33,998 [INFO] DbMcusAds:125 - Set database path to: C:\Users\TuranyElijah\.stmcufinder\plugins\mcufinder//mcu/
2024-01-22 09:04:33,998 [WARN] DbFile:41 - Overriding database path with different value: C:\Users\TuranyElijah\.stmcufinder\plugins\mcufinder/ => C:\Users\TuranyElijah\.stmcufinder\plugins\mcufinder
2024-01-22 09:04:33,998 [WARN] DbFile:41 - Overriding database path with different value: C:\Users\TuranyElijah\.stmcufinder\plugins\mcufinder/ => C:\Users\TuranyElijah\.stmcufinder\plugins\mcufinder
2024-01-22 09:04:33,998 [INFO] CrossReferenceDbSqlite:203 - Set database path to: C:\Users\TuranyElijah\.stmcufinder\plugins\mcufinder//mcu/cs/
2024-01-22 09:04:34,017 [INFO] ApplicationProperties:184 - Using Application install path: C:\ST\STM32CubeIDE_1.14.1\STM32CubeIDE\plugins\com.st.stm32cube.common.mx_6.10.0.202311202037
2024-01-22 09:04:34,017 [INFO] PluginManage:196 - Search for loadable plugins [exclusion list=, ]
2024-01-22 09:04:34,030 [INFO] PluginManage:310 - Check plugin analytics
2024-01-22 09:04:34,187 [INFO] AnalyticsPlugin:253 - Accepted Software Licenses: 
2024-01-22 09:04:34,187 [INFO] AnalyticsPlugin:255 - Accepted CMSIS Pack Licenses: 
2024-01-22 09:04:34,187 [INFO] AnalyticsPlugin:257 - Accepted Firmware Licenses: 
2024-01-22 09:04:34,187 [INFO] PluginManage:359 - Loaded plugin analytics (category:tool,tabindex:-1)
2024-01-22 09:04:34,187 [INFO] PluginManage:310 - Check plugin cadmodel
2024-01-22 09:04:34,202 [INFO] CADModel:105 - Init CAD model plugin
2024-01-22 09:04:34,202 [INFO] PluginManage:359 - Loaded plugin cadmodel (category:power,tabindex:5)
2024-01-22 09:04:34,202 [INFO] PluginManage:310 - Check plugin clock
2024-01-22 09:04:34,202 [INFO] PluginManage:359 - Loaded plugin clock (category:base,tabindex:2)
2024-01-22 09:04:34,202 [INFO] PluginManage:310 - Check plugin ddr
2024-01-22 09:04:34,218 [INFO] PluginManage:359 - Loaded plugin ddr (category:tool,tabindex:6)
2024-01-22 09:04:34,218 [INFO] PluginManage:310 - Check plugin filemanager
2024-01-22 09:04:34,359 [INFO] PluginManage:359 - Loaded plugin filemanager (category:base,tabindex:10)
2024-01-22 09:04:34,359 [INFO] PluginManage:310 - Check plugin ipmanager
2024-01-22 09:04:34,375 [INFO] PluginManage:359 - Loaded plugin ipmanager (category:base,tabindex:5)
2024-01-22 09:04:34,375 [INFO] PluginManage:310 - Check plugin lpbam
2024-01-22 09:04:34,391 [INFO] PluginManage:359 - Loaded plugin lpbam (category:base,tabindex:0)
2024-01-22 09:04:34,391 [INFO] PluginManage:310 - Check plugin memorymap
2024-01-22 09:04:34,407 [INFO] PluginManage:359 - Loaded plugin memorymap (category:base,tabindex:4)
2024-01-22 09:04:34,407 [INFO] PluginManage:310 - Check plugin pinoutandconfiguration
2024-01-22 09:04:34,422 [INFO] PluginManage:359 - Loaded plugin pinoutandconfiguration (category:base,tabindex:1)
2024-01-22 09:04:34,422 [INFO] PluginManage:310 - Check plugin pinoutconfig
2024-01-22 09:04:34,547 [WARN] SupportedApi:132 - Cannot load RTOS API schema: s4s-elt-must-match.1: The content of 'definitions' must match (annotation?, (simpleType | complexType)?, (unique | key | keyref)*)). A problem was found starting at: attribute.
2024-01-22 09:04:34,689 [INFO] PluginManage:359 - Loaded plugin pinoutconfig (category:base,tabindex:0)
2024-01-22 09:04:34,689 [INFO] PluginManage:310 - Check plugin power
2024-01-22 09:04:34,704 [INFO] PluginManage:359 - Loaded plugin power (category:power,tabindex:4)
2024-01-22 09:04:34,704 [INFO] PluginManage:310 - Check plugin projectmanager
2024-01-22 09:04:34,720 [INFO] PluginManage:359 - Loaded plugin projectmanager (category:projectmanager,tabindex:3)
2024-01-22 09:04:34,720 [INFO] PluginManage:310 - Check plugin thirdparty
2024-01-22 09:04:34,845 [WARN] IntegrityCheckThread:84 - waiting for thirdparty lock release [integrity check]
2024-01-22 09:04:34,845 [INFO] IntegrityCheckThread:86 - entering critical section [integrity check]
2024-01-22 09:04:34,845 [INFO] PluginManage:359 - Loaded plugin thirdparty (category:base,tabindex:-1)
2024-01-22 09:04:34,845 [INFO] PluginManage:310 - Check plugin tools
2024-01-22 09:04:34,845 [INFO] ThirdPartyUpdaterWithRetryManager:70 - Updater plugin not ready yet. [1/15]
2024-01-22 09:04:34,845 [INFO] PluginManage:359 - Loaded plugin tools (category:base,tabindex:7)
2024-01-22 09:04:34,845 [INFO] PluginManage:310 - Check plugin tutovideos
2024-01-22 09:04:35,018 [INFO] PluginManage:359 - Loaded plugin tutovideos (category:base,tabindex:-1)
2024-01-22 09:04:35,018 [INFO] PluginManage:310 - Check plugin updater
2024-01-22 09:04:35,018 [INFO] PluginManage:359 - Loaded plugin updater (category:base,tabindex:12)
2024-01-22 09:04:35,018 [INFO] PluginManage:310 - Check plugin userauth
2024-01-22 09:04:35,034 [INFO] UserAuth:114 - Init User Auth plugin
2024-01-22 09:04:35,034 [INFO] PluginManage:359 - Loaded plugin userauth (category:base,tabindex:14)
2024-01-22 09:04:35,034 [INFO] PluginManage:283 - PluginManage : Loaded plugins [17]
2024-01-22 09:04:35,238 [INFO] PinOutPanel:1499 - setPackage(No Configuration,No Configuration)
2024-01-22 09:04:35,300 [INFO] CADModel:165 - CPN selected for project level
2024-01-22 09:04:35,316 [INFO] CADModel:114 - Register for checkConnection events
2024-01-22 09:04:35,316 [INFO] IPUIPlugin:80 - create IPUIPlugin
2024-01-22 09:04:35,316 [INFO] PluginManager:220 - loadIPPluginJar : add adc
2024-01-22 09:04:35,316 [INFO] IPUIPlugin:80 - create IPUIPlugin
2024-01-22 09:04:35,316 [INFO] PluginManager:220 - loadIPPluginJar : add aes
2024-01-22 09:04:35,316 [INFO] IPUIPlugin:80 - create IPUIPlugin
2024-01-22 09:04:35,316 [INFO] PluginManager:220 - loadIPPluginJar : add can
2024-01-22 09:04:35,332 [INFO] IPUIPlugin:80 - create IPUIPlugin
2024-01-22 09:04:35,332 [INFO] PluginManager:220 - loadIPPluginJar : add comp
2024-01-22 09:04:35,332 [INFO] IPUIPlugin:80 - create IPUIPlugin
2024-01-22 09:04:35,332 [INFO] PluginManager:220 - loadIPPluginJar : add cryp
2024-01-22 09:04:35,332 [INFO] IPUIPlugin:80 - create IPUIPlugin
2024-01-22 09:04:35,332 [INFO] PluginManager:220 - loadIPPluginJar : add dfsdm
2024-01-22 09:04:35,332 [INFO] IPUIPlugin:80 - create IPUIPlugin
2024-01-22 09:04:35,332 [INFO] PluginManager:220 - loadIPPluginJar : add dma
2024-01-22 09:04:35,332 [INFO] IPUIPlugin:80 - create IPUIPlugin
2024-01-22 09:04:35,332 [INFO] PluginManager:220 - loadIPPluginJar : add dma3
2024-01-22 09:04:35,332 [INFO] IPUIPlugin:80 - create IPUIPlugin
2024-01-22 09:04:35,332 [INFO] PluginManager:220 - loadIPPluginJar : add fatfs
2024-01-22 09:04:35,347 [INFO] IPUIPlugin:80 - create IPUIPlugin
2024-01-22 09:04:35,347 [INFO] PluginManager:220 - loadIPPluginJar : add fmc
2024-01-22 09:04:35,347 [INFO] IPUIPlugin:80 - create IPUIPlugin
2024-01-22 09:04:35,347 [INFO] PluginManager:220 - loadIPPluginJar : add freertos
2024-01-22 09:04:35,347 [INFO] IPUIPlugin:80 - create IPUIPlugin
2024-01-22 09:04:35,347 [INFO] PluginManager:220 - loadIPPluginJar : add genericplugin
2024-01-22 09:04:35,347 [INFO] IPUIPlugin:80 - create IPUIPlugin
2024-01-22 09:04:35,347 [INFO] PluginManager:220 - loadIPPluginJar : add gfxmmu
2024-01-22 09:04:35,347 [INFO] IPUIPlugin:80 - create IPUIPlugin
2024-01-22 09:04:35,347 [INFO] PluginManager:220 - loadIPPluginJar : add gic
2024-01-22 09:04:35,347 [INFO] IPUIPlugin:80 - create IPUIPlugin
2024-01-22 09:04:35,347 [INFO] PluginManager:220 - loadIPPluginJar : add gpio
2024-01-22 09:04:35,363 [INFO] IPUIPlugin:80 - create IPUIPlugin
2024-01-22 09:04:35,363 [INFO] PluginManager:220 - loadIPPluginJar : add gtzc
2024-01-22 09:04:35,363 [INFO] IPUIPlugin:80 - create IPUIPlugin
2024-01-22 09:04:35,363 [INFO] PluginManager:220 - loadIPPluginJar : add hash
2024-01-22 09:04:35,363 [INFO] IPUIPlugin:80 - create IPUIPlugin
2024-01-22 09:04:35,363 [INFO] PluginManager:220 - loadIPPluginJar : add i2c
2024-01-22 09:04:35,363 [INFO] IPUIPlugin:80 - create IPUIPlugin
2024-01-22 09:04:35,363 [INFO] PluginManager:220 - loadIPPluginJar : add i2s
2024-01-22 09:04:35,363 [INFO] IPUIPlugin:80 - create IPUIPlugin
2024-01-22 09:04:35,363 [INFO] PluginManager:220 - loadIPPluginJar : add i3c
2024-01-22 09:04:35,363 [INFO] IPUIPlugin:80 - create IPUIPlugin
2024-01-22 09:04:35,363 [INFO] PluginManager:220 - loadIPPluginJar : add ipddr
2024-01-22 09:04:35,379 [INFO] IPUIPlugin:80 - create IPUIPlugin
2024-01-22 09:04:35,379 [INFO] PluginManager:220 - loadIPPluginJar : add linkedlist
2024-01-22 09:04:35,379 [INFO] IPUIPlugin:80 - create IPUIPlugin
2024-01-22 09:04:35,379 [INFO] PluginManager:220 - loadIPPluginJar : add lorawan
2024-01-22 09:04:35,379 [INFO] IPUIPlugin:80 - create IPUIPlugin
2024-01-22 09:04:35,379 [INFO] PluginManager:220 - loadIPPluginJar : add ltdc
2024-01-22 09:04:35,386 [INFO] IPUIPlugin:80 - create IPUIPlugin
2024-01-22 09:04:35,386 [INFO] PluginManager:220 - loadIPPluginJar : add mdma
2024-01-22 09:04:35,386 [INFO] IPUIPlugin:80 - create IPUIPlugin
2024-01-22 09:04:35,386 [INFO] PluginManager:220 - loadIPPluginJar : add nvic
2024-01-22 09:04:35,394 [INFO] IPUIPlugin:80 - create IPUIPlugin
2024-01-22 09:04:35,394 [INFO] PluginManager:220 - loadIPPluginJar : add opamp
2024-01-22 09:04:35,394 [INFO] IPUIPlugin:80 - create IPUIPlugin
2024-01-22 09:04:35,394 [INFO] PluginManager:220 - loadIPPluginJar : add openamp
2024-01-22 09:04:35,394 [INFO] IPUIPlugin:80 - create IPUIPlugin
2024-01-22 09:04:35,394 [INFO] PluginManager:220 - loadIPPluginJar : add pdm2pcm
2024-01-22 09:04:35,394 [INFO] IPUIPlugin:80 - create IPUIPlugin
2024-01-22 09:04:35,394 [INFO] PluginManager:220 - loadIPPluginJar : add plateformsettings
2024-01-22 09:04:35,394 [INFO] IPUIPlugin:80 - create IPUIPlugin
2024-01-22 09:04:35,394 [INFO] PluginManager:220 - loadIPPluginJar : add quadspi
2024-01-22 09:04:35,410 [INFO] IPUIPlugin:80 - create IPUIPlugin
2024-01-22 09:04:35,410 [INFO] PluginManager:220 - loadIPPluginJar : add resmgrutility
2024-01-22 09:04:35,410 [INFO] IPUIPlugin:80 - create IPUIPlugin
2024-01-22 09:04:35,410 [INFO] PluginManager:220 - loadIPPluginJar : add sai
2024-01-22 09:04:35,410 [INFO] IPUIPlugin:80 - create IPUIPlugin
2024-01-22 09:04:35,410 [INFO] PluginManager:220 - loadIPPluginJar : add spi
2024-01-22 09:04:35,410 [INFO] IPUIPlugin:80 - create IPUIPlugin
2024-01-22 09:04:35,410 [INFO] PluginManager:220 - loadIPPluginJar : add stm32_wpan
2024-01-22 09:04:35,426 [INFO] IPUIPlugin:80 - create IPUIPlugin
2024-01-22 09:04:35,426 [INFO] PluginManager:220 - loadIPPluginJar : add tim
2024-01-22 09:04:35,426 [INFO] IPUIPlugin:80 - create IPUIPlugin
2024-01-22 09:04:35,426 [INFO] PluginManager:220 - loadIPPluginJar : add touchsensing
2024-01-22 09:04:35,426 [INFO] IPUIPlugin:80 - create IPUIPlugin
2024-01-22 09:04:35,426 [INFO] PluginManager:220 - loadIPPluginJar : add tracer_emb
2024-01-22 09:04:35,426 [INFO] IPUIPlugin:80 - create IPUIPlugin
2024-01-22 09:04:35,426 [INFO] PluginManager:220 - loadIPPluginJar : add ts
2024-01-22 09:04:35,426 [INFO] IPUIPlugin:80 - create IPUIPlugin
2024-01-22 09:04:35,426 [INFO] PluginManager:220 - loadIPPluginJar : add tsc
2024-01-22 09:04:35,426 [INFO] IPUIPlugin:80 - create IPUIPlugin
2024-01-22 09:04:35,426 [INFO] PluginManager:220 - loadIPPluginJar : add ucpd
2024-01-22 09:04:35,441 [INFO] IPUIPlugin:80 - create IPUIPlugin
2024-01-22 09:04:35,441 [INFO] PluginManager:220 - loadIPPluginJar : add usart
2024-01-22 09:04:35,441 [INFO] IPUIPlugin:80 - create IPUIPlugin
2024-01-22 09:04:35,441 [INFO] PluginManager:220 - loadIPPluginJar : add usbx
2024-01-22 09:04:35,586 [INFO] CADModel:165 - CPN selected for project level
2024-01-22 09:04:35,586 [INFO] CADModel:114 - Register for checkConnection events
2024-01-22 09:04:35,586 [FATAL] Updater:308 - Updater called before beeing initialized
2024-01-22 09:04:35,586 [ERROR] CADModel:125 - Updater not yet initialized, retry later 
2024-01-22 09:04:35,725 [INFO] CADModel:165 - CPN selected for project level
2024-01-22 09:04:35,725 [INFO] CADModel:114 - Register for checkConnection events
2024-01-22 09:04:35,725 [FATAL] Updater:308 - Updater called before beeing initialized
2024-01-22 09:04:35,725 [ERROR] CADModel:125 - Updater not yet initialized, retry later 
2024-01-22 09:04:35,725 [FATAL] Updater:308 - Updater called before beeing initialized
2024-01-22 09:04:35,835 [FATAL] Updater:308 - Updater called before beeing initialized
2024-01-22 09:04:35,851 [INFO] DbMcusAds:53 - JSON generation date=Thu Sep 30 01:55:09 CDT 2021 (1632984909247)
2024-01-22 09:04:35,851 [FATAL] Updater:308 - Updater called before beeing initialized
2024-01-22 09:04:35,882 [WARN] DetailPanel:346 - Failed to get advertising image, set to default
2024-01-22 09:04:35,977 [FATAL] Updater:308 - Updater called before beeing initialized
2024-01-22 09:04:35,977 [FATAL] Updater:308 - Updater called before beeing initialized
2024-01-22 09:04:35,977 [FATAL] Updater:308 - Updater called before beeing initialized
2024-01-22 09:04:35,977 [WARN] DetailPanel:346 - Failed to get advertising image, set to default
2024-01-22 09:04:35,977 [FATAL] Updater:308 - Updater called before beeing initialized
2024-01-22 09:04:36,024 [ERROR] Updater:1120 - MainUpdater not yet initialized. External WinMGr cannot be set.
2024-01-22 09:04:36,024 [INFO] Updater:1056 - Updater Version found : 6.10.0
2024-01-22 09:04:36,055 [INFO] ApplicationProperties:184 - Using Application install path: C:\ST\STM32CubeIDE_1.14.1\STM32CubeIDE\plugins\com.st.stm32cube.common.mx_6.10.0.202311202037
2024-01-22 09:04:37,661 [ERROR] LogOutputStream:75 - [STDERR_REDIRECT] Jan 22, 2024 9:04:37 AM java.util.prefs.WindowsPreferences <init>
2024-01-22 09:04:37,661 [ERROR] LogOutputStream:75 - [STDERR_REDIRECT] WARNING: Could not open/create prefs root node Software\JavaSoft\Prefs at root 0xffffffff80000002. Windows RegCreateKeyEx(...) returned error code 5.
2024-01-22 09:04:37,661 [ERROR] LogOutputStream:75 - [STDERR_REDIRECT] 
2024-01-22 09:04:37,693 [INFO] MainUpdater:526 - Copy updater definitions from MX database
2024-01-22 09:04:37,755 [INFO] MainUpdater:559 - Copy flag file definitions from MX database
2024-01-22 09:04:37,766 [INFO] MainUpdater:575 - Copy thirdparty index definitions from MX database
2024-01-22 09:04:37,766 [INFO] MainUpdater:594 - Copy default thirdparty db definitions from MX database
2024-01-22 09:04:37,865 [INFO] ThirdPartyUpdaterWithRetryManager:70 - Updater plugin not ready yet. [2/15]
2024-01-22 09:04:38,393 [INFO] MainUpdater:2873 - connection check result : 10
2024-01-22 09:04:38,393 [INFO] MainUpdater:3567 - Updater definition file requires update
2024-01-22 09:04:38,393 [INFO] MainUpdater:290 - Updater Check For Update Now.
2024-01-22 09:04:38,393 [INFO] MicroXplorer:498 - Change Database Version : DB.6.0.100
2024-01-22 09:04:38,400 [INFO] McuFinderGlobals:63 - Set McuFinder mode to 2 (CubeIDE integrated)
2024-01-22 09:04:38,400 [INFO] UserAuth:180 - activating auth plugin
2024-01-22 09:04:38,415 [INFO] UserAuth:404 - Internet connection configuration mode: 1
2024-01-22 09:04:38,431 [INFO] JxBrowserEngine:152 - Initiate JxBrowser Engine with user profile folder
2024-01-22 09:04:38,794 [INFO] ServerAccessManage:473 - Download File updaters.zip
2024-01-22 09:04:38,918 [INFO] FileExtend:240 - Unzip File : updaters.zip
2024-01-22 09:04:38,918 [INFO] FileExtend:255 - Standard Zip Deflate
2024-01-22 09:04:39,438 [INFO] ServerAccessManage:473 - Download File PacksControlFlags.xml
2024-01-22 09:04:39,596 [INFO] ServerAccessManage:473 - Download File cubemx.pidx
2024-01-22 09:04:39,942 [INFO] ServerAccessManage:473 - Download File STMicroelectronics.FP-ATR-ASTRA1.pdsc
2024-01-22 09:04:40,538 [INFO] ServerAccessManage:473 - Download File STMicroelectronics.FP-ATR-SIGFOX1.pdsc
2024-01-22 09:04:40,837 [INFO] ServerAccessManage:473 - Download File STMicroelectronics.FP-SNS-FLIGHT1.pdsc
2024-01-22 09:04:40,884 [WARN] MainUpdater:1194 - Updater busy. Cannot search thirdparties
2024-01-22 09:04:40,884 [INFO] ThirdPartyUpdaterWithRetryManager:96 - Updater plugin is busy. [1/15]
2024-01-22 09:04:41,543 [INFO] ServerAccessManage:473 - Download File STMicroelectronics.FP-SNS-MOTENV1.pdsc
2024-01-22 09:04:42,218 [INFO] ServerAccessManage:473 - Download File STMicroelectronics.FP-SNS-MOTENVWB1.pdsc
2024-01-22 09:04:42,721 [INFO] ServerAccessManage:473 - Download File STMicroelectronics.FP-SNS-SMARTAG2.pdsc
2024-01-22 09:04:43,177 [INFO] ServerAccessManage:473 - Download File STMicroelectronics.X-CUBE-AI.pdsc
2024-01-22 09:04:43,899 [WARN] MainUpdater:1194 - Updater busy. Cannot search thirdparties
2024-01-22 09:04:43,899 [INFO] ThirdPartyUpdaterWithRetryManager:96 - Updater plugin is busy. [2/15]
2024-01-22 09:04:44,479 [INFO] WebApp:161 - Instantiating new browser for Auth
2024-01-22 09:04:45,255 [INFO] WebApp:780 - Register for checkConnection events
2024-01-22 09:04:45,255 [INFO] WebApp:414 - Apply proxy settings
2024-01-22 09:04:45,255 [INFO] WebApp:499 - Chromium requires no authentication
2024-01-22 09:04:45,269 [INFO] WebApp:442 - Direct internet connection detected
2024-01-22 09:04:45,503 [INFO] WebApp:192 - Starting web application
2024-01-22 09:04:45,503 [INFO] WebApp:544 - Web application path used C:\ST\STM32CubeIDE_1.14.1\STM32CubeIDE\plugins\com.st.stm32cube.common.mx_6.10.0.202311202037\db\plugins\mcufinder\reactClient1\index.html
2024-01-22 09:04:46,361 [INFO] ServerAccessManage:473 - Download File STMicroelectronics.X-CUBE-ALS.pdsc
2024-01-22 09:04:46,910 [WARN] MainUpdater:1194 - Updater busy. Cannot search thirdparties
2024-01-22 09:04:46,910 [INFO] ThirdPartyUpdaterWithRetryManager:96 - Updater plugin is busy. [3/15]
2024-01-22 09:04:47,020 [INFO] ServerAccessManage:473 - Download File STMicroelectronics.X-CUBE-BLE1.pdsc
2024-01-22 09:04:49,722 [ERROR] ServerAccessManage:1089 - Problem, file not found on Server
2024-01-22 09:04:49,926 [WARN] MainUpdater:1194 - Updater busy. Cannot search thirdparties
2024-01-22 09:04:49,926 [INFO] ThirdPartyUpdaterWithRetryManager:96 - Updater plugin is busy. [4/15]
2024-01-22 09:04:49,942 [INFO] ServerAccessManage:473 - Download File STMicroelectronics.X-CUBE-BLE2.pdsc
2024-01-22 09:04:51,623 [INFO] ServerAccessManage:473 - Download File STMicroelectronics.X-CUBE-BLEMGR.pdsc
2024-01-22 09:04:52,660 [INFO] ServerAccessManage:473 - Download File STMicroelectronics.X-CUBE-DISPLAY.pdsc
2024-01-22 09:04:52,928 [WARN] MainUpdater:1194 - Updater busy. Cannot search thirdparties
2024-01-22 09:04:52,928 [INFO] ThirdPartyUpdaterWithRetryManager:96 - Updater plugin is busy. [5/15]
2024-01-22 09:04:53,698 [INFO] ServerAccessManage:473 - Download File STMicroelectronics.X-CUBE-EEPRMA1.pdsc
2024-01-22 09:04:54,641 [ERROR] ServerAccessManage:1089 - Problem, file not found on Server
2024-01-22 09:04:55,270 [INFO] ServerAccessManage:473 - Download File STMicroelectronics.X-CUBE-FREERTOS.pdsc
2024-01-22 09:04:55,930 [WARN] MainUpdater:1194 - Updater busy. Cannot search thirdparties
2024-01-22 09:04:55,930 [INFO] ThirdPartyUpdaterWithRetryManager:96 - Updater plugin is busy. [6/15]
2024-01-22 09:04:56,026 [INFO] ServerAccessManage:473 - Download File STMicroelectronics.X-CUBE-GNSS1.pdsc
2024-01-22 09:04:57,928 [ERROR] ServerAccessManage:1089 - Problem, file not found on Server
2024-01-22 09:04:58,542 [ERROR] ServerAccessManage:1089 - Problem, file not found on Server
2024-01-22 09:04:58,850 [ERROR] ServerAccessManage:1089 - Problem, file not found on Server
2024-01-22 09:04:58,933 [WARN] MainUpdater:1194 - Updater busy. Cannot search thirdparties
2024-01-22 09:04:58,933 [INFO] ThirdPartyUpdaterWithRetryManager:96 - Updater plugin is busy. [7/15]
2024-01-22 09:04:59,471 [ERROR] ServerAccessManage:1089 - Problem, file not found on Server
2024-01-22 09:05:00,082 [ERROR] ServerAccessManage:1089 - Problem, file not found on Server
2024-01-22 09:05:00,695 [ERROR] ServerAccessManage:1089 - Problem, file not found on Server
2024-01-22 09:05:00,851 [INFO] ServerAccessManage:473 - Download File STMicroelectronics.X-CUBE-ISPU.pdsc
2024-01-22 09:05:01,598 [INFO] ServerAccessManage:473 - Download File STMicroelectronics.X-CUBE-MEMS1.pdsc
2024-01-22 09:05:01,935 [WARN] MainUpdater:1194 - Updater busy. Cannot search thirdparties
2024-01-22 09:05:01,935 [INFO] ThirdPartyUpdaterWithRetryManager:96 - Updater plugin is busy. [8/15]
2024-01-22 09:05:04,938 [WARN] MainUpdater:1194 - Updater busy. Cannot search thirdparties
2024-01-22 09:05:04,938 [INFO] ThirdPartyUpdaterWithRetryManager:96 - Updater plugin is busy. [9/15]
2024-01-22 09:05:05,008 [INFO] ServerAccessManage:473 - Download File STMicroelectronics.X-CUBE-NFC4.pdsc
2024-01-22 09:05:06,702 [ERROR] LogOutputStream:75 - [STDERR_REDIRECT] SLF4J: Failed to load class "org.slf4j.impl.StaticLoggerBinder".
2024-01-22 09:05:06,704 [ERROR] LogOutputStream:75 - [STDERR_REDIRECT] SLF4J: Defaulting to no-operation (NOP) logger implementation
2024-01-22 09:05:06,705 [ERROR] LogOutputStream:75 - [STDERR_REDIRECT] SLF4J: See http://www.slf4j.org/codes.html#StaticLoggerBinder for further details.
2024-01-22 09:05:06,913 [INFO] ServerAccessManage:473 - Download File STMicroelectronics.X-CUBE-NFC6.pdsc
2024-01-22 09:05:07,330 [INFO] ServerAccessManage:473 - Download File STMicroelectronics.X-CUBE-NFC7.pdsc
2024-01-22 09:05:07,709 [INFO] ServerAccessManage:473 - Download File STMicroelectronics.X-CUBE-SFXS2LP1.pdsc
2024-01-22 09:05:07,939 [WARN] MainUpdater:1194 - Updater busy. Cannot search thirdparties
2024-01-22 09:05:07,939 [INFO] ThirdPartyUpdaterWithRetryManager:96 - Updater plugin is busy. [10/15]
2024-01-22 09:05:08,432 [INFO] ServerAccessManage:473 - Download File STMicroelectronics.X-CUBE-SUBG2.pdsc
2024-01-22 09:05:10,811 [INFO] ServerAccessManage:473 - Download File STMicroelectronics.X-CUBE-SMBUS.pdsc
2024-01-22 09:05:10,942 [WARN] MainUpdater:1194 - Updater busy. Cannot search thirdparties
2024-01-22 09:05:10,942 [INFO] ThirdPartyUpdaterWithRetryManager:96 - Updater plugin is busy. [11/15]
2024-01-22 09:05:11,516 [ERROR] ServerAccessManage:1089 - Problem, file not found on Server
2024-01-22 09:05:11,650 [INFO] ServerAccessManage:473 - Download File STMicroelectronics.X-CUBE-TOF1.pdsc
2024-01-22 09:05:13,168 [ERROR] ServerAccessManage:1089 - Problem, file not found on Server
2024-01-22 09:05:13,444 [INFO] ServerAccessManage:473 - Download File STMicroelectronics.X-CUBE-TOUCHGFX.pdsc
2024-01-22 09:05:13,944 [WARN] MainUpdater:1194 - Updater busy. Cannot search thirdparties
2024-01-22 09:05:13,944 [INFO] ThirdPartyUpdaterWithRetryManager:96 - Updater plugin is busy. [12/15]
2024-01-22 09:05:16,489 [INFO] ServerAccessManage:473 - Download File STMicroelectronics.X-CUBE-ALGOBUILD.pdsc
2024-01-22 09:05:16,945 [WARN] MainUpdater:1194 - Updater busy. Cannot search thirdparties
2024-01-22 09:05:16,945 [INFO] ThirdPartyUpdaterWithRetryManager:96 - Updater plugin is busy. [13/15]
2024-01-22 09:05:17,846 [INFO] ServerAccessManage:473 - Download File STMicroelectronics.X-CUBE-AZRTOS-H7.pdsc
2024-01-22 09:05:19,170 [INFO] ServerAccessManage:473 - Download File STMicroelectronics.X-CUBE-AZRTOS-F4.pdsc
2024-01-22 09:05:19,665 [INFO] ServerAccessManage:473 - Download File STMicroelectronics.X-CUBE-AZRTOS-F7.pdsc
2024-01-22 09:05:19,950 [WARN] MainUpdater:1194 - Updater busy. Cannot search thirdparties
2024-01-22 09:05:19,950 [INFO] ThirdPartyUpdaterWithRetryManager:96 - Updater plugin is busy. [14/15]
2024-01-22 09:05:20,174 [INFO] ServerAccessManage:473 - Download File STMicroelectronics.X-CUBE-AZRTOS-L4.pdsc
2024-01-22 09:05:20,696 [INFO] ServerAccessManage:473 - Download File STMicroelectronics.X-CUBE-AZRTOS-L5.pdsc
2024-01-22 09:05:21,629 [INFO] ServerAccessManage:473 - Download File STMicroelectronics.X-CUBE-AZRTOS-G0.pdsc
2024-01-22 09:05:22,100 [INFO] ServerAccessManage:473 - Download File STMicroelectronics.X-CUBE-AZRTOS-G4.pdsc
2024-01-22 09:05:22,602 [INFO] ServerAccessManage:473 - Download File STMicroelectronics.X-CUBE-AZRTOS-WB.pdsc
2024-01-22 09:05:22,964 [WARN] MainUpdater:1194 - Updater busy. Cannot search thirdparties
2024-01-22 09:05:22,964 [INFO] ThirdPartyUpdaterWithRetryManager:96 - Updater plugin is busy. [15/15]
2024-01-22 09:05:22,964 [ERROR] IntegrityCheckThread:130 - Cannot retrieve database content from updater: error -1
2024-01-22 09:05:22,964 [INFO] ThirdParty:978 - Integrity check success = false
2024-01-22 09:05:22,964 [INFO] IntegrityCheckThread:100 - exiting critical section [integrity check]
2024-01-22 09:05:22,964 [INFO] IntegrityCheckThread:103 - End integrity checks thread
2024-01-22 09:05:23,089 [INFO] ServerAccessManage:473 - Download File STMicroelectronics.X-CUBE-AZRTOS-WL.pdsc
2024-01-22 09:05:24,455 [INFO] ServerAccessManage:473 - Download File wolfSSL.I-CUBE-wolfSSL.pdsc
2024-01-22 09:05:27,003 [ERROR] ServerAccessManage:1089 - Problem, file not found on Server
2024-01-22 09:05:27,301 [ERROR] ServerAccessManage:1089 - Problem, file not found on Server
2024-01-22 09:05:27,722 [ERROR] ServerAccessManage:1089 - Problem, file not found on Server
2024-01-22 09:05:28,149 [ERROR] ServerAccessManage:1096 - Problem, Http access forbiden
2024-01-22 09:05:28,151 [ERROR] ServerAccessManage:651 - Problem, Http access forbiden : RoweBots.I-CUBE-UNISONRTOS.pdsc.
2024-01-22 09:05:28,846 [INFO] ServerAccessManage:473 - Download File SEGGER.I-CUBE-embOS.pdsc
2024-01-22 09:05:31,160 [INFO] ServerAccessManage:473 - Download File portGmbH.I-Cube-SoM-uGOAL.pdsc
2024-01-22 09:05:32,704 [ERROR] ServerAccessManage:1089 - Problem, file not found on Server
2024-01-22 09:05:32,870 [ERROR] ServerAccessManage:1089 - Problem, file not found on Server
2024-01-22 09:05:33,028 [ERROR] ServerAccessManage:1089 - Problem, file not found on Server
2024-01-22 09:05:33,872 [INFO] ServerAccessManage:473 - Download File emotas.I-CUBE-CANOPEN.pdsc
2024-01-22 09:05:34,798 [INFO] ServerAccessManage:473 - Download File WES.I-CUBE-Cesium.pdsc
2024-01-22 09:05:35,246 [ERROR] ServerAccessManage:1089 - Problem, file not found on Server
2024-01-22 09:05:35,514 [ERROR] ServerAccessManage:1089 - Problem, file not found on Server
2024-01-22 09:05:36,121 [INFO] ServerAccessManage:473 - Download File ITTIA_DB.I-CUBE-ITTIADB.pdsc
2024-01-22 09:05:38,063 [INFO] ServerAccessManage:473 - Download File Infineon.AIROC-Wi-Fi-Bluetooth-STM32.pdsc
2024-01-22 09:05:39,416 [WARN] CheckServerUpdateThread:151 - Open CheckUpdateFile Fail
2024-01-22 09:05:39,431 [WARN] PackLoader:240 - Cannot read IP mode file for STMicroelectronics.FP-ATR-ASTRA1.2.0.0
2024-01-22 09:05:39,445 [WARN] PackLoader:240 - Cannot read IP mode file for STMicroelectronics.FP-ATR-SIGFOX1.3.2.0
2024-01-22 09:05:39,455 [WARN] PackLoader:240 - Cannot read IP mode file for STMicroelectronics.FP-SNS-FLIGHT1.5.0.2
2024-01-22 09:05:39,465 [WARN] PackLoader:240 - Cannot read IP mode file for STMicroelectronics.FP-SNS-MOTENV1.4.3.2
2024-01-22 09:05:39,478 [WARN] PackLoader:240 - Cannot read IP mode file for STMicroelectronics.FP-SNS-MOTENVWB1.1.3.1
2024-01-22 09:05:39,486 [WARN] PackLoader:240 - Cannot read IP mode file for STMicroelectronics.FP-SNS-SMARTAG2.1.2.0
2024-01-22 09:05:39,494 [WARN] PackLoader:240 - Cannot read IP mode file for STMicroelectronics.X-CUBE-AI.8.1.0
2024-01-22 09:05:39,503 [WARN] PackLoader:240 - Cannot read IP mode file for STMicroelectronics.X-CUBE-ALS.1.0.1
2024-01-22 09:05:39,514 [WARN] PackLoader:240 - Cannot read IP mode file for STMicroelectronics.X-CUBE-BLE1.7.0.0
2024-01-22 09:05:39,526 [WARN] PackLoader:240 - Cannot read IP mode file for STMicroelectronics.X-CUBE-BLE2.3.3.0
2024-01-22 09:05:39,553 [INFO] CheckServerUpdateThread:120 - End of CheckServer Thread
2024-01-22 09:05:39,555 [WARN] PackLoader:240 - Cannot read IP mode file for STMicroelectronics.X-CUBE-BLEMGR.3.0.0
2024-01-22 09:05:39,585 [WARN] PackLoader:240 - Cannot read IP mode file for STMicroelectronics.X-CUBE-DISPLAY.3.0.0
2024-01-22 09:05:39,598 [WARN] PackLoader:240 - Cannot read IP mode file for STMicroelectronics.X-CUBE-EEPRMA1.4.2.0
2024-01-22 09:05:39,609 [WARN] PackLoader:240 - Cannot read IP mode file for STMicroelectronics.X-CUBE-FREERTOS.1.1.0
2024-01-22 09:05:39,617 [WARN] PackLoader:240 - Cannot read IP mode file for STMicroelectronics.X-CUBE-GNSS1.6.0.0
2024-01-22 09:05:39,624 [WARN] PackLoader:240 - Cannot read IP mode file for STMicroelectronics.X-CUBE-ISPU.2.0.0
2024-01-22 09:05:39,706 [WARN] PackLoader:240 - Cannot read IP mode file for STMicroelectronics.X-CUBE-MEMS1.10.0.0
2024-01-22 09:05:39,919 [WARN] PackLoader:240 - Cannot read IP mode file for STMicroelectronics.X-CUBE-NFC4.3.0.0
2024-01-22 09:05:39,931 [WARN] PackLoader:240 - Cannot read IP mode file for STMicroelectronics.X-CUBE-NFC6.3.0.0
2024-01-22 09:05:39,942 [WARN] PackLoader:240 - Cannot read IP mode file for STMicroelectronics.X-CUBE-NFC7.1.0.1
2024-01-22 09:05:39,953 [WARN] PackLoader:240 - Cannot read IP mode file for STMicroelectronics.X-CUBE-SFXS2LP1.4.0.0
2024-01-22 09:05:39,977 [WARN] PackLoader:240 - Cannot read IP mode file for STMicroelectronics.X-CUBE-SUBG2.5.0.0
2024-01-22 09:05:39,992 [WARN] PackLoader:240 - Cannot read IP mode file for STMicroelectronics.X-CUBE-SMBUS.2.1.0
2024-01-22 09:05:40,018 [WARN] PackLoader:240 - Cannot read IP mode file for STMicroelectronics.X-CUBE-TOF1.3.4.0
2024-01-22 09:05:40,080 [WARN] PackLoader:240 - Cannot read IP mode file for STMicroelectronics.X-CUBE-TOUCHGFX.4.23.0
2024-01-22 09:05:40,090 [WARN] PackLoader:240 - Cannot read IP mode file for STMicroelectronics.X-CUBE-ALGOBUILD.1.3.0
2024-01-22 09:05:40,131 [WARN] PackLoader:240 - Cannot read IP mode file for STMicroelectronics.X-CUBE-AZRTOS-H7.3.2.0
2024-01-22 09:05:40,173 [WARN] PackLoader:240 - Cannot read IP mode file for STMicroelectronics.X-CUBE-AZRTOS-F4.1.1.0
2024-01-22 09:05:40,200 [WARN] PackLoader:240 - Cannot read IP mode file for STMicroelectronics.X-CUBE-AZRTOS-F7.1.1.0
2024-01-22 09:05:40,226 [WARN] ConditionMgr:438 - getConditionDescription Invalid condition id : LAN8742 Phy interface Condition cause : null
2024-01-22 09:05:40,226 [WARN] PackLoader:240 - Cannot read IP mode file for STMicroelectronics.X-CUBE-AZRTOS-L4.2.0.0
2024-01-22 09:05:40,228 [WARN] ConditionMgr:1039 - genDependencies : Invalid condition id : LAN8742 Phy interface Condition cause : null
2024-01-22 09:05:40,229 [WARN] ConditionMgr:1039 - genDependencies : Invalid condition id : LAN8742 Phy interface Condition cause : null
2024-01-22 09:05:40,230 [WARN] ConditionMgr:1039 - genDependencies : Invalid condition id : LAN8742 Phy interface Condition cause : null
2024-01-22 09:05:40,248 [WARN] PackLoader:240 - Cannot read IP mode file for STMicroelectronics.X-CUBE-AZRTOS-L5.2.0.0
2024-01-22 09:05:40,273 [WARN] PackLoader:240 - Cannot read IP mode file for STMicroelectronics.X-CUBE-AZRTOS-G0.1.1.0
2024-01-22 09:05:40,296 [WARN] PackLoader:240 - Cannot read IP mode file for STMicroelectronics.X-CUBE-AZRTOS-G4.2.0.0
2024-01-22 09:05:40,313 [WARN] ConditionMgr:438 - getConditionDescription Invalid condition id : UX DEVICE CLASS RTOS Condition cause : null
2024-01-22 09:05:40,313 [WARN] ConditionMgr:438 - getConditionDescription Invalid condition id : UX DEVICE CLASS RTOS Condition cause : null
2024-01-22 09:05:40,316 [WARN] PackLoader:240 - Cannot read IP mode file for STMicroelectronics.X-CUBE-AZRTOS-WB.2.0.0
2024-01-22 09:05:40,317 [WARN] ConditionMgr:1039 - genDependencies : Invalid condition id : UX DEVICE CLASS RTOS Condition cause : null
2024-01-22 09:05:40,317 [WARN] ConditionMgr:1039 - genDependencies : Invalid condition id : UX DEVICE CLASS RTOS Condition cause : null
2024-01-22 09:05:40,318 [WARN] ConditionMgr:1039 - genDependencies : Invalid condition id : UX DEVICE CLASS RTOS Condition cause : null
2024-01-22 09:05:40,324 [WARN] ConditionMgr:1039 - genDependencies : Invalid condition id : UX DEVICE CLASS RTOS Condition cause : null
2024-01-22 09:05:40,324 [WARN] ConditionMgr:1039 - genDependencies : Invalid condition id : UX DEVICE CLASS RTOS Condition cause : null
2024-01-22 09:05:40,344 [INFO] LogOutputStream:77 - [STDOUT_REDIRECT] 1 : Invalid condition id : UX_CORESTACK_Condition cause : null
2024-01-22 09:05:40,346 [INFO] LogOutputStream:77 - [STDOUT_REDIRECT] 1 : Invalid condition id : UX_CORESTACK_Condition cause : null
2024-01-22 09:05:40,349 [INFO] LogOutputStream:77 - [STDOUT_REDIRECT] 1 : Invalid condition id : UX_CORESTACK_Condition cause : null
2024-01-22 09:05:40,352 [INFO] LogOutputStream:77 - [STDOUT_REDIRECT] 1 : Invalid condition id : UX_CORESTACK_Condition cause : null
2024-01-22 09:05:40,355 [INFO] LogOutputStream:77 - [STDOUT_REDIRECT] 1 : Invalid condition id : UX_CORESTACK_Condition cause : null
2024-01-22 09:05:40,360 [WARN] PackLoader:240 - Cannot read IP mode file for STMicroelectronics.X-CUBE-AZRTOS-WL.2.0.0
2024-01-22 09:05:40,370 [WARN] PackLoader:240 - Cannot read IP mode file for wolfSSL.I-CUBE-wolfSSL.5.6.6
2024-01-22 09:05:40,410 [WARN] PackLoader:240 - Cannot read IP mode file for SEGGER.I-CUBE-embOS.1.3.1
2024-01-22 09:05:40,487 [WARN] PackLoader:240 - Cannot read IP mode file for portGmbH.I-Cube-SoM-uGOAL.1.1.0
2024-01-22 09:05:40,504 [WARN] PackLoader:240 - Cannot read IP mode file for emotas.I-CUBE-CANOPEN.1.3.0
2024-01-22 09:05:40,512 [WARN] PackLoader:240 - Cannot read IP mode file for WES.I-CUBE-Cesium.1.3.0
2024-01-22 09:05:40,518 [WARN] PackLoader:240 - Cannot read IP mode file for ITTIA_DB.I-CUBE-ITTIADB.8.8.0
2024-01-22 09:05:40,528 [WARN] PackLoader:240 - Cannot read IP mode file for Infineon.AIROC-Wi-Fi-Bluetooth-STM32.1.5.1
2024-01-22 09:05:40,533 [INFO] PopulateThirdPartyThread:66 - Ending populate Thread
2024-01-22 09:05:40,536 [INFO] ThirdParty:1030 - CMSIS Pack Vendor :STMicroelectronics X-CUBE-DISPLAY 3.0.0
2024-01-22 09:05:40,536 [INFO] ThirdParty:1030 - CMSIS Pack Vendor :STMicroelectronics X-CUBE-GNSS1 6.0.0
2024-01-22 09:05:40,536 [INFO] ThirdParty:1030 - CMSIS Pack Vendor :STMicroelectronics FP-SNS-MOTENVWB1 1.3.1
2024-01-22 09:05:40,537 [INFO] ThirdParty:1030 - CMSIS Pack Vendor :STMicroelectronics X-CUBE-AZRTOS-F4 1.1.0
2024-01-22 09:05:40,537 [INFO] ThirdParty:1030 - CMSIS Pack Vendor :STMicroelectronics FP-ATR-SIGFOX1 3.2.0
2024-01-22 09:05:40,537 [INFO] ThirdParty:1030 - CMSIS Pack Vendor :STMicroelectronics X-CUBE-BLE1 7.0.0
2024-01-22 09:05:40,537 [INFO] ThirdParty:1030 - CMSIS Pack Vendor :STMicroelectronics X-CUBE-SMBUS 2.1.0
2024-01-22 09:05:40,537 [INFO] ThirdParty:1030 - CMSIS Pack Vendor :STMicroelectronics X-CUBE-ISPU 2.0.0
2024-01-22 09:05:40,537 [INFO] ThirdParty:1030 - CMSIS Pack Vendor :STMicroelectronics X-CUBE-AZRTOS-WB 2.0.0
2024-01-22 09:05:40,537 [INFO] ThirdParty:1030 - CMSIS Pack Vendor :emotas I-CUBE-CANOPEN 1.3.0
2024-01-22 09:05:40,537 [INFO] ThirdParty:1030 - CMSIS Pack Vendor :STMicroelectronics X-CUBE-MEMS1 10.0.0
2024-01-22 09:05:40,537 [INFO] ThirdParty:1030 - CMSIS Pack Vendor :wolfSSL I-CUBE-wolfSSL 5.6.6
2024-01-22 09:05:40,537 [INFO] ThirdParty:1030 - CMSIS Pack Vendor :STMicroelectronics X-CUBE-FREERTOS 1.1.0
2024-01-22 09:05:40,538 [INFO] ThirdParty:1030 - CMSIS Pack Vendor :STMicroelectronics X-CUBE-NFC7 1.0.1
2024-01-22 09:05:40,538 [INFO] ThirdParty:1030 - CMSIS Pack Vendor :STMicroelectronics X-CUBE-TOUCHGFX 4.23.0
2024-01-22 09:05:40,538 [INFO] ThirdParty:1030 - CMSIS Pack Vendor :STMicroelectronics X-CUBE-AZRTOS-F7 1.1.0
2024-01-22 09:05:40,538 [INFO] ThirdParty:1030 - CMSIS Pack Vendor :STMicroelectronics X-CUBE-AZRTOS-L5 2.0.0
2024-01-22 09:05:40,538 [INFO] ThirdParty:1030 - CMSIS Pack Vendor :STMicroelectronics X-CUBE-NFC6 3.0.0
2024-01-22 09:05:40,538 [INFO] ThirdParty:1030 - CMSIS Pack Vendor :STMicroelectronics X-CUBE-ALS 1.0.1
2024-01-22 09:05:40,538 [INFO] ThirdParty:1030 - CMSIS Pack Vendor :portGmbH I-Cube-SoM-uGOAL 1.1.0
2024-01-22 09:05:40,538 [INFO] ThirdParty:1030 - CMSIS Pack Vendor :STMicroelectronics X-CUBE-EEPRMA1 4.2.0
2024-01-22 09:05:40,538 [INFO] ThirdParty:1030 - CMSIS Pack Vendor :ITTIA_DB I-CUBE-ITTIADB 8.8.0
2024-01-22 09:05:40,538 [INFO] ThirdParty:1030 - CMSIS Pack Vendor :STMicroelectronics FP-SNS-SMARTAG2 1.2.0
2024-01-22 09:05:40,538 [INFO] ThirdParty:1030 - CMSIS Pack Vendor :STMicroelectronics FP-SNS-MOTENV1 4.3.2
2024-01-22 09:05:40,538 [INFO] ThirdParty:1030 - CMSIS Pack Vendor :STMicroelectronics X-CUBE-ALGOBUILD 1.3.0
2024-01-22 09:05:40,539 [INFO] ThirdParty:1030 - CMSIS Pack Vendor :STMicroelectronics X-CUBE-AZRTOS-WL 2.0.0
2024-01-22 09:05:40,539 [INFO] ThirdParty:1030 - CMSIS Pack Vendor :SEGGER I-CUBE-embOS 1.3.1
2024-01-22 09:05:40,539 [INFO] ThirdParty:1030 - CMSIS Pack Vendor :STMicroelectronics X-CUBE-AZRTOS-G0 1.1.0
2024-01-22 09:05:40,539 [INFO] ThirdParty:1030 - CMSIS Pack Vendor :STMicroelectronics X-CUBE-AI 8.1.0
2024-01-22 09:05:40,539 [INFO] ThirdParty:1030 - CMSIS Pack Vendor :STMicroelectronics X-CUBE-NFC4 3.0.0
2024-01-22 09:05:40,539 [INFO] ThirdParty:1030 - CMSIS Pack Vendor :STMicroelectronics X-CUBE-SUBG2 5.0.0
2024-01-22 09:05:40,539 [INFO] ThirdParty:1030 - CMSIS Pack Vendor :STMicroelectronics X-CUBE-AZRTOS-L4 2.0.0
2024-01-22 09:05:40,539 [INFO] ThirdParty:1030 - CMSIS Pack Vendor :STMicroelectronics FP-ATR-ASTRA1 2.0.0
2024-01-22 09:05:40,539 [INFO] ThirdParty:1030 - CMSIS Pack Vendor :WES I-CUBE-Cesium 1.3.0
2024-01-22 09:05:40,539 [INFO] ThirdParty:1030 - CMSIS Pack Vendor :STMicroelectronics X-CUBE-SFXS2LP1 4.0.0
2024-01-22 09:05:40,539 [INFO] ThirdParty:1030 - CMSIS Pack Vendor :STMicroelectronics FP-SNS-FLIGHT1 5.0.2
2024-01-22 09:05:40,539 [INFO] ThirdParty:1030 - CMSIS Pack Vendor :STMicroelectronics X-CUBE-BLE2 3.3.0
2024-01-22 09:05:40,540 [INFO] ThirdParty:1030 - CMSIS Pack Vendor :STMicroelectronics X-CUBE-TOF1 3.4.0
2024-01-22 09:05:40,540 [INFO] ThirdParty:1030 - CMSIS Pack Vendor :STMicroelectronics X-CUBE-AZRTOS-G4 2.0.0
2024-01-22 09:05:40,540 [INFO] ThirdParty:1030 - CMSIS Pack Vendor :STMicroelectronics X-CUBE-AZRTOS-H7 3.2.0
2024-01-22 09:05:40,540 [INFO] ThirdParty:1030 - CMSIS Pack Vendor :Infineon AIROC-Wi-Fi-Bluetooth-STM32 1.5.1
2024-01-22 09:05:40,540 [INFO] ThirdParty:1030 - CMSIS Pack Vendor :STMicroelectronics X-CUBE-BLEMGR 3.0.0
2024-01-22 09:05:40,541 [INFO] LoadServerUpdatesThread:375 - End of LoadServerUpdate Thread
2024-01-22 09:06:20,456 [ERROR] AdobePublisher:162 - Exception while opening the connection: java.net.UnknownHostException: stmicroelectronics.d3.sc.omtrdc.net
2024-01-22 09:06:20,457 [ERROR] AdobePublisher:162 - Exception while opening the connection: java.net.UnknownHostException: stmicroelectronics.d3.sc.omtrdc.net
2024-01-22 09:06:20,457 [ERROR] AdobePublisher:162 - Exception while opening the connection: java.net.UnknownHostException: stmicroelectronics.d3.sc.omtrdc.net
2024-01-22 09:06:20,458 [ERROR] AdobePublisher:162 - Exception while opening the connection: java.net.UnknownHostException: stmicroelectronics.d3.sc.omtrdc.net
2024-01-22 09:06:20,458 [ERROR] AdobePublisher:162 - Exception while opening the connection: java.net.UnknownHostException: stmicroelectronics.d3.sc.omtrdc.net
2024-01-22 09:06:21,798 [ERROR] LogOutputStream:75 - [STDERR_REDIRECT] 
2024-01-22 09:06:21,799 [ERROR] LogOutputStream:75 - [STDERR_REDIRECT] 
