2024-04-01 12:19:14,130 [INFO] Activator:176 - 


2024-04-01 12:19:14,136 [INFO] Activator:177 - !SESSION log4j initialized
2024-04-01 12:19:22,100 [INFO] LogOutputStream:77 - [STDOUT_REDIRECT] 
2024-04-01 12:19:24,790 [INFO] ApplicationProperties:184 - Using Application install path: C:\ST\STM32CubeIDE_1.14.1\STM32CubeIDE\plugins\com.st.stm32cube.common.mx_6.10.0.202311202037
2024-04-01 12:19:24,808 [INFO] DbMcusXml:78 - Set database path to: C:\ST\STM32CubeIDE_1.14.1\STM32CubeIDE\plugins\com.st.stm32cube.common.mx_6.10.0.202311202037\\db\/mcu/
2024-04-01 12:19:24,809 [INFO] ApiDb:274 - Set plugin database path to: C:\ST\STM32CubeIDE_1.14.1\STM32CubeIDE\plugins\com.st.stm32cube.common.mx_6.10.0.202311202037\\db\/plugins/boardmanager/
2024-04-01 12:19:24,809 [WARN] ApiDb:259 - Overriding images path with different value:  => C:\ST\STM32CubeIDE_1.14.1\STM32CubeIDE\plugins\com.st.stm32cube.common.mx_6.10.0.202311202037\\db\/plugins/mcufinder/images/
2024-04-01 12:19:24,824 [INFO] ApiDb:250 - Set database path to: C:\Users\TuranyElijah\.stmcufinder\plugins\mcufinder//mcu/
2024-04-01 12:19:24,825 [INFO] DbMcusAds:125 - Set database path to: C:\Users\TuranyElijah\.stmcufinder\plugins\mcufinder//mcu/
2024-04-01 12:19:24,827 [INFO] CrossReferenceDbSqlite:203 - Set database path to: C:\Users\TuranyElijah\.stmcufinder\plugins\mcufinder//mcu/cs/
2024-04-01 12:19:25,078 [INFO] RulesReader:64 - Compatibility file has been processed (297 Rules)
2024-04-01 12:19:25,206 [INFO] DbMcusXml:78 - Set database path to: C:\ST\STM32CubeIDE_1.14.1\STM32CubeIDE\plugins\com.st.stm32cube.common.mx_6.10.0.202311202037\\db\/mcu/
2024-04-01 12:19:25,206 [INFO] ApiDb:274 - Set plugin database path to: C:\ST\STM32CubeIDE_1.14.1\STM32CubeIDE\plugins\com.st.stm32cube.common.mx_6.10.0.202311202037\\db\/plugins/boardmanager/
2024-04-01 12:19:25,206 [INFO] ApiDb:261 - Set plugin images path to: C:\ST\STM32CubeIDE_1.14.1\STM32CubeIDE\plugins\com.st.stm32cube.common.mx_6.10.0.202311202037\\db\/plugins/mcufinder/images/
2024-04-01 12:19:25,206 [WARN] DbFile:41 - Overriding database path with different value: C:\Users\TuranyElijah\.stmcufinder\plugins\mcufinder/ => C:\Users\TuranyElijah\.stmcufinder\plugins\mcufinder
2024-04-01 12:19:25,206 [INFO] ApiDb:250 - Set database path to: C:\Users\TuranyElijah\.stmcufinder\plugins\mcufinder//mcu/
2024-04-01 12:19:25,206 [WARN] DbFile:41 - Overriding database path with different value: C:\Users\TuranyElijah\.stmcufinder\plugins\mcufinder/ => C:\Users\TuranyElijah\.stmcufinder\plugins\mcufinder
2024-04-01 12:19:25,206 [INFO] DbMcusAds:125 - Set database path to: C:\Users\TuranyElijah\.stmcufinder\plugins\mcufinder//mcu/
2024-04-01 12:19:25,207 [WARN] DbFile:41 - Overriding database path with different value: C:\Users\TuranyElijah\.stmcufinder\plugins\mcufinder/ => C:\Users\TuranyElijah\.stmcufinder\plugins\mcufinder
2024-04-01 12:19:25,207 [WARN] DbFile:41 - Overriding database path with different value: C:\Users\TuranyElijah\.stmcufinder\plugins\mcufinder/ => C:\Users\TuranyElijah\.stmcufinder\plugins\mcufinder
2024-04-01 12:19:25,207 [INFO] CrossReferenceDbSqlite:203 - Set database path to: C:\Users\TuranyElijah\.stmcufinder\plugins\mcufinder//mcu/cs/
2024-04-01 12:19:25,352 [INFO] MainPanel:264 - HeapMemory: 268435456
2024-04-01 12:19:25,481 [INFO] DbMcusXml:78 - Set database path to: C:\ST\STM32CubeIDE_1.14.1\STM32CubeIDE\plugins\com.st.stm32cube.common.mx_6.10.0.202311202037\\db\/mcu/
2024-04-01 12:19:25,481 [INFO] ApiDb:274 - Set plugin database path to: C:\ST\STM32CubeIDE_1.14.1\STM32CubeIDE\plugins\com.st.stm32cube.common.mx_6.10.0.202311202037\\db\/plugins/boardmanager/
2024-04-01 12:19:25,481 [INFO] ApiDb:261 - Set plugin images path to: C:\ST\STM32CubeIDE_1.14.1\STM32CubeIDE\plugins\com.st.stm32cube.common.mx_6.10.0.202311202037\\db\/plugins/mcufinder/images/
2024-04-01 12:19:25,482 [WARN] DbFile:41 - Overriding database path with different value: C:\Users\TuranyElijah\.stmcufinder\plugins\mcufinder/ => C:\Users\TuranyElijah\.stmcufinder\plugins\mcufinder
2024-04-01 12:19:25,482 [INFO] ApiDb:250 - Set database path to: C:\Users\TuranyElijah\.stmcufinder\plugins\mcufinder//mcu/
2024-04-01 12:19:25,482 [WARN] DbFile:41 - Overriding database path with different value: C:\Users\TuranyElijah\.stmcufinder\plugins\mcufinder/ => C:\Users\TuranyElijah\.stmcufinder\plugins\mcufinder
2024-04-01 12:19:25,482 [INFO] DbMcusAds:125 - Set database path to: C:\Users\TuranyElijah\.stmcufinder\plugins\mcufinder//mcu/
2024-04-01 12:19:25,482 [WARN] DbFile:41 - Overriding database path with different value: C:\Users\TuranyElijah\.stmcufinder\plugins\mcufinder/ => C:\Users\TuranyElijah\.stmcufinder\plugins\mcufinder
2024-04-01 12:19:25,482 [WARN] DbFile:41 - Overriding database path with different value: C:\Users\TuranyElijah\.stmcufinder\plugins\mcufinder/ => C:\Users\TuranyElijah\.stmcufinder\plugins\mcufinder
2024-04-01 12:19:25,482 [INFO] CrossReferenceDbSqlite:203 - Set database path to: C:\Users\TuranyElijah\.stmcufinder\plugins\mcufinder//mcu/cs/
2024-04-01 12:19:25,503 [INFO] ApplicationProperties:184 - Using Application install path: C:\ST\STM32CubeIDE_1.14.1\STM32CubeIDE\plugins\com.st.stm32cube.common.mx_6.10.0.202311202037
2024-04-01 12:19:25,505 [INFO] PluginManage:196 - Search for loadable plugins [exclusion list=, ]
2024-04-01 12:19:25,506 [INFO] PluginManage:310 - Check plugin analytics
2024-04-01 12:19:25,685 [INFO] AnalyticsPlugin:253 - Accepted Software Licenses: STM32CubeMX.6.10.0
2024-04-01 12:19:25,685 [INFO] AnalyticsPlugin:255 - Accepted CMSIS Pack Licenses: 
2024-04-01 12:19:25,685 [INFO] AnalyticsPlugin:257 - Accepted Firmware Licenses: 
2024-04-01 12:19:25,689 [INFO] PluginManage:359 - Loaded plugin analytics (category:tool,tabindex:-1)
2024-04-01 12:19:25,689 [INFO] PluginManage:310 - Check plugin cadmodel
2024-04-01 12:19:25,709 [INFO] CADModel:105 - Init CAD model plugin
2024-04-01 12:19:25,709 [INFO] PluginManage:359 - Loaded plugin cadmodel (category:power,tabindex:5)
2024-04-01 12:19:25,709 [INFO] PluginManage:310 - Check plugin clock
2024-04-01 12:19:25,733 [INFO] PluginManage:359 - Loaded plugin clock (category:base,tabindex:2)
2024-04-01 12:19:25,733 [INFO] PluginManage:310 - Check plugin ddr
2024-04-01 12:19:25,737 [INFO] PluginManage:359 - Loaded plugin ddr (category:tool,tabindex:6)
2024-04-01 12:19:25,737 [INFO] PluginManage:310 - Check plugin filemanager
2024-04-01 12:19:25,934 [INFO] PluginManage:359 - Loaded plugin filemanager (category:base,tabindex:10)
2024-04-01 12:19:25,934 [INFO] PluginManage:310 - Check plugin ipmanager
2024-04-01 12:19:25,942 [INFO] PluginManage:359 - Loaded plugin ipmanager (category:base,tabindex:5)
2024-04-01 12:19:25,942 [INFO] PluginManage:310 - Check plugin lpbam
2024-04-01 12:19:25,962 [INFO] PluginManage:359 - Loaded plugin lpbam (category:base,tabindex:0)
2024-04-01 12:19:25,963 [INFO] PluginManage:310 - Check plugin memorymap
2024-04-01 12:19:25,990 [INFO] PluginManage:359 - Loaded plugin memorymap (category:base,tabindex:4)
2024-04-01 12:19:25,990 [INFO] PluginManage:310 - Check plugin pinoutandconfiguration
2024-04-01 12:19:26,008 [INFO] PluginManage:359 - Loaded plugin pinoutandconfiguration (category:base,tabindex:1)
2024-04-01 12:19:26,008 [INFO] PluginManage:310 - Check plugin pinoutconfig
2024-04-01 12:19:26,108 [WARN] SupportedApi:132 - Cannot load RTOS API schema: s4s-elt-must-match.1: The content of 'definitions' must match (annotation?, (simpleType | complexType)?, (unique | key | keyref)*)). A problem was found starting at: attribute.
2024-04-01 12:19:26,247 [INFO] PluginManage:359 - Loaded plugin pinoutconfig (category:base,tabindex:0)
2024-04-01 12:19:26,247 [INFO] PluginManage:310 - Check plugin power
2024-04-01 12:19:26,272 [INFO] PluginManage:359 - Loaded plugin power (category:power,tabindex:4)
2024-04-01 12:19:26,272 [INFO] PluginManage:310 - Check plugin projectmanager
2024-04-01 12:19:26,289 [INFO] PluginManage:359 - Loaded plugin projectmanager (category:projectmanager,tabindex:3)
2024-04-01 12:19:26,289 [INFO] PluginManage:310 - Check plugin thirdparty
2024-04-01 12:19:26,558 [INFO] PluginManage:359 - Loaded plugin thirdparty (category:base,tabindex:-1)
2024-04-01 12:19:26,558 [WARN] IntegrityCheckThread:84 - waiting for thirdparty lock release [integrity check]
2024-04-01 12:19:26,558 [INFO] PluginManage:310 - Check plugin tools
2024-04-01 12:19:26,558 [INFO] IntegrityCheckThread:86 - entering critical section [integrity check]
2024-04-01 12:19:26,559 [INFO] ThirdPartyUpdaterWithRetryManager:70 - Updater plugin not ready yet. [1/15]
2024-04-01 12:19:26,591 [INFO] PluginManage:359 - Loaded plugin tools (category:base,tabindex:7)
2024-04-01 12:19:26,591 [INFO] PluginManage:310 - Check plugin tutovideos
2024-04-01 12:19:26,782 [INFO] PluginManage:359 - Loaded plugin tutovideos (category:base,tabindex:-1)
2024-04-01 12:19:26,783 [INFO] PluginManage:310 - Check plugin updater
2024-04-01 12:19:26,797 [INFO] PluginManage:359 - Loaded plugin updater (category:base,tabindex:12)
2024-04-01 12:19:26,797 [INFO] PluginManage:310 - Check plugin userauth
2024-04-01 12:19:26,803 [INFO] UserAuth:114 - Init User Auth plugin
2024-04-01 12:19:26,804 [INFO] PluginManage:359 - Loaded plugin userauth (category:base,tabindex:14)
2024-04-01 12:19:26,804 [INFO] PluginManage:283 - PluginManage : Loaded plugins [17]
2024-04-01 12:19:27,020 [INFO] PinOutPanel:1499 - setPackage(No Configuration,No Configuration)
2024-04-01 12:19:27,094 [INFO] CADModel:165 - CPN selected for project level
2024-04-01 12:19:27,094 [INFO] CADModel:114 - Register for checkConnection events
2024-04-01 12:19:27,119 [INFO] IPUIPlugin:80 - create IPUIPlugin
2024-04-01 12:19:27,119 [INFO] PluginManager:220 - loadIPPluginJar : add adc
2024-04-01 12:19:27,154 [INFO] IPUIPlugin:80 - create IPUIPlugin
2024-04-01 12:19:27,154 [INFO] PluginManager:220 - loadIPPluginJar : add aes
2024-04-01 12:19:27,194 [INFO] IPUIPlugin:80 - create IPUIPlugin
2024-04-01 12:19:27,194 [INFO] PluginManager:220 - loadIPPluginJar : add can
2024-04-01 12:19:27,215 [INFO] IPUIPlugin:80 - create IPUIPlugin
2024-04-01 12:19:27,215 [INFO] PluginManager:220 - loadIPPluginJar : add comp
2024-04-01 12:19:27,245 [INFO] IPUIPlugin:80 - create IPUIPlugin
2024-04-01 12:19:27,245 [INFO] PluginManager:220 - loadIPPluginJar : add cryp
2024-04-01 12:19:27,272 [INFO] IPUIPlugin:80 - create IPUIPlugin
2024-04-01 12:19:27,272 [INFO] PluginManager:220 - loadIPPluginJar : add dfsdm
2024-04-01 12:19:27,289 [INFO] IPUIPlugin:80 - create IPUIPlugin
2024-04-01 12:19:27,290 [INFO] PluginManager:220 - loadIPPluginJar : add dma
2024-04-01 12:19:27,331 [INFO] IPUIPlugin:80 - create IPUIPlugin
2024-04-01 12:19:27,331 [INFO] PluginManager:220 - loadIPPluginJar : add dma3
2024-04-01 12:19:27,350 [INFO] IPUIPlugin:80 - create IPUIPlugin
2024-04-01 12:19:27,350 [INFO] PluginManager:220 - loadIPPluginJar : add fatfs
2024-04-01 12:19:27,395 [INFO] IPUIPlugin:80 - create IPUIPlugin
2024-04-01 12:19:27,395 [INFO] PluginManager:220 - loadIPPluginJar : add fmc
2024-04-01 12:19:27,411 [INFO] IPUIPlugin:80 - create IPUIPlugin
2024-04-01 12:19:27,411 [INFO] PluginManager:220 - loadIPPluginJar : add freertos
2024-04-01 12:19:27,440 [INFO] IPUIPlugin:80 - create IPUIPlugin
2024-04-01 12:19:27,440 [INFO] PluginManager:220 - loadIPPluginJar : add genericplugin
2024-04-01 12:19:27,521 [INFO] IPUIPlugin:80 - create IPUIPlugin
2024-04-01 12:19:27,521 [INFO] PluginManager:220 - loadIPPluginJar : add gfxmmu
2024-04-01 12:19:27,638 [INFO] IPUIPlugin:80 - create IPUIPlugin
2024-04-01 12:19:27,638 [INFO] PluginManager:220 - loadIPPluginJar : add gic
2024-04-01 12:19:27,654 [INFO] IPUIPlugin:80 - create IPUIPlugin
2024-04-01 12:19:27,654 [INFO] PluginManager:220 - loadIPPluginJar : add gpio
2024-04-01 12:19:27,737 [INFO] IPUIPlugin:80 - create IPUIPlugin
2024-04-01 12:19:27,737 [INFO] PluginManager:220 - loadIPPluginJar : add gtzc
2024-04-01 12:19:27,767 [INFO] IPUIPlugin:80 - create IPUIPlugin
2024-04-01 12:19:27,767 [INFO] PluginManager:220 - loadIPPluginJar : add hash
2024-04-01 12:19:27,814 [INFO] IPUIPlugin:80 - create IPUIPlugin
2024-04-01 12:19:27,814 [INFO] PluginManager:220 - loadIPPluginJar : add i2c
2024-04-01 12:19:27,850 [INFO] IPUIPlugin:80 - create IPUIPlugin
2024-04-01 12:19:27,850 [INFO] PluginManager:220 - loadIPPluginJar : add i2s
2024-04-01 12:19:27,886 [INFO] IPUIPlugin:80 - create IPUIPlugin
2024-04-01 12:19:27,886 [INFO] PluginManager:220 - loadIPPluginJar : add i3c
2024-04-01 12:19:27,978 [INFO] IPUIPlugin:80 - create IPUIPlugin
2024-04-01 12:19:27,978 [INFO] PluginManager:220 - loadIPPluginJar : add ipddr
2024-04-01 12:19:28,058 [INFO] IPUIPlugin:80 - create IPUIPlugin
2024-04-01 12:19:28,058 [INFO] PluginManager:220 - loadIPPluginJar : add linkedlist
2024-04-01 12:19:28,091 [INFO] IPUIPlugin:80 - create IPUIPlugin
2024-04-01 12:19:28,091 [INFO] PluginManager:220 - loadIPPluginJar : add lorawan
2024-04-01 12:19:28,123 [INFO] IPUIPlugin:80 - create IPUIPlugin
2024-04-01 12:19:28,124 [INFO] PluginManager:220 - loadIPPluginJar : add ltdc
2024-04-01 12:19:28,141 [INFO] IPUIPlugin:80 - create IPUIPlugin
2024-04-01 12:19:28,141 [INFO] PluginManager:220 - loadIPPluginJar : add mdma
2024-04-01 12:19:28,154 [INFO] IPUIPlugin:80 - create IPUIPlugin
2024-04-01 12:19:28,154 [INFO] PluginManager:220 - loadIPPluginJar : add nvic
2024-04-01 12:19:28,187 [INFO] IPUIPlugin:80 - create IPUIPlugin
2024-04-01 12:19:28,188 [INFO] PluginManager:220 - loadIPPluginJar : add opamp
2024-04-01 12:19:28,244 [INFO] IPUIPlugin:80 - create IPUIPlugin
2024-04-01 12:19:28,244 [INFO] PluginManager:220 - loadIPPluginJar : add openamp
2024-04-01 12:19:28,282 [INFO] IPUIPlugin:80 - create IPUIPlugin
2024-04-01 12:19:28,282 [INFO] PluginManager:220 - loadIPPluginJar : add pdm2pcm
2024-04-01 12:19:28,295 [INFO] IPUIPlugin:80 - create IPUIPlugin
2024-04-01 12:19:28,297 [INFO] PluginManager:220 - loadIPPluginJar : add plateformsettings
2024-04-01 12:19:28,320 [INFO] IPUIPlugin:80 - create IPUIPlugin
2024-04-01 12:19:28,320 [INFO] PluginManager:220 - loadIPPluginJar : add quadspi
2024-04-01 12:19:28,332 [INFO] IPUIPlugin:80 - create IPUIPlugin
2024-04-01 12:19:28,333 [INFO] PluginManager:220 - loadIPPluginJar : add resmgrutility
2024-04-01 12:19:28,376 [INFO] IPUIPlugin:80 - create IPUIPlugin
2024-04-01 12:19:28,376 [INFO] PluginManager:220 - loadIPPluginJar : add sai
2024-04-01 12:19:28,408 [INFO] IPUIPlugin:80 - create IPUIPlugin
2024-04-01 12:19:28,408 [INFO] PluginManager:220 - loadIPPluginJar : add spi
2024-04-01 12:19:28,467 [INFO] IPUIPlugin:80 - create IPUIPlugin
2024-04-01 12:19:28,467 [INFO] PluginManager:220 - loadIPPluginJar : add stm32_wpan
2024-04-01 12:19:28,489 [INFO] IPUIPlugin:80 - create IPUIPlugin
2024-04-01 12:19:28,489 [INFO] PluginManager:220 - loadIPPluginJar : add tim
2024-04-01 12:19:28,539 [INFO] IPUIPlugin:80 - create IPUIPlugin
2024-04-01 12:19:28,539 [INFO] PluginManager:220 - loadIPPluginJar : add touchsensing
2024-04-01 12:19:28,561 [INFO] IPUIPlugin:80 - create IPUIPlugin
2024-04-01 12:19:28,562 [INFO] PluginManager:220 - loadIPPluginJar : add tracer_emb
2024-04-01 12:19:28,583 [INFO] IPUIPlugin:80 - create IPUIPlugin
2024-04-01 12:19:28,583 [INFO] PluginManager:220 - loadIPPluginJar : add ts
2024-04-01 12:19:28,603 [INFO] IPUIPlugin:80 - create IPUIPlugin
2024-04-01 12:19:28,603 [INFO] PluginManager:220 - loadIPPluginJar : add tsc
2024-04-01 12:19:28,623 [INFO] IPUIPlugin:80 - create IPUIPlugin
2024-04-01 12:19:28,623 [INFO] PluginManager:220 - loadIPPluginJar : add ucpd
2024-04-01 12:19:28,663 [INFO] IPUIPlugin:80 - create IPUIPlugin
2024-04-01 12:19:28,663 [INFO] PluginManager:220 - loadIPPluginJar : add usart
2024-04-01 12:19:28,701 [INFO] IPUIPlugin:80 - create IPUIPlugin
2024-04-01 12:19:28,701 [INFO] PluginManager:220 - loadIPPluginJar : add usbx
2024-04-01 12:19:28,831 [INFO] CADModel:165 - CPN selected for project level
2024-04-01 12:19:28,832 [INFO] CADModel:114 - Register for checkConnection events
2024-04-01 12:19:28,832 [FATAL] Updater:308 - Updater called before beeing initialized
2024-04-01 12:19:28,832 [ERROR] CADModel:125 - Updater not yet initialized, retry later 
2024-04-01 12:19:29,000 [INFO] CADModel:165 - CPN selected for project level
2024-04-01 12:19:29,000 [INFO] CADModel:114 - Register for checkConnection events
2024-04-01 12:19:29,000 [FATAL] Updater:308 - Updater called before beeing initialized
2024-04-01 12:19:29,000 [ERROR] CADModel:125 - Updater not yet initialized, retry later 
2024-04-01 12:19:29,002 [FATAL] Updater:308 - Updater called before beeing initialized
2024-04-01 12:19:29,125 [FATAL] Updater:308 - Updater called before beeing initialized
2024-04-01 12:19:29,136 [INFO] DbMcusAds:53 - JSON generation date=Wed Nov 29 04:52:27 CST 2023 (1701255147349)
2024-04-01 12:19:29,136 [FATAL] Updater:308 - Updater called before beeing initialized
2024-04-01 12:19:29,214 [WARN] DetailPanel:346 - Failed to get advertising image, set to default
2024-04-01 12:19:29,359 [FATAL] Updater:308 - Updater called before beeing initialized
2024-04-01 12:19:29,362 [FATAL] Updater:308 - Updater called before beeing initialized
2024-04-01 12:19:29,362 [FATAL] Updater:308 - Updater called before beeing initialized
2024-04-01 12:19:29,362 [WARN] DetailPanel:346 - Failed to get advertising image, set to default
2024-04-01 12:19:29,363 [FATAL] Updater:308 - Updater called before beeing initialized
2024-04-01 12:19:29,422 [ERROR] Updater:1120 - MainUpdater not yet initialized. External WinMGr cannot be set.
2024-04-01 12:19:29,432 [INFO] Updater:1056 - Updater Version found : 6.10.0
2024-04-01 12:19:29,449 [INFO] ApplicationProperties:184 - Using Application install path: C:\ST\STM32CubeIDE_1.14.1\STM32CubeIDE\plugins\com.st.stm32cube.common.mx_6.10.0.202311202037
2024-04-01 12:19:29,559 [INFO] ThirdPartyUpdaterWithRetryManager:70 - Updater plugin not ready yet. [2/15]
2024-04-01 12:19:31,035 [ERROR] LogOutputStream:75 - [STDERR_REDIRECT] Apr 01, 2024 12:19:31 PM java.util.prefs.WindowsPreferences <init>
2024-04-01 12:19:31,037 [ERROR] LogOutputStream:75 - [STDERR_REDIRECT] WARNING: Could not open/create prefs root node Software\JavaSoft\Prefs at root 0xffffffff80000002. Windows RegCreateKeyEx(...) returned error code 5.
2024-04-01 12:19:31,037 [ERROR] LogOutputStream:75 - [STDERR_REDIRECT] 
2024-04-01 12:19:31,557 [INFO] MainUpdater:2873 - connection check result : 10
2024-04-01 12:19:31,557 [INFO] MainUpdater:3567 - Updater definition file requires update
2024-04-01 12:19:31,559 [INFO] MainUpdater:290 - Updater Check For Update Now.
2024-04-01 12:19:31,559 [INFO] MicroXplorer:498 - Change Database Version : DB.6.0.100
2024-04-01 12:19:31,591 [INFO] McuFinderGlobals:63 - Set McuFinder mode to 2 (CubeIDE integrated)
2024-04-01 12:19:31,592 [INFO] UserAuth:180 - activating auth plugin
2024-04-01 12:19:31,595 [INFO] UserAuth:404 - Internet connection configuration mode: 1
2024-04-01 12:19:31,634 [INFO] JxBrowserEngine:152 - Initiate JxBrowser Engine with user profile folder
2024-04-01 12:19:31,656 [INFO] ServerAccessManage:473 - Download File updaters.zip
2024-04-01 12:19:31,762 [INFO] FileExtend:240 - Unzip File : updaters.zip
2024-04-01 12:19:31,762 [INFO] FileExtend:255 - Standard Zip Deflate
2024-04-01 12:19:32,385 [INFO] ServerAccessManage:473 - Download File PacksControlFlags.xml
2024-04-01 12:19:32,563 [WARN] MainUpdater:1194 - Updater busy. Cannot search thirdparties
2024-04-01 12:19:32,564 [INFO] ThirdPartyUpdaterWithRetryManager:96 - Updater plugin is busy. [1/15]
2024-04-01 12:19:32,615 [INFO] ServerAccessManage:473 - Download File cubemx.pidx
2024-04-01 12:19:33,198 [INFO] ServerAccessManage:473 - Download File STMicroelectronics.FP-SNS-MOTENV1.pdsc
2024-04-01 12:19:34,258 [INFO] ServerAccessManage:473 - Download File STMicroelectronics.X-CUBE-SAFEA1.pdsc
2024-04-01 12:19:34,577 [INFO] ServerAccessManage:473 - Download File STMicroelectronics.X-CUBE-TOUCHGFX.pdsc
2024-04-01 12:19:35,565 [WARN] MainUpdater:1194 - Updater busy. Cannot search thirdparties
2024-04-01 12:19:35,565 [INFO] ThirdPartyUpdaterWithRetryManager:96 - Updater plugin is busy. [2/15]
2024-04-01 12:19:36,620 [INFO] WebApp:161 - Instantiating new browser for Auth
2024-04-01 12:19:36,964 [WARN] PackLoader:240 - Cannot read IP mode file for STMicroelectronics.FP-SNS-MOTENV1.5.0.0
2024-04-01 12:19:36,994 [WARN] PackLoader:240 - Cannot read IP mode file for STMicroelectronics.X-CUBE-SAFEA1.1.2.2
2024-04-01 12:19:37,002 [WARN] PackLoader:240 - Cannot read IP mode file for STMicroelectronics.X-CUBE-TOUCHGFX.4.23.1
2024-04-01 12:19:37,003 [INFO] PopulateThirdPartyThread:66 - Ending populate Thread
2024-04-01 12:19:37,005 [INFO] ThirdParty:1030 - CMSIS Pack Vendor :STMicroelectronics X-CUBE-TOUCHGFX 4.23.1
2024-04-01 12:19:37,005 [INFO] ThirdParty:1030 - CMSIS Pack Vendor :STMicroelectronics FP-SNS-MOTENV1 5.0.0
2024-04-01 12:19:37,005 [INFO] ThirdParty:1030 - CMSIS Pack Vendor :STMicroelectronics X-CUBE-SAFEA1 1.2.2
2024-04-01 12:19:37,005 [INFO] LoadServerUpdatesThread:375 - End of LoadServerUpdate Thread
2024-04-01 12:19:37,076 [INFO] CheckServerUpdateThread:120 - End of CheckServer Thread
2024-04-01 12:19:37,748 [INFO] WebApp:780 - Register for checkConnection events
2024-04-01 12:19:37,748 [INFO] WebApp:414 - Apply proxy settings
2024-04-01 12:19:37,748 [INFO] WebApp:499 - Chromium requires no authentication
2024-04-01 12:19:37,760 [INFO] WebApp:442 - Direct internet connection detected
2024-04-01 12:19:38,020 [INFO] WebApp:192 - Starting web application
2024-04-01 12:19:38,020 [INFO] WebApp:544 - Web application path used C:\ST\STM32CubeIDE_1.14.1\STM32CubeIDE\plugins\com.st.stm32cube.common.mx_6.10.0.202311202037\db\plugins\mcufinder\reactClient1\index.html
2024-04-01 12:19:38,768 [WARN] PackLoader:240 - Cannot read IP mode file for STMicroelectronics.X-CUBE-SMBUS.2.1.0
2024-04-01 12:19:38,773 [WARN] PackLoader:240 - Cannot read IP mode file for STMicroelectronics.X-CUBE-TOUCHGFX.4.23.1
2024-04-01 12:19:38,786 [WARN] PackLoader:240 - Cannot read IP mode file for STMicroelectronics.X-CUBE-TOUCHGFX.4.23.0
2024-04-01 12:19:38,836 [WARN] PackLoader:240 - Cannot read IP mode file for STMicroelectronics.X-CUBE-AZRTOS-F7.1.1.0
2024-04-01 12:19:38,860 [WARN] PackLoader:240 - Cannot read IP mode file for STMicroelectronics.FP-SNS-MOTENV1.4.3.2
2024-04-01 12:19:38,869 [WARN] PackLoader:240 - Cannot read IP mode file for STMicroelectronics.FP-SNS-FLIGHT1.5.0.2
2024-04-01 12:19:38,890 [WARN] PackLoader:240 - Cannot read IP mode file for STMicroelectronics.X-CUBE-DISPLAY.3.0.0
2024-04-01 12:19:38,913 [WARN] PackLoader:240 - Cannot read IP mode file for STMicroelectronics.X-CUBE-BLE1.7.0.0
2024-04-01 12:19:38,930 [WARN] PackLoader:240 - Cannot read IP mode file for emotas.I-CUBE-CANOPEN.1.3.0
2024-04-01 12:19:38,954 [WARN] PackLoader:240 - Cannot read IP mode file for STMicroelectronics.X-CUBE-BLEMGR.3.1.0
2024-04-01 12:19:38,979 [WARN] PackLoader:240 - Cannot read IP mode file for STMicroelectronics.FP-SNS-SMARTAG2.1.2.0
2024-04-01 12:19:39,008 [INFO] LogOutputStream:77 - [STDOUT_REDIRECT] 1 : Invalid condition id : UX_CORESTACK_Condition cause : null
2024-04-01 12:19:39,009 [INFO] LogOutputStream:77 - [STDOUT_REDIRECT] 1 : Invalid condition id : UX_CORESTACK_Condition cause : null
2024-04-01 12:19:39,012 [INFO] LogOutputStream:77 - [STDOUT_REDIRECT] 1 : Invalid condition id : UX_CORESTACK_Condition cause : null
2024-04-01 12:19:39,013 [INFO] LogOutputStream:77 - [STDOUT_REDIRECT] 1 : Invalid condition id : UX_CORESTACK_Condition cause : null
2024-04-01 12:19:39,015 [INFO] LogOutputStream:77 - [STDOUT_REDIRECT] 1 : Invalid condition id : UX_CORESTACK_Condition cause : null
2024-04-01 12:19:39,019 [WARN] PackLoader:240 - Cannot read IP mode file for STMicroelectronics.X-CUBE-AZRTOS-WL.2.0.0
2024-04-01 12:19:39,024 [WARN] PackLoader:240 - Cannot read IP mode file for STMicroelectronics.FP-SNS-MOTENV1.5.0.0
2024-04-01 12:19:39,046 [WARN] PackLoader:240 - Cannot read IP mode file for WES.I-CUBE-Cesium.1.3.0
2024-04-01 12:19:39,061 [WARN] PackLoader:240 - Cannot read IP mode file for STMicroelectronics.X-CUBE-BLE2.3.3.0
2024-04-01 12:19:39,082 [WARN] PackLoader:240 - Cannot read IP mode file for STMicroelectronics.X-CUBE-ALGOBUILD.1.3.0
2024-04-01 12:19:39,117 [WARN] PackLoader:240 - Cannot read IP mode file for STMicroelectronics.X-CUBE-AZRTOS-G0.1.1.0
2024-04-01 12:19:39,128 [WARN] PackLoader:240 - Cannot read IP mode file for STMicroelectronics.X-CUBE-SAFEA1.1.2.2
2024-04-01 12:19:39,150 [WARN] PackLoader:240 - Cannot read IP mode file for STMicroelectronics.X-CUBE-NFC4.3.0.0
2024-04-01 12:19:39,178 [WARN] PackLoader:240 - Cannot read IP mode file for STMicroelectronics.X-CUBE-BLEMGR.3.0.0
2024-04-01 12:19:39,190 [WARN] PackLoader:240 - Cannot read IP mode file for STMicroelectronics.FP-ATR-SIGFOX1.3.2.0
2024-04-01 12:19:39,207 [WARN] PackLoader:240 - Cannot read IP mode file for STMicroelectronics.X-CUBE-EEPRMA1.5.1.0
2024-04-01 12:19:39,265 [WARN] PackLoader:240 - Cannot read IP mode file for SEGGER.I-CUBE-embOS.1.3.1
2024-04-01 12:19:39,347 [WARN] PackLoader:240 - Cannot read IP mode file for STMicroelectronics.X-CUBE-GNSS1.6.0.0
2024-04-01 12:19:39,387 [WARN] PackLoader:240 - Cannot read IP mode file for STMicroelectronics.X-CUBE-AZRTOS-F4.1.1.0
2024-04-01 12:19:39,406 [WARN] PackLoader:240 - Cannot read IP mode file for wolfSSL.I-CUBE-wolfSSL.5.6.6
2024-04-01 12:19:39,437 [WARN] PackLoader:240 - Cannot read IP mode file for STMicroelectronics.X-CUBE-AZRTOS-L5.2.0.0
2024-04-01 12:19:39,454 [WARN] PackLoader:240 - Cannot read IP mode file for STMicroelectronics.X-CUBE-EEPRMA1.4.2.0
2024-04-01 12:19:39,474 [WARN] PackLoader:240 - Cannot read IP mode file for STMicroelectronics.X-CUBE-NFC6.3.1.0
2024-04-01 12:19:39,492 [WARN] PackLoader:240 - Cannot read IP mode file for ITTIA_DB.I-CUBE-ITTIADB.8.8.0
2024-04-01 12:19:39,507 [WARN] PackLoader:240 - Cannot read IP mode file for STMicroelectronics.X-CUBE-NFC7.1.0.1
2024-04-01 12:19:39,525 [WARN] PackLoader:240 - Cannot read IP mode file for STMicroelectronics.X-CUBE-NFC6.3.0.0
2024-04-01 12:19:39,546 [WARN] PackLoader:240 - Cannot read IP mode file for STMicroelectronics.X-CUBE-AI.8.1.0
2024-04-01 12:19:39,590 [WARN] ConditionMgr:438 - getConditionDescription Invalid condition id : LAN8742 Phy interface Condition cause : null
2024-04-01 12:19:39,591 [WARN] PackLoader:240 - Cannot read IP mode file for STMicroelectronics.X-CUBE-AZRTOS-L4.2.0.0
2024-04-01 12:19:39,592 [WARN] ConditionMgr:1039 - genDependencies : Invalid condition id : LAN8742 Phy interface Condition cause : null
2024-04-01 12:19:39,593 [WARN] ConditionMgr:1039 - genDependencies : Invalid condition id : LAN8742 Phy interface Condition cause : null
2024-04-01 12:19:39,593 [WARN] ConditionMgr:1039 - genDependencies : Invalid condition id : LAN8742 Phy interface Condition cause : null
2024-04-01 12:19:39,612 [WARN] PackLoader:240 - Cannot read IP mode file for STMicroelectronics.X-CUBE-SFXS2LP1.4.0.0
2024-04-01 12:19:39,644 [WARN] ConditionMgr:438 - getConditionDescription Invalid condition id : UX DEVICE CLASS RTOS Condition cause : null
2024-04-01 12:19:39,645 [WARN] ConditionMgr:438 - getConditionDescription Invalid condition id : UX DEVICE CLASS RTOS Condition cause : null
2024-04-01 12:19:39,647 [WARN] PackLoader:240 - Cannot read IP mode file for STMicroelectronics.X-CUBE-AZRTOS-WB.2.0.0
2024-04-01 12:19:39,648 [WARN] ConditionMgr:1039 - genDependencies : Invalid condition id : UX DEVICE CLASS RTOS Condition cause : null
2024-04-01 12:19:39,648 [WARN] ConditionMgr:1039 - genDependencies : Invalid condition id : UX DEVICE CLASS RTOS Condition cause : null
2024-04-01 12:19:39,649 [WARN] ConditionMgr:1039 - genDependencies : Invalid condition id : UX DEVICE CLASS RTOS Condition cause : null
2024-04-01 12:19:39,649 [WARN] ConditionMgr:1039 - genDependencies : Invalid condition id : UX DEVICE CLASS RTOS Condition cause : null
2024-04-01 12:19:39,649 [WARN] ConditionMgr:1039 - genDependencies : Invalid condition id : UX DEVICE CLASS RTOS Condition cause : null
2024-04-01 12:19:39,670 [WARN] PackLoader:240 - Cannot read IP mode file for STMicroelectronics.X-CUBE-SUBG2.5.0.0
2024-04-01 12:19:39,707 [WARN] PackLoader:240 - Cannot read IP mode file for STMicroelectronics.X-CUBE-AZRTOS-G4.2.0.0
2024-04-01 12:19:39,731 [WARN] PackLoader:240 - Cannot read IP mode file for Infineon.AIROC-Wi-Fi-Bluetooth-STM32.1.5.1
2024-04-01 12:19:39,740 [WARN] PackLoader:240 - Cannot read IP mode file for STMicroelectronics.FP-SNS-MOTENVWB1.1.3.1
2024-04-01 12:19:39,755 [WARN] PackLoader:240 - Cannot read IP mode file for STMicroelectronics.X-CUBE-ISPU.2.0.0
2024-04-01 12:19:39,819 [WARN] PackLoader:240 - Cannot read IP mode file for STMicroelectronics.X-CUBE-MEMS1.10.0.0
2024-04-01 12:19:39,976 [WARN] PackLoader:240 - Cannot read IP mode file for STMicroelectronics.X-CUBE-FREERTOS.1.1.0
2024-04-01 12:19:39,995 [WARN] PackLoader:240 - Cannot read IP mode file for portGmbH.I-Cube-SoM-uGOAL.1.1.0
2024-04-01 12:19:40,011 [WARN] PackLoader:240 - Cannot read IP mode file for STMicroelectronics.X-CUBE-ALS.1.0.1
2024-04-01 12:19:40,017 [WARN] PackLoader:240 - Cannot read IP mode file for STMicroelectronics.FP-ATR-ASTRA1.2.0.0
2024-04-01 12:19:40,045 [WARN] PackLoader:240 - Cannot read IP mode file for STMicroelectronics.X-CUBE-TOF1.3.4.0
2024-04-01 12:19:40,082 [WARN] PackLoader:240 - Cannot read IP mode file for STMicroelectronics.X-CUBE-TOF1.3.4.1
2024-04-01 12:19:40,128 [WARN] PackLoader:240 - Cannot read IP mode file for STMicroelectronics.X-CUBE-AZRTOS-H7.3.2.0
2024-04-01 12:19:40,132 [INFO] ThirdParty:978 - Integrity check success = true
2024-04-01 12:19:40,132 [INFO] IntegrityCheckThread:100 - exiting critical section [integrity check]
2024-04-01 12:19:40,132 [INFO] IntegrityCheckThread:103 - End integrity checks thread
2024-04-01 12:19:59,343 [ERROR] LogOutputStream:75 - [STDERR_REDIRECT] SLF4J: Failed to load class "org.slf4j.impl.StaticLoggerBinder".
2024-04-01 12:19:59,344 [ERROR] LogOutputStream:75 - [STDERR_REDIRECT] SLF4J: Defaulting to no-operation (NOP) logger implementation
2024-04-01 12:19:59,346 [ERROR] LogOutputStream:75 - [STDERR_REDIRECT] SLF4J: See http://www.slf4j.org/codes.html#StaticLoggerBinder for further details.
2024-04-01 17:01:14,047 [ERROR] LogOutputStream:75 - [STDERR_REDIRECT] 
2024-04-01 17:01:14,047 [ERROR] LogOutputStream:75 - [STDERR_REDIRECT] 
