2024-03-18 12:21:43,613 [INFO] Activator:176 - 


2024-03-18 12:21:43,620 [INFO] Activator:177 - !SESSION log4j initialized
2024-03-18 12:21:51,214 [INFO] LogOutputStream:77 - [STDOUT_REDIRECT] 
2024-03-18 12:21:53,976 [INFO] ApplicationProperties:184 - Using Application install path: C:\ST\STM32CubeIDE_1.14.1\STM32CubeIDE\plugins\com.st.stm32cube.common.mx_6.10.0.202311202037
2024-03-18 12:21:53,999 [INFO] DbMcusXml:78 - Set database path to: C:\ST\STM32CubeIDE_1.14.1\STM32CubeIDE\plugins\com.st.stm32cube.common.mx_6.10.0.202311202037\\db\/mcu/
2024-03-18 12:21:53,999 [INFO] ApiDb:274 - Set plugin database path to: C:\ST\STM32CubeIDE_1.14.1\STM32CubeIDE\plugins\com.st.stm32cube.common.mx_6.10.0.202311202037\\db\/plugins/boardmanager/
2024-03-18 12:21:54,000 [WARN] ApiDb:259 - Overriding images path with different value:  => C:\ST\STM32CubeIDE_1.14.1\STM32CubeIDE\plugins\com.st.stm32cube.common.mx_6.10.0.202311202037\\db\/plugins/mcufinder/images/
2024-03-18 12:21:54,017 [INFO] ApiDb:250 - Set database path to: C:\Users\TuranyElijah\.stmcufinder\plugins\mcufinder//mcu/
2024-03-18 12:21:54,018 [INFO] DbMcusAds:125 - Set database path to: C:\Users\TuranyElijah\.stmcufinder\plugins\mcufinder//mcu/
2024-03-18 12:21:54,020 [INFO] CrossReferenceDbSqlite:203 - Set database path to: C:\Users\TuranyElijah\.stmcufinder\plugins\mcufinder//mcu/cs/
2024-03-18 12:21:54,173 [INFO] RulesReader:64 - Compatibility file has been processed (297 Rules)
2024-03-18 12:21:54,284 [INFO] DbMcusXml:78 - Set database path to: C:\ST\STM32CubeIDE_1.14.1\STM32CubeIDE\plugins\com.st.stm32cube.common.mx_6.10.0.202311202037\\db\/mcu/
2024-03-18 12:21:54,284 [INFO] ApiDb:274 - Set plugin database path to: C:\ST\STM32CubeIDE_1.14.1\STM32CubeIDE\plugins\com.st.stm32cube.common.mx_6.10.0.202311202037\\db\/plugins/boardmanager/
2024-03-18 12:21:54,284 [INFO] ApiDb:261 - Set plugin images path to: C:\ST\STM32CubeIDE_1.14.1\STM32CubeIDE\plugins\com.st.stm32cube.common.mx_6.10.0.202311202037\\db\/plugins/mcufinder/images/
2024-03-18 12:21:54,285 [WARN] DbFile:41 - Overriding database path with different value: C:\Users\TuranyElijah\.stmcufinder\plugins\mcufinder/ => C:\Users\TuranyElijah\.stmcufinder\plugins\mcufinder
2024-03-18 12:21:54,285 [INFO] ApiDb:250 - Set database path to: C:\Users\TuranyElijah\.stmcufinder\plugins\mcufinder//mcu/
2024-03-18 12:21:54,285 [WARN] DbFile:41 - Overriding database path with different value: C:\Users\TuranyElijah\.stmcufinder\plugins\mcufinder/ => C:\Users\TuranyElijah\.stmcufinder\plugins\mcufinder
2024-03-18 12:21:54,285 [INFO] DbMcusAds:125 - Set database path to: C:\Users\TuranyElijah\.stmcufinder\plugins\mcufinder//mcu/
2024-03-18 12:21:54,285 [WARN] DbFile:41 - Overriding database path with different value: C:\Users\TuranyElijah\.stmcufinder\plugins\mcufinder/ => C:\Users\TuranyElijah\.stmcufinder\plugins\mcufinder
2024-03-18 12:21:54,285 [WARN] DbFile:41 - Overriding database path with different value: C:\Users\TuranyElijah\.stmcufinder\plugins\mcufinder/ => C:\Users\TuranyElijah\.stmcufinder\plugins\mcufinder
2024-03-18 12:21:54,285 [INFO] CrossReferenceDbSqlite:203 - Set database path to: C:\Users\TuranyElijah\.stmcufinder\plugins\mcufinder//mcu/cs/
2024-03-18 12:21:54,378 [INFO] MainPanel:264 - HeapMemory: 268435456
2024-03-18 12:21:54,490 [INFO] DbMcusXml:78 - Set database path to: C:\ST\STM32CubeIDE_1.14.1\STM32CubeIDE\plugins\com.st.stm32cube.common.mx_6.10.0.202311202037\\db\/mcu/
2024-03-18 12:21:54,491 [INFO] ApiDb:274 - Set plugin database path to: C:\ST\STM32CubeIDE_1.14.1\STM32CubeIDE\plugins\com.st.stm32cube.common.mx_6.10.0.202311202037\\db\/plugins/boardmanager/
2024-03-18 12:21:54,491 [INFO] ApiDb:261 - Set plugin images path to: C:\ST\STM32CubeIDE_1.14.1\STM32CubeIDE\plugins\com.st.stm32cube.common.mx_6.10.0.202311202037\\db\/plugins/mcufinder/images/
2024-03-18 12:21:54,491 [WARN] DbFile:41 - Overriding database path with different value: C:\Users\TuranyElijah\.stmcufinder\plugins\mcufinder/ => C:\Users\TuranyElijah\.stmcufinder\plugins\mcufinder
2024-03-18 12:21:54,491 [INFO] ApiDb:250 - Set database path to: C:\Users\TuranyElijah\.stmcufinder\plugins\mcufinder//mcu/
2024-03-18 12:21:54,491 [WARN] DbFile:41 - Overriding database path with different value: C:\Users\TuranyElijah\.stmcufinder\plugins\mcufinder/ => C:\Users\TuranyElijah\.stmcufinder\plugins\mcufinder
2024-03-18 12:21:54,491 [INFO] DbMcusAds:125 - Set database path to: C:\Users\TuranyElijah\.stmcufinder\plugins\mcufinder//mcu/
2024-03-18 12:21:54,491 [WARN] DbFile:41 - Overriding database path with different value: C:\Users\TuranyElijah\.stmcufinder\plugins\mcufinder/ => C:\Users\TuranyElijah\.stmcufinder\plugins\mcufinder
2024-03-18 12:21:54,491 [WARN] DbFile:41 - Overriding database path with different value: C:\Users\TuranyElijah\.stmcufinder\plugins\mcufinder/ => C:\Users\TuranyElijah\.stmcufinder\plugins\mcufinder
2024-03-18 12:21:54,492 [INFO] CrossReferenceDbSqlite:203 - Set database path to: C:\Users\TuranyElijah\.stmcufinder\plugins\mcufinder//mcu/cs/
2024-03-18 12:21:54,514 [INFO] ApplicationProperties:184 - Using Application install path: C:\ST\STM32CubeIDE_1.14.1\STM32CubeIDE\plugins\com.st.stm32cube.common.mx_6.10.0.202311202037
2024-03-18 12:21:54,516 [INFO] PluginManage:196 - Search for loadable plugins [exclusion list=, ]
2024-03-18 12:21:54,517 [INFO] PluginManage:310 - Check plugin analytics
2024-03-18 12:21:54,712 [INFO] AnalyticsPlugin:253 - Accepted Software Licenses: STM32CubeMX.6.10.0
2024-03-18 12:21:54,712 [INFO] AnalyticsPlugin:255 - Accepted CMSIS Pack Licenses: 
2024-03-18 12:21:54,712 [INFO] AnalyticsPlugin:257 - Accepted Firmware Licenses: 
2024-03-18 12:21:54,713 [INFO] PluginManage:359 - Loaded plugin analytics (category:tool,tabindex:-1)
2024-03-18 12:21:54,713 [INFO] PluginManage:310 - Check plugin cadmodel
2024-03-18 12:21:54,729 [INFO] CADModel:105 - Init CAD model plugin
2024-03-18 12:21:54,729 [INFO] PluginManage:359 - Loaded plugin cadmodel (category:power,tabindex:5)
2024-03-18 12:21:54,729 [INFO] PluginManage:310 - Check plugin clock
2024-03-18 12:21:54,751 [INFO] PluginManage:359 - Loaded plugin clock (category:base,tabindex:2)
2024-03-18 12:21:54,751 [INFO] PluginManage:310 - Check plugin ddr
2024-03-18 12:21:54,753 [INFO] PluginManage:359 - Loaded plugin ddr (category:tool,tabindex:6)
2024-03-18 12:21:54,753 [INFO] PluginManage:310 - Check plugin filemanager
2024-03-18 12:21:54,896 [INFO] PluginManage:359 - Loaded plugin filemanager (category:base,tabindex:10)
2024-03-18 12:21:54,896 [INFO] PluginManage:310 - Check plugin ipmanager
2024-03-18 12:21:54,904 [INFO] PluginManage:359 - Loaded plugin ipmanager (category:base,tabindex:5)
2024-03-18 12:21:54,904 [INFO] PluginManage:310 - Check plugin lpbam
2024-03-18 12:21:54,924 [INFO] PluginManage:359 - Loaded plugin lpbam (category:base,tabindex:0)
2024-03-18 12:21:54,925 [INFO] PluginManage:310 - Check plugin memorymap
2024-03-18 12:21:54,951 [INFO] PluginManage:359 - Loaded plugin memorymap (category:base,tabindex:4)
2024-03-18 12:21:54,952 [INFO] PluginManage:310 - Check plugin pinoutandconfiguration
2024-03-18 12:21:54,970 [INFO] PluginManage:359 - Loaded plugin pinoutandconfiguration (category:base,tabindex:1)
2024-03-18 12:21:54,970 [INFO] PluginManage:310 - Check plugin pinoutconfig
2024-03-18 12:21:55,076 [WARN] SupportedApi:132 - Cannot load RTOS API schema: s4s-elt-must-match.1: The content of 'definitions' must match (annotation?, (simpleType | complexType)?, (unique | key | keyref)*)). A problem was found starting at: attribute.
2024-03-18 12:21:55,242 [INFO] PluginManage:359 - Loaded plugin pinoutconfig (category:base,tabindex:0)
2024-03-18 12:21:55,243 [INFO] PluginManage:310 - Check plugin power
2024-03-18 12:21:55,269 [INFO] PluginManage:359 - Loaded plugin power (category:power,tabindex:4)
2024-03-18 12:21:55,269 [INFO] PluginManage:310 - Check plugin projectmanager
2024-03-18 12:21:55,285 [INFO] PluginManage:359 - Loaded plugin projectmanager (category:projectmanager,tabindex:3)
2024-03-18 12:21:55,285 [INFO] PluginManage:310 - Check plugin thirdparty
2024-03-18 12:21:55,572 [INFO] PluginManage:359 - Loaded plugin thirdparty (category:base,tabindex:-1)
2024-03-18 12:21:55,572 [WARN] IntegrityCheckThread:84 - waiting for thirdparty lock release [integrity check]
2024-03-18 12:21:55,572 [INFO] PluginManage:310 - Check plugin tools
2024-03-18 12:21:55,572 [INFO] IntegrityCheckThread:86 - entering critical section [integrity check]
2024-03-18 12:21:55,573 [INFO] ThirdPartyUpdaterWithRetryManager:70 - Updater plugin not ready yet. [1/15]
2024-03-18 12:21:55,605 [INFO] PluginManage:359 - Loaded plugin tools (category:base,tabindex:7)
2024-03-18 12:21:55,605 [INFO] PluginManage:310 - Check plugin tutovideos
2024-03-18 12:21:55,812 [INFO] PluginManage:359 - Loaded plugin tutovideos (category:base,tabindex:-1)
2024-03-18 12:21:55,812 [INFO] PluginManage:310 - Check plugin updater
2024-03-18 12:21:55,825 [INFO] PluginManage:359 - Loaded plugin updater (category:base,tabindex:12)
2024-03-18 12:21:55,825 [INFO] PluginManage:310 - Check plugin userauth
2024-03-18 12:21:55,831 [INFO] UserAuth:114 - Init User Auth plugin
2024-03-18 12:21:55,831 [INFO] PluginManage:359 - Loaded plugin userauth (category:base,tabindex:14)
2024-03-18 12:21:55,831 [INFO] PluginManage:283 - PluginManage : Loaded plugins [17]
2024-03-18 12:21:56,079 [INFO] PinOutPanel:1499 - setPackage(No Configuration,No Configuration)
2024-03-18 12:21:56,158 [INFO] CADModel:165 - CPN selected for project level
2024-03-18 12:21:56,158 [INFO] CADModel:114 - Register for checkConnection events
2024-03-18 12:21:56,185 [INFO] IPUIPlugin:80 - create IPUIPlugin
2024-03-18 12:21:56,185 [INFO] PluginManager:220 - loadIPPluginJar : add adc
2024-03-18 12:21:56,219 [INFO] IPUIPlugin:80 - create IPUIPlugin
2024-03-18 12:21:56,219 [INFO] PluginManager:220 - loadIPPluginJar : add aes
2024-03-18 12:21:56,258 [INFO] IPUIPlugin:80 - create IPUIPlugin
2024-03-18 12:21:56,258 [INFO] PluginManager:220 - loadIPPluginJar : add can
2024-03-18 12:21:56,282 [INFO] IPUIPlugin:80 - create IPUIPlugin
2024-03-18 12:21:56,282 [INFO] PluginManager:220 - loadIPPluginJar : add comp
2024-03-18 12:21:56,310 [INFO] IPUIPlugin:80 - create IPUIPlugin
2024-03-18 12:21:56,311 [INFO] PluginManager:220 - loadIPPluginJar : add cryp
2024-03-18 12:21:56,336 [INFO] IPUIPlugin:80 - create IPUIPlugin
2024-03-18 12:21:56,336 [INFO] PluginManager:220 - loadIPPluginJar : add dfsdm
2024-03-18 12:21:56,354 [INFO] IPUIPlugin:80 - create IPUIPlugin
2024-03-18 12:21:56,355 [INFO] PluginManager:220 - loadIPPluginJar : add dma
2024-03-18 12:21:56,392 [INFO] IPUIPlugin:80 - create IPUIPlugin
2024-03-18 12:21:56,392 [INFO] PluginManager:220 - loadIPPluginJar : add dma3
2024-03-18 12:21:56,410 [INFO] IPUIPlugin:80 - create IPUIPlugin
2024-03-18 12:21:56,410 [INFO] PluginManager:220 - loadIPPluginJar : add fatfs
2024-03-18 12:21:56,450 [INFO] IPUIPlugin:80 - create IPUIPlugin
2024-03-18 12:21:56,450 [INFO] PluginManager:220 - loadIPPluginJar : add fmc
2024-03-18 12:21:56,468 [INFO] IPUIPlugin:80 - create IPUIPlugin
2024-03-18 12:21:56,468 [INFO] PluginManager:220 - loadIPPluginJar : add freertos
2024-03-18 12:21:56,493 [INFO] IPUIPlugin:80 - create IPUIPlugin
2024-03-18 12:21:56,493 [INFO] PluginManager:220 - loadIPPluginJar : add genericplugin
2024-03-18 12:21:56,624 [INFO] IPUIPlugin:80 - create IPUIPlugin
2024-03-18 12:21:56,624 [INFO] PluginManager:220 - loadIPPluginJar : add gfxmmu
2024-03-18 12:21:56,775 [INFO] IPUIPlugin:80 - create IPUIPlugin
2024-03-18 12:21:56,775 [INFO] PluginManager:220 - loadIPPluginJar : add gic
2024-03-18 12:21:56,794 [INFO] IPUIPlugin:80 - create IPUIPlugin
2024-03-18 12:21:56,795 [INFO] PluginManager:220 - loadIPPluginJar : add gpio
2024-03-18 12:21:56,891 [INFO] IPUIPlugin:80 - create IPUIPlugin
2024-03-18 12:21:56,891 [INFO] PluginManager:220 - loadIPPluginJar : add gtzc
2024-03-18 12:21:56,924 [INFO] IPUIPlugin:80 - create IPUIPlugin
2024-03-18 12:21:56,924 [INFO] PluginManager:220 - loadIPPluginJar : add hash
2024-03-18 12:21:56,971 [INFO] IPUIPlugin:80 - create IPUIPlugin
2024-03-18 12:21:56,971 [INFO] PluginManager:220 - loadIPPluginJar : add i2c
2024-03-18 12:21:57,008 [INFO] IPUIPlugin:80 - create IPUIPlugin
2024-03-18 12:21:57,008 [INFO] PluginManager:220 - loadIPPluginJar : add i2s
2024-03-18 12:21:57,047 [INFO] IPUIPlugin:80 - create IPUIPlugin
2024-03-18 12:21:57,047 [INFO] PluginManager:220 - loadIPPluginJar : add i3c
2024-03-18 12:21:57,145 [INFO] IPUIPlugin:80 - create IPUIPlugin
2024-03-18 12:21:57,146 [INFO] PluginManager:220 - loadIPPluginJar : add ipddr
2024-03-18 12:21:57,228 [INFO] IPUIPlugin:80 - create IPUIPlugin
2024-03-18 12:21:57,228 [INFO] PluginManager:220 - loadIPPluginJar : add linkedlist
2024-03-18 12:21:57,261 [INFO] IPUIPlugin:80 - create IPUIPlugin
2024-03-18 12:21:57,261 [INFO] PluginManager:220 - loadIPPluginJar : add lorawan
2024-03-18 12:21:57,294 [INFO] IPUIPlugin:80 - create IPUIPlugin
2024-03-18 12:21:57,294 [INFO] PluginManager:220 - loadIPPluginJar : add ltdc
2024-03-18 12:21:57,314 [INFO] IPUIPlugin:80 - create IPUIPlugin
2024-03-18 12:21:57,314 [INFO] PluginManager:220 - loadIPPluginJar : add mdma
2024-03-18 12:21:57,329 [INFO] IPUIPlugin:80 - create IPUIPlugin
2024-03-18 12:21:57,329 [INFO] PluginManager:220 - loadIPPluginJar : add nvic
2024-03-18 12:21:57,368 [INFO] IPUIPlugin:80 - create IPUIPlugin
2024-03-18 12:21:57,369 [INFO] PluginManager:220 - loadIPPluginJar : add opamp
2024-03-18 12:21:57,427 [INFO] IPUIPlugin:80 - create IPUIPlugin
2024-03-18 12:21:57,427 [INFO] PluginManager:220 - loadIPPluginJar : add openamp
2024-03-18 12:21:57,467 [INFO] IPUIPlugin:80 - create IPUIPlugin
2024-03-18 12:21:57,467 [INFO] PluginManager:220 - loadIPPluginJar : add pdm2pcm
2024-03-18 12:21:57,484 [INFO] IPUIPlugin:80 - create IPUIPlugin
2024-03-18 12:21:57,487 [INFO] PluginManager:220 - loadIPPluginJar : add plateformsettings
2024-03-18 12:21:57,515 [INFO] IPUIPlugin:80 - create IPUIPlugin
2024-03-18 12:21:57,515 [INFO] PluginManager:220 - loadIPPluginJar : add quadspi
2024-03-18 12:21:57,528 [INFO] IPUIPlugin:80 - create IPUIPlugin
2024-03-18 12:21:57,528 [INFO] PluginManager:220 - loadIPPluginJar : add resmgrutility
2024-03-18 12:21:57,577 [INFO] IPUIPlugin:80 - create IPUIPlugin
2024-03-18 12:21:57,577 [INFO] PluginManager:220 - loadIPPluginJar : add sai
2024-03-18 12:21:57,609 [INFO] IPUIPlugin:80 - create IPUIPlugin
2024-03-18 12:21:57,609 [INFO] PluginManager:220 - loadIPPluginJar : add spi
2024-03-18 12:21:57,671 [INFO] IPUIPlugin:80 - create IPUIPlugin
2024-03-18 12:21:57,671 [INFO] PluginManager:220 - loadIPPluginJar : add stm32_wpan
2024-03-18 12:21:57,693 [INFO] IPUIPlugin:80 - create IPUIPlugin
2024-03-18 12:21:57,693 [INFO] PluginManager:220 - loadIPPluginJar : add tim
2024-03-18 12:21:57,744 [INFO] IPUIPlugin:80 - create IPUIPlugin
2024-03-18 12:21:57,744 [INFO] PluginManager:220 - loadIPPluginJar : add touchsensing
2024-03-18 12:21:57,765 [INFO] IPUIPlugin:80 - create IPUIPlugin
2024-03-18 12:21:57,766 [INFO] PluginManager:220 - loadIPPluginJar : add tracer_emb
2024-03-18 12:21:57,788 [INFO] IPUIPlugin:80 - create IPUIPlugin
2024-03-18 12:21:57,788 [INFO] PluginManager:220 - loadIPPluginJar : add ts
2024-03-18 12:21:57,807 [INFO] IPUIPlugin:80 - create IPUIPlugin
2024-03-18 12:21:57,807 [INFO] PluginManager:220 - loadIPPluginJar : add tsc
2024-03-18 12:21:57,827 [INFO] IPUIPlugin:80 - create IPUIPlugin
2024-03-18 12:21:57,827 [INFO] PluginManager:220 - loadIPPluginJar : add ucpd
2024-03-18 12:21:57,867 [INFO] IPUIPlugin:80 - create IPUIPlugin
2024-03-18 12:21:57,867 [INFO] PluginManager:220 - loadIPPluginJar : add usart
2024-03-18 12:21:57,914 [INFO] IPUIPlugin:80 - create IPUIPlugin
2024-03-18 12:21:57,914 [INFO] PluginManager:220 - loadIPPluginJar : add usbx
2024-03-18 12:21:58,043 [INFO] CADModel:165 - CPN selected for project level
2024-03-18 12:21:58,044 [INFO] CADModel:114 - Register for checkConnection events
2024-03-18 12:21:58,044 [FATAL] Updater:308 - Updater called before beeing initialized
2024-03-18 12:21:58,044 [ERROR] CADModel:125 - Updater not yet initialized, retry later 
2024-03-18 12:21:58,200 [INFO] CADModel:165 - CPN selected for project level
2024-03-18 12:21:58,200 [INFO] CADModel:114 - Register for checkConnection events
2024-03-18 12:21:58,200 [FATAL] Updater:308 - Updater called before beeing initialized
2024-03-18 12:21:58,200 [ERROR] CADModel:125 - Updater not yet initialized, retry later 
2024-03-18 12:21:58,203 [FATAL] Updater:308 - Updater called before beeing initialized
2024-03-18 12:21:58,326 [FATAL] Updater:308 - Updater called before beeing initialized
2024-03-18 12:21:58,336 [INFO] DbMcusAds:53 - JSON generation date=Wed Nov 29 04:52:27 CST 2023 (1701255147349)
2024-03-18 12:21:58,336 [FATAL] Updater:308 - Updater called before beeing initialized
2024-03-18 12:21:58,418 [WARN] DetailPanel:346 - Failed to get advertising image, set to default
2024-03-18 12:21:58,515 [FATAL] Updater:308 - Updater called before beeing initialized
2024-03-18 12:21:58,517 [FATAL] Updater:308 - Updater called before beeing initialized
2024-03-18 12:21:58,517 [FATAL] Updater:308 - Updater called before beeing initialized
2024-03-18 12:21:58,518 [WARN] DetailPanel:346 - Failed to get advertising image, set to default
2024-03-18 12:21:58,519 [FATAL] Updater:308 - Updater called before beeing initialized
2024-03-18 12:21:58,574 [INFO] ThirdPartyUpdaterWithRetryManager:70 - Updater plugin not ready yet. [2/15]
2024-03-18 12:21:58,583 [ERROR] Updater:1120 - MainUpdater not yet initialized. External WinMGr cannot be set.
2024-03-18 12:21:58,595 [INFO] Updater:1056 - Updater Version found : 6.10.0
2024-03-18 12:21:58,618 [INFO] ApplicationProperties:184 - Using Application install path: C:\ST\STM32CubeIDE_1.14.1\STM32CubeIDE\plugins\com.st.stm32cube.common.mx_6.10.0.202311202037
2024-03-18 12:22:00,207 [ERROR] LogOutputStream:75 - [STDERR_REDIRECT] Mar 18, 2024 12:22:00 PM java.util.prefs.WindowsPreferences <init>
2024-03-18 12:22:00,209 [ERROR] LogOutputStream:75 - [STDERR_REDIRECT] WARNING: Could not open/create prefs root node Software\JavaSoft\Prefs at root 0xffffffff80000002. Windows RegCreateKeyEx(...) returned error code 5.
2024-03-18 12:22:00,210 [ERROR] LogOutputStream:75 - [STDERR_REDIRECT] 
2024-03-18 12:22:00,682 [INFO] MainUpdater:2873 - connection check result : 10
2024-03-18 12:22:00,684 [INFO] MainUpdater:290 - Updater Check For Update Now.
2024-03-18 12:22:00,684 [INFO] MicroXplorer:498 - Change Database Version : DB.6.0.100
2024-03-18 12:22:00,736 [INFO] McuFinderGlobals:63 - Set McuFinder mode to 2 (CubeIDE integrated)
2024-03-18 12:22:00,736 [INFO] UserAuth:180 - activating auth plugin
2024-03-18 12:22:00,743 [INFO] UserAuth:404 - Internet connection configuration mode: 1
2024-03-18 12:22:00,797 [INFO] JxBrowserEngine:152 - Initiate JxBrowser Engine with user profile folder
2024-03-18 12:22:00,986 [INFO] CheckServerUpdateThread:120 - End of CheckServer Thread
2024-03-18 12:22:01,869 [WARN] PackLoader:240 - Cannot read IP mode file for STMicroelectronics.X-CUBE-SMBUS.2.1.0
2024-03-18 12:22:01,892 [WARN] PackLoader:240 - Cannot read IP mode file for STMicroelectronics.X-CUBE-TOUCHGFX.4.23.0
2024-03-18 12:22:01,960 [WARN] PackLoader:240 - Cannot read IP mode file for STMicroelectronics.X-CUBE-AZRTOS-F7.1.1.0
2024-03-18 12:22:01,993 [WARN] PackLoader:240 - Cannot read IP mode file for STMicroelectronics.FP-SNS-MOTENV1.4.3.2
2024-03-18 12:22:02,019 [WARN] PackLoader:240 - Cannot read IP mode file for STMicroelectronics.FP-SNS-FLIGHT1.5.0.2
2024-03-18 12:22:02,048 [WARN] PackLoader:240 - Cannot read IP mode file for STMicroelectronics.X-CUBE-DISPLAY.3.0.0
2024-03-18 12:22:02,082 [WARN] PackLoader:240 - Cannot read IP mode file for STMicroelectronics.X-CUBE-BLE1.7.0.0
2024-03-18 12:22:02,103 [WARN] PackLoader:240 - Cannot read IP mode file for emotas.I-CUBE-CANOPEN.1.3.0
2024-03-18 12:22:02,140 [WARN] PackLoader:240 - Cannot read IP mode file for STMicroelectronics.X-CUBE-BLEMGR.3.1.0
2024-03-18 12:22:02,164 [WARN] PackLoader:240 - Cannot read IP mode file for STMicroelectronics.FP-SNS-SMARTAG2.1.2.0
2024-03-18 12:22:02,193 [INFO] LogOutputStream:77 - [STDOUT_REDIRECT] 1 : Invalid condition id : UX_CORESTACK_Condition cause : null
2024-03-18 12:22:02,194 [INFO] LogOutputStream:77 - [STDOUT_REDIRECT] 1 : Invalid condition id : UX_CORESTACK_Condition cause : null
2024-03-18 12:22:02,195 [INFO] LogOutputStream:77 - [STDOUT_REDIRECT] 1 : Invalid condition id : UX_CORESTACK_Condition cause : null
2024-03-18 12:22:02,196 [INFO] LogOutputStream:77 - [STDOUT_REDIRECT] 1 : Invalid condition id : UX_CORESTACK_Condition cause : null
2024-03-18 12:22:02,197 [INFO] LogOutputStream:77 - [STDOUT_REDIRECT] 1 : Invalid condition id : UX_CORESTACK_Condition cause : null
2024-03-18 12:22:02,201 [WARN] PackLoader:240 - Cannot read IP mode file for STMicroelectronics.X-CUBE-AZRTOS-WL.2.0.0
2024-03-18 12:22:02,231 [WARN] PackLoader:240 - Cannot read IP mode file for WES.I-CUBE-Cesium.1.3.0
2024-03-18 12:22:02,252 [WARN] PackLoader:240 - Cannot read IP mode file for STMicroelectronics.X-CUBE-BLE2.3.3.0
2024-03-18 12:22:02,275 [WARN] PackLoader:240 - Cannot read IP mode file for STMicroelectronics.X-CUBE-ALGOBUILD.1.3.0
2024-03-18 12:22:02,312 [WARN] PackLoader:240 - Cannot read IP mode file for STMicroelectronics.X-CUBE-AZRTOS-G0.1.1.0
2024-03-18 12:22:02,333 [WARN] PackLoader:240 - Cannot read IP mode file for STMicroelectronics.X-CUBE-NFC4.3.0.0
2024-03-18 12:22:02,353 [WARN] PackLoader:240 - Cannot read IP mode file for STMicroelectronics.X-CUBE-BLEMGR.3.0.0
2024-03-18 12:22:02,372 [WARN] PackLoader:240 - Cannot read IP mode file for STMicroelectronics.FP-ATR-SIGFOX1.3.2.0
2024-03-18 12:22:02,392 [WARN] PackLoader:240 - Cannot read IP mode file for STMicroelectronics.X-CUBE-EEPRMA1.5.1.0
2024-03-18 12:22:02,456 [WARN] PackLoader:240 - Cannot read IP mode file for SEGGER.I-CUBE-embOS.1.3.1
2024-03-18 12:22:02,529 [WARN] PackLoader:240 - Cannot read IP mode file for STMicroelectronics.X-CUBE-GNSS1.6.0.0
2024-03-18 12:22:02,579 [WARN] PackLoader:240 - Cannot read IP mode file for STMicroelectronics.X-CUBE-AZRTOS-F4.1.1.0
2024-03-18 12:22:02,606 [WARN] PackLoader:240 - Cannot read IP mode file for wolfSSL.I-CUBE-wolfSSL.5.6.6
2024-03-18 12:22:02,648 [WARN] PackLoader:240 - Cannot read IP mode file for STMicroelectronics.X-CUBE-AZRTOS-L5.2.0.0
2024-03-18 12:22:02,674 [WARN] PackLoader:240 - Cannot read IP mode file for STMicroelectronics.X-CUBE-EEPRMA1.4.2.0
2024-03-18 12:22:02,698 [WARN] PackLoader:240 - Cannot read IP mode file for ITTIA_DB.I-CUBE-ITTIADB.8.8.0
2024-03-18 12:22:02,721 [WARN] PackLoader:240 - Cannot read IP mode file for STMicroelectronics.X-CUBE-NFC7.1.0.1
2024-03-18 12:22:02,749 [WARN] PackLoader:240 - Cannot read IP mode file for STMicroelectronics.X-CUBE-NFC6.3.0.0
2024-03-18 12:22:02,774 [WARN] PackLoader:240 - Cannot read IP mode file for STMicroelectronics.X-CUBE-AI.8.1.0
2024-03-18 12:22:02,815 [WARN] ConditionMgr:438 - getConditionDescription Invalid condition id : LAN8742 Phy interface Condition cause : null
2024-03-18 12:22:02,815 [WARN] PackLoader:240 - Cannot read IP mode file for STMicroelectronics.X-CUBE-AZRTOS-L4.2.0.0
2024-03-18 12:22:02,817 [WARN] ConditionMgr:1039 - genDependencies : Invalid condition id : LAN8742 Phy interface Condition cause : null
2024-03-18 12:22:02,817 [WARN] ConditionMgr:1039 - genDependencies : Invalid condition id : LAN8742 Phy interface Condition cause : null
2024-03-18 12:22:02,818 [WARN] ConditionMgr:1039 - genDependencies : Invalid condition id : LAN8742 Phy interface Condition cause : null
2024-03-18 12:22:02,844 [WARN] PackLoader:240 - Cannot read IP mode file for STMicroelectronics.X-CUBE-SFXS2LP1.4.0.0
2024-03-18 12:22:02,890 [WARN] ConditionMgr:438 - getConditionDescription Invalid condition id : UX DEVICE CLASS RTOS Condition cause : null
2024-03-18 12:22:02,890 [WARN] ConditionMgr:438 - getConditionDescription Invalid condition id : UX DEVICE CLASS RTOS Condition cause : null
2024-03-18 12:22:02,892 [WARN] PackLoader:240 - Cannot read IP mode file for STMicroelectronics.X-CUBE-AZRTOS-WB.2.0.0
2024-03-18 12:22:02,893 [WARN] ConditionMgr:1039 - genDependencies : Invalid condition id : UX DEVICE CLASS RTOS Condition cause : null
2024-03-18 12:22:02,893 [WARN] ConditionMgr:1039 - genDependencies : Invalid condition id : UX DEVICE CLASS RTOS Condition cause : null
2024-03-18 12:22:02,893 [WARN] ConditionMgr:1039 - genDependencies : Invalid condition id : UX DEVICE CLASS RTOS Condition cause : null
2024-03-18 12:22:02,894 [WARN] ConditionMgr:1039 - genDependencies : Invalid condition id : UX DEVICE CLASS RTOS Condition cause : null
2024-03-18 12:22:02,894 [WARN] ConditionMgr:1039 - genDependencies : Invalid condition id : UX DEVICE CLASS RTOS Condition cause : null
2024-03-18 12:22:02,924 [WARN] PackLoader:240 - Cannot read IP mode file for STMicroelectronics.X-CUBE-SUBG2.5.0.0
2024-03-18 12:22:02,968 [WARN] PackLoader:240 - Cannot read IP mode file for STMicroelectronics.X-CUBE-AZRTOS-G4.2.0.0
2024-03-18 12:22:03,006 [WARN] PackLoader:240 - Cannot read IP mode file for Infineon.AIROC-Wi-Fi-Bluetooth-STM32.1.5.1
2024-03-18 12:22:03,029 [WARN] PackLoader:240 - Cannot read IP mode file for STMicroelectronics.FP-SNS-MOTENVWB1.1.3.1
2024-03-18 12:22:03,049 [WARN] PackLoader:240 - Cannot read IP mode file for STMicroelectronics.X-CUBE-ISPU.2.0.0
2024-03-18 12:22:03,114 [WARN] PackLoader:240 - Cannot read IP mode file for STMicroelectronics.X-CUBE-MEMS1.10.0.0
2024-03-18 12:22:03,275 [WARN] PackLoader:240 - Cannot read IP mode file for STMicroelectronics.X-CUBE-FREERTOS.1.1.0
2024-03-18 12:22:03,292 [WARN] PackLoader:240 - Cannot read IP mode file for portGmbH.I-Cube-SoM-uGOAL.1.1.0
2024-03-18 12:22:03,306 [WARN] PackLoader:240 - Cannot read IP mode file for STMicroelectronics.X-CUBE-ALS.1.0.1
2024-03-18 12:22:03,320 [WARN] PackLoader:240 - Cannot read IP mode file for STMicroelectronics.FP-ATR-ASTRA1.2.0.0
2024-03-18 12:22:03,349 [WARN] PackLoader:240 - Cannot read IP mode file for STMicroelectronics.X-CUBE-TOF1.3.4.0
2024-03-18 12:22:03,379 [WARN] PackLoader:240 - Cannot read IP mode file for STMicroelectronics.X-CUBE-TOF1.3.4.1
2024-03-18 12:22:03,419 [WARN] PackLoader:240 - Cannot read IP mode file for STMicroelectronics.X-CUBE-AZRTOS-H7.3.2.0
2024-03-18 12:22:03,422 [INFO] ThirdParty:978 - Integrity check success = true
2024-03-18 12:22:03,422 [INFO] IntegrityCheckThread:100 - exiting critical section [integrity check]
2024-03-18 12:22:03,422 [INFO] IntegrityCheckThread:103 - End integrity checks thread
2024-03-18 12:22:05,493 [INFO] WebApp:161 - Instantiating new browser for Auth
2024-03-18 12:22:06,403 [INFO] WebApp:780 - Register for checkConnection events
2024-03-18 12:22:06,403 [INFO] WebApp:414 - Apply proxy settings
2024-03-18 12:22:06,403 [INFO] WebApp:499 - Chromium requires no authentication
2024-03-18 12:22:06,414 [INFO] WebApp:442 - Direct internet connection detected
2024-03-18 12:22:06,658 [INFO] WebApp:192 - Starting web application
2024-03-18 12:22:06,658 [INFO] WebApp:544 - Web application path used C:\ST\STM32CubeIDE_1.14.1\STM32CubeIDE\plugins\com.st.stm32cube.common.mx_6.10.0.202311202037\db\plugins\mcufinder\reactClient1\index.html
2024-03-18 12:22:28,004 [ERROR] LogOutputStream:75 - [STDERR_REDIRECT] SLF4J: Failed to load class "org.slf4j.impl.StaticLoggerBinder".
2024-03-18 12:22:28,006 [ERROR] LogOutputStream:75 - [STDERR_REDIRECT] SLF4J: Defaulting to no-operation (NOP) logger implementation
2024-03-18 12:22:28,009 [ERROR] LogOutputStream:75 - [STDERR_REDIRECT] SLF4J: See http://www.slf4j.org/codes.html#StaticLoggerBinder for further details.
2024-03-18 14:29:14,265 [ERROR] LogOutputStream:75 - [STDERR_REDIRECT] 
