2024-01-31 12:17:05,325 [INFO] Activator:176 - 


2024-01-31 12:17:05,331 [INFO] Activator:177 - !SESSION log4j initialized
2024-01-31 12:17:13,275 [INFO] LogOutputStream:77 - [STDOUT_REDIRECT] 
2024-01-31 12:17:15,358 [INFO] ApplicationProperties:184 - Using Application install path: C:\ST\STM32CubeIDE_1.14.1\STM32CubeIDE\plugins\com.st.stm32cube.common.mx_6.10.0.202311202037
2024-01-31 12:17:15,389 [INFO] DbMcusXml:78 - Set database path to: C:\ST\STM32CubeIDE_1.14.1\STM32CubeIDE\plugins\com.st.stm32cube.common.mx_6.10.0.202311202037\\db\/mcu/
2024-01-31 12:17:15,389 [INFO] ApiDb:274 - Set plugin database path to: C:\ST\STM32CubeIDE_1.14.1\STM32CubeIDE\plugins\com.st.stm32cube.common.mx_6.10.0.202311202037\\db\/plugins/boardmanager/
2024-01-31 12:17:15,390 [WARN] ApiDb:259 - Overriding images path with different value:  => C:\ST\STM32CubeIDE_1.14.1\STM32CubeIDE\plugins\com.st.stm32cube.common.mx_6.10.0.202311202037\\db\/plugins/mcufinder/images/
2024-01-31 12:17:15,403 [INFO] ApiDb:250 - Set database path to: C:\Users\TuranyElijah\.stmcufinder\plugins\mcufinder//mcu/
2024-01-31 12:17:15,405 [INFO] DbMcusAds:125 - Set database path to: C:\Users\TuranyElijah\.stmcufinder\plugins\mcufinder//mcu/
2024-01-31 12:17:15,409 [INFO] CrossReferenceDbSqlite:203 - Set database path to: C:\Users\TuranyElijah\.stmcufinder\plugins\mcufinder//mcu/cs/
2024-01-31 12:17:15,619 [INFO] RulesReader:64 - Compatibility file has been processed (297 Rules)
2024-01-31 12:17:15,755 [INFO] DbMcusXml:78 - Set database path to: C:\ST\STM32CubeIDE_1.14.1\STM32CubeIDE\plugins\com.st.stm32cube.common.mx_6.10.0.202311202037\\db\/mcu/
2024-01-31 12:17:15,755 [INFO] ApiDb:274 - Set plugin database path to: C:\ST\STM32CubeIDE_1.14.1\STM32CubeIDE\plugins\com.st.stm32cube.common.mx_6.10.0.202311202037\\db\/plugins/boardmanager/
2024-01-31 12:17:15,755 [INFO] ApiDb:261 - Set plugin images path to: C:\ST\STM32CubeIDE_1.14.1\STM32CubeIDE\plugins\com.st.stm32cube.common.mx_6.10.0.202311202037\\db\/plugins/mcufinder/images/
2024-01-31 12:17:15,756 [WARN] DbFile:41 - Overriding database path with different value: C:\Users\TuranyElijah\.stmcufinder\plugins\mcufinder/ => C:\Users\TuranyElijah\.stmcufinder\plugins\mcufinder
2024-01-31 12:17:15,756 [INFO] ApiDb:250 - Set database path to: C:\Users\TuranyElijah\.stmcufinder\plugins\mcufinder//mcu/
2024-01-31 12:17:15,756 [WARN] DbFile:41 - Overriding database path with different value: C:\Users\TuranyElijah\.stmcufinder\plugins\mcufinder/ => C:\Users\TuranyElijah\.stmcufinder\plugins\mcufinder
2024-01-31 12:17:15,756 [INFO] DbMcusAds:125 - Set database path to: C:\Users\TuranyElijah\.stmcufinder\plugins\mcufinder//mcu/
2024-01-31 12:17:15,756 [WARN] DbFile:41 - Overriding database path with different value: C:\Users\TuranyElijah\.stmcufinder\plugins\mcufinder/ => C:\Users\TuranyElijah\.stmcufinder\plugins\mcufinder
2024-01-31 12:17:15,756 [WARN] DbFile:41 - Overriding database path with different value: C:\Users\TuranyElijah\.stmcufinder\plugins\mcufinder/ => C:\Users\TuranyElijah\.stmcufinder\plugins\mcufinder
2024-01-31 12:17:15,756 [INFO] CrossReferenceDbSqlite:203 - Set database path to: C:\Users\TuranyElijah\.stmcufinder\plugins\mcufinder//mcu/cs/
2024-01-31 12:17:15,872 [INFO] MainPanel:264 - HeapMemory: 268435456
2024-01-31 12:17:16,033 [INFO] DbMcusXml:78 - Set database path to: C:\ST\STM32CubeIDE_1.14.1\STM32CubeIDE\plugins\com.st.stm32cube.common.mx_6.10.0.202311202037\\db\/mcu/
2024-01-31 12:17:16,033 [INFO] ApiDb:274 - Set plugin database path to: C:\ST\STM32CubeIDE_1.14.1\STM32CubeIDE\plugins\com.st.stm32cube.common.mx_6.10.0.202311202037\\db\/plugins/boardmanager/
2024-01-31 12:17:16,033 [INFO] ApiDb:261 - Set plugin images path to: C:\ST\STM32CubeIDE_1.14.1\STM32CubeIDE\plugins\com.st.stm32cube.common.mx_6.10.0.202311202037\\db\/plugins/mcufinder/images/
2024-01-31 12:17:16,034 [WARN] DbFile:41 - Overriding database path with different value: C:\Users\TuranyElijah\.stmcufinder\plugins\mcufinder/ => C:\Users\TuranyElijah\.stmcufinder\plugins\mcufinder
2024-01-31 12:17:16,034 [INFO] ApiDb:250 - Set database path to: C:\Users\TuranyElijah\.stmcufinder\plugins\mcufinder//mcu/
2024-01-31 12:17:16,034 [WARN] DbFile:41 - Overriding database path with different value: C:\Users\TuranyElijah\.stmcufinder\plugins\mcufinder/ => C:\Users\TuranyElijah\.stmcufinder\plugins\mcufinder
2024-01-31 12:17:16,034 [INFO] DbMcusAds:125 - Set database path to: C:\Users\TuranyElijah\.stmcufinder\plugins\mcufinder//mcu/
2024-01-31 12:17:16,034 [WARN] DbFile:41 - Overriding database path with different value: C:\Users\TuranyElijah\.stmcufinder\plugins\mcufinder/ => C:\Users\TuranyElijah\.stmcufinder\plugins\mcufinder
2024-01-31 12:17:16,034 [WARN] DbFile:41 - Overriding database path with different value: C:\Users\TuranyElijah\.stmcufinder\plugins\mcufinder/ => C:\Users\TuranyElijah\.stmcufinder\plugins\mcufinder
2024-01-31 12:17:16,034 [INFO] CrossReferenceDbSqlite:203 - Set database path to: C:\Users\TuranyElijah\.stmcufinder\plugins\mcufinder//mcu/cs/
2024-01-31 12:17:16,063 [INFO] ApplicationProperties:184 - Using Application install path: C:\ST\STM32CubeIDE_1.14.1\STM32CubeIDE\plugins\com.st.stm32cube.common.mx_6.10.0.202311202037
2024-01-31 12:17:16,065 [INFO] PluginManage:196 - Search for loadable plugins [exclusion list=, ]
2024-01-31 12:17:16,068 [INFO] PluginManage:310 - Check plugin analytics
2024-01-31 12:17:16,326 [INFO] AnalyticsPlugin:253 - Accepted Software Licenses: 
2024-01-31 12:17:16,326 [INFO] AnalyticsPlugin:255 - Accepted CMSIS Pack Licenses: 
2024-01-31 12:17:16,326 [INFO] AnalyticsPlugin:257 - Accepted Firmware Licenses: 
2024-01-31 12:17:16,332 [INFO] PluginManage:359 - Loaded plugin analytics (category:tool,tabindex:-1)
2024-01-31 12:17:16,332 [INFO] PluginManage:310 - Check plugin cadmodel
2024-01-31 12:17:16,359 [INFO] CADModel:105 - Init CAD model plugin
2024-01-31 12:17:16,359 [INFO] PluginManage:359 - Loaded plugin cadmodel (category:power,tabindex:5)
2024-01-31 12:17:16,359 [INFO] PluginManage:310 - Check plugin clock
2024-01-31 12:17:16,390 [INFO] PluginManage:359 - Loaded plugin clock (category:base,tabindex:2)
2024-01-31 12:17:16,390 [INFO] PluginManage:310 - Check plugin ddr
2024-01-31 12:17:16,393 [INFO] PluginManage:359 - Loaded plugin ddr (category:tool,tabindex:6)
2024-01-31 12:17:16,393 [INFO] PluginManage:310 - Check plugin filemanager
2024-01-31 12:17:16,586 [INFO] PluginManage:359 - Loaded plugin filemanager (category:base,tabindex:10)
2024-01-31 12:17:16,586 [INFO] PluginManage:310 - Check plugin ipmanager
2024-01-31 12:17:16,594 [INFO] PluginManage:359 - Loaded plugin ipmanager (category:base,tabindex:5)
2024-01-31 12:17:16,594 [INFO] PluginManage:310 - Check plugin lpbam
2024-01-31 12:17:16,620 [INFO] PluginManage:359 - Loaded plugin lpbam (category:base,tabindex:0)
2024-01-31 12:17:16,620 [INFO] PluginManage:310 - Check plugin memorymap
2024-01-31 12:17:16,654 [INFO] PluginManage:359 - Loaded plugin memorymap (category:base,tabindex:4)
2024-01-31 12:17:16,654 [INFO] PluginManage:310 - Check plugin pinoutandconfiguration
2024-01-31 12:17:16,678 [INFO] PluginManage:359 - Loaded plugin pinoutandconfiguration (category:base,tabindex:1)
2024-01-31 12:17:16,678 [INFO] PluginManage:310 - Check plugin pinoutconfig
2024-01-31 12:17:16,814 [WARN] SupportedApi:132 - Cannot load RTOS API schema: s4s-elt-must-match.1: The content of 'definitions' must match (annotation?, (simpleType | complexType)?, (unique | key | keyref)*)). A problem was found starting at: attribute.
2024-01-31 12:17:17,028 [INFO] PluginManage:359 - Loaded plugin pinoutconfig (category:base,tabindex:0)
2024-01-31 12:17:17,029 [INFO] PluginManage:310 - Check plugin power
2024-01-31 12:17:17,063 [INFO] PluginManage:359 - Loaded plugin power (category:power,tabindex:4)
2024-01-31 12:17:17,064 [INFO] PluginManage:310 - Check plugin projectmanager
2024-01-31 12:17:17,087 [INFO] PluginManage:359 - Loaded plugin projectmanager (category:projectmanager,tabindex:3)
2024-01-31 12:17:17,087 [INFO] PluginManage:310 - Check plugin thirdparty
2024-01-31 12:17:17,434 [INFO] PluginManage:359 - Loaded plugin thirdparty (category:base,tabindex:-1)
2024-01-31 12:17:17,434 [WARN] IntegrityCheckThread:84 - waiting for thirdparty lock release [integrity check]
2024-01-31 12:17:17,434 [INFO] PluginManage:310 - Check plugin tools
2024-01-31 12:17:17,434 [INFO] IntegrityCheckThread:86 - entering critical section [integrity check]
2024-01-31 12:17:17,435 [INFO] ThirdPartyUpdaterWithRetryManager:70 - Updater plugin not ready yet. [1/15]
2024-01-31 12:17:17,476 [INFO] PluginManage:359 - Loaded plugin tools (category:base,tabindex:7)
2024-01-31 12:17:17,477 [INFO] PluginManage:310 - Check plugin tutovideos
2024-01-31 12:17:17,758 [INFO] PluginManage:359 - Loaded plugin tutovideos (category:base,tabindex:-1)
2024-01-31 12:17:17,759 [INFO] PluginManage:310 - Check plugin updater
2024-01-31 12:17:17,773 [INFO] PluginManage:359 - Loaded plugin updater (category:base,tabindex:12)
2024-01-31 12:17:17,773 [INFO] PluginManage:310 - Check plugin userauth
2024-01-31 12:17:17,782 [INFO] UserAuth:114 - Init User Auth plugin
2024-01-31 12:17:17,782 [INFO] PluginManage:359 - Loaded plugin userauth (category:base,tabindex:14)
2024-01-31 12:17:17,782 [INFO] PluginManage:283 - PluginManage : Loaded plugins [17]
2024-01-31 12:17:18,079 [INFO] PinOutPanel:1499 - setPackage(No Configuration,No Configuration)
2024-01-31 12:17:18,211 [INFO] CADModel:165 - CPN selected for project level
2024-01-31 12:17:18,211 [INFO] CADModel:114 - Register for checkConnection events
2024-01-31 12:17:18,246 [INFO] IPUIPlugin:80 - create IPUIPlugin
2024-01-31 12:17:18,246 [INFO] PluginManager:220 - loadIPPluginJar : add adc
2024-01-31 12:17:18,290 [INFO] IPUIPlugin:80 - create IPUIPlugin
2024-01-31 12:17:18,290 [INFO] PluginManager:220 - loadIPPluginJar : add aes
2024-01-31 12:17:18,339 [INFO] IPUIPlugin:80 - create IPUIPlugin
2024-01-31 12:17:18,340 [INFO] PluginManager:220 - loadIPPluginJar : add can
2024-01-31 12:17:18,368 [INFO] IPUIPlugin:80 - create IPUIPlugin
2024-01-31 12:17:18,368 [INFO] PluginManager:220 - loadIPPluginJar : add comp
2024-01-31 12:17:18,407 [INFO] IPUIPlugin:80 - create IPUIPlugin
2024-01-31 12:17:18,408 [INFO] PluginManager:220 - loadIPPluginJar : add cryp
2024-01-31 12:17:18,443 [INFO] IPUIPlugin:80 - create IPUIPlugin
2024-01-31 12:17:18,443 [INFO] PluginManager:220 - loadIPPluginJar : add dfsdm
2024-01-31 12:17:18,464 [INFO] IPUIPlugin:80 - create IPUIPlugin
2024-01-31 12:17:18,465 [INFO] PluginManager:220 - loadIPPluginJar : add dma
2024-01-31 12:17:18,516 [INFO] IPUIPlugin:80 - create IPUIPlugin
2024-01-31 12:17:18,516 [INFO] PluginManager:220 - loadIPPluginJar : add dma3
2024-01-31 12:17:18,541 [INFO] IPUIPlugin:80 - create IPUIPlugin
2024-01-31 12:17:18,541 [INFO] PluginManager:220 - loadIPPluginJar : add fatfs
2024-01-31 12:17:18,599 [INFO] IPUIPlugin:80 - create IPUIPlugin
2024-01-31 12:17:18,599 [INFO] PluginManager:220 - loadIPPluginJar : add fmc
2024-01-31 12:17:18,621 [INFO] IPUIPlugin:80 - create IPUIPlugin
2024-01-31 12:17:18,621 [INFO] PluginManager:220 - loadIPPluginJar : add freertos
2024-01-31 12:17:18,648 [INFO] IPUIPlugin:80 - create IPUIPlugin
2024-01-31 12:17:18,648 [INFO] PluginManager:220 - loadIPPluginJar : add genericplugin
2024-01-31 12:17:18,755 [INFO] IPUIPlugin:80 - create IPUIPlugin
2024-01-31 12:17:18,756 [INFO] PluginManager:220 - loadIPPluginJar : add gfxmmu
2024-01-31 12:17:18,910 [INFO] IPUIPlugin:80 - create IPUIPlugin
2024-01-31 12:17:18,910 [INFO] PluginManager:220 - loadIPPluginJar : add gic
2024-01-31 12:17:18,936 [INFO] IPUIPlugin:80 - create IPUIPlugin
2024-01-31 12:17:18,936 [INFO] PluginManager:220 - loadIPPluginJar : add gpio
2024-01-31 12:17:19,045 [INFO] IPUIPlugin:80 - create IPUIPlugin
2024-01-31 12:17:19,046 [INFO] PluginManager:220 - loadIPPluginJar : add gtzc
2024-01-31 12:17:19,085 [INFO] IPUIPlugin:80 - create IPUIPlugin
2024-01-31 12:17:19,086 [INFO] PluginManager:220 - loadIPPluginJar : add hash
2024-01-31 12:17:19,148 [INFO] IPUIPlugin:80 - create IPUIPlugin
2024-01-31 12:17:19,148 [INFO] PluginManager:220 - loadIPPluginJar : add i2c
2024-01-31 12:17:19,197 [INFO] IPUIPlugin:80 - create IPUIPlugin
2024-01-31 12:17:19,197 [INFO] PluginManager:220 - loadIPPluginJar : add i2s
2024-01-31 12:17:19,246 [INFO] IPUIPlugin:80 - create IPUIPlugin
2024-01-31 12:17:19,246 [INFO] PluginManager:220 - loadIPPluginJar : add i3c
2024-01-31 12:17:19,382 [INFO] IPUIPlugin:80 - create IPUIPlugin
2024-01-31 12:17:19,382 [INFO] PluginManager:220 - loadIPPluginJar : add ipddr
2024-01-31 12:17:19,494 [INFO] IPUIPlugin:80 - create IPUIPlugin
2024-01-31 12:17:19,495 [INFO] PluginManager:220 - loadIPPluginJar : add linkedlist
2024-01-31 12:17:19,544 [INFO] IPUIPlugin:80 - create IPUIPlugin
2024-01-31 12:17:19,544 [INFO] PluginManager:220 - loadIPPluginJar : add lorawan
2024-01-31 12:17:19,590 [INFO] IPUIPlugin:80 - create IPUIPlugin
2024-01-31 12:17:19,591 [INFO] PluginManager:220 - loadIPPluginJar : add ltdc
2024-01-31 12:17:19,611 [INFO] IPUIPlugin:80 - create IPUIPlugin
2024-01-31 12:17:19,611 [INFO] PluginManager:220 - loadIPPluginJar : add mdma
2024-01-31 12:17:19,627 [INFO] IPUIPlugin:80 - create IPUIPlugin
2024-01-31 12:17:19,628 [INFO] PluginManager:220 - loadIPPluginJar : add nvic
2024-01-31 12:17:19,671 [INFO] IPUIPlugin:80 - create IPUIPlugin
2024-01-31 12:17:19,671 [INFO] PluginManager:220 - loadIPPluginJar : add opamp
2024-01-31 12:17:19,742 [INFO] IPUIPlugin:80 - create IPUIPlugin
2024-01-31 12:17:19,743 [INFO] PluginManager:220 - loadIPPluginJar : add openamp
2024-01-31 12:17:19,793 [INFO] IPUIPlugin:80 - create IPUIPlugin
2024-01-31 12:17:19,793 [INFO] PluginManager:220 - loadIPPluginJar : add pdm2pcm
2024-01-31 12:17:19,814 [INFO] IPUIPlugin:80 - create IPUIPlugin
2024-01-31 12:17:19,817 [INFO] PluginManager:220 - loadIPPluginJar : add plateformsettings
2024-01-31 12:17:19,844 [INFO] IPUIPlugin:80 - create IPUIPlugin
2024-01-31 12:17:19,844 [INFO] PluginManager:220 - loadIPPluginJar : add quadspi
2024-01-31 12:17:19,864 [INFO] IPUIPlugin:80 - create IPUIPlugin
2024-01-31 12:17:19,864 [INFO] PluginManager:220 - loadIPPluginJar : add resmgrutility
2024-01-31 12:17:19,924 [INFO] IPUIPlugin:80 - create IPUIPlugin
2024-01-31 12:17:19,924 [INFO] PluginManager:220 - loadIPPluginJar : add sai
2024-01-31 12:17:19,968 [INFO] IPUIPlugin:80 - create IPUIPlugin
2024-01-31 12:17:19,968 [INFO] PluginManager:220 - loadIPPluginJar : add spi
2024-01-31 12:17:20,051 [INFO] IPUIPlugin:80 - create IPUIPlugin
2024-01-31 12:17:20,051 [INFO] PluginManager:220 - loadIPPluginJar : add stm32_wpan
2024-01-31 12:17:20,081 [INFO] IPUIPlugin:80 - create IPUIPlugin
2024-01-31 12:17:20,082 [INFO] PluginManager:220 - loadIPPluginJar : add tim
2024-01-31 12:17:20,149 [INFO] IPUIPlugin:80 - create IPUIPlugin
2024-01-31 12:17:20,150 [INFO] PluginManager:220 - loadIPPluginJar : add touchsensing
2024-01-31 12:17:20,180 [INFO] IPUIPlugin:80 - create IPUIPlugin
2024-01-31 12:17:20,180 [INFO] PluginManager:220 - loadIPPluginJar : add tracer_emb
2024-01-31 12:17:20,208 [INFO] IPUIPlugin:80 - create IPUIPlugin
2024-01-31 12:17:20,208 [INFO] PluginManager:220 - loadIPPluginJar : add ts
2024-01-31 12:17:20,233 [INFO] IPUIPlugin:80 - create IPUIPlugin
2024-01-31 12:17:20,233 [INFO] PluginManager:220 - loadIPPluginJar : add tsc
2024-01-31 12:17:20,262 [INFO] IPUIPlugin:80 - create IPUIPlugin
2024-01-31 12:17:20,262 [INFO] PluginManager:220 - loadIPPluginJar : add ucpd
2024-01-31 12:17:20,315 [INFO] IPUIPlugin:80 - create IPUIPlugin
2024-01-31 12:17:20,316 [INFO] PluginManager:220 - loadIPPluginJar : add usart
2024-01-31 12:17:20,366 [INFO] IPUIPlugin:80 - create IPUIPlugin
2024-01-31 12:17:20,366 [INFO] PluginManager:220 - loadIPPluginJar : add usbx
2024-01-31 12:17:20,437 [INFO] ThirdPartyUpdaterWithRetryManager:70 - Updater plugin not ready yet. [2/15]
2024-01-31 12:17:20,516 [INFO] CADModel:165 - CPN selected for project level
2024-01-31 12:17:20,516 [INFO] CADModel:114 - Register for checkConnection events
2024-01-31 12:17:20,516 [FATAL] Updater:308 - Updater called before beeing initialized
2024-01-31 12:17:20,516 [ERROR] CADModel:125 - Updater not yet initialized, retry later 
2024-01-31 12:17:20,730 [INFO] CADModel:165 - CPN selected for project level
2024-01-31 12:17:20,730 [INFO] CADModel:114 - Register for checkConnection events
2024-01-31 12:17:20,730 [FATAL] Updater:308 - Updater called before beeing initialized
2024-01-31 12:17:20,730 [ERROR] CADModel:125 - Updater not yet initialized, retry later 
2024-01-31 12:17:20,734 [FATAL] Updater:308 - Updater called before beeing initialized
2024-01-31 12:17:20,887 [FATAL] Updater:308 - Updater called before beeing initialized
2024-01-31 12:17:20,899 [INFO] DbMcusAds:53 - JSON generation date=Wed Nov 29 04:52:27 CST 2023 (1701255147200)
2024-01-31 12:17:20,899 [FATAL] Updater:308 - Updater called before beeing initialized
2024-01-31 12:17:20,997 [WARN] DetailPanel:346 - Failed to get advertising image, set to default
2024-01-31 12:17:21,115 [FATAL] Updater:308 - Updater called before beeing initialized
2024-01-31 12:17:21,117 [FATAL] Updater:308 - Updater called before beeing initialized
2024-01-31 12:17:21,117 [FATAL] Updater:308 - Updater called before beeing initialized
2024-01-31 12:17:21,118 [WARN] DetailPanel:346 - Failed to get advertising image, set to default
2024-01-31 12:17:21,118 [FATAL] Updater:308 - Updater called before beeing initialized
2024-01-31 12:17:21,191 [ERROR] Updater:1120 - MainUpdater not yet initialized. External WinMGr cannot be set.
2024-01-31 12:17:21,203 [INFO] Updater:1056 - Updater Version found : 6.10.0
2024-01-31 12:17:21,228 [INFO] ApplicationProperties:184 - Using Application install path: C:\ST\STM32CubeIDE_1.14.1\STM32CubeIDE\plugins\com.st.stm32cube.common.mx_6.10.0.202311202037
2024-01-31 12:17:22,820 [ERROR] LogOutputStream:75 - [STDERR_REDIRECT] Jan 31, 2024 12:17:22 PM java.util.prefs.WindowsPreferences <init>
2024-01-31 12:17:22,822 [ERROR] LogOutputStream:75 - [STDERR_REDIRECT] WARNING: Could not open/create prefs root node Software\JavaSoft\Prefs at root 0xffffffff80000002. Windows RegCreateKeyEx(...) returned error code 5.
2024-01-31 12:17:22,822 [ERROR] LogOutputStream:75 - [STDERR_REDIRECT] 
2024-01-31 12:17:23,260 [INFO] MainUpdater:2873 - connection check result : 10
2024-01-31 12:17:23,262 [INFO] MainUpdater:290 - Updater Check For Update Now.
2024-01-31 12:17:23,262 [INFO] MicroXplorer:498 - Change Database Version : DB.6.0.100
2024-01-31 12:17:23,288 [INFO] McuFinderGlobals:63 - Set McuFinder mode to 2 (CubeIDE integrated)
2024-01-31 12:17:23,289 [INFO] UserAuth:180 - activating auth plugin
2024-01-31 12:17:23,295 [INFO] UserAuth:404 - Internet connection configuration mode: 1
2024-01-31 12:17:23,349 [INFO] JxBrowserEngine:152 - Initiate JxBrowser Engine with user profile folder
2024-01-31 12:17:23,437 [WARN] MainUpdater:1194 - Updater busy. Cannot search thirdparties
2024-01-31 12:17:23,438 [INFO] ThirdPartyUpdaterWithRetryManager:96 - Updater plugin is busy. [1/15]
2024-01-31 12:17:23,532 [INFO] CheckServerUpdateThread:120 - End of CheckServer Thread
2024-01-31 12:17:26,744 [WARN] PackLoader:240 - Cannot read IP mode file for STMicroelectronics.X-CUBE-SMBUS.2.1.0
2024-01-31 12:17:26,768 [WARN] PackLoader:240 - Cannot read IP mode file for STMicroelectronics.X-CUBE-TOUCHGFX.4.23.0
2024-01-31 12:17:26,835 [WARN] PackLoader:240 - Cannot read IP mode file for STMicroelectronics.X-CUBE-AZRTOS-F7.1.1.0
2024-01-31 12:17:26,872 [WARN] PackLoader:240 - Cannot read IP mode file for STMicroelectronics.FP-SNS-MOTENV1.4.3.2
2024-01-31 12:17:26,897 [WARN] PackLoader:240 - Cannot read IP mode file for STMicroelectronics.FP-SNS-FLIGHT1.5.0.2
2024-01-31 12:17:26,927 [WARN] PackLoader:240 - Cannot read IP mode file for STMicroelectronics.X-CUBE-DISPLAY.3.0.0
2024-01-31 12:17:26,968 [WARN] PackLoader:240 - Cannot read IP mode file for STMicroelectronics.X-CUBE-BLE1.7.0.0
2024-01-31 12:17:26,992 [WARN] PackLoader:240 - Cannot read IP mode file for emotas.I-CUBE-CANOPEN.1.3.0
2024-01-31 12:17:27,015 [WARN] PackLoader:240 - Cannot read IP mode file for STMicroelectronics.FP-SNS-SMARTAG2.1.2.0
2024-01-31 12:17:27,050 [INFO] LogOutputStream:77 - [STDOUT_REDIRECT] 1 : Invalid condition id : UX_CORESTACK_Condition cause : null
2024-01-31 12:17:27,052 [INFO] LogOutputStream:77 - [STDOUT_REDIRECT] 1 : Invalid condition id : UX_CORESTACK_Condition cause : null
2024-01-31 12:17:27,054 [INFO] LogOutputStream:77 - [STDOUT_REDIRECT] 1 : Invalid condition id : UX_CORESTACK_Condition cause : null
2024-01-31 12:17:27,056 [INFO] LogOutputStream:77 - [STDOUT_REDIRECT] 1 : Invalid condition id : UX_CORESTACK_Condition cause : null
2024-01-31 12:17:27,058 [INFO] LogOutputStream:77 - [STDOUT_REDIRECT] 1 : Invalid condition id : UX_CORESTACK_Condition cause : null
2024-01-31 12:17:27,064 [WARN] PackLoader:240 - Cannot read IP mode file for STMicroelectronics.X-CUBE-AZRTOS-WL.2.0.0
2024-01-31 12:17:27,096 [WARN] PackLoader:240 - Cannot read IP mode file for WES.I-CUBE-Cesium.1.3.0
2024-01-31 12:17:27,123 [WARN] PackLoader:240 - Cannot read IP mode file for STMicroelectronics.X-CUBE-BLE2.3.3.0
2024-01-31 12:17:27,154 [WARN] PackLoader:240 - Cannot read IP mode file for STMicroelectronics.X-CUBE-ALGOBUILD.1.3.0
2024-01-31 12:17:27,196 [WARN] PackLoader:240 - Cannot read IP mode file for STMicroelectronics.X-CUBE-AZRTOS-G0.1.1.0
2024-01-31 12:17:27,232 [WARN] PackLoader:240 - Cannot read IP mode file for STMicroelectronics.X-CUBE-NFC4.3.0.0
2024-01-31 12:17:27,272 [WARN] PackLoader:240 - Cannot read IP mode file for STMicroelectronics.X-CUBE-BLEMGR.3.0.0
2024-01-31 12:17:27,322 [WARN] PackLoader:240 - Cannot read IP mode file for STMicroelectronics.FP-ATR-SIGFOX1.3.2.0
2024-01-31 12:17:27,343 [WARN] PackLoader:240 - Cannot read IP mode file for STMicroelectronics.X-CUBE-EEPRMA1.5.1.0
2024-01-31 12:17:27,414 [WARN] PackLoader:240 - Cannot read IP mode file for SEGGER.I-CUBE-embOS.1.3.1
2024-01-31 12:17:27,523 [WARN] PackLoader:240 - Cannot read IP mode file for STMicroelectronics.X-CUBE-GNSS1.6.0.0
2024-01-31 12:17:27,570 [WARN] PackLoader:240 - Cannot read IP mode file for STMicroelectronics.X-CUBE-AZRTOS-F4.1.1.0
2024-01-31 12:17:27,596 [WARN] PackLoader:240 - Cannot read IP mode file for wolfSSL.I-CUBE-wolfSSL.5.6.6
2024-01-31 12:17:27,650 [WARN] PackLoader:240 - Cannot read IP mode file for STMicroelectronics.X-CUBE-AZRTOS-L5.2.0.0
2024-01-31 12:17:27,676 [WARN] PackLoader:240 - Cannot read IP mode file for STMicroelectronics.X-CUBE-EEPRMA1.4.2.0
2024-01-31 12:17:27,692 [WARN] PackLoader:240 - Cannot read IP mode file for ITTIA_DB.I-CUBE-ITTIADB.8.8.0
2024-01-31 12:17:27,710 [WARN] PackLoader:240 - Cannot read IP mode file for STMicroelectronics.X-CUBE-NFC7.1.0.1
2024-01-31 12:17:27,734 [WARN] PackLoader:240 - Cannot read IP mode file for STMicroelectronics.X-CUBE-NFC6.3.0.0
2024-01-31 12:17:27,762 [WARN] PackLoader:240 - Cannot read IP mode file for STMicroelectronics.X-CUBE-AI.8.1.0
2024-01-31 12:17:27,822 [WARN] ConditionMgr:438 - getConditionDescription Invalid condition id : LAN8742 Phy interface Condition cause : null
2024-01-31 12:17:27,824 [WARN] PackLoader:240 - Cannot read IP mode file for STMicroelectronics.X-CUBE-AZRTOS-L4.2.0.0
2024-01-31 12:17:27,828 [WARN] ConditionMgr:1039 - genDependencies : Invalid condition id : LAN8742 Phy interface Condition cause : null
2024-01-31 12:17:27,829 [WARN] ConditionMgr:1039 - genDependencies : Invalid condition id : LAN8742 Phy interface Condition cause : null
2024-01-31 12:17:27,830 [WARN] ConditionMgr:1039 - genDependencies : Invalid condition id : LAN8742 Phy interface Condition cause : null
2024-01-31 12:17:27,867 [WARN] PackLoader:240 - Cannot read IP mode file for STMicroelectronics.X-CUBE-SFXS2LP1.4.0.0
2024-01-31 12:17:27,917 [WARN] ConditionMgr:438 - getConditionDescription Invalid condition id : UX DEVICE CLASS RTOS Condition cause : null
2024-01-31 12:17:27,917 [WARN] ConditionMgr:438 - getConditionDescription Invalid condition id : UX DEVICE CLASS RTOS Condition cause : null
2024-01-31 12:17:27,921 [WARN] PackLoader:240 - Cannot read IP mode file for STMicroelectronics.X-CUBE-AZRTOS-WB.2.0.0
2024-01-31 12:17:27,922 [WARN] ConditionMgr:1039 - genDependencies : Invalid condition id : UX DEVICE CLASS RTOS Condition cause : null
2024-01-31 12:17:27,923 [WARN] ConditionMgr:1039 - genDependencies : Invalid condition id : UX DEVICE CLASS RTOS Condition cause : null
2024-01-31 12:17:27,923 [WARN] ConditionMgr:1039 - genDependencies : Invalid condition id : UX DEVICE CLASS RTOS Condition cause : null
2024-01-31 12:17:27,924 [WARN] ConditionMgr:1039 - genDependencies : Invalid condition id : UX DEVICE CLASS RTOS Condition cause : null
2024-01-31 12:17:27,924 [WARN] ConditionMgr:1039 - genDependencies : Invalid condition id : UX DEVICE CLASS RTOS Condition cause : null
2024-01-31 12:17:27,969 [WARN] PackLoader:240 - Cannot read IP mode file for STMicroelectronics.X-CUBE-SUBG2.5.0.0
2024-01-31 12:17:28,045 [WARN] PackLoader:240 - Cannot read IP mode file for STMicroelectronics.X-CUBE-AZRTOS-G4.2.0.0
2024-01-31 12:17:28,087 [WARN] PackLoader:240 - Cannot read IP mode file for Infineon.AIROC-Wi-Fi-Bluetooth-STM32.1.5.1
2024-01-31 12:17:28,114 [WARN] PackLoader:240 - Cannot read IP mode file for STMicroelectronics.FP-SNS-MOTENVWB1.1.3.1
2024-01-31 12:17:28,137 [WARN] PackLoader:240 - Cannot read IP mode file for STMicroelectronics.X-CUBE-ISPU.2.0.0
2024-01-31 12:17:28,215 [WARN] PackLoader:240 - Cannot read IP mode file for STMicroelectronics.X-CUBE-MEMS1.10.0.0
2024-01-31 12:17:28,224 [INFO] WebApp:161 - Instantiating new browser for Auth
2024-01-31 12:17:28,417 [WARN] PackLoader:240 - Cannot read IP mode file for STMicroelectronics.X-CUBE-FREERTOS.1.1.0
2024-01-31 12:17:28,440 [WARN] PackLoader:240 - Cannot read IP mode file for portGmbH.I-Cube-SoM-uGOAL.1.1.0
2024-01-31 12:17:28,459 [WARN] PackLoader:240 - Cannot read IP mode file for STMicroelectronics.X-CUBE-ALS.1.0.1
2024-01-31 12:17:28,475 [WARN] PackLoader:240 - Cannot read IP mode file for STMicroelectronics.FP-ATR-ASTRA1.2.0.0
2024-01-31 12:17:28,502 [WARN] PackLoader:240 - Cannot read IP mode file for STMicroelectronics.X-CUBE-TOF1.3.4.0
2024-01-31 12:17:28,558 [WARN] PackLoader:240 - Cannot read IP mode file for STMicroelectronics.X-CUBE-AZRTOS-H7.3.2.0
2024-01-31 12:17:28,563 [INFO] ThirdParty:978 - Integrity check success = true
2024-01-31 12:17:28,563 [INFO] IntegrityCheckThread:100 - exiting critical section [integrity check]
2024-01-31 12:17:28,563 [INFO] IntegrityCheckThread:103 - End integrity checks thread
2024-01-31 12:17:29,328 [INFO] WebApp:780 - Register for checkConnection events
2024-01-31 12:17:29,328 [INFO] WebApp:414 - Apply proxy settings
2024-01-31 12:17:29,329 [INFO] WebApp:499 - Chromium requires no authentication
2024-01-31 12:17:29,342 [INFO] WebApp:442 - Direct internet connection detected
2024-01-31 12:17:29,615 [INFO] WebApp:192 - Starting web application
2024-01-31 12:17:29,616 [INFO] WebApp:544 - Web application path used C:\ST\STM32CubeIDE_1.14.1\STM32CubeIDE\plugins\com.st.stm32cube.common.mx_6.10.0.202311202037\db\plugins\mcufinder\reactClient1\index.html
2024-01-31 12:17:50,879 [ERROR] LogOutputStream:75 - [STDERR_REDIRECT] SLF4J: Failed to load class "org.slf4j.impl.StaticLoggerBinder".
2024-01-31 12:17:50,881 [ERROR] LogOutputStream:75 - [STDERR_REDIRECT] SLF4J: Defaulting to no-operation (NOP) logger implementation
2024-01-31 12:17:50,882 [ERROR] LogOutputStream:75 - [STDERR_REDIRECT] SLF4J: See http://www.slf4j.org/codes.html#StaticLoggerBinder for further details.
2024-01-31 14:19:04,838 [ERROR] LogOutputStream:75 - [STDERR_REDIRECT] 
2024-01-31 14:19:04,840 [ERROR] LogOutputStream:75 - [STDERR_REDIRECT] 
