2024-04-22 12:17:58,201 [INFO] Activator:176 - 


2024-04-22 12:17:58,206 [INFO] Activator:177 - !SESSION log4j initialized
2024-04-22 12:18:05,470 [INFO] LogOutputStream:77 - [STDOUT_REDIRECT] 
2024-04-22 12:18:06,823 [INFO] ApplicationProperties:184 - Using Application install path: C:\ST\STM32CubeIDE_1.14.1\STM32CubeIDE\plugins\com.st.stm32cube.common.mx_6.10.0.202311202037
2024-04-22 12:18:06,844 [INFO] DbMcusXml:78 - Set database path to: C:\ST\STM32CubeIDE_1.14.1\STM32CubeIDE\plugins\com.st.stm32cube.common.mx_6.10.0.202311202037\\db\/mcu/
2024-04-22 12:18:06,845 [INFO] ApiDb:274 - Set plugin database path to: C:\ST\STM32CubeIDE_1.14.1\STM32CubeIDE\plugins\com.st.stm32cube.common.mx_6.10.0.202311202037\\db\/plugins/boardmanager/
2024-04-22 12:18:06,845 [WARN] ApiDb:259 - Overriding images path with different value:  => C:\ST\STM32CubeIDE_1.14.1\STM32CubeIDE\plugins\com.st.stm32cube.common.mx_6.10.0.202311202037\\db\/plugins/mcufinder/images/
2024-04-22 12:18:06,862 [INFO] ApiDb:250 - Set database path to: C:\Users\TuranyElijah\.stmcufinder\plugins\mcufinder//mcu/
2024-04-22 12:18:06,864 [INFO] DbMcusAds:125 - Set database path to: C:\Users\TuranyElijah\.stmcufinder\plugins\mcufinder//mcu/
2024-04-22 12:18:06,866 [INFO] CrossReferenceDbSqlite:203 - Set database path to: C:\Users\TuranyElijah\.stmcufinder\plugins\mcufinder//mcu/cs/
2024-04-22 12:18:07,034 [INFO] RulesReader:64 - Compatibility file has been processed (297 Rules)
2024-04-22 12:18:07,137 [INFO] DbMcusXml:78 - Set database path to: C:\ST\STM32CubeIDE_1.14.1\STM32CubeIDE\plugins\com.st.stm32cube.common.mx_6.10.0.202311202037\\db\/mcu/
2024-04-22 12:18:07,138 [INFO] ApiDb:274 - Set plugin database path to: C:\ST\STM32CubeIDE_1.14.1\STM32CubeIDE\plugins\com.st.stm32cube.common.mx_6.10.0.202311202037\\db\/plugins/boardmanager/
2024-04-22 12:18:07,138 [INFO] ApiDb:261 - Set plugin images path to: C:\ST\STM32CubeIDE_1.14.1\STM32CubeIDE\plugins\com.st.stm32cube.common.mx_6.10.0.202311202037\\db\/plugins/mcufinder/images/
2024-04-22 12:18:07,138 [WARN] DbFile:41 - Overriding database path with different value: C:\Users\TuranyElijah\.stmcufinder\plugins\mcufinder/ => C:\Users\TuranyElijah\.stmcufinder\plugins\mcufinder
2024-04-22 12:18:07,138 [INFO] ApiDb:250 - Set database path to: C:\Users\TuranyElijah\.stmcufinder\plugins\mcufinder//mcu/
2024-04-22 12:18:07,138 [WARN] DbFile:41 - Overriding database path with different value: C:\Users\TuranyElijah\.stmcufinder\plugins\mcufinder/ => C:\Users\TuranyElijah\.stmcufinder\plugins\mcufinder
2024-04-22 12:18:07,139 [INFO] DbMcusAds:125 - Set database path to: C:\Users\TuranyElijah\.stmcufinder\plugins\mcufinder//mcu/
2024-04-22 12:18:07,139 [WARN] DbFile:41 - Overriding database path with different value: C:\Users\TuranyElijah\.stmcufinder\plugins\mcufinder/ => C:\Users\TuranyElijah\.stmcufinder\plugins\mcufinder
2024-04-22 12:18:07,139 [WARN] DbFile:41 - Overriding database path with different value: C:\Users\TuranyElijah\.stmcufinder\plugins\mcufinder/ => C:\Users\TuranyElijah\.stmcufinder\plugins\mcufinder
2024-04-22 12:18:07,139 [INFO] CrossReferenceDbSqlite:203 - Set database path to: C:\Users\TuranyElijah\.stmcufinder\plugins\mcufinder//mcu/cs/
2024-04-22 12:18:07,236 [INFO] MainPanel:264 - HeapMemory: 268435456
2024-04-22 12:18:07,355 [INFO] DbMcusXml:78 - Set database path to: C:\ST\STM32CubeIDE_1.14.1\STM32CubeIDE\plugins\com.st.stm32cube.common.mx_6.10.0.202311202037\\db\/mcu/
2024-04-22 12:18:07,356 [INFO] ApiDb:274 - Set plugin database path to: C:\ST\STM32CubeIDE_1.14.1\STM32CubeIDE\plugins\com.st.stm32cube.common.mx_6.10.0.202311202037\\db\/plugins/boardmanager/
2024-04-22 12:18:07,356 [INFO] ApiDb:261 - Set plugin images path to: C:\ST\STM32CubeIDE_1.14.1\STM32CubeIDE\plugins\com.st.stm32cube.common.mx_6.10.0.202311202037\\db\/plugins/mcufinder/images/
2024-04-22 12:18:07,356 [WARN] DbFile:41 - Overriding database path with different value: C:\Users\TuranyElijah\.stmcufinder\plugins\mcufinder/ => C:\Users\TuranyElijah\.stmcufinder\plugins\mcufinder
2024-04-22 12:18:07,356 [INFO] ApiDb:250 - Set database path to: C:\Users\TuranyElijah\.stmcufinder\plugins\mcufinder//mcu/
2024-04-22 12:18:07,356 [WARN] DbFile:41 - Overriding database path with different value: C:\Users\TuranyElijah\.stmcufinder\plugins\mcufinder/ => C:\Users\TuranyElijah\.stmcufinder\plugins\mcufinder
2024-04-22 12:18:07,357 [INFO] DbMcusAds:125 - Set database path to: C:\Users\TuranyElijah\.stmcufinder\plugins\mcufinder//mcu/
2024-04-22 12:18:07,357 [WARN] DbFile:41 - Overriding database path with different value: C:\Users\TuranyElijah\.stmcufinder\plugins\mcufinder/ => C:\Users\TuranyElijah\.stmcufinder\plugins\mcufinder
2024-04-22 12:18:07,357 [WARN] DbFile:41 - Overriding database path with different value: C:\Users\TuranyElijah\.stmcufinder\plugins\mcufinder/ => C:\Users\TuranyElijah\.stmcufinder\plugins\mcufinder
2024-04-22 12:18:07,357 [INFO] CrossReferenceDbSqlite:203 - Set database path to: C:\Users\TuranyElijah\.stmcufinder\plugins\mcufinder//mcu/cs/
2024-04-22 12:18:07,380 [INFO] ApplicationProperties:184 - Using Application install path: C:\ST\STM32CubeIDE_1.14.1\STM32CubeIDE\plugins\com.st.stm32cube.common.mx_6.10.0.202311202037
2024-04-22 12:18:07,382 [INFO] PluginManage:196 - Search for loadable plugins [exclusion list=, ]
2024-04-22 12:18:07,383 [INFO] PluginManage:310 - Check plugin analytics
2024-04-22 12:18:07,609 [INFO] AnalyticsPlugin:253 - Accepted Software Licenses: STM32CubeMX.6.10.0
2024-04-22 12:18:07,609 [INFO] AnalyticsPlugin:255 - Accepted CMSIS Pack Licenses: 
2024-04-22 12:18:07,609 [INFO] AnalyticsPlugin:257 - Accepted Firmware Licenses: 
2024-04-22 12:18:07,613 [INFO] PluginManage:359 - Loaded plugin analytics (category:tool,tabindex:-1)
2024-04-22 12:18:07,613 [INFO] PluginManage:310 - Check plugin cadmodel
2024-04-22 12:18:07,634 [INFO] CADModel:105 - Init CAD model plugin
2024-04-22 12:18:07,634 [INFO] PluginManage:359 - Loaded plugin cadmodel (category:power,tabindex:5)
2024-04-22 12:18:07,635 [INFO] PluginManage:310 - Check plugin clock
2024-04-22 12:18:07,659 [INFO] PluginManage:359 - Loaded plugin clock (category:base,tabindex:2)
2024-04-22 12:18:07,659 [INFO] PluginManage:310 - Check plugin ddr
2024-04-22 12:18:07,662 [INFO] PluginManage:359 - Loaded plugin ddr (category:tool,tabindex:6)
2024-04-22 12:18:07,662 [INFO] PluginManage:310 - Check plugin filemanager
2024-04-22 12:18:07,835 [INFO] PluginManage:359 - Loaded plugin filemanager (category:base,tabindex:10)
2024-04-22 12:18:07,835 [INFO] PluginManage:310 - Check plugin ipmanager
2024-04-22 12:18:07,844 [INFO] PluginManage:359 - Loaded plugin ipmanager (category:base,tabindex:5)
2024-04-22 12:18:07,844 [INFO] PluginManage:310 - Check plugin lpbam
2024-04-22 12:18:07,867 [INFO] PluginManage:359 - Loaded plugin lpbam (category:base,tabindex:0)
2024-04-22 12:18:07,867 [INFO] PluginManage:310 - Check plugin memorymap
2024-04-22 12:18:07,900 [INFO] PluginManage:359 - Loaded plugin memorymap (category:base,tabindex:4)
2024-04-22 12:18:07,901 [INFO] PluginManage:310 - Check plugin pinoutandconfiguration
2024-04-22 12:18:07,929 [INFO] PluginManage:359 - Loaded plugin pinoutandconfiguration (category:base,tabindex:1)
2024-04-22 12:18:07,929 [INFO] PluginManage:310 - Check plugin pinoutconfig
2024-04-22 12:18:08,067 [WARN] SupportedApi:132 - Cannot load RTOS API schema: s4s-elt-must-match.1: The content of 'definitions' must match (annotation?, (simpleType | complexType)?, (unique | key | keyref)*)). A problem was found starting at: attribute.
2024-04-22 12:18:08,255 [INFO] PluginManage:359 - Loaded plugin pinoutconfig (category:base,tabindex:0)
2024-04-22 12:18:08,256 [INFO] PluginManage:310 - Check plugin power
2024-04-22 12:18:08,301 [INFO] PluginManage:359 - Loaded plugin power (category:power,tabindex:4)
2024-04-22 12:18:08,302 [INFO] PluginManage:310 - Check plugin projectmanager
2024-04-22 12:18:08,332 [INFO] PluginManage:359 - Loaded plugin projectmanager (category:projectmanager,tabindex:3)
2024-04-22 12:18:08,333 [INFO] PluginManage:310 - Check plugin thirdparty
2024-04-22 12:18:08,676 [INFO] PluginManage:359 - Loaded plugin thirdparty (category:base,tabindex:-1)
2024-04-22 12:18:08,676 [INFO] PluginManage:310 - Check plugin tools
2024-04-22 12:18:08,676 [WARN] IntegrityCheckThread:84 - waiting for thirdparty lock release [integrity check]
2024-04-22 12:18:08,677 [INFO] IntegrityCheckThread:86 - entering critical section [integrity check]
2024-04-22 12:18:08,678 [INFO] ThirdPartyUpdaterWithRetryManager:70 - Updater plugin not ready yet. [1/15]
2024-04-22 12:18:08,720 [INFO] PluginManage:359 - Loaded plugin tools (category:base,tabindex:7)
2024-04-22 12:18:08,721 [INFO] PluginManage:310 - Check plugin tutovideos
2024-04-22 12:18:08,957 [INFO] PluginManage:359 - Loaded plugin tutovideos (category:base,tabindex:-1)
2024-04-22 12:18:08,957 [INFO] PluginManage:310 - Check plugin updater
2024-04-22 12:18:08,970 [INFO] PluginManage:359 - Loaded plugin updater (category:base,tabindex:12)
2024-04-22 12:18:08,971 [INFO] PluginManage:310 - Check plugin userauth
2024-04-22 12:18:08,977 [INFO] UserAuth:114 - Init User Auth plugin
2024-04-22 12:18:08,977 [INFO] PluginManage:359 - Loaded plugin userauth (category:base,tabindex:14)
2024-04-22 12:18:08,978 [INFO] PluginManage:283 - PluginManage : Loaded plugins [17]
2024-04-22 12:18:09,270 [INFO] PinOutPanel:1499 - setPackage(No Configuration,No Configuration)
2024-04-22 12:18:09,373 [INFO] CADModel:165 - CPN selected for project level
2024-04-22 12:18:09,374 [INFO] CADModel:114 - Register for checkConnection events
2024-04-22 12:18:09,408 [INFO] IPUIPlugin:80 - create IPUIPlugin
2024-04-22 12:18:09,409 [INFO] PluginManager:220 - loadIPPluginJar : add adc
2024-04-22 12:18:09,451 [INFO] IPUIPlugin:80 - create IPUIPlugin
2024-04-22 12:18:09,451 [INFO] PluginManager:220 - loadIPPluginJar : add aes
2024-04-22 12:18:09,502 [INFO] IPUIPlugin:80 - create IPUIPlugin
2024-04-22 12:18:09,502 [INFO] PluginManager:220 - loadIPPluginJar : add can
2024-04-22 12:18:09,531 [INFO] IPUIPlugin:80 - create IPUIPlugin
2024-04-22 12:18:09,532 [INFO] PluginManager:220 - loadIPPluginJar : add comp
2024-04-22 12:18:09,569 [INFO] IPUIPlugin:80 - create IPUIPlugin
2024-04-22 12:18:09,569 [INFO] PluginManager:220 - loadIPPluginJar : add cryp
2024-04-22 12:18:09,608 [INFO] IPUIPlugin:80 - create IPUIPlugin
2024-04-22 12:18:09,608 [INFO] PluginManager:220 - loadIPPluginJar : add dfsdm
2024-04-22 12:18:09,627 [INFO] IPUIPlugin:80 - create IPUIPlugin
2024-04-22 12:18:09,628 [INFO] PluginManager:220 - loadIPPluginJar : add dma
2024-04-22 12:18:09,681 [INFO] IPUIPlugin:80 - create IPUIPlugin
2024-04-22 12:18:09,681 [INFO] PluginManager:220 - loadIPPluginJar : add dma3
2024-04-22 12:18:09,706 [INFO] IPUIPlugin:80 - create IPUIPlugin
2024-04-22 12:18:09,706 [INFO] PluginManager:220 - loadIPPluginJar : add fatfs
2024-04-22 12:18:09,756 [INFO] IPUIPlugin:80 - create IPUIPlugin
2024-04-22 12:18:09,756 [INFO] PluginManager:220 - loadIPPluginJar : add fmc
2024-04-22 12:18:09,773 [INFO] IPUIPlugin:80 - create IPUIPlugin
2024-04-22 12:18:09,774 [INFO] PluginManager:220 - loadIPPluginJar : add freertos
2024-04-22 12:18:09,795 [INFO] IPUIPlugin:80 - create IPUIPlugin
2024-04-22 12:18:09,795 [INFO] PluginManager:220 - loadIPPluginJar : add genericplugin
2024-04-22 12:18:09,914 [INFO] IPUIPlugin:80 - create IPUIPlugin
2024-04-22 12:18:09,915 [INFO] PluginManager:220 - loadIPPluginJar : add gfxmmu
2024-04-22 12:18:10,048 [INFO] IPUIPlugin:80 - create IPUIPlugin
2024-04-22 12:18:10,048 [INFO] PluginManager:220 - loadIPPluginJar : add gic
2024-04-22 12:18:10,069 [INFO] IPUIPlugin:80 - create IPUIPlugin
2024-04-22 12:18:10,069 [INFO] PluginManager:220 - loadIPPluginJar : add gpio
2024-04-22 12:18:10,158 [INFO] IPUIPlugin:80 - create IPUIPlugin
2024-04-22 12:18:10,159 [INFO] PluginManager:220 - loadIPPluginJar : add gtzc
2024-04-22 12:18:10,187 [INFO] IPUIPlugin:80 - create IPUIPlugin
2024-04-22 12:18:10,187 [INFO] PluginManager:220 - loadIPPluginJar : add hash
2024-04-22 12:18:10,234 [INFO] IPUIPlugin:80 - create IPUIPlugin
2024-04-22 12:18:10,234 [INFO] PluginManager:220 - loadIPPluginJar : add i2c
2024-04-22 12:18:10,268 [INFO] IPUIPlugin:80 - create IPUIPlugin
2024-04-22 12:18:10,268 [INFO] PluginManager:220 - loadIPPluginJar : add i2s
2024-04-22 12:18:10,307 [INFO] IPUIPlugin:80 - create IPUIPlugin
2024-04-22 12:18:10,307 [INFO] PluginManager:220 - loadIPPluginJar : add i3c
2024-04-22 12:18:10,406 [INFO] IPUIPlugin:80 - create IPUIPlugin
2024-04-22 12:18:10,406 [INFO] PluginManager:220 - loadIPPluginJar : add ipddr
2024-04-22 12:18:10,488 [INFO] IPUIPlugin:80 - create IPUIPlugin
2024-04-22 12:18:10,489 [INFO] PluginManager:220 - loadIPPluginJar : add linkedlist
2024-04-22 12:18:10,521 [INFO] IPUIPlugin:80 - create IPUIPlugin
2024-04-22 12:18:10,521 [INFO] PluginManager:220 - loadIPPluginJar : add lorawan
2024-04-22 12:18:10,555 [INFO] IPUIPlugin:80 - create IPUIPlugin
2024-04-22 12:18:10,555 [INFO] PluginManager:220 - loadIPPluginJar : add ltdc
2024-04-22 12:18:10,570 [INFO] IPUIPlugin:80 - create IPUIPlugin
2024-04-22 12:18:10,570 [INFO] PluginManager:220 - loadIPPluginJar : add mdma
2024-04-22 12:18:10,582 [INFO] IPUIPlugin:80 - create IPUIPlugin
2024-04-22 12:18:10,583 [INFO] PluginManager:220 - loadIPPluginJar : add nvic
2024-04-22 12:18:10,617 [INFO] IPUIPlugin:80 - create IPUIPlugin
2024-04-22 12:18:10,617 [INFO] PluginManager:220 - loadIPPluginJar : add opamp
2024-04-22 12:18:10,670 [INFO] IPUIPlugin:80 - create IPUIPlugin
2024-04-22 12:18:10,670 [INFO] PluginManager:220 - loadIPPluginJar : add openamp
2024-04-22 12:18:10,713 [INFO] IPUIPlugin:80 - create IPUIPlugin
2024-04-22 12:18:10,713 [INFO] PluginManager:220 - loadIPPluginJar : add pdm2pcm
2024-04-22 12:18:10,731 [INFO] IPUIPlugin:80 - create IPUIPlugin
2024-04-22 12:18:10,733 [INFO] PluginManager:220 - loadIPPluginJar : add plateformsettings
2024-04-22 12:18:10,759 [INFO] IPUIPlugin:80 - create IPUIPlugin
2024-04-22 12:18:10,759 [INFO] PluginManager:220 - loadIPPluginJar : add quadspi
2024-04-22 12:18:10,776 [INFO] IPUIPlugin:80 - create IPUIPlugin
2024-04-22 12:18:10,777 [INFO] PluginManager:220 - loadIPPluginJar : add resmgrutility
2024-04-22 12:18:10,826 [INFO] IPUIPlugin:80 - create IPUIPlugin
2024-04-22 12:18:10,826 [INFO] PluginManager:220 - loadIPPluginJar : add sai
2024-04-22 12:18:10,859 [INFO] IPUIPlugin:80 - create IPUIPlugin
2024-04-22 12:18:10,860 [INFO] PluginManager:220 - loadIPPluginJar : add spi
2024-04-22 12:18:10,919 [INFO] IPUIPlugin:80 - create IPUIPlugin
2024-04-22 12:18:10,919 [INFO] PluginManager:220 - loadIPPluginJar : add stm32_wpan
2024-04-22 12:18:10,943 [INFO] IPUIPlugin:80 - create IPUIPlugin
2024-04-22 12:18:10,943 [INFO] PluginManager:220 - loadIPPluginJar : add tim
2024-04-22 12:18:10,993 [INFO] IPUIPlugin:80 - create IPUIPlugin
2024-04-22 12:18:10,993 [INFO] PluginManager:220 - loadIPPluginJar : add touchsensing
2024-04-22 12:18:11,019 [INFO] IPUIPlugin:80 - create IPUIPlugin
2024-04-22 12:18:11,019 [INFO] PluginManager:220 - loadIPPluginJar : add tracer_emb
2024-04-22 12:18:11,053 [INFO] IPUIPlugin:80 - create IPUIPlugin
2024-04-22 12:18:11,053 [INFO] PluginManager:220 - loadIPPluginJar : add ts
2024-04-22 12:18:11,076 [INFO] IPUIPlugin:80 - create IPUIPlugin
2024-04-22 12:18:11,076 [INFO] PluginManager:220 - loadIPPluginJar : add tsc
2024-04-22 12:18:11,098 [INFO] IPUIPlugin:80 - create IPUIPlugin
2024-04-22 12:18:11,098 [INFO] PluginManager:220 - loadIPPluginJar : add ucpd
2024-04-22 12:18:11,138 [INFO] IPUIPlugin:80 - create IPUIPlugin
2024-04-22 12:18:11,138 [INFO] PluginManager:220 - loadIPPluginJar : add usart
2024-04-22 12:18:11,177 [INFO] IPUIPlugin:80 - create IPUIPlugin
2024-04-22 12:18:11,178 [INFO] PluginManager:220 - loadIPPluginJar : add usbx
2024-04-22 12:18:11,315 [INFO] CADModel:165 - CPN selected for project level
2024-04-22 12:18:11,315 [INFO] CADModel:114 - Register for checkConnection events
2024-04-22 12:18:11,315 [FATAL] Updater:308 - Updater called before beeing initialized
2024-04-22 12:18:11,315 [ERROR] CADModel:125 - Updater not yet initialized, retry later 
2024-04-22 12:18:11,474 [INFO] CADModel:165 - CPN selected for project level
2024-04-22 12:18:11,474 [INFO] CADModel:114 - Register for checkConnection events
2024-04-22 12:18:11,474 [FATAL] Updater:308 - Updater called before beeing initialized
2024-04-22 12:18:11,474 [ERROR] CADModel:125 - Updater not yet initialized, retry later 
2024-04-22 12:18:11,480 [FATAL] Updater:308 - Updater called before beeing initialized
2024-04-22 12:18:11,600 [FATAL] Updater:308 - Updater called before beeing initialized
2024-04-22 12:18:11,611 [INFO] DbMcusAds:53 - JSON generation date=Wed Nov 29 04:52:27 CST 2023 (1701255147349)
2024-04-22 12:18:11,612 [FATAL] Updater:308 - Updater called before beeing initialized
2024-04-22 12:18:11,678 [INFO] ThirdPartyUpdaterWithRetryManager:70 - Updater plugin not ready yet. [2/15]
2024-04-22 12:18:11,695 [WARN] DetailPanel:346 - Failed to get advertising image, set to default
2024-04-22 12:18:11,818 [FATAL] Updater:308 - Updater called before beeing initialized
2024-04-22 12:18:11,821 [FATAL] Updater:308 - Updater called before beeing initialized
2024-04-22 12:18:11,822 [FATAL] Updater:308 - Updater called before beeing initialized
2024-04-22 12:18:11,822 [WARN] DetailPanel:346 - Failed to get advertising image, set to default
2024-04-22 12:18:11,823 [FATAL] Updater:308 - Updater called before beeing initialized
2024-04-22 12:18:11,916 [ERROR] Updater:1120 - MainUpdater not yet initialized. External WinMGr cannot be set.
2024-04-22 12:18:11,928 [INFO] Updater:1056 - Updater Version found : 6.10.0
2024-04-22 12:18:11,947 [INFO] ApplicationProperties:184 - Using Application install path: C:\ST\STM32CubeIDE_1.14.1\STM32CubeIDE\plugins\com.st.stm32cube.common.mx_6.10.0.202311202037
2024-04-22 12:18:13,539 [ERROR] LogOutputStream:75 - [STDERR_REDIRECT] Apr 22, 2024 12:18:13 PM java.util.prefs.WindowsPreferences <init>
2024-04-22 12:18:13,541 [ERROR] LogOutputStream:75 - [STDERR_REDIRECT] WARNING: Could not open/create prefs root node Software\JavaSoft\Prefs at root 0xffffffff80000002. Windows RegCreateKeyEx(...) returned error code 5.
2024-04-22 12:18:13,541 [ERROR] LogOutputStream:75 - [STDERR_REDIRECT] 
2024-04-22 12:18:14,151 [INFO] MainUpdater:2873 - connection check result : 10
2024-04-22 12:18:14,151 [INFO] MainUpdater:3567 - Updater definition file requires update
2024-04-22 12:18:14,163 [INFO] MainUpdater:290 - Updater Check For Update Now.
2024-04-22 12:18:14,164 [INFO] MicroXplorer:498 - Change Database Version : DB.6.0.100
2024-04-22 12:18:14,202 [INFO] McuFinderGlobals:63 - Set McuFinder mode to 2 (CubeIDE integrated)
2024-04-22 12:18:14,202 [INFO] UserAuth:180 - activating auth plugin
2024-04-22 12:18:14,207 [INFO] UserAuth:404 - Internet connection configuration mode: 1
2024-04-22 12:18:14,260 [INFO] JxBrowserEngine:152 - Initiate JxBrowser Engine with user profile folder
2024-04-22 12:18:14,283 [INFO] ServerAccessManage:473 - Download File updaters.zip
2024-04-22 12:18:14,411 [INFO] FileExtend:240 - Unzip File : updaters.zip
2024-04-22 12:18:14,412 [INFO] FileExtend:255 - Standard Zip Deflate
2024-04-22 12:18:14,679 [WARN] MainUpdater:1194 - Updater busy. Cannot search thirdparties
2024-04-22 12:18:14,679 [INFO] ThirdPartyUpdaterWithRetryManager:96 - Updater plugin is busy. [1/15]
2024-04-22 12:18:15,260 [INFO] ServerAccessManage:473 - Download File PacksControlFlags.xml
2024-04-22 12:18:15,480 [INFO] ServerAccessManage:473 - Download File cubemx.pidx
2024-04-22 12:18:16,085 [INFO] ServerAccessManage:473 - Download File STMicroelectronics.FP-SNS-MOTENVWB1.pdsc
2024-04-22 12:18:16,470 [INFO] ServerAccessManage:473 - Download File STMicroelectronics.X-CUBE-AI.pdsc
2024-04-22 12:18:17,681 [WARN] MainUpdater:1194 - Updater busy. Cannot search thirdparties
2024-04-22 12:18:17,681 [INFO] ThirdPartyUpdaterWithRetryManager:96 - Updater plugin is busy. [2/15]
2024-04-22 12:18:18,567 [INFO] ServerAccessManage:473 - Download File STMicroelectronics.X-CUBE-AZRTOS-H7RS.pdsc
2024-04-22 12:18:19,584 [WARN] PackLoader:240 - Cannot read IP mode file for STMicroelectronics.FP-SNS-MOTENVWB1.1.4.0
2024-04-22 12:18:19,599 [WARN] PackLoader:240 - Cannot read IP mode file for STMicroelectronics.X-CUBE-AI.9.0.0
2024-04-22 12:18:19,647 [WARN] PackLoader:240 - Cannot read IP mode file for STMicroelectronics.X-CUBE-AZRTOS-H7RS.1.0.0
2024-04-22 12:18:19,651 [INFO] CheckServerUpdateThread:120 - End of CheckServer Thread
2024-04-22 12:18:19,655 [INFO] PopulateThirdPartyThread:66 - Ending populate Thread
2024-04-22 12:18:19,657 [INFO] ThirdParty:1030 - CMSIS Pack Vendor :STMicroelectronics FP-SNS-MOTENVWB1 1.4.0
2024-04-22 12:18:19,657 [INFO] ThirdParty:1030 - CMSIS Pack Vendor :STMicroelectronics X-CUBE-AI 9.0.0
2024-04-22 12:18:19,657 [INFO] ThirdParty:1030 - CMSIS Pack Vendor :STMicroelectronics X-CUBE-AZRTOS-H7RS 1.0.0
2024-04-22 12:18:19,657 [INFO] LoadServerUpdatesThread:375 - End of LoadServerUpdate Thread
2024-04-22 12:18:19,722 [INFO] WebApp:161 - Instantiating new browser for Auth
2024-04-22 12:18:20,496 [INFO] WebApp:780 - Register for checkConnection events
2024-04-22 12:18:20,496 [INFO] WebApp:414 - Apply proxy settings
2024-04-22 12:18:20,497 [INFO] WebApp:499 - Chromium requires no authentication
2024-04-22 12:18:20,508 [INFO] WebApp:442 - Direct internet connection detected
2024-04-22 12:18:20,820 [INFO] WebApp:192 - Starting web application
2024-04-22 12:18:20,820 [INFO] WebApp:544 - Web application path used C:\ST\STM32CubeIDE_1.14.1\STM32CubeIDE\plugins\com.st.stm32cube.common.mx_6.10.0.202311202037\db\plugins\mcufinder\reactClient1\index.html
2024-04-22 12:18:20,935 [WARN] PackLoader:240 - Cannot read IP mode file for STMicroelectronics.FP-SNS-MOTENVWB1.1.4.0
2024-04-22 12:18:20,957 [WARN] PackLoader:240 - Cannot read IP mode file for STMicroelectronics.X-CUBE-SMBUS.2.1.0
2024-04-22 12:18:20,974 [WARN] PackLoader:240 - Cannot read IP mode file for STMicroelectronics.X-CUBE-TOUCHGFX.4.23.1
2024-04-22 12:18:20,989 [WARN] PackLoader:240 - Cannot read IP mode file for STMicroelectronics.X-CUBE-TOUCHGFX.4.23.0
2024-04-22 12:18:21,001 [WARN] PackLoader:240 - Cannot read IP mode file for STMicroelectronics.X-CUBE-TOUCHGFX.4.23.2
2024-04-22 12:18:21,041 [WARN] PackLoader:240 - Cannot read IP mode file for STMicroelectronics.X-CUBE-AZRTOS-F7.1.1.0
2024-04-22 12:18:21,066 [WARN] PackLoader:240 - Cannot read IP mode file for STMicroelectronics.FP-SNS-MOTENV1.4.3.2
2024-04-22 12:18:21,076 [WARN] PackLoader:240 - Cannot read IP mode file for STMicroelectronics.FP-SNS-FLIGHT1.5.0.2
2024-04-22 12:18:21,100 [WARN] PackLoader:240 - Cannot read IP mode file for STMicroelectronics.X-CUBE-DISPLAY.3.0.0
2024-04-22 12:18:21,125 [WARN] PackLoader:240 - Cannot read IP mode file for STMicroelectronics.X-CUBE-BLE1.7.0.0
2024-04-22 12:18:21,144 [WARN] PackLoader:240 - Cannot read IP mode file for emotas.I-CUBE-CANOPEN.1.3.0
2024-04-22 12:18:21,171 [WARN] PackLoader:240 - Cannot read IP mode file for STMicroelectronics.X-CUBE-BLEMGR.3.1.0
2024-04-22 12:18:21,193 [WARN] PackLoader:240 - Cannot read IP mode file for STMicroelectronics.FP-SNS-SMARTAG2.1.2.0
2024-04-22 12:18:21,219 [INFO] LogOutputStream:77 - [STDOUT_REDIRECT] 1 : Invalid condition id : UX_CORESTACK_Condition cause : null
2024-04-22 12:18:21,220 [INFO] LogOutputStream:77 - [STDOUT_REDIRECT] 1 : Invalid condition id : UX_CORESTACK_Condition cause : null
2024-04-22 12:18:21,222 [INFO] LogOutputStream:77 - [STDOUT_REDIRECT] 1 : Invalid condition id : UX_CORESTACK_Condition cause : null
2024-04-22 12:18:21,223 [INFO] LogOutputStream:77 - [STDOUT_REDIRECT] 1 : Invalid condition id : UX_CORESTACK_Condition cause : null
2024-04-22 12:18:21,225 [INFO] LogOutputStream:77 - [STDOUT_REDIRECT] 1 : Invalid condition id : UX_CORESTACK_Condition cause : null
2024-04-22 12:18:21,229 [WARN] PackLoader:240 - Cannot read IP mode file for STMicroelectronics.X-CUBE-AZRTOS-WL.2.0.0
2024-04-22 12:18:21,248 [WARN] PackLoader:240 - Cannot read IP mode file for STMicroelectronics.FP-SNS-MOTENV1.5.0.0
2024-04-22 12:18:21,267 [WARN] PackLoader:240 - Cannot read IP mode file for WES.I-CUBE-Cesium.1.3.0
2024-04-22 12:18:21,282 [WARN] PackLoader:240 - Cannot read IP mode file for STMicroelectronics.X-CUBE-BLE2.3.3.0
2024-04-22 12:18:21,296 [WARN] PackLoader:240 - Cannot read IP mode file for STMicroelectronics.X-CUBE-TCPP.4.1.0
2024-04-22 12:18:21,310 [WARN] PackLoader:240 - Cannot read IP mode file for STMicroelectronics.X-CUBE-ALGOBUILD.1.3.0
2024-04-22 12:18:21,337 [WARN] PackLoader:240 - Cannot read IP mode file for STMicroelectronics.X-CUBE-AZRTOS-G0.1.1.0
2024-04-22 12:18:21,359 [WARN] PackLoader:240 - Cannot read IP mode file for STMicroelectronics.X-CUBE-SAFEA1.1.2.2
2024-04-22 12:18:21,377 [WARN] PackLoader:240 - Cannot read IP mode file for STMicroelectronics.X-CUBE-NFC4.3.0.0
2024-04-22 12:18:21,398 [WARN] PackLoader:240 - Cannot read IP mode file for STMicroelectronics.X-CUBE-BLEMGR.3.0.0
2024-04-22 12:18:21,406 [WARN] PackLoader:240 - Cannot read IP mode file for STMicroelectronics.FP-ATR-SIGFOX1.3.2.0
2024-04-22 12:18:21,424 [WARN] PackLoader:240 - Cannot read IP mode file for STMicroelectronics.X-CUBE-EEPRMA1.5.1.0
2024-04-22 12:18:21,467 [WARN] PackLoader:240 - Cannot read IP mode file for SEGGER.I-CUBE-embOS.1.3.1
2024-04-22 12:18:21,524 [WARN] PackLoader:240 - Cannot read IP mode file for STMicroelectronics.X-CUBE-GNSS1.6.0.0
2024-04-22 12:18:21,552 [WARN] PackLoader:240 - Cannot read IP mode file for STMicroelectronics.X-CUBE-AZRTOS-F4.1.1.0
2024-04-22 12:18:21,568 [WARN] PackLoader:240 - Cannot read IP mode file for wolfSSL.I-CUBE-wolfSSL.5.6.6
2024-04-22 12:18:21,592 [WARN] PackLoader:240 - Cannot read IP mode file for STMicroelectronics.X-CUBE-AZRTOS-L5.2.0.0
2024-04-22 12:18:21,607 [WARN] PackLoader:240 - Cannot read IP mode file for STMicroelectronics.X-CUBE-EEPRMA1.4.2.0
2024-04-22 12:18:21,623 [WARN] PackLoader:240 - Cannot read IP mode file for STMicroelectronics.X-CUBE-NFC6.3.1.0
2024-04-22 12:18:21,638 [WARN] PackLoader:240 - Cannot read IP mode file for ITTIA_DB.I-CUBE-ITTIADB.8.8.0
2024-04-22 12:18:21,642 [WARN] PackLoader:240 - Cannot read IP mode file for STMicroelectronics.X-CUBE-AI.9.0.0
2024-04-22 12:18:21,656 [WARN] PackLoader:240 - Cannot read IP mode file for STMicroelectronics.X-CUBE-NFC7.1.0.1
2024-04-22 12:18:21,671 [WARN] PackLoader:240 - Cannot read IP mode file for STMicroelectronics.X-CUBE-NFC6.3.0.0
2024-04-22 12:18:21,685 [WARN] PackLoader:240 - Cannot read IP mode file for STMicroelectronics.X-CUBE-AI.8.1.0
2024-04-22 12:18:21,712 [WARN] ConditionMgr:438 - getConditionDescription Invalid condition id : LAN8742 Phy interface Condition cause : null
2024-04-22 12:18:21,713 [WARN] PackLoader:240 - Cannot read IP mode file for STMicroelectronics.X-CUBE-AZRTOS-L4.2.0.0
2024-04-22 12:18:21,714 [WARN] ConditionMgr:1039 - genDependencies : Invalid condition id : LAN8742 Phy interface Condition cause : null
2024-04-22 12:18:21,714 [WARN] ConditionMgr:1039 - genDependencies : Invalid condition id : LAN8742 Phy interface Condition cause : null
2024-04-22 12:18:21,715 [WARN] ConditionMgr:1039 - genDependencies : Invalid condition id : LAN8742 Phy interface Condition cause : null
2024-04-22 12:18:21,731 [WARN] PackLoader:240 - Cannot read IP mode file for STMicroelectronics.X-CUBE-SFXS2LP1.4.0.0
2024-04-22 12:18:21,757 [WARN] ConditionMgr:438 - getConditionDescription Invalid condition id : UX DEVICE CLASS RTOS Condition cause : null
2024-04-22 12:18:21,757 [WARN] ConditionMgr:438 - getConditionDescription Invalid condition id : UX DEVICE CLASS RTOS Condition cause : null
2024-04-22 12:18:21,759 [WARN] PackLoader:240 - Cannot read IP mode file for STMicroelectronics.X-CUBE-AZRTOS-WB.2.0.0
2024-04-22 12:18:21,760 [WARN] ConditionMgr:1039 - genDependencies : Invalid condition id : UX DEVICE CLASS RTOS Condition cause : null
2024-04-22 12:18:21,760 [WARN] ConditionMgr:1039 - genDependencies : Invalid condition id : UX DEVICE CLASS RTOS Condition cause : null
2024-04-22 12:18:21,760 [WARN] ConditionMgr:1039 - genDependencies : Invalid condition id : UX DEVICE CLASS RTOS Condition cause : null
2024-04-22 12:18:21,760 [WARN] ConditionMgr:1039 - genDependencies : Invalid condition id : UX DEVICE CLASS RTOS Condition cause : null
2024-04-22 12:18:21,760 [WARN] ConditionMgr:1039 - genDependencies : Invalid condition id : UX DEVICE CLASS RTOS Condition cause : null
2024-04-22 12:18:21,782 [WARN] PackLoader:240 - Cannot read IP mode file for STMicroelectronics.X-CUBE-SUBG2.5.0.0
2024-04-22 12:18:21,813 [WARN] PackLoader:240 - Cannot read IP mode file for STMicroelectronics.X-CUBE-AZRTOS-G4.2.0.0
2024-04-22 12:18:21,838 [WARN] PackLoader:240 - Cannot read IP mode file for Infineon.AIROC-Wi-Fi-Bluetooth-STM32.1.5.1
2024-04-22 12:18:21,844 [WARN] PackLoader:240 - Cannot read IP mode file for STMicroelectronics.FP-SNS-MOTENVWB1.1.3.1
2024-04-22 12:18:21,857 [WARN] PackLoader:240 - Cannot read IP mode file for STMicroelectronics.X-CUBE-ISPU.2.0.0
2024-04-22 12:18:21,908 [WARN] PackLoader:240 - Cannot read IP mode file for STMicroelectronics.X-CUBE-MEMS1.10.0.0
2024-04-22 12:18:21,975 [WARN] PackLoader:240 - Cannot read IP mode file for STMicroelectronics.X-CUBE-FREERTOS.1.1.0
2024-04-22 12:18:21,987 [WARN] PackLoader:240 - Cannot read IP mode file for portGmbH.I-Cube-SoM-uGOAL.1.1.0
2024-04-22 12:18:21,999 [WARN] PackLoader:240 - Cannot read IP mode file for STMicroelectronics.X-CUBE-ALS.1.0.1
2024-04-22 12:18:22,009 [WARN] PackLoader:240 - Cannot read IP mode file for STMicroelectronics.X-CUBE-AZRTOS-H7RS.1.0.0
2024-04-22 12:18:22,015 [WARN] PackLoader:240 - Cannot read IP mode file for STMicroelectronics.FP-ATR-ASTRA1.2.0.0
2024-04-22 12:18:22,033 [WARN] PackLoader:240 - Cannot read IP mode file for STMicroelectronics.X-CUBE-TOF1.3.4.0
2024-04-22 12:18:22,053 [WARN] PackLoader:240 - Cannot read IP mode file for STMicroelectronics.X-CUBE-TOF1.3.4.1
2024-04-22 12:18:22,083 [WARN] PackLoader:240 - Cannot read IP mode file for STMicroelectronics.X-CUBE-AZRTOS-H7.3.2.0
2024-04-22 12:18:22,085 [INFO] ThirdParty:978 - Integrity check success = true
2024-04-22 12:18:22,085 [INFO] IntegrityCheckThread:100 - exiting critical section [integrity check]
2024-04-22 12:18:22,085 [INFO] IntegrityCheckThread:103 - End integrity checks thread
2024-04-22 12:18:42,149 [ERROR] LogOutputStream:75 - [STDERR_REDIRECT] SLF4J: Failed to load class "org.slf4j.impl.StaticLoggerBinder".
2024-04-22 12:18:42,151 [ERROR] LogOutputStream:75 - [STDERR_REDIRECT] SLF4J: Defaulting to no-operation (NOP) logger implementation
2024-04-22 12:18:42,152 [ERROR] LogOutputStream:75 - [STDERR_REDIRECT] SLF4J: See http://www.slf4j.org/codes.html#StaticLoggerBinder for further details.
2024-04-22 14:17:24,950 [ERROR] LogOutputStream:75 - [STDERR_REDIRECT] 
2024-04-22 14:17:24,951 [ERROR] LogOutputStream:75 - [STDERR_REDIRECT] 
