2024-04-14 14:58:27,861 [INFO] Activator:176 - 


2024-04-14 14:58:27,861 [INFO] Activator:177 - !SESSION log4j initialized
2024-04-14 14:58:34,424 [INFO] LogOutputStream:77 - [STDOUT_REDIRECT] 
2024-04-14 14:58:35,696 [INFO] ApplicationProperties:184 - Using Application install path: C:\ST\STM32CubeIDE_1.14.1\STM32CubeIDE\plugins\com.st.stm32cube.common.mx_6.10.0.202311202037
2024-04-14 14:58:35,711 [INFO] DbMcusXml:78 - Set database path to: C:\ST\STM32CubeIDE_1.14.1\STM32CubeIDE\plugins\com.st.stm32cube.common.mx_6.10.0.202311202037\\db\/mcu/
2024-04-14 14:58:35,712 [INFO] ApiDb:274 - Set plugin database path to: C:\ST\STM32CubeIDE_1.14.1\STM32CubeIDE\plugins\com.st.stm32cube.common.mx_6.10.0.202311202037\\db\/plugins/boardmanager/
2024-04-14 14:58:35,712 [WARN] ApiDb:259 - Overriding images path with different value:  => C:\ST\STM32CubeIDE_1.14.1\STM32CubeIDE\plugins\com.st.stm32cube.common.mx_6.10.0.202311202037\\db\/plugins/mcufinder/images/
2024-04-14 14:58:35,725 [INFO] ApiDb:250 - Set database path to: C:\Users\TuranyElijah\.stmcufinder\plugins\mcufinder//mcu/
2024-04-14 14:58:35,726 [INFO] DbMcusAds:125 - Set database path to: C:\Users\TuranyElijah\.stmcufinder\plugins\mcufinder//mcu/
2024-04-14 14:58:35,727 [INFO] CrossReferenceDbSqlite:203 - Set database path to: C:\Users\TuranyElijah\.stmcufinder\plugins\mcufinder//mcu/cs/
2024-04-14 14:58:35,826 [INFO] RulesReader:64 - Compatibility file has been processed (297 Rules)
2024-04-14 14:58:35,904 [INFO] DbMcusXml:78 - Set database path to: C:\ST\STM32CubeIDE_1.14.1\STM32CubeIDE\plugins\com.st.stm32cube.common.mx_6.10.0.202311202037\\db\/mcu/
2024-04-14 14:58:35,904 [INFO] ApiDb:274 - Set plugin database path to: C:\ST\STM32CubeIDE_1.14.1\STM32CubeIDE\plugins\com.st.stm32cube.common.mx_6.10.0.202311202037\\db\/plugins/boardmanager/
2024-04-14 14:58:35,904 [INFO] ApiDb:261 - Set plugin images path to: C:\ST\STM32CubeIDE_1.14.1\STM32CubeIDE\plugins\com.st.stm32cube.common.mx_6.10.0.202311202037\\db\/plugins/mcufinder/images/
2024-04-14 14:58:35,904 [WARN] DbFile:41 - Overriding database path with different value: C:\Users\TuranyElijah\.stmcufinder\plugins\mcufinder/ => C:\Users\TuranyElijah\.stmcufinder\plugins\mcufinder
2024-04-14 14:58:35,904 [INFO] ApiDb:250 - Set database path to: C:\Users\TuranyElijah\.stmcufinder\plugins\mcufinder//mcu/
2024-04-14 14:58:35,904 [WARN] DbFile:41 - Overriding database path with different value: C:\Users\TuranyElijah\.stmcufinder\plugins\mcufinder/ => C:\Users\TuranyElijah\.stmcufinder\plugins\mcufinder
2024-04-14 14:58:35,904 [INFO] DbMcusAds:125 - Set database path to: C:\Users\TuranyElijah\.stmcufinder\plugins\mcufinder//mcu/
2024-04-14 14:58:35,904 [WARN] DbFile:41 - Overriding database path with different value: C:\Users\TuranyElijah\.stmcufinder\plugins\mcufinder/ => C:\Users\TuranyElijah\.stmcufinder\plugins\mcufinder
2024-04-14 14:58:35,904 [WARN] DbFile:41 - Overriding database path with different value: C:\Users\TuranyElijah\.stmcufinder\plugins\mcufinder/ => C:\Users\TuranyElijah\.stmcufinder\plugins\mcufinder
2024-04-14 14:58:35,904 [INFO] CrossReferenceDbSqlite:203 - Set database path to: C:\Users\TuranyElijah\.stmcufinder\plugins\mcufinder//mcu/cs/
2024-04-14 14:58:35,975 [INFO] MainPanel:264 - HeapMemory: 268435456
2024-04-14 14:58:36,062 [INFO] DbMcusXml:78 - Set database path to: C:\ST\STM32CubeIDE_1.14.1\STM32CubeIDE\plugins\com.st.stm32cube.common.mx_6.10.0.202311202037\\db\/mcu/
2024-04-14 14:58:36,062 [INFO] ApiDb:274 - Set plugin database path to: C:\ST\STM32CubeIDE_1.14.1\STM32CubeIDE\plugins\com.st.stm32cube.common.mx_6.10.0.202311202037\\db\/plugins/boardmanager/
2024-04-14 14:58:36,062 [INFO] ApiDb:261 - Set plugin images path to: C:\ST\STM32CubeIDE_1.14.1\STM32CubeIDE\plugins\com.st.stm32cube.common.mx_6.10.0.202311202037\\db\/plugins/mcufinder/images/
2024-04-14 14:58:36,063 [WARN] DbFile:41 - Overriding database path with different value: C:\Users\TuranyElijah\.stmcufinder\plugins\mcufinder/ => C:\Users\TuranyElijah\.stmcufinder\plugins\mcufinder
2024-04-14 14:58:36,063 [INFO] ApiDb:250 - Set database path to: C:\Users\TuranyElijah\.stmcufinder\plugins\mcufinder//mcu/
2024-04-14 14:58:36,063 [WARN] DbFile:41 - Overriding database path with different value: C:\Users\TuranyElijah\.stmcufinder\plugins\mcufinder/ => C:\Users\TuranyElijah\.stmcufinder\plugins\mcufinder
2024-04-14 14:58:36,063 [INFO] DbMcusAds:125 - Set database path to: C:\Users\TuranyElijah\.stmcufinder\plugins\mcufinder//mcu/
2024-04-14 14:58:36,063 [WARN] DbFile:41 - Overriding database path with different value: C:\Users\TuranyElijah\.stmcufinder\plugins\mcufinder/ => C:\Users\TuranyElijah\.stmcufinder\plugins\mcufinder
2024-04-14 14:58:36,063 [WARN] DbFile:41 - Overriding database path with different value: C:\Users\TuranyElijah\.stmcufinder\plugins\mcufinder/ => C:\Users\TuranyElijah\.stmcufinder\plugins\mcufinder
2024-04-14 14:58:36,063 [INFO] CrossReferenceDbSqlite:203 - Set database path to: C:\Users\TuranyElijah\.stmcufinder\plugins\mcufinder//mcu/cs/
2024-04-14 14:58:36,080 [INFO] ApplicationProperties:184 - Using Application install path: C:\ST\STM32CubeIDE_1.14.1\STM32CubeIDE\plugins\com.st.stm32cube.common.mx_6.10.0.202311202037
2024-04-14 14:58:36,081 [INFO] PluginManage:196 - Search for loadable plugins [exclusion list=, ]
2024-04-14 14:58:36,083 [INFO] PluginManage:310 - Check plugin analytics
2024-04-14 14:58:36,223 [INFO] AnalyticsPlugin:253 - Accepted Software Licenses: STM32CubeMX.6.10.0
2024-04-14 14:58:36,223 [INFO] AnalyticsPlugin:255 - Accepted CMSIS Pack Licenses: 
2024-04-14 14:58:36,223 [INFO] AnalyticsPlugin:257 - Accepted Firmware Licenses: 
2024-04-14 14:58:36,225 [INFO] PluginManage:359 - Loaded plugin analytics (category:tool,tabindex:-1)
2024-04-14 14:58:36,225 [INFO] PluginManage:310 - Check plugin cadmodel
2024-04-14 14:58:36,238 [INFO] CADModel:105 - Init CAD model plugin
2024-04-14 14:58:36,239 [INFO] PluginManage:359 - Loaded plugin cadmodel (category:power,tabindex:5)
2024-04-14 14:58:36,239 [INFO] PluginManage:310 - Check plugin clock
2024-04-14 14:58:36,256 [INFO] PluginManage:359 - Loaded plugin clock (category:base,tabindex:2)
2024-04-14 14:58:36,256 [INFO] PluginManage:310 - Check plugin ddr
2024-04-14 14:58:36,257 [INFO] PluginManage:359 - Loaded plugin ddr (category:tool,tabindex:6)
2024-04-14 14:58:36,258 [INFO] PluginManage:310 - Check plugin filemanager
2024-04-14 14:58:36,373 [INFO] PluginManage:359 - Loaded plugin filemanager (category:base,tabindex:10)
2024-04-14 14:58:36,373 [INFO] PluginManage:310 - Check plugin ipmanager
2024-04-14 14:58:36,379 [INFO] PluginManage:359 - Loaded plugin ipmanager (category:base,tabindex:5)
2024-04-14 14:58:36,379 [INFO] PluginManage:310 - Check plugin lpbam
2024-04-14 14:58:36,396 [INFO] PluginManage:359 - Loaded plugin lpbam (category:base,tabindex:0)
2024-04-14 14:58:36,396 [INFO] PluginManage:310 - Check plugin memorymap
2024-04-14 14:58:36,420 [INFO] PluginManage:359 - Loaded plugin memorymap (category:base,tabindex:4)
2024-04-14 14:58:36,421 [INFO] PluginManage:310 - Check plugin pinoutandconfiguration
2024-04-14 14:58:36,439 [INFO] PluginManage:359 - Loaded plugin pinoutandconfiguration (category:base,tabindex:1)
2024-04-14 14:58:36,439 [INFO] PluginManage:310 - Check plugin pinoutconfig
2024-04-14 14:58:36,538 [WARN] SupportedApi:132 - Cannot load RTOS API schema: s4s-elt-must-match.1: The content of 'definitions' must match (annotation?, (simpleType | complexType)?, (unique | key | keyref)*)). A problem was found starting at: attribute.
2024-04-14 14:58:36,671 [INFO] PluginManage:359 - Loaded plugin pinoutconfig (category:base,tabindex:0)
2024-04-14 14:58:36,672 [INFO] PluginManage:310 - Check plugin power
2024-04-14 14:58:36,691 [INFO] PluginManage:359 - Loaded plugin power (category:power,tabindex:4)
2024-04-14 14:58:36,691 [INFO] PluginManage:310 - Check plugin projectmanager
2024-04-14 14:58:36,705 [INFO] PluginManage:359 - Loaded plugin projectmanager (category:projectmanager,tabindex:3)
2024-04-14 14:58:36,705 [INFO] PluginManage:310 - Check plugin thirdparty
2024-04-14 14:58:36,960 [INFO] PluginManage:359 - Loaded plugin thirdparty (category:base,tabindex:-1)
2024-04-14 14:58:36,961 [WARN] IntegrityCheckThread:84 - waiting for thirdparty lock release [integrity check]
2024-04-14 14:58:36,961 [INFO] PluginManage:310 - Check plugin tools
2024-04-14 14:58:36,961 [INFO] IntegrityCheckThread:86 - entering critical section [integrity check]
2024-04-14 14:58:36,961 [INFO] ThirdPartyUpdaterWithRetryManager:70 - Updater plugin not ready yet. [1/15]
2024-04-14 14:58:36,989 [INFO] PluginManage:359 - Loaded plugin tools (category:base,tabindex:7)
2024-04-14 14:58:36,989 [INFO] PluginManage:310 - Check plugin tutovideos
2024-04-14 14:58:37,162 [INFO] PluginManage:359 - Loaded plugin tutovideos (category:base,tabindex:-1)
2024-04-14 14:58:37,162 [INFO] PluginManage:310 - Check plugin updater
2024-04-14 14:58:37,172 [INFO] PluginManage:359 - Loaded plugin updater (category:base,tabindex:12)
2024-04-14 14:58:37,173 [INFO] PluginManage:310 - Check plugin userauth
2024-04-14 14:58:37,178 [INFO] UserAuth:114 - Init User Auth plugin
2024-04-14 14:58:37,178 [INFO] PluginManage:359 - Loaded plugin userauth (category:base,tabindex:14)
2024-04-14 14:58:37,178 [INFO] PluginManage:283 - PluginManage : Loaded plugins [17]
2024-04-14 14:58:37,366 [INFO] PinOutPanel:1499 - setPackage(No Configuration,No Configuration)
2024-04-14 14:58:37,446 [INFO] CADModel:165 - CPN selected for project level
2024-04-14 14:58:37,447 [INFO] CADModel:114 - Register for checkConnection events
2024-04-14 14:58:37,470 [INFO] IPUIPlugin:80 - create IPUIPlugin
2024-04-14 14:58:37,470 [INFO] PluginManager:220 - loadIPPluginJar : add adc
2024-04-14 14:58:37,499 [INFO] IPUIPlugin:80 - create IPUIPlugin
2024-04-14 14:58:37,499 [INFO] PluginManager:220 - loadIPPluginJar : add aes
2024-04-14 14:58:37,532 [INFO] IPUIPlugin:80 - create IPUIPlugin
2024-04-14 14:58:37,532 [INFO] PluginManager:220 - loadIPPluginJar : add can
2024-04-14 14:58:37,551 [INFO] IPUIPlugin:80 - create IPUIPlugin
2024-04-14 14:58:37,552 [INFO] PluginManager:220 - loadIPPluginJar : add comp
2024-04-14 14:58:37,578 [INFO] IPUIPlugin:80 - create IPUIPlugin
2024-04-14 14:58:37,578 [INFO] PluginManager:220 - loadIPPluginJar : add cryp
2024-04-14 14:58:37,601 [INFO] IPUIPlugin:80 - create IPUIPlugin
2024-04-14 14:58:37,601 [INFO] PluginManager:220 - loadIPPluginJar : add dfsdm
2024-04-14 14:58:37,615 [INFO] IPUIPlugin:80 - create IPUIPlugin
2024-04-14 14:58:37,615 [INFO] PluginManager:220 - loadIPPluginJar : add dma
2024-04-14 14:58:37,648 [INFO] IPUIPlugin:80 - create IPUIPlugin
2024-04-14 14:58:37,648 [INFO] PluginManager:220 - loadIPPluginJar : add dma3
2024-04-14 14:58:37,663 [INFO] IPUIPlugin:80 - create IPUIPlugin
2024-04-14 14:58:37,664 [INFO] PluginManager:220 - loadIPPluginJar : add fatfs
2024-04-14 14:58:37,699 [INFO] IPUIPlugin:80 - create IPUIPlugin
2024-04-14 14:58:37,699 [INFO] PluginManager:220 - loadIPPluginJar : add fmc
2024-04-14 14:58:37,712 [INFO] IPUIPlugin:80 - create IPUIPlugin
2024-04-14 14:58:37,712 [INFO] PluginManager:220 - loadIPPluginJar : add freertos
2024-04-14 14:58:37,729 [INFO] IPUIPlugin:80 - create IPUIPlugin
2024-04-14 14:58:37,729 [INFO] PluginManager:220 - loadIPPluginJar : add genericplugin
2024-04-14 14:58:37,797 [INFO] IPUIPlugin:80 - create IPUIPlugin
2024-04-14 14:58:37,797 [INFO] PluginManager:220 - loadIPPluginJar : add gfxmmu
2024-04-14 14:58:37,895 [INFO] IPUIPlugin:80 - create IPUIPlugin
2024-04-14 14:58:37,895 [INFO] PluginManager:220 - loadIPPluginJar : add gic
2024-04-14 14:58:37,907 [INFO] IPUIPlugin:80 - create IPUIPlugin
2024-04-14 14:58:37,907 [INFO] PluginManager:220 - loadIPPluginJar : add gpio
2024-04-14 14:58:37,973 [INFO] IPUIPlugin:80 - create IPUIPlugin
2024-04-14 14:58:37,973 [INFO] PluginManager:220 - loadIPPluginJar : add gtzc
2024-04-14 14:58:38,009 [INFO] IPUIPlugin:80 - create IPUIPlugin
2024-04-14 14:58:38,009 [INFO] PluginManager:220 - loadIPPluginJar : add hash
2024-04-14 14:58:38,055 [INFO] IPUIPlugin:80 - create IPUIPlugin
2024-04-14 14:58:38,055 [INFO] PluginManager:220 - loadIPPluginJar : add i2c
2024-04-14 14:58:38,089 [INFO] IPUIPlugin:80 - create IPUIPlugin
2024-04-14 14:58:38,089 [INFO] PluginManager:220 - loadIPPluginJar : add i2s
2024-04-14 14:58:38,125 [INFO] IPUIPlugin:80 - create IPUIPlugin
2024-04-14 14:58:38,125 [INFO] PluginManager:220 - loadIPPluginJar : add i3c
2024-04-14 14:58:38,211 [INFO] IPUIPlugin:80 - create IPUIPlugin
2024-04-14 14:58:38,212 [INFO] PluginManager:220 - loadIPPluginJar : add ipddr
2024-04-14 14:58:38,282 [INFO] IPUIPlugin:80 - create IPUIPlugin
2024-04-14 14:58:38,282 [INFO] PluginManager:220 - loadIPPluginJar : add linkedlist
2024-04-14 14:58:38,314 [INFO] IPUIPlugin:80 - create IPUIPlugin
2024-04-14 14:58:38,314 [INFO] PluginManager:220 - loadIPPluginJar : add lorawan
2024-04-14 14:58:38,344 [INFO] IPUIPlugin:80 - create IPUIPlugin
2024-04-14 14:58:38,344 [INFO] PluginManager:220 - loadIPPluginJar : add ltdc
2024-04-14 14:58:38,357 [INFO] IPUIPlugin:80 - create IPUIPlugin
2024-04-14 14:58:38,357 [INFO] PluginManager:220 - loadIPPluginJar : add mdma
2024-04-14 14:58:38,369 [INFO] IPUIPlugin:80 - create IPUIPlugin
2024-04-14 14:58:38,369 [INFO] PluginManager:220 - loadIPPluginJar : add nvic
2024-04-14 14:58:38,399 [INFO] IPUIPlugin:80 - create IPUIPlugin
2024-04-14 14:58:38,399 [INFO] PluginManager:220 - loadIPPluginJar : add opamp
2024-04-14 14:58:38,445 [INFO] IPUIPlugin:80 - create IPUIPlugin
2024-04-14 14:58:38,445 [INFO] PluginManager:220 - loadIPPluginJar : add openamp
2024-04-14 14:58:38,480 [INFO] IPUIPlugin:80 - create IPUIPlugin
2024-04-14 14:58:38,480 [INFO] PluginManager:220 - loadIPPluginJar : add pdm2pcm
2024-04-14 14:58:38,493 [INFO] IPUIPlugin:80 - create IPUIPlugin
2024-04-14 14:58:38,495 [INFO] PluginManager:220 - loadIPPluginJar : add plateformsettings
2024-04-14 14:58:38,514 [INFO] IPUIPlugin:80 - create IPUIPlugin
2024-04-14 14:58:38,514 [INFO] PluginManager:220 - loadIPPluginJar : add quadspi
2024-04-14 14:58:38,526 [INFO] IPUIPlugin:80 - create IPUIPlugin
2024-04-14 14:58:38,526 [INFO] PluginManager:220 - loadIPPluginJar : add resmgrutility
2024-04-14 14:58:38,564 [INFO] IPUIPlugin:80 - create IPUIPlugin
2024-04-14 14:58:38,564 [INFO] PluginManager:220 - loadIPPluginJar : add sai
2024-04-14 14:58:38,593 [INFO] IPUIPlugin:80 - create IPUIPlugin
2024-04-14 14:58:38,593 [INFO] PluginManager:220 - loadIPPluginJar : add spi
2024-04-14 14:58:38,644 [INFO] IPUIPlugin:80 - create IPUIPlugin
2024-04-14 14:58:38,644 [INFO] PluginManager:220 - loadIPPluginJar : add stm32_wpan
2024-04-14 14:58:38,663 [INFO] IPUIPlugin:80 - create IPUIPlugin
2024-04-14 14:58:38,663 [INFO] PluginManager:220 - loadIPPluginJar : add tim
2024-04-14 14:58:38,710 [INFO] IPUIPlugin:80 - create IPUIPlugin
2024-04-14 14:58:38,710 [INFO] PluginManager:220 - loadIPPluginJar : add touchsensing
2024-04-14 14:58:38,732 [INFO] IPUIPlugin:80 - create IPUIPlugin
2024-04-14 14:58:38,732 [INFO] PluginManager:220 - loadIPPluginJar : add tracer_emb
2024-04-14 14:58:38,754 [INFO] IPUIPlugin:80 - create IPUIPlugin
2024-04-14 14:58:38,754 [INFO] PluginManager:220 - loadIPPluginJar : add ts
2024-04-14 14:58:38,775 [INFO] IPUIPlugin:80 - create IPUIPlugin
2024-04-14 14:58:38,775 [INFO] PluginManager:220 - loadIPPluginJar : add tsc
2024-04-14 14:58:38,795 [INFO] IPUIPlugin:80 - create IPUIPlugin
2024-04-14 14:58:38,796 [INFO] PluginManager:220 - loadIPPluginJar : add ucpd
2024-04-14 14:58:38,833 [INFO] IPUIPlugin:80 - create IPUIPlugin
2024-04-14 14:58:38,833 [INFO] PluginManager:220 - loadIPPluginJar : add usart
2024-04-14 14:58:38,866 [INFO] IPUIPlugin:80 - create IPUIPlugin
2024-04-14 14:58:38,866 [INFO] PluginManager:220 - loadIPPluginJar : add usbx
2024-04-14 14:58:38,985 [INFO] CADModel:165 - CPN selected for project level
2024-04-14 14:58:38,985 [INFO] CADModel:114 - Register for checkConnection events
2024-04-14 14:58:38,985 [FATAL] Updater:308 - Updater called before beeing initialized
2024-04-14 14:58:38,985 [ERROR] CADModel:125 - Updater not yet initialized, retry later 
2024-04-14 14:58:39,120 [INFO] CADModel:165 - CPN selected for project level
2024-04-14 14:58:39,120 [INFO] CADModel:114 - Register for checkConnection events
2024-04-14 14:58:39,120 [FATAL] Updater:308 - Updater called before beeing initialized
2024-04-14 14:58:39,120 [ERROR] CADModel:125 - Updater not yet initialized, retry later 
2024-04-14 14:58:39,122 [FATAL] Updater:308 - Updater called before beeing initialized
2024-04-14 14:58:39,218 [FATAL] Updater:308 - Updater called before beeing initialized
2024-04-14 14:58:39,227 [INFO] DbMcusAds:53 - JSON generation date=Wed Nov 29 04:52:27 CST 2023 (1701255147349)
2024-04-14 14:58:39,227 [FATAL] Updater:308 - Updater called before beeing initialized
2024-04-14 14:58:39,294 [WARN] DetailPanel:346 - Failed to get advertising image, set to default
2024-04-14 14:58:39,371 [FATAL] Updater:308 - Updater called before beeing initialized
2024-04-14 14:58:39,373 [FATAL] Updater:308 - Updater called before beeing initialized
2024-04-14 14:58:39,373 [FATAL] Updater:308 - Updater called before beeing initialized
2024-04-14 14:58:39,374 [WARN] DetailPanel:346 - Failed to get advertising image, set to default
2024-04-14 14:58:39,374 [FATAL] Updater:308 - Updater called before beeing initialized
2024-04-14 14:58:39,425 [ERROR] Updater:1120 - MainUpdater not yet initialized. External WinMGr cannot be set.
2024-04-14 14:58:39,434 [INFO] Updater:1056 - Updater Version found : 6.10.0
2024-04-14 14:58:39,449 [INFO] ApplicationProperties:184 - Using Application install path: C:\ST\STM32CubeIDE_1.14.1\STM32CubeIDE\plugins\com.st.stm32cube.common.mx_6.10.0.202311202037
2024-04-14 14:58:39,964 [INFO] ThirdPartyUpdaterWithRetryManager:70 - Updater plugin not ready yet. [2/15]
2024-04-14 14:58:41,028 [ERROR] LogOutputStream:75 - [STDERR_REDIRECT] Apr 14, 2024 2:58:41 PM java.util.prefs.WindowsPreferences <init>
2024-04-14 14:58:41,028 [ERROR] LogOutputStream:75 - [STDERR_REDIRECT] WARNING: Could not open/create prefs root node Software\JavaSoft\Prefs at root 0xffffffff80000002. Windows RegCreateKeyEx(...) returned error code 5.
2024-04-14 14:58:41,029 [ERROR] LogOutputStream:75 - [STDERR_REDIRECT] 
2024-04-14 14:58:41,373 [INFO] MainUpdater:2873 - connection check result : 10
2024-04-14 14:58:41,373 [INFO] MainUpdater:3567 - Updater definition file requires update
2024-04-14 14:58:41,374 [INFO] MainUpdater:290 - Updater Check For Update Now.
2024-04-14 14:58:41,374 [INFO] MicroXplorer:498 - Change Database Version : DB.6.0.100
2024-04-14 14:58:41,388 [INFO] McuFinderGlobals:63 - Set McuFinder mode to 2 (CubeIDE integrated)
2024-04-14 14:58:41,388 [INFO] UserAuth:180 - activating auth plugin
2024-04-14 14:58:41,390 [INFO] UserAuth:404 - Internet connection configuration mode: 1
2024-04-14 14:58:41,412 [INFO] JxBrowserEngine:152 - Initiate JxBrowser Engine with user profile folder
2024-04-14 14:58:41,460 [INFO] ServerAccessManage:473 - Download File updaters.zip
2024-04-14 14:58:41,579 [INFO] FileExtend:240 - Unzip File : updaters.zip
2024-04-14 14:58:41,579 [INFO] FileExtend:255 - Standard Zip Deflate
2024-04-14 14:58:42,080 [INFO] ServerAccessManage:473 - Download File PacksControlFlags.xml
2024-04-14 14:58:42,206 [INFO] ServerAccessManage:473 - Download File cubemx.pidx
2024-04-14 14:58:42,316 [INFO] LoadServerUpdatesThread:375 - End of LoadServerUpdate Thread
2024-04-14 14:58:42,488 [INFO] CheckServerUpdateThread:120 - End of CheckServer Thread
2024-04-14 14:58:43,116 [WARN] PackLoader:240 - Cannot read IP mode file for STMicroelectronics.X-CUBE-SMBUS.2.1.0
2024-04-14 14:58:43,132 [WARN] PackLoader:240 - Cannot read IP mode file for STMicroelectronics.X-CUBE-TOUCHGFX.4.23.1
2024-04-14 14:58:43,147 [WARN] PackLoader:240 - Cannot read IP mode file for STMicroelectronics.X-CUBE-TOUCHGFX.4.23.0
2024-04-14 14:58:43,147 [WARN] PackLoader:240 - Cannot read IP mode file for STMicroelectronics.X-CUBE-TOUCHGFX.4.23.2
2024-04-14 14:58:43,178 [WARN] PackLoader:240 - Cannot read IP mode file for STMicroelectronics.X-CUBE-AZRTOS-F7.1.1.0
2024-04-14 14:58:43,210 [WARN] PackLoader:240 - Cannot read IP mode file for STMicroelectronics.FP-SNS-MOTENV1.4.3.2
2024-04-14 14:58:43,226 [WARN] PackLoader:240 - Cannot read IP mode file for STMicroelectronics.FP-SNS-FLIGHT1.5.0.2
2024-04-14 14:58:43,241 [WARN] PackLoader:240 - Cannot read IP mode file for STMicroelectronics.X-CUBE-DISPLAY.3.0.0
2024-04-14 14:58:43,257 [WARN] PackLoader:240 - Cannot read IP mode file for STMicroelectronics.X-CUBE-BLE1.7.0.0
2024-04-14 14:58:43,273 [WARN] PackLoader:240 - Cannot read IP mode file for emotas.I-CUBE-CANOPEN.1.3.0
2024-04-14 14:58:43,288 [WARN] PackLoader:240 - Cannot read IP mode file for STMicroelectronics.X-CUBE-BLEMGR.3.1.0
2024-04-14 14:58:43,305 [WARN] PackLoader:240 - Cannot read IP mode file for STMicroelectronics.FP-SNS-SMARTAG2.1.2.0
2024-04-14 14:58:43,320 [INFO] LogOutputStream:77 - [STDOUT_REDIRECT] 1 : Invalid condition id : UX_CORESTACK_Condition cause : null
2024-04-14 14:58:43,320 [INFO] LogOutputStream:77 - [STDOUT_REDIRECT] 1 : Invalid condition id : UX_CORESTACK_Condition cause : null
2024-04-14 14:58:43,320 [INFO] LogOutputStream:77 - [STDOUT_REDIRECT] 1 : Invalid condition id : UX_CORESTACK_Condition cause : null
2024-04-14 14:58:43,320 [INFO] LogOutputStream:77 - [STDOUT_REDIRECT] 1 : Invalid condition id : UX_CORESTACK_Condition cause : null
2024-04-14 14:58:43,320 [INFO] LogOutputStream:77 - [STDOUT_REDIRECT] 1 : Invalid condition id : UX_CORESTACK_Condition cause : null
2024-04-14 14:58:43,320 [WARN] PackLoader:240 - Cannot read IP mode file for STMicroelectronics.X-CUBE-AZRTOS-WL.2.0.0
2024-04-14 14:58:43,336 [WARN] PackLoader:240 - Cannot read IP mode file for STMicroelectronics.FP-SNS-MOTENV1.5.0.0
2024-04-14 14:58:43,351 [WARN] PackLoader:240 - Cannot read IP mode file for WES.I-CUBE-Cesium.1.3.0
2024-04-14 14:58:43,367 [WARN] PackLoader:240 - Cannot read IP mode file for STMicroelectronics.X-CUBE-BLE2.3.3.0
2024-04-14 14:58:43,382 [WARN] PackLoader:240 - Cannot read IP mode file for STMicroelectronics.X-CUBE-TCPP.4.1.0
2024-04-14 14:58:43,398 [WARN] PackLoader:240 - Cannot read IP mode file for STMicroelectronics.X-CUBE-ALGOBUILD.1.3.0
2024-04-14 14:58:43,430 [WARN] PackLoader:240 - Cannot read IP mode file for STMicroelectronics.X-CUBE-AZRTOS-G0.1.1.0
2024-04-14 14:58:43,445 [WARN] PackLoader:240 - Cannot read IP mode file for STMicroelectronics.X-CUBE-SAFEA1.1.2.2
2024-04-14 14:58:43,445 [WARN] PackLoader:240 - Cannot read IP mode file for STMicroelectronics.X-CUBE-NFC4.3.0.0
2024-04-14 14:58:43,461 [WARN] PackLoader:240 - Cannot read IP mode file for STMicroelectronics.X-CUBE-BLEMGR.3.0.0
2024-04-14 14:58:43,477 [WARN] PackLoader:240 - Cannot read IP mode file for STMicroelectronics.FP-ATR-SIGFOX1.3.2.0
2024-04-14 14:58:43,492 [WARN] PackLoader:240 - Cannot read IP mode file for STMicroelectronics.X-CUBE-EEPRMA1.5.1.0
2024-04-14 14:58:43,524 [WARN] PackLoader:240 - Cannot read IP mode file for SEGGER.I-CUBE-embOS.1.3.1
2024-04-14 14:58:43,571 [WARN] PackLoader:240 - Cannot read IP mode file for STMicroelectronics.X-CUBE-GNSS1.6.0.0
2024-04-14 14:58:43,586 [WARN] PackLoader:240 - Cannot read IP mode file for STMicroelectronics.X-CUBE-AZRTOS-F4.1.1.0
2024-04-14 14:58:43,605 [WARN] PackLoader:240 - Cannot read IP mode file for wolfSSL.I-CUBE-wolfSSL.5.6.6
2024-04-14 14:58:43,634 [WARN] PackLoader:240 - Cannot read IP mode file for STMicroelectronics.X-CUBE-AZRTOS-L5.2.0.0
2024-04-14 14:58:43,649 [WARN] PackLoader:240 - Cannot read IP mode file for STMicroelectronics.X-CUBE-EEPRMA1.4.2.0
2024-04-14 14:58:43,649 [WARN] PackLoader:240 - Cannot read IP mode file for STMicroelectronics.X-CUBE-NFC6.3.1.0
2024-04-14 14:58:43,665 [WARN] PackLoader:240 - Cannot read IP mode file for ITTIA_DB.I-CUBE-ITTIADB.8.8.0
2024-04-14 14:58:43,681 [WARN] PackLoader:240 - Cannot read IP mode file for STMicroelectronics.X-CUBE-NFC7.1.0.1
2024-04-14 14:58:43,696 [WARN] PackLoader:240 - Cannot read IP mode file for STMicroelectronics.X-CUBE-NFC6.3.0.0
2024-04-14 14:58:43,712 [WARN] PackLoader:240 - Cannot read IP mode file for STMicroelectronics.X-CUBE-AI.8.1.0
2024-04-14 14:58:43,728 [WARN] ConditionMgr:438 - getConditionDescription Invalid condition id : LAN8742 Phy interface Condition cause : null
2024-04-14 14:58:43,728 [WARN] PackLoader:240 - Cannot read IP mode file for STMicroelectronics.X-CUBE-AZRTOS-L4.2.0.0
2024-04-14 14:58:43,728 [WARN] ConditionMgr:1039 - genDependencies : Invalid condition id : LAN8742 Phy interface Condition cause : null
2024-04-14 14:58:43,728 [WARN] ConditionMgr:1039 - genDependencies : Invalid condition id : LAN8742 Phy interface Condition cause : null
2024-04-14 14:58:43,728 [WARN] ConditionMgr:1039 - genDependencies : Invalid condition id : LAN8742 Phy interface Condition cause : null
2024-04-14 14:58:43,743 [WARN] PackLoader:240 - Cannot read IP mode file for STMicroelectronics.X-CUBE-SFXS2LP1.4.0.0
2024-04-14 14:58:43,759 [WARN] ConditionMgr:438 - getConditionDescription Invalid condition id : UX DEVICE CLASS RTOS Condition cause : null
2024-04-14 14:58:43,759 [WARN] ConditionMgr:438 - getConditionDescription Invalid condition id : UX DEVICE CLASS RTOS Condition cause : null
2024-04-14 14:58:43,759 [WARN] PackLoader:240 - Cannot read IP mode file for STMicroelectronics.X-CUBE-AZRTOS-WB.2.0.0
2024-04-14 14:58:43,759 [WARN] ConditionMgr:1039 - genDependencies : Invalid condition id : UX DEVICE CLASS RTOS Condition cause : null
2024-04-14 14:58:43,759 [WARN] ConditionMgr:1039 - genDependencies : Invalid condition id : UX DEVICE CLASS RTOS Condition cause : null
2024-04-14 14:58:43,759 [WARN] ConditionMgr:1039 - genDependencies : Invalid condition id : UX DEVICE CLASS RTOS Condition cause : null
2024-04-14 14:58:43,759 [WARN] ConditionMgr:1039 - genDependencies : Invalid condition id : UX DEVICE CLASS RTOS Condition cause : null
2024-04-14 14:58:43,759 [WARN] ConditionMgr:1039 - genDependencies : Invalid condition id : UX DEVICE CLASS RTOS Condition cause : null
2024-04-14 14:58:43,775 [WARN] PackLoader:240 - Cannot read IP mode file for STMicroelectronics.X-CUBE-SUBG2.5.0.0
2024-04-14 14:58:43,806 [WARN] PackLoader:240 - Cannot read IP mode file for STMicroelectronics.X-CUBE-AZRTOS-G4.2.0.0
2024-04-14 14:58:43,821 [WARN] PackLoader:240 - Cannot read IP mode file for Infineon.AIROC-Wi-Fi-Bluetooth-STM32.1.5.1
2024-04-14 14:58:43,837 [WARN] PackLoader:240 - Cannot read IP mode file for STMicroelectronics.FP-SNS-MOTENVWB1.1.3.1
2024-04-14 14:58:43,853 [WARN] PackLoader:240 - Cannot read IP mode file for STMicroelectronics.X-CUBE-ISPU.2.0.0
2024-04-14 14:58:43,884 [WARN] PackLoader:240 - Cannot read IP mode file for STMicroelectronics.X-CUBE-MEMS1.10.0.0
2024-04-14 14:58:43,963 [WARN] PackLoader:240 - Cannot read IP mode file for STMicroelectronics.X-CUBE-FREERTOS.1.1.0
2024-04-14 14:58:43,978 [WARN] PackLoader:240 - Cannot read IP mode file for portGmbH.I-Cube-SoM-uGOAL.1.1.0
2024-04-14 14:58:43,994 [WARN] PackLoader:240 - Cannot read IP mode file for STMicroelectronics.X-CUBE-ALS.1.0.1
2024-04-14 14:58:44,010 [WARN] PackLoader:240 - Cannot read IP mode file for STMicroelectronics.FP-ATR-ASTRA1.2.0.0
2024-04-14 14:58:44,072 [WARN] PackLoader:240 - Cannot read IP mode file for STMicroelectronics.X-CUBE-TOF1.3.4.0
2024-04-14 14:58:44,107 [WARN] PackLoader:240 - Cannot read IP mode file for STMicroelectronics.X-CUBE-TOF1.3.4.1
2024-04-14 14:58:44,135 [WARN] PackLoader:240 - Cannot read IP mode file for STMicroelectronics.X-CUBE-AZRTOS-H7.3.2.0
2024-04-14 14:58:44,135 [INFO] ThirdParty:978 - Integrity check success = true
2024-04-14 14:58:44,135 [INFO] IntegrityCheckThread:100 - exiting critical section [integrity check]
2024-04-14 14:58:44,135 [INFO] IntegrityCheckThread:103 - End integrity checks thread
2024-04-14 14:58:44,418 [INFO] WebApp:161 - Instantiating new browser for Auth
2024-04-14 14:58:45,008 [INFO] WebApp:780 - Register for checkConnection events
2024-04-14 14:58:45,008 [INFO] WebApp:414 - Apply proxy settings
2024-04-14 14:58:45,008 [INFO] WebApp:499 - Chromium requires no authentication
2024-04-14 14:58:45,022 [INFO] WebApp:442 - Direct internet connection detected
2024-04-14 14:58:45,148 [INFO] WebApp:192 - Starting web application
2024-04-14 14:58:45,148 [INFO] WebApp:544 - Web application path used C:\ST\STM32CubeIDE_1.14.1\STM32CubeIDE\plugins\com.st.stm32cube.common.mx_6.10.0.202311202037\db\plugins\mcufinder\reactClient1\index.html
2024-04-14 14:59:05,865 [ERROR] LogOutputStream:75 - [STDERR_REDIRECT] SLF4J: Failed to load class "org.slf4j.impl.StaticLoggerBinder".
2024-04-14 14:59:05,866 [ERROR] LogOutputStream:75 - [STDERR_REDIRECT] SLF4J: Defaulting to no-operation (NOP) logger implementation
2024-04-14 14:59:05,867 [ERROR] LogOutputStream:75 - [STDERR_REDIRECT] SLF4J: See http://www.slf4j.org/codes.html#StaticLoggerBinder for further details.
2024-04-14 16:11:31,278 [ERROR] LogOutputStream:75 - [STDERR_REDIRECT] 
2024-04-14 16:11:31,278 [ERROR] LogOutputStream:75 - [STDERR_REDIRECT] 
