2024-03-15 14:03:53,431 [INFO] Activator:176 - 


2024-03-15 14:03:53,447 [INFO] Activator:177 - !SESSION log4j initialized
2024-03-15 14:04:00,296 [INFO] LogOutputStream:77 - [STDOUT_REDIRECT] 
2024-03-15 14:04:02,759 [INFO] ApplicationProperties:184 - Using Application install path: C:\ST\STM32CubeIDE_1.14.1\STM32CubeIDE\plugins\com.st.stm32cube.common.mx_6.10.0.202311202037
2024-03-15 14:04:02,776 [INFO] DbMcusXml:78 - Set database path to: C:\ST\STM32CubeIDE_1.14.1\STM32CubeIDE\plugins\com.st.stm32cube.common.mx_6.10.0.202311202037\\db\/mcu/
2024-03-15 14:04:02,776 [INFO] ApiDb:274 - Set plugin database path to: C:\ST\STM32CubeIDE_1.14.1\STM32CubeIDE\plugins\com.st.stm32cube.common.mx_6.10.0.202311202037\\db\/plugins/boardmanager/
2024-03-15 14:04:02,776 [WARN] ApiDb:259 - Overriding images path with different value:  => C:\ST\STM32CubeIDE_1.14.1\STM32CubeIDE\plugins\com.st.stm32cube.common.mx_6.10.0.202311202037\\db\/plugins/mcufinder/images/
2024-03-15 14:04:02,788 [INFO] ApiDb:250 - Set database path to: C:\Users\TuranyElijah\.stmcufinder\plugins\mcufinder//mcu/
2024-03-15 14:04:02,790 [INFO] DbMcusAds:125 - Set database path to: C:\Users\TuranyElijah\.stmcufinder\plugins\mcufinder//mcu/
2024-03-15 14:04:02,791 [INFO] CrossReferenceDbSqlite:203 - Set database path to: C:\Users\TuranyElijah\.stmcufinder\plugins\mcufinder//mcu/cs/
2024-03-15 14:04:02,895 [INFO] RulesReader:64 - Compatibility file has been processed (297 Rules)
2024-03-15 14:04:02,968 [INFO] DbMcusXml:78 - Set database path to: C:\ST\STM32CubeIDE_1.14.1\STM32CubeIDE\plugins\com.st.stm32cube.common.mx_6.10.0.202311202037\\db\/mcu/
2024-03-15 14:04:02,968 [INFO] ApiDb:274 - Set plugin database path to: C:\ST\STM32CubeIDE_1.14.1\STM32CubeIDE\plugins\com.st.stm32cube.common.mx_6.10.0.202311202037\\db\/plugins/boardmanager/
2024-03-15 14:04:02,969 [INFO] ApiDb:261 - Set plugin images path to: C:\ST\STM32CubeIDE_1.14.1\STM32CubeIDE\plugins\com.st.stm32cube.common.mx_6.10.0.202311202037\\db\/plugins/mcufinder/images/
2024-03-15 14:04:02,969 [WARN] DbFile:41 - Overriding database path with different value: C:\Users\TuranyElijah\.stmcufinder\plugins\mcufinder/ => C:\Users\TuranyElijah\.stmcufinder\plugins\mcufinder
2024-03-15 14:04:02,969 [INFO] ApiDb:250 - Set database path to: C:\Users\TuranyElijah\.stmcufinder\plugins\mcufinder//mcu/
2024-03-15 14:04:02,969 [WARN] DbFile:41 - Overriding database path with different value: C:\Users\TuranyElijah\.stmcufinder\plugins\mcufinder/ => C:\Users\TuranyElijah\.stmcufinder\plugins\mcufinder
2024-03-15 14:04:02,969 [INFO] DbMcusAds:125 - Set database path to: C:\Users\TuranyElijah\.stmcufinder\plugins\mcufinder//mcu/
2024-03-15 14:04:02,969 [WARN] DbFile:41 - Overriding database path with different value: C:\Users\TuranyElijah\.stmcufinder\plugins\mcufinder/ => C:\Users\TuranyElijah\.stmcufinder\plugins\mcufinder
2024-03-15 14:04:02,969 [WARN] DbFile:41 - Overriding database path with different value: C:\Users\TuranyElijah\.stmcufinder\plugins\mcufinder/ => C:\Users\TuranyElijah\.stmcufinder\plugins\mcufinder
2024-03-15 14:04:02,969 [INFO] CrossReferenceDbSqlite:203 - Set database path to: C:\Users\TuranyElijah\.stmcufinder\plugins\mcufinder//mcu/cs/
2024-03-15 14:04:03,039 [INFO] MainPanel:264 - HeapMemory: 268435456
2024-03-15 14:04:03,128 [INFO] DbMcusXml:78 - Set database path to: C:\ST\STM32CubeIDE_1.14.1\STM32CubeIDE\plugins\com.st.stm32cube.common.mx_6.10.0.202311202037\\db\/mcu/
2024-03-15 14:04:03,128 [INFO] ApiDb:274 - Set plugin database path to: C:\ST\STM32CubeIDE_1.14.1\STM32CubeIDE\plugins\com.st.stm32cube.common.mx_6.10.0.202311202037\\db\/plugins/boardmanager/
2024-03-15 14:04:03,128 [INFO] ApiDb:261 - Set plugin images path to: C:\ST\STM32CubeIDE_1.14.1\STM32CubeIDE\plugins\com.st.stm32cube.common.mx_6.10.0.202311202037\\db\/plugins/mcufinder/images/
2024-03-15 14:04:03,129 [WARN] DbFile:41 - Overriding database path with different value: C:\Users\TuranyElijah\.stmcufinder\plugins\mcufinder/ => C:\Users\TuranyElijah\.stmcufinder\plugins\mcufinder
2024-03-15 14:04:03,129 [INFO] ApiDb:250 - Set database path to: C:\Users\TuranyElijah\.stmcufinder\plugins\mcufinder//mcu/
2024-03-15 14:04:03,129 [WARN] DbFile:41 - Overriding database path with different value: C:\Users\TuranyElijah\.stmcufinder\plugins\mcufinder/ => C:\Users\TuranyElijah\.stmcufinder\plugins\mcufinder
2024-03-15 14:04:03,129 [INFO] DbMcusAds:125 - Set database path to: C:\Users\TuranyElijah\.stmcufinder\plugins\mcufinder//mcu/
2024-03-15 14:04:03,129 [WARN] DbFile:41 - Overriding database path with different value: C:\Users\TuranyElijah\.stmcufinder\plugins\mcufinder/ => C:\Users\TuranyElijah\.stmcufinder\plugins\mcufinder
2024-03-15 14:04:03,129 [WARN] DbFile:41 - Overriding database path with different value: C:\Users\TuranyElijah\.stmcufinder\plugins\mcufinder/ => C:\Users\TuranyElijah\.stmcufinder\plugins\mcufinder
2024-03-15 14:04:03,129 [INFO] CrossReferenceDbSqlite:203 - Set database path to: C:\Users\TuranyElijah\.stmcufinder\plugins\mcufinder//mcu/cs/
2024-03-15 14:04:03,146 [INFO] ApplicationProperties:184 - Using Application install path: C:\ST\STM32CubeIDE_1.14.1\STM32CubeIDE\plugins\com.st.stm32cube.common.mx_6.10.0.202311202037
2024-03-15 14:04:03,147 [INFO] PluginManage:196 - Search for loadable plugins [exclusion list=, ]
2024-03-15 14:04:03,149 [INFO] PluginManage:310 - Check plugin analytics
2024-03-15 14:04:03,288 [INFO] AnalyticsPlugin:253 - Accepted Software Licenses: STM32CubeMX.6.10.0
2024-03-15 14:04:03,288 [INFO] AnalyticsPlugin:255 - Accepted CMSIS Pack Licenses: 
2024-03-15 14:04:03,288 [INFO] AnalyticsPlugin:257 - Accepted Firmware Licenses: 
2024-03-15 14:04:03,291 [INFO] PluginManage:359 - Loaded plugin analytics (category:tool,tabindex:-1)
2024-03-15 14:04:03,291 [INFO] PluginManage:310 - Check plugin cadmodel
2024-03-15 14:04:03,304 [INFO] CADModel:105 - Init CAD model plugin
2024-03-15 14:04:03,304 [INFO] PluginManage:359 - Loaded plugin cadmodel (category:power,tabindex:5)
2024-03-15 14:04:03,304 [INFO] PluginManage:310 - Check plugin clock
2024-03-15 14:04:03,320 [INFO] PluginManage:359 - Loaded plugin clock (category:base,tabindex:2)
2024-03-15 14:04:03,320 [INFO] PluginManage:310 - Check plugin ddr
2024-03-15 14:04:03,322 [INFO] PluginManage:359 - Loaded plugin ddr (category:tool,tabindex:6)
2024-03-15 14:04:03,322 [INFO] PluginManage:310 - Check plugin filemanager
2024-03-15 14:04:03,441 [INFO] PluginManage:359 - Loaded plugin filemanager (category:base,tabindex:10)
2024-03-15 14:04:03,441 [INFO] PluginManage:310 - Check plugin ipmanager
2024-03-15 14:04:03,447 [INFO] PluginManage:359 - Loaded plugin ipmanager (category:base,tabindex:5)
2024-03-15 14:04:03,447 [INFO] PluginManage:310 - Check plugin lpbam
2024-03-15 14:04:03,462 [INFO] PluginManage:359 - Loaded plugin lpbam (category:base,tabindex:0)
2024-03-15 14:04:03,462 [INFO] PluginManage:310 - Check plugin memorymap
2024-03-15 14:04:03,482 [INFO] PluginManage:359 - Loaded plugin memorymap (category:base,tabindex:4)
2024-03-15 14:04:03,482 [INFO] PluginManage:310 - Check plugin pinoutandconfiguration
2024-03-15 14:04:03,496 [INFO] PluginManage:359 - Loaded plugin pinoutandconfiguration (category:base,tabindex:1)
2024-03-15 14:04:03,496 [INFO] PluginManage:310 - Check plugin pinoutconfig
2024-03-15 14:04:03,589 [WARN] SupportedApi:132 - Cannot load RTOS API schema: s4s-elt-must-match.1: The content of 'definitions' must match (annotation?, (simpleType | complexType)?, (unique | key | keyref)*)). A problem was found starting at: attribute.
2024-03-15 14:04:03,708 [INFO] PluginManage:359 - Loaded plugin pinoutconfig (category:base,tabindex:0)
2024-03-15 14:04:03,708 [INFO] PluginManage:310 - Check plugin power
2024-03-15 14:04:03,727 [INFO] PluginManage:359 - Loaded plugin power (category:power,tabindex:4)
2024-03-15 14:04:03,728 [INFO] PluginManage:310 - Check plugin projectmanager
2024-03-15 14:04:03,741 [INFO] PluginManage:359 - Loaded plugin projectmanager (category:projectmanager,tabindex:3)
2024-03-15 14:04:03,741 [INFO] PluginManage:310 - Check plugin thirdparty
2024-03-15 14:04:03,971 [INFO] PluginManage:359 - Loaded plugin thirdparty (category:base,tabindex:-1)
2024-03-15 14:04:03,971 [WARN] IntegrityCheckThread:84 - waiting for thirdparty lock release [integrity check]
2024-03-15 14:04:03,971 [INFO] PluginManage:310 - Check plugin tools
2024-03-15 14:04:03,971 [INFO] IntegrityCheckThread:86 - entering critical section [integrity check]
2024-03-15 14:04:03,972 [INFO] ThirdPartyUpdaterWithRetryManager:70 - Updater plugin not ready yet. [1/15]
2024-03-15 14:04:03,997 [INFO] PluginManage:359 - Loaded plugin tools (category:base,tabindex:7)
2024-03-15 14:04:03,997 [INFO] PluginManage:310 - Check plugin tutovideos
2024-03-15 14:04:04,185 [INFO] PluginManage:359 - Loaded plugin tutovideos (category:base,tabindex:-1)
2024-03-15 14:04:04,186 [INFO] PluginManage:310 - Check plugin updater
2024-03-15 14:04:04,196 [INFO] PluginManage:359 - Loaded plugin updater (category:base,tabindex:12)
2024-03-15 14:04:04,196 [INFO] PluginManage:310 - Check plugin userauth
2024-03-15 14:04:04,202 [INFO] UserAuth:114 - Init User Auth plugin
2024-03-15 14:04:04,202 [INFO] PluginManage:359 - Loaded plugin userauth (category:base,tabindex:14)
2024-03-15 14:04:04,202 [INFO] PluginManage:283 - PluginManage : Loaded plugins [17]
2024-03-15 14:04:04,399 [INFO] PinOutPanel:1499 - setPackage(No Configuration,No Configuration)
2024-03-15 14:04:04,464 [INFO] CADModel:165 - CPN selected for project level
2024-03-15 14:04:04,464 [INFO] CADModel:114 - Register for checkConnection events
2024-03-15 14:04:04,486 [INFO] IPUIPlugin:80 - create IPUIPlugin
2024-03-15 14:04:04,487 [INFO] PluginManager:220 - loadIPPluginJar : add adc
2024-03-15 14:04:04,513 [INFO] IPUIPlugin:80 - create IPUIPlugin
2024-03-15 14:04:04,514 [INFO] PluginManager:220 - loadIPPluginJar : add aes
2024-03-15 14:04:04,544 [INFO] IPUIPlugin:80 - create IPUIPlugin
2024-03-15 14:04:04,544 [INFO] PluginManager:220 - loadIPPluginJar : add can
2024-03-15 14:04:04,562 [INFO] IPUIPlugin:80 - create IPUIPlugin
2024-03-15 14:04:04,562 [INFO] PluginManager:220 - loadIPPluginJar : add comp
2024-03-15 14:04:04,589 [INFO] IPUIPlugin:80 - create IPUIPlugin
2024-03-15 14:04:04,589 [INFO] PluginManager:220 - loadIPPluginJar : add cryp
2024-03-15 14:04:04,611 [INFO] IPUIPlugin:80 - create IPUIPlugin
2024-03-15 14:04:04,611 [INFO] PluginManager:220 - loadIPPluginJar : add dfsdm
2024-03-15 14:04:04,622 [INFO] IPUIPlugin:80 - create IPUIPlugin
2024-03-15 14:04:04,623 [INFO] PluginManager:220 - loadIPPluginJar : add dma
2024-03-15 14:04:04,655 [INFO] IPUIPlugin:80 - create IPUIPlugin
2024-03-15 14:04:04,655 [INFO] PluginManager:220 - loadIPPluginJar : add dma3
2024-03-15 14:04:04,672 [INFO] IPUIPlugin:80 - create IPUIPlugin
2024-03-15 14:04:04,672 [INFO] PluginManager:220 - loadIPPluginJar : add fatfs
2024-03-15 14:04:04,705 [INFO] IPUIPlugin:80 - create IPUIPlugin
2024-03-15 14:04:04,706 [INFO] PluginManager:220 - loadIPPluginJar : add fmc
2024-03-15 14:04:04,718 [INFO] IPUIPlugin:80 - create IPUIPlugin
2024-03-15 14:04:04,718 [INFO] PluginManager:220 - loadIPPluginJar : add freertos
2024-03-15 14:04:04,733 [INFO] IPUIPlugin:80 - create IPUIPlugin
2024-03-15 14:04:04,733 [INFO] PluginManager:220 - loadIPPluginJar : add genericplugin
2024-03-15 14:04:04,795 [INFO] IPUIPlugin:80 - create IPUIPlugin
2024-03-15 14:04:04,795 [INFO] PluginManager:220 - loadIPPluginJar : add gfxmmu
2024-03-15 14:04:04,883 [INFO] IPUIPlugin:80 - create IPUIPlugin
2024-03-15 14:04:04,883 [INFO] PluginManager:220 - loadIPPluginJar : add gic
2024-03-15 14:04:04,893 [INFO] IPUIPlugin:80 - create IPUIPlugin
2024-03-15 14:04:04,893 [INFO] PluginManager:220 - loadIPPluginJar : add gpio
2024-03-15 14:04:04,962 [INFO] IPUIPlugin:80 - create IPUIPlugin
2024-03-15 14:04:04,962 [INFO] PluginManager:220 - loadIPPluginJar : add gtzc
2024-03-15 14:04:04,985 [INFO] IPUIPlugin:80 - create IPUIPlugin
2024-03-15 14:04:04,985 [INFO] PluginManager:220 - loadIPPluginJar : add hash
2024-03-15 14:04:05,021 [INFO] IPUIPlugin:80 - create IPUIPlugin
2024-03-15 14:04:05,021 [INFO] PluginManager:220 - loadIPPluginJar : add i2c
2024-03-15 14:04:05,050 [INFO] IPUIPlugin:80 - create IPUIPlugin
2024-03-15 14:04:05,050 [INFO] PluginManager:220 - loadIPPluginJar : add i2s
2024-03-15 14:04:05,078 [INFO] IPUIPlugin:80 - create IPUIPlugin
2024-03-15 14:04:05,078 [INFO] PluginManager:220 - loadIPPluginJar : add i3c
2024-03-15 14:04:05,153 [INFO] IPUIPlugin:80 - create IPUIPlugin
2024-03-15 14:04:05,154 [INFO] PluginManager:220 - loadIPPluginJar : add ipddr
2024-03-15 14:04:05,218 [INFO] IPUIPlugin:80 - create IPUIPlugin
2024-03-15 14:04:05,219 [INFO] PluginManager:220 - loadIPPluginJar : add linkedlist
2024-03-15 14:04:05,245 [INFO] IPUIPlugin:80 - create IPUIPlugin
2024-03-15 14:04:05,245 [INFO] PluginManager:220 - loadIPPluginJar : add lorawan
2024-03-15 14:04:05,271 [INFO] IPUIPlugin:80 - create IPUIPlugin
2024-03-15 14:04:05,271 [INFO] PluginManager:220 - loadIPPluginJar : add ltdc
2024-03-15 14:04:05,282 [INFO] IPUIPlugin:80 - create IPUIPlugin
2024-03-15 14:04:05,283 [INFO] PluginManager:220 - loadIPPluginJar : add mdma
2024-03-15 14:04:05,292 [INFO] IPUIPlugin:80 - create IPUIPlugin
2024-03-15 14:04:05,292 [INFO] PluginManager:220 - loadIPPluginJar : add nvic
2024-03-15 14:04:05,318 [INFO] IPUIPlugin:80 - create IPUIPlugin
2024-03-15 14:04:05,318 [INFO] PluginManager:220 - loadIPPluginJar : add opamp
2024-03-15 14:04:05,362 [INFO] IPUIPlugin:80 - create IPUIPlugin
2024-03-15 14:04:05,362 [INFO] PluginManager:220 - loadIPPluginJar : add openamp
2024-03-15 14:04:05,393 [INFO] IPUIPlugin:80 - create IPUIPlugin
2024-03-15 14:04:05,393 [INFO] PluginManager:220 - loadIPPluginJar : add pdm2pcm
2024-03-15 14:04:05,405 [INFO] IPUIPlugin:80 - create IPUIPlugin
2024-03-15 14:04:05,406 [INFO] PluginManager:220 - loadIPPluginJar : add plateformsettings
2024-03-15 14:04:05,422 [INFO] IPUIPlugin:80 - create IPUIPlugin
2024-03-15 14:04:05,423 [INFO] PluginManager:220 - loadIPPluginJar : add quadspi
2024-03-15 14:04:05,432 [INFO] IPUIPlugin:80 - create IPUIPlugin
2024-03-15 14:04:05,432 [INFO] PluginManager:220 - loadIPPluginJar : add resmgrutility
2024-03-15 14:04:05,466 [INFO] IPUIPlugin:80 - create IPUIPlugin
2024-03-15 14:04:05,466 [INFO] PluginManager:220 - loadIPPluginJar : add sai
2024-03-15 14:04:05,492 [INFO] IPUIPlugin:80 - create IPUIPlugin
2024-03-15 14:04:05,493 [INFO] PluginManager:220 - loadIPPluginJar : add spi
2024-03-15 14:04:05,541 [INFO] IPUIPlugin:80 - create IPUIPlugin
2024-03-15 14:04:05,541 [INFO] PluginManager:220 - loadIPPluginJar : add stm32_wpan
2024-03-15 14:04:05,558 [INFO] IPUIPlugin:80 - create IPUIPlugin
2024-03-15 14:04:05,558 [INFO] PluginManager:220 - loadIPPluginJar : add tim
2024-03-15 14:04:05,596 [INFO] IPUIPlugin:80 - create IPUIPlugin
2024-03-15 14:04:05,596 [INFO] PluginManager:220 - loadIPPluginJar : add touchsensing
2024-03-15 14:04:05,613 [INFO] IPUIPlugin:80 - create IPUIPlugin
2024-03-15 14:04:05,613 [INFO] PluginManager:220 - loadIPPluginJar : add tracer_emb
2024-03-15 14:04:05,629 [INFO] IPUIPlugin:80 - create IPUIPlugin
2024-03-15 14:04:05,630 [INFO] PluginManager:220 - loadIPPluginJar : add ts
2024-03-15 14:04:05,646 [INFO] IPUIPlugin:80 - create IPUIPlugin
2024-03-15 14:04:05,646 [INFO] PluginManager:220 - loadIPPluginJar : add tsc
2024-03-15 14:04:05,662 [INFO] IPUIPlugin:80 - create IPUIPlugin
2024-03-15 14:04:05,662 [INFO] PluginManager:220 - loadIPPluginJar : add ucpd
2024-03-15 14:04:05,692 [INFO] IPUIPlugin:80 - create IPUIPlugin
2024-03-15 14:04:05,692 [INFO] PluginManager:220 - loadIPPluginJar : add usart
2024-03-15 14:04:05,724 [INFO] IPUIPlugin:80 - create IPUIPlugin
2024-03-15 14:04:05,724 [INFO] PluginManager:220 - loadIPPluginJar : add usbx
2024-03-15 14:04:05,843 [INFO] CADModel:165 - CPN selected for project level
2024-03-15 14:04:05,843 [INFO] CADModel:114 - Register for checkConnection events
2024-03-15 14:04:05,843 [FATAL] Updater:308 - Updater called before beeing initialized
2024-03-15 14:04:05,843 [ERROR] CADModel:125 - Updater not yet initialized, retry later 
2024-03-15 14:04:05,975 [INFO] CADModel:165 - CPN selected for project level
2024-03-15 14:04:05,975 [INFO] CADModel:114 - Register for checkConnection events
2024-03-15 14:04:05,975 [FATAL] Updater:308 - Updater called before beeing initialized
2024-03-15 14:04:05,975 [ERROR] CADModel:125 - Updater not yet initialized, retry later 
2024-03-15 14:04:05,978 [FATAL] Updater:308 - Updater called before beeing initialized
2024-03-15 14:04:06,079 [FATAL] Updater:308 - Updater called before beeing initialized
2024-03-15 14:04:06,088 [INFO] DbMcusAds:53 - JSON generation date=Wed Nov 29 04:52:27 CST 2023 (1701255147349)
2024-03-15 14:04:06,088 [FATAL] Updater:308 - Updater called before beeing initialized
2024-03-15 14:04:06,160 [WARN] DetailPanel:346 - Failed to get advertising image, set to default
2024-03-15 14:04:06,238 [FATAL] Updater:308 - Updater called before beeing initialized
2024-03-15 14:04:06,240 [FATAL] Updater:308 - Updater called before beeing initialized
2024-03-15 14:04:06,240 [FATAL] Updater:308 - Updater called before beeing initialized
2024-03-15 14:04:06,240 [WARN] DetailPanel:346 - Failed to get advertising image, set to default
2024-03-15 14:04:06,241 [FATAL] Updater:308 - Updater called before beeing initialized
2024-03-15 14:04:06,292 [ERROR] Updater:1120 - MainUpdater not yet initialized. External WinMGr cannot be set.
2024-03-15 14:04:06,301 [INFO] Updater:1056 - Updater Version found : 6.10.0
2024-03-15 14:04:06,317 [INFO] ApplicationProperties:184 - Using Application install path: C:\ST\STM32CubeIDE_1.14.1\STM32CubeIDE\plugins\com.st.stm32cube.common.mx_6.10.0.202311202037
2024-03-15 14:04:06,972 [INFO] ThirdPartyUpdaterWithRetryManager:70 - Updater plugin not ready yet. [2/15]
2024-03-15 14:04:07,901 [ERROR] LogOutputStream:75 - [STDERR_REDIRECT] Mar 15, 2024 2:04:07 PM java.util.prefs.WindowsPreferences <init>
2024-03-15 14:04:07,902 [ERROR] LogOutputStream:75 - [STDERR_REDIRECT] WARNING: Could not open/create prefs root node Software\JavaSoft\Prefs at root 0xffffffff80000002. Windows RegCreateKeyEx(...) returned error code 5.
2024-03-15 14:04:07,902 [ERROR] LogOutputStream:75 - [STDERR_REDIRECT] 
2024-03-15 14:04:08,245 [INFO] MainUpdater:2873 - connection check result : 10
2024-03-15 14:04:08,245 [INFO] MainUpdater:3567 - Updater definition file requires update
2024-03-15 14:04:08,246 [INFO] MainUpdater:290 - Updater Check For Update Now.
2024-03-15 14:04:08,246 [INFO] MicroXplorer:498 - Change Database Version : DB.6.0.100
2024-03-15 14:04:08,261 [INFO] McuFinderGlobals:63 - Set McuFinder mode to 2 (CubeIDE integrated)
2024-03-15 14:04:08,262 [INFO] UserAuth:180 - activating auth plugin
2024-03-15 14:04:08,264 [INFO] UserAuth:404 - Internet connection configuration mode: 1
2024-03-15 14:04:08,286 [INFO] JxBrowserEngine:152 - Initiate JxBrowser Engine with user profile folder
2024-03-15 14:04:08,370 [INFO] ServerAccessManage:473 - Download File updaters.zip
2024-03-15 14:04:08,463 [INFO] FileExtend:240 - Unzip File : updaters.zip
2024-03-15 14:04:08,463 [INFO] FileExtend:255 - Standard Zip Deflate
2024-03-15 14:04:08,954 [INFO] ServerAccessManage:473 - Download File PacksControlFlags.xml
2024-03-15 14:04:09,148 [INFO] ServerAccessManage:473 - Download File cubemx.pidx
2024-03-15 14:04:09,254 [INFO] LoadServerUpdatesThread:375 - End of LoadServerUpdate Thread
2024-03-15 14:04:09,436 [INFO] CheckServerUpdateThread:120 - End of CheckServer Thread
2024-03-15 14:04:10,122 [WARN] PackLoader:240 - Cannot read IP mode file for STMicroelectronics.X-CUBE-SMBUS.2.1.0
2024-03-15 14:04:10,135 [WARN] PackLoader:240 - Cannot read IP mode file for STMicroelectronics.X-CUBE-TOUCHGFX.4.23.0
2024-03-15 14:04:10,168 [WARN] PackLoader:240 - Cannot read IP mode file for STMicroelectronics.X-CUBE-AZRTOS-F7.1.1.0
2024-03-15 14:04:10,186 [WARN] PackLoader:240 - Cannot read IP mode file for STMicroelectronics.FP-SNS-MOTENV1.4.3.2
2024-03-15 14:04:10,200 [WARN] PackLoader:240 - Cannot read IP mode file for STMicroelectronics.FP-SNS-FLIGHT1.5.0.2
2024-03-15 14:04:10,218 [WARN] PackLoader:240 - Cannot read IP mode file for STMicroelectronics.X-CUBE-DISPLAY.3.0.0
2024-03-15 14:04:10,242 [WARN] PackLoader:240 - Cannot read IP mode file for STMicroelectronics.X-CUBE-BLE1.7.0.0
2024-03-15 14:04:10,257 [WARN] PackLoader:240 - Cannot read IP mode file for emotas.I-CUBE-CANOPEN.1.3.0
2024-03-15 14:04:10,281 [WARN] PackLoader:240 - Cannot read IP mode file for STMicroelectronics.X-CUBE-BLEMGR.3.1.0
2024-03-15 14:04:10,299 [WARN] PackLoader:240 - Cannot read IP mode file for STMicroelectronics.FP-SNS-SMARTAG2.1.2.0
2024-03-15 14:04:10,320 [INFO] LogOutputStream:77 - [STDOUT_REDIRECT] 1 : Invalid condition id : UX_CORESTACK_Condition cause : null
2024-03-15 14:04:10,320 [INFO] LogOutputStream:77 - [STDOUT_REDIRECT] 1 : Invalid condition id : UX_CORESTACK_Condition cause : null
2024-03-15 14:04:10,321 [INFO] LogOutputStream:77 - [STDOUT_REDIRECT] 1 : Invalid condition id : UX_CORESTACK_Condition cause : null
2024-03-15 14:04:10,322 [INFO] LogOutputStream:77 - [STDOUT_REDIRECT] 1 : Invalid condition id : UX_CORESTACK_Condition cause : null
2024-03-15 14:04:10,324 [INFO] LogOutputStream:77 - [STDOUT_REDIRECT] 1 : Invalid condition id : UX_CORESTACK_Condition cause : null
2024-03-15 14:04:10,329 [WARN] PackLoader:240 - Cannot read IP mode file for STMicroelectronics.X-CUBE-AZRTOS-WL.2.0.0
2024-03-15 14:04:10,346 [WARN] PackLoader:240 - Cannot read IP mode file for WES.I-CUBE-Cesium.1.3.0
2024-03-15 14:04:10,357 [WARN] PackLoader:240 - Cannot read IP mode file for STMicroelectronics.X-CUBE-BLE2.3.3.0
2024-03-15 14:04:10,373 [WARN] PackLoader:240 - Cannot read IP mode file for STMicroelectronics.X-CUBE-ALGOBUILD.1.3.0
2024-03-15 14:04:10,411 [WARN] PackLoader:240 - Cannot read IP mode file for STMicroelectronics.X-CUBE-AZRTOS-G0.1.1.0
2024-03-15 14:04:10,432 [WARN] PackLoader:240 - Cannot read IP mode file for STMicroelectronics.X-CUBE-NFC4.3.0.0
2024-03-15 14:04:10,462 [WARN] PackLoader:240 - Cannot read IP mode file for STMicroelectronics.X-CUBE-BLEMGR.3.0.0
2024-03-15 14:04:10,481 [WARN] PackLoader:240 - Cannot read IP mode file for STMicroelectronics.FP-ATR-SIGFOX1.3.2.0
2024-03-15 14:04:10,501 [WARN] PackLoader:240 - Cannot read IP mode file for STMicroelectronics.X-CUBE-EEPRMA1.5.1.0
2024-03-15 14:04:10,563 [WARN] PackLoader:240 - Cannot read IP mode file for SEGGER.I-CUBE-embOS.1.3.1
2024-03-15 14:04:10,628 [WARN] PackLoader:240 - Cannot read IP mode file for STMicroelectronics.X-CUBE-GNSS1.6.0.0
2024-03-15 14:04:10,667 [WARN] PackLoader:240 - Cannot read IP mode file for STMicroelectronics.X-CUBE-AZRTOS-F4.1.1.0
2024-03-15 14:04:10,682 [WARN] PackLoader:240 - Cannot read IP mode file for wolfSSL.I-CUBE-wolfSSL.5.6.6
2024-03-15 14:04:10,708 [WARN] PackLoader:240 - Cannot read IP mode file for STMicroelectronics.X-CUBE-AZRTOS-L5.2.0.0
2024-03-15 14:04:10,720 [WARN] PackLoader:240 - Cannot read IP mode file for STMicroelectronics.X-CUBE-EEPRMA1.4.2.0
2024-03-15 14:04:10,733 [WARN] PackLoader:240 - Cannot read IP mode file for ITTIA_DB.I-CUBE-ITTIADB.8.8.0
2024-03-15 14:04:10,746 [WARN] PackLoader:240 - Cannot read IP mode file for STMicroelectronics.X-CUBE-NFC7.1.0.1
2024-03-15 14:04:10,766 [WARN] PackLoader:240 - Cannot read IP mode file for STMicroelectronics.X-CUBE-NFC6.3.0.0
2024-03-15 14:04:10,782 [WARN] PackLoader:240 - Cannot read IP mode file for STMicroelectronics.X-CUBE-AI.8.1.0
2024-03-15 14:04:10,810 [WARN] ConditionMgr:438 - getConditionDescription Invalid condition id : LAN8742 Phy interface Condition cause : null
2024-03-15 14:04:10,811 [WARN] PackLoader:240 - Cannot read IP mode file for STMicroelectronics.X-CUBE-AZRTOS-L4.2.0.0
2024-03-15 14:04:10,812 [WARN] ConditionMgr:1039 - genDependencies : Invalid condition id : LAN8742 Phy interface Condition cause : null
2024-03-15 14:04:10,812 [WARN] ConditionMgr:1039 - genDependencies : Invalid condition id : LAN8742 Phy interface Condition cause : null
2024-03-15 14:04:10,812 [WARN] ConditionMgr:1039 - genDependencies : Invalid condition id : LAN8742 Phy interface Condition cause : null
2024-03-15 14:04:10,830 [WARN] PackLoader:240 - Cannot read IP mode file for STMicroelectronics.X-CUBE-SFXS2LP1.4.0.0
2024-03-15 14:04:10,856 [WARN] ConditionMgr:438 - getConditionDescription Invalid condition id : UX DEVICE CLASS RTOS Condition cause : null
2024-03-15 14:04:10,857 [WARN] ConditionMgr:438 - getConditionDescription Invalid condition id : UX DEVICE CLASS RTOS Condition cause : null
2024-03-15 14:04:10,858 [WARN] PackLoader:240 - Cannot read IP mode file for STMicroelectronics.X-CUBE-AZRTOS-WB.2.0.0
2024-03-15 14:04:10,858 [WARN] ConditionMgr:1039 - genDependencies : Invalid condition id : UX DEVICE CLASS RTOS Condition cause : null
2024-03-15 14:04:10,859 [WARN] ConditionMgr:1039 - genDependencies : Invalid condition id : UX DEVICE CLASS RTOS Condition cause : null
2024-03-15 14:04:10,859 [WARN] ConditionMgr:1039 - genDependencies : Invalid condition id : UX DEVICE CLASS RTOS Condition cause : null
2024-03-15 14:04:10,859 [WARN] ConditionMgr:1039 - genDependencies : Invalid condition id : UX DEVICE CLASS RTOS Condition cause : null
2024-03-15 14:04:10,859 [WARN] ConditionMgr:1039 - genDependencies : Invalid condition id : UX DEVICE CLASS RTOS Condition cause : null
2024-03-15 14:04:10,879 [WARN] PackLoader:240 - Cannot read IP mode file for STMicroelectronics.X-CUBE-SUBG2.5.0.0
2024-03-15 14:04:10,909 [WARN] PackLoader:240 - Cannot read IP mode file for STMicroelectronics.X-CUBE-AZRTOS-G4.2.0.0
2024-03-15 14:04:10,931 [WARN] PackLoader:240 - Cannot read IP mode file for Infineon.AIROC-Wi-Fi-Bluetooth-STM32.1.5.1
2024-03-15 14:04:10,948 [WARN] PackLoader:240 - Cannot read IP mode file for STMicroelectronics.FP-SNS-MOTENVWB1.1.3.1
2024-03-15 14:04:10,963 [WARN] PackLoader:240 - Cannot read IP mode file for STMicroelectronics.X-CUBE-ISPU.2.0.0
2024-03-15 14:04:11,011 [WARN] PackLoader:240 - Cannot read IP mode file for STMicroelectronics.X-CUBE-MEMS1.10.0.0
2024-03-15 14:04:11,137 [WARN] PackLoader:240 - Cannot read IP mode file for STMicroelectronics.X-CUBE-FREERTOS.1.1.0
2024-03-15 14:04:11,154 [WARN] PackLoader:240 - Cannot read IP mode file for portGmbH.I-Cube-SoM-uGOAL.1.1.0
2024-03-15 14:04:11,168 [WARN] PackLoader:240 - Cannot read IP mode file for STMicroelectronics.X-CUBE-ALS.1.0.1
2024-03-15 14:04:11,187 [WARN] PackLoader:240 - Cannot read IP mode file for STMicroelectronics.FP-ATR-ASTRA1.2.0.0
2024-03-15 14:04:11,208 [WARN] PackLoader:240 - Cannot read IP mode file for STMicroelectronics.X-CUBE-TOF1.3.4.0
2024-03-15 14:04:11,281 [WARN] PackLoader:240 - Cannot read IP mode file for STMicroelectronics.X-CUBE-TOF1.3.4.1
2024-03-15 14:04:11,319 [WARN] PackLoader:240 - Cannot read IP mode file for STMicroelectronics.X-CUBE-AZRTOS-H7.3.2.0
2024-03-15 14:04:11,322 [INFO] ThirdParty:978 - Integrity check success = true
2024-03-15 14:04:11,323 [INFO] IntegrityCheckThread:100 - exiting critical section [integrity check]
2024-03-15 14:04:11,323 [INFO] IntegrityCheckThread:103 - End integrity checks thread
2024-03-15 14:04:11,694 [INFO] WebApp:161 - Instantiating new browser for Auth
2024-03-15 14:04:12,301 [INFO] WebApp:780 - Register for checkConnection events
2024-03-15 14:04:12,301 [INFO] WebApp:414 - Apply proxy settings
2024-03-15 14:04:12,301 [INFO] WebApp:499 - Chromium requires no authentication
2024-03-15 14:04:12,309 [INFO] WebApp:442 - Direct internet connection detected
2024-03-15 14:04:12,459 [INFO] WebApp:192 - Starting web application
2024-03-15 14:04:12,459 [INFO] WebApp:544 - Web application path used C:\ST\STM32CubeIDE_1.14.1\STM32CubeIDE\plugins\com.st.stm32cube.common.mx_6.10.0.202311202037\db\plugins\mcufinder\reactClient1\index.html
2024-03-15 14:04:33,221 [ERROR] LogOutputStream:75 - [STDERR_REDIRECT] SLF4J: Failed to load class "org.slf4j.impl.StaticLoggerBinder".
2024-03-15 14:04:33,222 [ERROR] LogOutputStream:75 - [STDERR_REDIRECT] SLF4J: Defaulting to no-operation (NOP) logger implementation
2024-03-15 14:04:33,223 [ERROR] LogOutputStream:75 - [STDERR_REDIRECT] SLF4J: See http://www.slf4j.org/codes.html#StaticLoggerBinder for further details.
2024-03-15 14:15:12,824 [ERROR] AdobePublisher:162 - Exception while opening the connection: java.net.UnknownHostException: stmicroelectronics.d3.sc.omtrdc.net
2024-03-15 14:15:12,824 [ERROR] AdobePublisher:162 - Exception while opening the connection: java.net.UnknownHostException: stmicroelectronics.d3.sc.omtrdc.net
2024-03-15 14:15:12,824 [ERROR] AdobePublisher:162 - Exception while opening the connection: java.net.UnknownHostException: stmicroelectronics.d3.sc.omtrdc.net
2024-03-15 14:15:12,824 [ERROR] AdobePublisher:162 - Exception while opening the connection: java.net.UnknownHostException: stmicroelectronics.d3.sc.omtrdc.net
2024-03-15 14:15:12,824 [ERROR] AdobePublisher:162 - Exception while opening the connection: java.net.UnknownHostException: stmicroelectronics.d3.sc.omtrdc.net
2024-03-15 14:15:12,840 [ERROR] AdobePublisher:162 - Exception while opening the connection: java.net.UnknownHostException: stmicroelectronics.d3.sc.omtrdc.net
2024-03-15 14:15:12,840 [ERROR] AdobePublisher:162 - Exception while opening the connection: java.net.UnknownHostException: stmicroelectronics.d3.sc.omtrdc.net
2024-03-15 14:15:12,840 [ERROR] AdobePublisher:162 - Exception while opening the connection: java.net.UnknownHostException: stmicroelectronics.d3.sc.omtrdc.net
2024-03-15 14:15:12,840 [ERROR] AdobePublisher:162 - Exception while opening the connection: java.net.UnknownHostException: stmicroelectronics.d3.sc.omtrdc.net
2024-03-15 14:15:12,840 [ERROR] AdobePublisher:162 - Exception while opening the connection: java.net.UnknownHostException: stmicroelectronics.d3.sc.omtrdc.net
2024-03-15 14:15:13,592 [ERROR] LogOutputStream:75 - [STDERR_REDIRECT] 
2024-03-15 14:15:13,592 [ERROR] LogOutputStream:75 - [STDERR_REDIRECT] 
