2024-02-28 12:17:27,905 [INFO] Activator:176 - 


2024-02-28 12:17:27,911 [INFO] Activator:177 - !SESSION log4j initialized
2024-02-28 12:17:34,818 [INFO] LogOutputStream:77 - [STDOUT_REDIRECT] 
2024-02-28 12:17:37,271 [INFO] ApplicationProperties:184 - Using Application install path: C:\ST\STM32CubeIDE_1.14.1\STM32CubeIDE\plugins\com.st.stm32cube.common.mx_6.10.0.202311202037
2024-02-28 12:17:37,290 [INFO] DbMcusXml:78 - Set database path to: C:\ST\STM32CubeIDE_1.14.1\STM32CubeIDE\plugins\com.st.stm32cube.common.mx_6.10.0.202311202037\\db\/mcu/
2024-02-28 12:17:37,291 [INFO] ApiDb:274 - Set plugin database path to: C:\ST\STM32CubeIDE_1.14.1\STM32CubeIDE\plugins\com.st.stm32cube.common.mx_6.10.0.202311202037\\db\/plugins/boardmanager/
2024-02-28 12:17:37,291 [WARN] ApiDb:259 - Overriding images path with different value:  => C:\ST\STM32CubeIDE_1.14.1\STM32CubeIDE\plugins\com.st.stm32cube.common.mx_6.10.0.202311202037\\db\/plugins/mcufinder/images/
2024-02-28 12:17:37,304 [INFO] ApiDb:250 - Set database path to: C:\Users\TuranyElijah\.stmcufinder\plugins\mcufinder//mcu/
2024-02-28 12:17:37,306 [INFO] DbMcusAds:125 - Set database path to: C:\Users\TuranyElijah\.stmcufinder\plugins\mcufinder//mcu/
2024-02-28 12:17:37,308 [INFO] CrossReferenceDbSqlite:203 - Set database path to: C:\Users\TuranyElijah\.stmcufinder\plugins\mcufinder//mcu/cs/
2024-02-28 12:17:37,437 [INFO] RulesReader:64 - Compatibility file has been processed (297 Rules)
2024-02-28 12:17:37,528 [INFO] DbMcusXml:78 - Set database path to: C:\ST\STM32CubeIDE_1.14.1\STM32CubeIDE\plugins\com.st.stm32cube.common.mx_6.10.0.202311202037\\db\/mcu/
2024-02-28 12:17:37,528 [INFO] ApiDb:274 - Set plugin database path to: C:\ST\STM32CubeIDE_1.14.1\STM32CubeIDE\plugins\com.st.stm32cube.common.mx_6.10.0.202311202037\\db\/plugins/boardmanager/
2024-02-28 12:17:37,528 [INFO] ApiDb:261 - Set plugin images path to: C:\ST\STM32CubeIDE_1.14.1\STM32CubeIDE\plugins\com.st.stm32cube.common.mx_6.10.0.202311202037\\db\/plugins/mcufinder/images/
2024-02-28 12:17:37,528 [WARN] DbFile:41 - Overriding database path with different value: C:\Users\TuranyElijah\.stmcufinder\plugins\mcufinder/ => C:\Users\TuranyElijah\.stmcufinder\plugins\mcufinder
2024-02-28 12:17:37,528 [INFO] ApiDb:250 - Set database path to: C:\Users\TuranyElijah\.stmcufinder\plugins\mcufinder//mcu/
2024-02-28 12:17:37,528 [WARN] DbFile:41 - Overriding database path with different value: C:\Users\TuranyElijah\.stmcufinder\plugins\mcufinder/ => C:\Users\TuranyElijah\.stmcufinder\plugins\mcufinder
2024-02-28 12:17:37,529 [INFO] DbMcusAds:125 - Set database path to: C:\Users\TuranyElijah\.stmcufinder\plugins\mcufinder//mcu/
2024-02-28 12:17:37,529 [WARN] DbFile:41 - Overriding database path with different value: C:\Users\TuranyElijah\.stmcufinder\plugins\mcufinder/ => C:\Users\TuranyElijah\.stmcufinder\plugins\mcufinder
2024-02-28 12:17:37,529 [WARN] DbFile:41 - Overriding database path with different value: C:\Users\TuranyElijah\.stmcufinder\plugins\mcufinder/ => C:\Users\TuranyElijah\.stmcufinder\plugins\mcufinder
2024-02-28 12:17:37,529 [INFO] CrossReferenceDbSqlite:203 - Set database path to: C:\Users\TuranyElijah\.stmcufinder\plugins\mcufinder//mcu/cs/
2024-02-28 12:17:37,613 [INFO] MainPanel:264 - HeapMemory: 268435456
2024-02-28 12:17:37,723 [INFO] DbMcusXml:78 - Set database path to: C:\ST\STM32CubeIDE_1.14.1\STM32CubeIDE\plugins\com.st.stm32cube.common.mx_6.10.0.202311202037\\db\/mcu/
2024-02-28 12:17:37,724 [INFO] ApiDb:274 - Set plugin database path to: C:\ST\STM32CubeIDE_1.14.1\STM32CubeIDE\plugins\com.st.stm32cube.common.mx_6.10.0.202311202037\\db\/plugins/boardmanager/
2024-02-28 12:17:37,724 [INFO] ApiDb:261 - Set plugin images path to: C:\ST\STM32CubeIDE_1.14.1\STM32CubeIDE\plugins\com.st.stm32cube.common.mx_6.10.0.202311202037\\db\/plugins/mcufinder/images/
2024-02-28 12:17:37,724 [WARN] DbFile:41 - Overriding database path with different value: C:\Users\TuranyElijah\.stmcufinder\plugins\mcufinder/ => C:\Users\TuranyElijah\.stmcufinder\plugins\mcufinder
2024-02-28 12:17:37,724 [INFO] ApiDb:250 - Set database path to: C:\Users\TuranyElijah\.stmcufinder\plugins\mcufinder//mcu/
2024-02-28 12:17:37,724 [WARN] DbFile:41 - Overriding database path with different value: C:\Users\TuranyElijah\.stmcufinder\plugins\mcufinder/ => C:\Users\TuranyElijah\.stmcufinder\plugins\mcufinder
2024-02-28 12:17:37,724 [INFO] DbMcusAds:125 - Set database path to: C:\Users\TuranyElijah\.stmcufinder\plugins\mcufinder//mcu/
2024-02-28 12:17:37,724 [WARN] DbFile:41 - Overriding database path with different value: C:\Users\TuranyElijah\.stmcufinder\plugins\mcufinder/ => C:\Users\TuranyElijah\.stmcufinder\plugins\mcufinder
2024-02-28 12:17:37,725 [WARN] DbFile:41 - Overriding database path with different value: C:\Users\TuranyElijah\.stmcufinder\plugins\mcufinder/ => C:\Users\TuranyElijah\.stmcufinder\plugins\mcufinder
2024-02-28 12:17:37,725 [INFO] CrossReferenceDbSqlite:203 - Set database path to: C:\Users\TuranyElijah\.stmcufinder\plugins\mcufinder//mcu/cs/
2024-02-28 12:17:37,746 [INFO] ApplicationProperties:184 - Using Application install path: C:\ST\STM32CubeIDE_1.14.1\STM32CubeIDE\plugins\com.st.stm32cube.common.mx_6.10.0.202311202037
2024-02-28 12:17:37,748 [INFO] PluginManage:196 - Search for loadable plugins [exclusion list=, ]
2024-02-28 12:17:37,750 [INFO] PluginManage:310 - Check plugin analytics
2024-02-28 12:17:37,964 [INFO] AnalyticsPlugin:253 - Accepted Software Licenses: STM32CubeMX.6.10.0
2024-02-28 12:17:37,964 [INFO] AnalyticsPlugin:255 - Accepted CMSIS Pack Licenses: 
2024-02-28 12:17:37,964 [INFO] AnalyticsPlugin:257 - Accepted Firmware Licenses: 
2024-02-28 12:17:37,968 [INFO] PluginManage:359 - Loaded plugin analytics (category:tool,tabindex:-1)
2024-02-28 12:17:37,968 [INFO] PluginManage:310 - Check plugin cadmodel
2024-02-28 12:17:37,987 [INFO] CADModel:105 - Init CAD model plugin
2024-02-28 12:17:37,987 [INFO] PluginManage:359 - Loaded plugin cadmodel (category:power,tabindex:5)
2024-02-28 12:17:37,987 [INFO] PluginManage:310 - Check plugin clock
2024-02-28 12:17:38,013 [INFO] PluginManage:359 - Loaded plugin clock (category:base,tabindex:2)
2024-02-28 12:17:38,014 [INFO] PluginManage:310 - Check plugin ddr
2024-02-28 12:17:38,015 [INFO] PluginManage:359 - Loaded plugin ddr (category:tool,tabindex:6)
2024-02-28 12:17:38,016 [INFO] PluginManage:310 - Check plugin filemanager
2024-02-28 12:17:38,163 [INFO] PluginManage:359 - Loaded plugin filemanager (category:base,tabindex:10)
2024-02-28 12:17:38,163 [INFO] PluginManage:310 - Check plugin ipmanager
2024-02-28 12:17:38,171 [INFO] PluginManage:359 - Loaded plugin ipmanager (category:base,tabindex:5)
2024-02-28 12:17:38,171 [INFO] PluginManage:310 - Check plugin lpbam
2024-02-28 12:17:38,190 [INFO] PluginManage:359 - Loaded plugin lpbam (category:base,tabindex:0)
2024-02-28 12:17:38,190 [INFO] PluginManage:310 - Check plugin memorymap
2024-02-28 12:17:38,217 [INFO] PluginManage:359 - Loaded plugin memorymap (category:base,tabindex:4)
2024-02-28 12:17:38,217 [INFO] PluginManage:310 - Check plugin pinoutandconfiguration
2024-02-28 12:17:38,235 [INFO] PluginManage:359 - Loaded plugin pinoutandconfiguration (category:base,tabindex:1)
2024-02-28 12:17:38,235 [INFO] PluginManage:310 - Check plugin pinoutconfig
2024-02-28 12:17:38,332 [WARN] SupportedApi:132 - Cannot load RTOS API schema: s4s-elt-must-match.1: The content of 'definitions' must match (annotation?, (simpleType | complexType)?, (unique | key | keyref)*)). A problem was found starting at: attribute.
2024-02-28 12:17:38,470 [INFO] PluginManage:359 - Loaded plugin pinoutconfig (category:base,tabindex:0)
2024-02-28 12:17:38,470 [INFO] PluginManage:310 - Check plugin power
2024-02-28 12:17:38,490 [INFO] PluginManage:359 - Loaded plugin power (category:power,tabindex:4)
2024-02-28 12:17:38,491 [INFO] PluginManage:310 - Check plugin projectmanager
2024-02-28 12:17:38,509 [INFO] PluginManage:359 - Loaded plugin projectmanager (category:projectmanager,tabindex:3)
2024-02-28 12:17:38,509 [INFO] PluginManage:310 - Check plugin thirdparty
2024-02-28 12:17:38,800 [INFO] PluginManage:359 - Loaded plugin thirdparty (category:base,tabindex:-1)
2024-02-28 12:17:38,800 [WARN] IntegrityCheckThread:84 - waiting for thirdparty lock release [integrity check]
2024-02-28 12:17:38,800 [INFO] IntegrityCheckThread:86 - entering critical section [integrity check]
2024-02-28 12:17:38,800 [INFO] PluginManage:310 - Check plugin tools
2024-02-28 12:17:38,801 [INFO] ThirdPartyUpdaterWithRetryManager:70 - Updater plugin not ready yet. [1/15]
2024-02-28 12:17:38,833 [INFO] PluginManage:359 - Loaded plugin tools (category:base,tabindex:7)
2024-02-28 12:17:38,833 [INFO] PluginManage:310 - Check plugin tutovideos
2024-02-28 12:17:39,026 [INFO] PluginManage:359 - Loaded plugin tutovideos (category:base,tabindex:-1)
2024-02-28 12:17:39,027 [INFO] PluginManage:310 - Check plugin updater
2024-02-28 12:17:39,039 [INFO] PluginManage:359 - Loaded plugin updater (category:base,tabindex:12)
2024-02-28 12:17:39,039 [INFO] PluginManage:310 - Check plugin userauth
2024-02-28 12:17:39,046 [INFO] UserAuth:114 - Init User Auth plugin
2024-02-28 12:17:39,047 [INFO] PluginManage:359 - Loaded plugin userauth (category:base,tabindex:14)
2024-02-28 12:17:39,047 [INFO] PluginManage:283 - PluginManage : Loaded plugins [17]
2024-02-28 12:17:39,279 [INFO] PinOutPanel:1499 - setPackage(No Configuration,No Configuration)
2024-02-28 12:17:39,357 [INFO] CADModel:165 - CPN selected for project level
2024-02-28 12:17:39,357 [INFO] CADModel:114 - Register for checkConnection events
2024-02-28 12:17:39,383 [INFO] IPUIPlugin:80 - create IPUIPlugin
2024-02-28 12:17:39,383 [INFO] PluginManager:220 - loadIPPluginJar : add adc
2024-02-28 12:17:39,413 [INFO] IPUIPlugin:80 - create IPUIPlugin
2024-02-28 12:17:39,414 [INFO] PluginManager:220 - loadIPPluginJar : add aes
2024-02-28 12:17:39,461 [INFO] IPUIPlugin:80 - create IPUIPlugin
2024-02-28 12:17:39,461 [INFO] PluginManager:220 - loadIPPluginJar : add can
2024-02-28 12:17:39,490 [INFO] IPUIPlugin:80 - create IPUIPlugin
2024-02-28 12:17:39,490 [INFO] PluginManager:220 - loadIPPluginJar : add comp
2024-02-28 12:17:39,520 [INFO] IPUIPlugin:80 - create IPUIPlugin
2024-02-28 12:17:39,520 [INFO] PluginManager:220 - loadIPPluginJar : add cryp
2024-02-28 12:17:39,547 [INFO] IPUIPlugin:80 - create IPUIPlugin
2024-02-28 12:17:39,547 [INFO] PluginManager:220 - loadIPPluginJar : add dfsdm
2024-02-28 12:17:39,561 [INFO] IPUIPlugin:80 - create IPUIPlugin
2024-02-28 12:17:39,562 [INFO] PluginManager:220 - loadIPPluginJar : add dma
2024-02-28 12:17:39,597 [INFO] IPUIPlugin:80 - create IPUIPlugin
2024-02-28 12:17:39,597 [INFO] PluginManager:220 - loadIPPluginJar : add dma3
2024-02-28 12:17:39,613 [INFO] IPUIPlugin:80 - create IPUIPlugin
2024-02-28 12:17:39,613 [INFO] PluginManager:220 - loadIPPluginJar : add fatfs
2024-02-28 12:17:39,652 [INFO] IPUIPlugin:80 - create IPUIPlugin
2024-02-28 12:17:39,652 [INFO] PluginManager:220 - loadIPPluginJar : add fmc
2024-02-28 12:17:39,667 [INFO] IPUIPlugin:80 - create IPUIPlugin
2024-02-28 12:17:39,667 [INFO] PluginManager:220 - loadIPPluginJar : add freertos
2024-02-28 12:17:39,685 [INFO] IPUIPlugin:80 - create IPUIPlugin
2024-02-28 12:17:39,685 [INFO] PluginManager:220 - loadIPPluginJar : add genericplugin
2024-02-28 12:17:39,759 [INFO] IPUIPlugin:80 - create IPUIPlugin
2024-02-28 12:17:39,759 [INFO] PluginManager:220 - loadIPPluginJar : add gfxmmu
2024-02-28 12:17:39,864 [INFO] IPUIPlugin:80 - create IPUIPlugin
2024-02-28 12:17:39,864 [INFO] PluginManager:220 - loadIPPluginJar : add gic
2024-02-28 12:17:39,876 [INFO] IPUIPlugin:80 - create IPUIPlugin
2024-02-28 12:17:39,876 [INFO] PluginManager:220 - loadIPPluginJar : add gpio
2024-02-28 12:17:39,952 [INFO] IPUIPlugin:80 - create IPUIPlugin
2024-02-28 12:17:39,952 [INFO] PluginManager:220 - loadIPPluginJar : add gtzc
2024-02-28 12:17:39,978 [INFO] IPUIPlugin:80 - create IPUIPlugin
2024-02-28 12:17:39,978 [INFO] PluginManager:220 - loadIPPluginJar : add hash
2024-02-28 12:17:40,021 [INFO] IPUIPlugin:80 - create IPUIPlugin
2024-02-28 12:17:40,021 [INFO] PluginManager:220 - loadIPPluginJar : add i2c
2024-02-28 12:17:40,054 [INFO] IPUIPlugin:80 - create IPUIPlugin
2024-02-28 12:17:40,054 [INFO] PluginManager:220 - loadIPPluginJar : add i2s
2024-02-28 12:17:40,088 [INFO] IPUIPlugin:80 - create IPUIPlugin
2024-02-28 12:17:40,088 [INFO] PluginManager:220 - loadIPPluginJar : add i3c
2024-02-28 12:17:40,177 [INFO] IPUIPlugin:80 - create IPUIPlugin
2024-02-28 12:17:40,177 [INFO] PluginManager:220 - loadIPPluginJar : add ipddr
2024-02-28 12:17:40,254 [INFO] IPUIPlugin:80 - create IPUIPlugin
2024-02-28 12:17:40,254 [INFO] PluginManager:220 - loadIPPluginJar : add linkedlist
2024-02-28 12:17:40,285 [INFO] IPUIPlugin:80 - create IPUIPlugin
2024-02-28 12:17:40,285 [INFO] PluginManager:220 - loadIPPluginJar : add lorawan
2024-02-28 12:17:40,315 [INFO] IPUIPlugin:80 - create IPUIPlugin
2024-02-28 12:17:40,315 [INFO] PluginManager:220 - loadIPPluginJar : add ltdc
2024-02-28 12:17:40,329 [INFO] IPUIPlugin:80 - create IPUIPlugin
2024-02-28 12:17:40,329 [INFO] PluginManager:220 - loadIPPluginJar : add mdma
2024-02-28 12:17:40,339 [INFO] IPUIPlugin:80 - create IPUIPlugin
2024-02-28 12:17:40,339 [INFO] PluginManager:220 - loadIPPluginJar : add nvic
2024-02-28 12:17:40,369 [INFO] IPUIPlugin:80 - create IPUIPlugin
2024-02-28 12:17:40,369 [INFO] PluginManager:220 - loadIPPluginJar : add opamp
2024-02-28 12:17:40,418 [INFO] IPUIPlugin:80 - create IPUIPlugin
2024-02-28 12:17:40,418 [INFO] PluginManager:220 - loadIPPluginJar : add openamp
2024-02-28 12:17:40,453 [INFO] IPUIPlugin:80 - create IPUIPlugin
2024-02-28 12:17:40,453 [INFO] PluginManager:220 - loadIPPluginJar : add pdm2pcm
2024-02-28 12:17:40,467 [INFO] IPUIPlugin:80 - create IPUIPlugin
2024-02-28 12:17:40,469 [INFO] PluginManager:220 - loadIPPluginJar : add plateformsettings
2024-02-28 12:17:40,487 [INFO] IPUIPlugin:80 - create IPUIPlugin
2024-02-28 12:17:40,488 [INFO] PluginManager:220 - loadIPPluginJar : add quadspi
2024-02-28 12:17:40,501 [INFO] IPUIPlugin:80 - create IPUIPlugin
2024-02-28 12:17:40,501 [INFO] PluginManager:220 - loadIPPluginJar : add resmgrutility
2024-02-28 12:17:40,542 [INFO] IPUIPlugin:80 - create IPUIPlugin
2024-02-28 12:17:40,542 [INFO] PluginManager:220 - loadIPPluginJar : add sai
2024-02-28 12:17:40,572 [INFO] IPUIPlugin:80 - create IPUIPlugin
2024-02-28 12:17:40,572 [INFO] PluginManager:220 - loadIPPluginJar : add spi
2024-02-28 12:17:40,632 [INFO] IPUIPlugin:80 - create IPUIPlugin
2024-02-28 12:17:40,633 [INFO] PluginManager:220 - loadIPPluginJar : add stm32_wpan
2024-02-28 12:17:40,653 [INFO] IPUIPlugin:80 - create IPUIPlugin
2024-02-28 12:17:40,653 [INFO] PluginManager:220 - loadIPPluginJar : add tim
2024-02-28 12:17:40,699 [INFO] IPUIPlugin:80 - create IPUIPlugin
2024-02-28 12:17:40,699 [INFO] PluginManager:220 - loadIPPluginJar : add touchsensing
2024-02-28 12:17:40,720 [INFO] IPUIPlugin:80 - create IPUIPlugin
2024-02-28 12:17:40,720 [INFO] PluginManager:220 - loadIPPluginJar : add tracer_emb
2024-02-28 12:17:40,742 [INFO] IPUIPlugin:80 - create IPUIPlugin
2024-02-28 12:17:40,742 [INFO] PluginManager:220 - loadIPPluginJar : add ts
2024-02-28 12:17:40,760 [INFO] IPUIPlugin:80 - create IPUIPlugin
2024-02-28 12:17:40,760 [INFO] PluginManager:220 - loadIPPluginJar : add tsc
2024-02-28 12:17:40,780 [INFO] IPUIPlugin:80 - create IPUIPlugin
2024-02-28 12:17:40,780 [INFO] PluginManager:220 - loadIPPluginJar : add ucpd
2024-02-28 12:17:40,817 [INFO] IPUIPlugin:80 - create IPUIPlugin
2024-02-28 12:17:40,818 [INFO] PluginManager:220 - loadIPPluginJar : add usart
2024-02-28 12:17:40,856 [INFO] IPUIPlugin:80 - create IPUIPlugin
2024-02-28 12:17:40,856 [INFO] PluginManager:220 - loadIPPluginJar : add usbx
2024-02-28 12:17:40,985 [INFO] CADModel:165 - CPN selected for project level
2024-02-28 12:17:40,986 [INFO] CADModel:114 - Register for checkConnection events
2024-02-28 12:17:40,986 [FATAL] Updater:308 - Updater called before beeing initialized
2024-02-28 12:17:40,986 [ERROR] CADModel:125 - Updater not yet initialized, retry later 
2024-02-28 12:17:41,163 [INFO] CADModel:165 - CPN selected for project level
2024-02-28 12:17:41,163 [INFO] CADModel:114 - Register for checkConnection events
2024-02-28 12:17:41,163 [FATAL] Updater:308 - Updater called before beeing initialized
2024-02-28 12:17:41,163 [ERROR] CADModel:125 - Updater not yet initialized, retry later 
2024-02-28 12:17:41,167 [FATAL] Updater:308 - Updater called before beeing initialized
2024-02-28 12:17:41,293 [FATAL] Updater:308 - Updater called before beeing initialized
2024-02-28 12:17:41,302 [INFO] DbMcusAds:53 - JSON generation date=Wed Nov 29 04:52:27 CST 2023 (1701255147349)
2024-02-28 12:17:41,303 [FATAL] Updater:308 - Updater called before beeing initialized
2024-02-28 12:17:41,377 [WARN] DetailPanel:346 - Failed to get advertising image, set to default
2024-02-28 12:17:41,485 [FATAL] Updater:308 - Updater called before beeing initialized
2024-02-28 12:17:41,487 [FATAL] Updater:308 - Updater called before beeing initialized
2024-02-28 12:17:41,487 [FATAL] Updater:308 - Updater called before beeing initialized
2024-02-28 12:17:41,487 [WARN] DetailPanel:346 - Failed to get advertising image, set to default
2024-02-28 12:17:41,488 [FATAL] Updater:308 - Updater called before beeing initialized
2024-02-28 12:17:41,590 [ERROR] Updater:1120 - MainUpdater not yet initialized. External WinMGr cannot be set.
2024-02-28 12:17:41,600 [INFO] Updater:1056 - Updater Version found : 6.10.0
2024-02-28 12:17:41,618 [INFO] ApplicationProperties:184 - Using Application install path: C:\ST\STM32CubeIDE_1.14.1\STM32CubeIDE\plugins\com.st.stm32cube.common.mx_6.10.0.202311202037
2024-02-28 12:17:41,802 [INFO] ThirdPartyUpdaterWithRetryManager:70 - Updater plugin not ready yet. [2/15]
2024-02-28 12:17:43,204 [ERROR] LogOutputStream:75 - [STDERR_REDIRECT] Feb 28, 2024 12:17:43 PM java.util.prefs.WindowsPreferences <init>
2024-02-28 12:17:43,206 [ERROR] LogOutputStream:75 - [STDERR_REDIRECT] WARNING: Could not open/create prefs root node Software\JavaSoft\Prefs at root 0xffffffff80000002. Windows RegCreateKeyEx(...) returned error code 5.
2024-02-28 12:17:43,206 [ERROR] LogOutputStream:75 - [STDERR_REDIRECT] 
2024-02-28 12:17:43,669 [INFO] MainUpdater:2873 - connection check result : 10
2024-02-28 12:17:43,670 [INFO] MainUpdater:290 - Updater Check For Update Now.
2024-02-28 12:17:43,670 [INFO] MicroXplorer:498 - Change Database Version : DB.6.0.100
2024-02-28 12:17:43,701 [INFO] McuFinderGlobals:63 - Set McuFinder mode to 2 (CubeIDE integrated)
2024-02-28 12:17:43,702 [INFO] UserAuth:180 - activating auth plugin
2024-02-28 12:17:43,706 [INFO] UserAuth:404 - Internet connection configuration mode: 1
2024-02-28 12:17:43,751 [INFO] JxBrowserEngine:152 - Initiate JxBrowser Engine with user profile folder
2024-02-28 12:17:43,940 [INFO] CheckServerUpdateThread:120 - End of CheckServer Thread
2024-02-28 12:17:45,054 [WARN] PackLoader:240 - Cannot read IP mode file for STMicroelectronics.X-CUBE-SMBUS.2.1.0
2024-02-28 12:17:45,075 [WARN] PackLoader:240 - Cannot read IP mode file for STMicroelectronics.X-CUBE-TOUCHGFX.4.23.0
2024-02-28 12:17:45,138 [WARN] PackLoader:240 - Cannot read IP mode file for STMicroelectronics.X-CUBE-AZRTOS-F7.1.1.0
2024-02-28 12:17:45,167 [WARN] PackLoader:240 - Cannot read IP mode file for STMicroelectronics.FP-SNS-MOTENV1.4.3.2
2024-02-28 12:17:45,192 [WARN] PackLoader:240 - Cannot read IP mode file for STMicroelectronics.FP-SNS-FLIGHT1.5.0.2
2024-02-28 12:17:45,220 [WARN] PackLoader:240 - Cannot read IP mode file for STMicroelectronics.X-CUBE-DISPLAY.3.0.0
2024-02-28 12:17:45,253 [WARN] PackLoader:240 - Cannot read IP mode file for STMicroelectronics.X-CUBE-BLE1.7.0.0
2024-02-28 12:17:45,275 [WARN] PackLoader:240 - Cannot read IP mode file for emotas.I-CUBE-CANOPEN.1.3.0
2024-02-28 12:17:45,296 [WARN] PackLoader:240 - Cannot read IP mode file for STMicroelectronics.FP-SNS-SMARTAG2.1.2.0
2024-02-28 12:17:45,332 [INFO] LogOutputStream:77 - [STDOUT_REDIRECT] 1 : Invalid condition id : UX_CORESTACK_Condition cause : null
2024-02-28 12:17:45,333 [INFO] LogOutputStream:77 - [STDOUT_REDIRECT] 1 : Invalid condition id : UX_CORESTACK_Condition cause : null
2024-02-28 12:17:45,335 [INFO] LogOutputStream:77 - [STDOUT_REDIRECT] 1 : Invalid condition id : UX_CORESTACK_Condition cause : null
2024-02-28 12:17:45,338 [INFO] LogOutputStream:77 - [STDOUT_REDIRECT] 1 : Invalid condition id : UX_CORESTACK_Condition cause : null
2024-02-28 12:17:45,339 [INFO] LogOutputStream:77 - [STDOUT_REDIRECT] 1 : Invalid condition id : UX_CORESTACK_Condition cause : null
2024-02-28 12:17:45,345 [WARN] PackLoader:240 - Cannot read IP mode file for STMicroelectronics.X-CUBE-AZRTOS-WL.2.0.0
2024-02-28 12:17:45,371 [WARN] PackLoader:240 - Cannot read IP mode file for WES.I-CUBE-Cesium.1.3.0
2024-02-28 12:17:45,394 [WARN] PackLoader:240 - Cannot read IP mode file for STMicroelectronics.X-CUBE-BLE2.3.3.0
2024-02-28 12:17:45,417 [WARN] PackLoader:240 - Cannot read IP mode file for STMicroelectronics.X-CUBE-ALGOBUILD.1.3.0
2024-02-28 12:17:45,466 [WARN] PackLoader:240 - Cannot read IP mode file for STMicroelectronics.X-CUBE-AZRTOS-G0.1.1.0
2024-02-28 12:17:45,497 [WARN] PackLoader:240 - Cannot read IP mode file for STMicroelectronics.X-CUBE-NFC4.3.0.0
2024-02-28 12:17:45,531 [WARN] PackLoader:240 - Cannot read IP mode file for STMicroelectronics.X-CUBE-BLEMGR.3.0.0
2024-02-28 12:17:45,560 [WARN] PackLoader:240 - Cannot read IP mode file for STMicroelectronics.FP-ATR-SIGFOX1.3.2.0
2024-02-28 12:17:45,581 [WARN] PackLoader:240 - Cannot read IP mode file for STMicroelectronics.X-CUBE-EEPRMA1.5.1.0
2024-02-28 12:17:45,642 [WARN] PackLoader:240 - Cannot read IP mode file for SEGGER.I-CUBE-embOS.1.3.1
2024-02-28 12:17:45,698 [WARN] PackLoader:240 - Cannot read IP mode file for STMicroelectronics.X-CUBE-GNSS1.6.0.0
2024-02-28 12:17:45,737 [WARN] PackLoader:240 - Cannot read IP mode file for STMicroelectronics.X-CUBE-AZRTOS-F4.1.1.0
2024-02-28 12:17:45,760 [WARN] PackLoader:240 - Cannot read IP mode file for wolfSSL.I-CUBE-wolfSSL.5.6.6
2024-02-28 12:17:45,801 [WARN] PackLoader:240 - Cannot read IP mode file for STMicroelectronics.X-CUBE-AZRTOS-L5.2.0.0
2024-02-28 12:17:45,820 [WARN] PackLoader:240 - Cannot read IP mode file for STMicroelectronics.X-CUBE-EEPRMA1.4.2.0
2024-02-28 12:17:45,840 [WARN] PackLoader:240 - Cannot read IP mode file for ITTIA_DB.I-CUBE-ITTIADB.8.8.0
2024-02-28 12:17:45,862 [WARN] PackLoader:240 - Cannot read IP mode file for STMicroelectronics.X-CUBE-NFC7.1.0.1
2024-02-28 12:17:45,885 [WARN] PackLoader:240 - Cannot read IP mode file for STMicroelectronics.X-CUBE-NFC6.3.0.0
2024-02-28 12:17:45,907 [WARN] PackLoader:240 - Cannot read IP mode file for STMicroelectronics.X-CUBE-AI.8.1.0
2024-02-28 12:17:45,955 [WARN] ConditionMgr:438 - getConditionDescription Invalid condition id : LAN8742 Phy interface Condition cause : null
2024-02-28 12:17:45,956 [WARN] PackLoader:240 - Cannot read IP mode file for STMicroelectronics.X-CUBE-AZRTOS-L4.2.0.0
2024-02-28 12:17:45,958 [WARN] ConditionMgr:1039 - genDependencies : Invalid condition id : LAN8742 Phy interface Condition cause : null
2024-02-28 12:17:45,959 [WARN] ConditionMgr:1039 - genDependencies : Invalid condition id : LAN8742 Phy interface Condition cause : null
2024-02-28 12:17:45,960 [WARN] ConditionMgr:1039 - genDependencies : Invalid condition id : LAN8742 Phy interface Condition cause : null
2024-02-28 12:17:45,987 [WARN] PackLoader:240 - Cannot read IP mode file for STMicroelectronics.X-CUBE-SFXS2LP1.4.0.0
2024-02-28 12:17:46,028 [WARN] ConditionMgr:438 - getConditionDescription Invalid condition id : UX DEVICE CLASS RTOS Condition cause : null
2024-02-28 12:17:46,028 [WARN] ConditionMgr:438 - getConditionDescription Invalid condition id : UX DEVICE CLASS RTOS Condition cause : null
2024-02-28 12:17:46,031 [WARN] PackLoader:240 - Cannot read IP mode file for STMicroelectronics.X-CUBE-AZRTOS-WB.2.0.0
2024-02-28 12:17:46,032 [WARN] ConditionMgr:1039 - genDependencies : Invalid condition id : UX DEVICE CLASS RTOS Condition cause : null
2024-02-28 12:17:46,032 [WARN] ConditionMgr:1039 - genDependencies : Invalid condition id : UX DEVICE CLASS RTOS Condition cause : null
2024-02-28 12:17:46,033 [WARN] ConditionMgr:1039 - genDependencies : Invalid condition id : UX DEVICE CLASS RTOS Condition cause : null
2024-02-28 12:17:46,033 [WARN] ConditionMgr:1039 - genDependencies : Invalid condition id : UX DEVICE CLASS RTOS Condition cause : null
2024-02-28 12:17:46,033 [WARN] ConditionMgr:1039 - genDependencies : Invalid condition id : UX DEVICE CLASS RTOS Condition cause : null
2024-02-28 12:17:46,078 [WARN] PackLoader:240 - Cannot read IP mode file for STMicroelectronics.X-CUBE-SUBG2.5.0.0
2024-02-28 12:17:46,139 [WARN] PackLoader:240 - Cannot read IP mode file for STMicroelectronics.X-CUBE-AZRTOS-G4.2.0.0
2024-02-28 12:17:46,207 [WARN] PackLoader:240 - Cannot read IP mode file for Infineon.AIROC-Wi-Fi-Bluetooth-STM32.1.5.1
2024-02-28 12:17:46,235 [WARN] PackLoader:240 - Cannot read IP mode file for STMicroelectronics.FP-SNS-MOTENVWB1.1.3.1
2024-02-28 12:17:46,254 [WARN] PackLoader:240 - Cannot read IP mode file for STMicroelectronics.X-CUBE-ISPU.2.0.0
2024-02-28 12:17:46,313 [WARN] PackLoader:240 - Cannot read IP mode file for STMicroelectronics.X-CUBE-MEMS1.10.0.0
2024-02-28 12:17:46,461 [WARN] PackLoader:240 - Cannot read IP mode file for STMicroelectronics.X-CUBE-FREERTOS.1.1.0
2024-02-28 12:17:46,478 [WARN] PackLoader:240 - Cannot read IP mode file for portGmbH.I-Cube-SoM-uGOAL.1.1.0
2024-02-28 12:17:46,493 [WARN] PackLoader:240 - Cannot read IP mode file for STMicroelectronics.X-CUBE-ALS.1.0.1
2024-02-28 12:17:46,506 [WARN] PackLoader:240 - Cannot read IP mode file for STMicroelectronics.FP-ATR-ASTRA1.2.0.0
2024-02-28 12:17:46,528 [WARN] PackLoader:240 - Cannot read IP mode file for STMicroelectronics.X-CUBE-TOF1.3.4.0
2024-02-28 12:17:46,568 [WARN] PackLoader:240 - Cannot read IP mode file for STMicroelectronics.X-CUBE-AZRTOS-H7.3.2.0
2024-02-28 12:17:46,572 [INFO] ThirdParty:978 - Integrity check success = true
2024-02-28 12:17:46,572 [INFO] IntegrityCheckThread:100 - exiting critical section [integrity check]
2024-02-28 12:17:46,572 [INFO] IntegrityCheckThread:103 - End integrity checks thread
2024-02-28 12:17:48,197 [INFO] WebApp:161 - Instantiating new browser for Auth
2024-02-28 12:17:48,946 [INFO] WebApp:780 - Register for checkConnection events
2024-02-28 12:17:48,947 [INFO] WebApp:414 - Apply proxy settings
2024-02-28 12:17:48,947 [INFO] WebApp:499 - Chromium requires no authentication
2024-02-28 12:17:48,967 [INFO] WebApp:442 - Direct internet connection detected
2024-02-28 12:17:49,223 [INFO] WebApp:192 - Starting web application
2024-02-28 12:17:49,224 [INFO] WebApp:544 - Web application path used C:\ST\STM32CubeIDE_1.14.1\STM32CubeIDE\plugins\com.st.stm32cube.common.mx_6.10.0.202311202037\db\plugins\mcufinder\reactClient1\index.html
2024-02-28 12:18:10,692 [ERROR] LogOutputStream:75 - [STDERR_REDIRECT] SLF4J: Failed to load class "org.slf4j.impl.StaticLoggerBinder".
2024-02-28 12:18:10,695 [ERROR] LogOutputStream:75 - [STDERR_REDIRECT] SLF4J: Defaulting to no-operation (NOP) logger implementation
2024-02-28 12:18:10,698 [ERROR] LogOutputStream:75 - [STDERR_REDIRECT] SLF4J: See http://www.slf4j.org/codes.html#StaticLoggerBinder for further details.
2024-02-28 12:38:57,843 [ERROR] LogOutputStream:75 - [STDERR_REDIRECT] 
2024-02-28 12:40:20,926 [INFO] Activator:176 - 


2024-02-28 12:40:20,929 [INFO] Activator:177 - !SESSION log4j initialized
2024-02-28 12:40:27,998 [INFO] LogOutputStream:77 - [STDOUT_REDIRECT] 
2024-02-28 12:40:29,067 [INFO] ApplicationProperties:184 - Using Application install path: C:\ST\STM32CubeIDE_1.14.1\STM32CubeIDE\plugins\com.st.stm32cube.common.mx_6.10.0.202311202037
2024-02-28 12:40:29,088 [INFO] DbMcusXml:78 - Set database path to: C:\ST\STM32CubeIDE_1.14.1\STM32CubeIDE\plugins\com.st.stm32cube.common.mx_6.10.0.202311202037\\db\/mcu/
2024-02-28 12:40:29,089 [INFO] ApiDb:274 - Set plugin database path to: C:\ST\STM32CubeIDE_1.14.1\STM32CubeIDE\plugins\com.st.stm32cube.common.mx_6.10.0.202311202037\\db\/plugins/boardmanager/
2024-02-28 12:40:29,089 [WARN] ApiDb:259 - Overriding images path with different value:  => C:\ST\STM32CubeIDE_1.14.1\STM32CubeIDE\plugins\com.st.stm32cube.common.mx_6.10.0.202311202037\\db\/plugins/mcufinder/images/
2024-02-28 12:40:29,100 [INFO] ApiDb:250 - Set database path to: C:\Users\TuranyElijah\.stmcufinder\plugins\mcufinder//mcu/
2024-02-28 12:40:29,102 [INFO] DbMcusAds:125 - Set database path to: C:\Users\TuranyElijah\.stmcufinder\plugins\mcufinder//mcu/
2024-02-28 12:40:29,108 [INFO] CrossReferenceDbSqlite:203 - Set database path to: C:\Users\TuranyElijah\.stmcufinder\plugins\mcufinder//mcu/cs/
2024-02-28 12:40:29,257 [INFO] RulesReader:64 - Compatibility file has been processed (297 Rules)
2024-02-28 12:40:29,343 [INFO] DbMcusXml:78 - Set database path to: C:\ST\STM32CubeIDE_1.14.1\STM32CubeIDE\plugins\com.st.stm32cube.common.mx_6.10.0.202311202037\\db\/mcu/
2024-02-28 12:40:29,344 [INFO] ApiDb:274 - Set plugin database path to: C:\ST\STM32CubeIDE_1.14.1\STM32CubeIDE\plugins\com.st.stm32cube.common.mx_6.10.0.202311202037\\db\/plugins/boardmanager/
2024-02-28 12:40:29,344 [INFO] ApiDb:261 - Set plugin images path to: C:\ST\STM32CubeIDE_1.14.1\STM32CubeIDE\plugins\com.st.stm32cube.common.mx_6.10.0.202311202037\\db\/plugins/mcufinder/images/
2024-02-28 12:40:29,345 [WARN] DbFile:41 - Overriding database path with different value: C:\Users\TuranyElijah\.stmcufinder\plugins\mcufinder/ => C:\Users\TuranyElijah\.stmcufinder\plugins\mcufinder
2024-02-28 12:40:29,345 [INFO] ApiDb:250 - Set database path to: C:\Users\TuranyElijah\.stmcufinder\plugins\mcufinder//mcu/
2024-02-28 12:40:29,345 [WARN] DbFile:41 - Overriding database path with different value: C:\Users\TuranyElijah\.stmcufinder\plugins\mcufinder/ => C:\Users\TuranyElijah\.stmcufinder\plugins\mcufinder
2024-02-28 12:40:29,345 [INFO] DbMcusAds:125 - Set database path to: C:\Users\TuranyElijah\.stmcufinder\plugins\mcufinder//mcu/
2024-02-28 12:40:29,345 [WARN] DbFile:41 - Overriding database path with different value: C:\Users\TuranyElijah\.stmcufinder\plugins\mcufinder/ => C:\Users\TuranyElijah\.stmcufinder\plugins\mcufinder
2024-02-28 12:40:29,345 [WARN] DbFile:41 - Overriding database path with different value: C:\Users\TuranyElijah\.stmcufinder\plugins\mcufinder/ => C:\Users\TuranyElijah\.stmcufinder\plugins\mcufinder
2024-02-28 12:40:29,345 [INFO] CrossReferenceDbSqlite:203 - Set database path to: C:\Users\TuranyElijah\.stmcufinder\plugins\mcufinder//mcu/cs/
2024-02-28 12:40:29,443 [INFO] MainPanel:264 - HeapMemory: 268435456
2024-02-28 12:40:29,515 [INFO] DbMcusXml:78 - Set database path to: C:\ST\STM32CubeIDE_1.14.1\STM32CubeIDE\plugins\com.st.stm32cube.common.mx_6.10.0.202311202037\\db\/mcu/
2024-02-28 12:40:29,515 [INFO] ApiDb:274 - Set plugin database path to: C:\ST\STM32CubeIDE_1.14.1\STM32CubeIDE\plugins\com.st.stm32cube.common.mx_6.10.0.202311202037\\db\/plugins/boardmanager/
2024-02-28 12:40:29,515 [INFO] ApiDb:261 - Set plugin images path to: C:\ST\STM32CubeIDE_1.14.1\STM32CubeIDE\plugins\com.st.stm32cube.common.mx_6.10.0.202311202037\\db\/plugins/mcufinder/images/
2024-02-28 12:40:29,516 [WARN] DbFile:41 - Overriding database path with different value: C:\Users\TuranyElijah\.stmcufinder\plugins\mcufinder/ => C:\Users\TuranyElijah\.stmcufinder\plugins\mcufinder
2024-02-28 12:40:29,516 [INFO] ApiDb:250 - Set database path to: C:\Users\TuranyElijah\.stmcufinder\plugins\mcufinder//mcu/
2024-02-28 12:40:29,516 [WARN] DbFile:41 - Overriding database path with different value: C:\Users\TuranyElijah\.stmcufinder\plugins\mcufinder/ => C:\Users\TuranyElijah\.stmcufinder\plugins\mcufinder
2024-02-28 12:40:29,516 [INFO] DbMcusAds:125 - Set database path to: C:\Users\TuranyElijah\.stmcufinder\plugins\mcufinder//mcu/
2024-02-28 12:40:29,516 [WARN] DbFile:41 - Overriding database path with different value: C:\Users\TuranyElijah\.stmcufinder\plugins\mcufinder/ => C:\Users\TuranyElijah\.stmcufinder\plugins\mcufinder
2024-02-28 12:40:29,516 [WARN] DbFile:41 - Overriding database path with different value: C:\Users\TuranyElijah\.stmcufinder\plugins\mcufinder/ => C:\Users\TuranyElijah\.stmcufinder\plugins\mcufinder
2024-02-28 12:40:29,517 [INFO] CrossReferenceDbSqlite:203 - Set database path to: C:\Users\TuranyElijah\.stmcufinder\plugins\mcufinder//mcu/cs/
2024-02-28 12:40:29,536 [INFO] ApplicationProperties:184 - Using Application install path: C:\ST\STM32CubeIDE_1.14.1\STM32CubeIDE\plugins\com.st.stm32cube.common.mx_6.10.0.202311202037
2024-02-28 12:40:29,537 [INFO] PluginManage:196 - Search for loadable plugins [exclusion list=, ]
2024-02-28 12:40:29,538 [INFO] PluginManage:310 - Check plugin analytics
2024-02-28 12:40:29,715 [INFO] AnalyticsPlugin:253 - Accepted Software Licenses: STM32CubeMX.6.10.0
2024-02-28 12:40:29,715 [INFO] AnalyticsPlugin:255 - Accepted CMSIS Pack Licenses: 
2024-02-28 12:40:29,716 [INFO] AnalyticsPlugin:257 - Accepted Firmware Licenses: 
2024-02-28 12:40:29,719 [INFO] PluginManage:359 - Loaded plugin analytics (category:tool,tabindex:-1)
2024-02-28 12:40:29,719 [INFO] PluginManage:310 - Check plugin cadmodel
2024-02-28 12:40:29,722 [INFO] CADModel:105 - Init CAD model plugin
2024-02-28 12:40:29,723 [INFO] PluginManage:359 - Loaded plugin cadmodel (category:power,tabindex:5)
2024-02-28 12:40:29,723 [INFO] PluginManage:310 - Check plugin clock
2024-02-28 12:40:29,730 [INFO] PluginManage:359 - Loaded plugin clock (category:base,tabindex:2)
2024-02-28 12:40:29,730 [INFO] PluginManage:310 - Check plugin ddr
2024-02-28 12:40:29,732 [INFO] PluginManage:359 - Loaded plugin ddr (category:tool,tabindex:6)
2024-02-28 12:40:29,732 [INFO] PluginManage:310 - Check plugin filemanager
2024-02-28 12:40:29,879 [INFO] PluginManage:359 - Loaded plugin filemanager (category:base,tabindex:10)
2024-02-28 12:40:29,879 [INFO] PluginManage:310 - Check plugin ipmanager
2024-02-28 12:40:29,887 [INFO] PluginManage:359 - Loaded plugin ipmanager (category:base,tabindex:5)
2024-02-28 12:40:29,887 [INFO] PluginManage:310 - Check plugin lpbam
2024-02-28 12:40:29,895 [INFO] PluginManage:359 - Loaded plugin lpbam (category:base,tabindex:0)
2024-02-28 12:40:29,895 [INFO] PluginManage:310 - Check plugin memorymap
2024-02-28 12:40:29,907 [INFO] PluginManage:359 - Loaded plugin memorymap (category:base,tabindex:4)
2024-02-28 12:40:29,908 [INFO] PluginManage:310 - Check plugin pinoutandconfiguration
2024-02-28 12:40:29,915 [INFO] PluginManage:359 - Loaded plugin pinoutandconfiguration (category:base,tabindex:1)
2024-02-28 12:40:29,915 [INFO] PluginManage:310 - Check plugin pinoutconfig
2024-02-28 12:40:30,015 [WARN] SupportedApi:132 - Cannot load RTOS API schema: s4s-elt-must-match.1: The content of 'definitions' must match (annotation?, (simpleType | complexType)?, (unique | key | keyref)*)). A problem was found starting at: attribute.
2024-02-28 12:40:30,151 [INFO] PluginManage:359 - Loaded plugin pinoutconfig (category:base,tabindex:0)
2024-02-28 12:40:30,151 [INFO] PluginManage:310 - Check plugin power
2024-02-28 12:40:30,161 [INFO] PluginManage:359 - Loaded plugin power (category:power,tabindex:4)
2024-02-28 12:40:30,161 [INFO] PluginManage:310 - Check plugin projectmanager
2024-02-28 12:40:30,186 [INFO] PluginManage:359 - Loaded plugin projectmanager (category:projectmanager,tabindex:3)
2024-02-28 12:40:30,186 [INFO] PluginManage:310 - Check plugin thirdparty
2024-02-28 12:40:30,319 [WARN] IntegrityCheckThread:84 - waiting for thirdparty lock release [integrity check]
2024-02-28 12:40:30,320 [INFO] IntegrityCheckThread:86 - entering critical section [integrity check]
2024-02-28 12:40:30,320 [INFO] PluginManage:359 - Loaded plugin thirdparty (category:base,tabindex:-1)
2024-02-28 12:40:30,320 [INFO] PluginManage:310 - Check plugin tools
2024-02-28 12:40:30,320 [INFO] ThirdPartyUpdaterWithRetryManager:70 - Updater plugin not ready yet. [1/15]
2024-02-28 12:40:30,324 [INFO] PluginManage:359 - Loaded plugin tools (category:base,tabindex:7)
2024-02-28 12:40:30,324 [INFO] PluginManage:310 - Check plugin tutovideos
2024-02-28 12:40:30,480 [INFO] PluginManage:359 - Loaded plugin tutovideos (category:base,tabindex:-1)
2024-02-28 12:40:30,480 [INFO] PluginManage:310 - Check plugin updater
2024-02-28 12:40:30,490 [INFO] PluginManage:359 - Loaded plugin updater (category:base,tabindex:12)
2024-02-28 12:40:30,490 [INFO] PluginManage:310 - Check plugin userauth
2024-02-28 12:40:30,496 [INFO] UserAuth:114 - Init User Auth plugin
2024-02-28 12:40:30,496 [INFO] PluginManage:359 - Loaded plugin userauth (category:base,tabindex:14)
2024-02-28 12:40:30,497 [INFO] PluginManage:283 - PluginManage : Loaded plugins [17]
2024-02-28 12:40:30,696 [INFO] PinOutPanel:1499 - setPackage(No Configuration,No Configuration)
2024-02-28 12:40:30,775 [INFO] CADModel:165 - CPN selected for project level
2024-02-28 12:40:30,776 [INFO] CADModel:114 - Register for checkConnection events
2024-02-28 12:40:30,793 [INFO] IPUIPlugin:80 - create IPUIPlugin
2024-02-28 12:40:30,793 [INFO] PluginManager:220 - loadIPPluginJar : add adc
2024-02-28 12:40:30,795 [INFO] IPUIPlugin:80 - create IPUIPlugin
2024-02-28 12:40:30,795 [INFO] PluginManager:220 - loadIPPluginJar : add aes
2024-02-28 12:40:30,797 [INFO] IPUIPlugin:80 - create IPUIPlugin
2024-02-28 12:40:30,797 [INFO] PluginManager:220 - loadIPPluginJar : add can
2024-02-28 12:40:30,798 [INFO] IPUIPlugin:80 - create IPUIPlugin
2024-02-28 12:40:30,798 [INFO] PluginManager:220 - loadIPPluginJar : add comp
2024-02-28 12:40:30,800 [INFO] IPUIPlugin:80 - create IPUIPlugin
2024-02-28 12:40:30,800 [INFO] PluginManager:220 - loadIPPluginJar : add cryp
2024-02-28 12:40:30,802 [INFO] IPUIPlugin:80 - create IPUIPlugin
2024-02-28 12:40:30,802 [INFO] PluginManager:220 - loadIPPluginJar : add dfsdm
2024-02-28 12:40:30,806 [INFO] IPUIPlugin:80 - create IPUIPlugin
2024-02-28 12:40:30,807 [INFO] PluginManager:220 - loadIPPluginJar : add dma
2024-02-28 12:40:30,809 [INFO] IPUIPlugin:80 - create IPUIPlugin
2024-02-28 12:40:30,809 [INFO] PluginManager:220 - loadIPPluginJar : add dma3
2024-02-28 12:40:30,810 [INFO] IPUIPlugin:80 - create IPUIPlugin
2024-02-28 12:40:30,810 [INFO] PluginManager:220 - loadIPPluginJar : add fatfs
2024-02-28 12:40:30,814 [INFO] IPUIPlugin:80 - create IPUIPlugin
2024-02-28 12:40:30,814 [INFO] PluginManager:220 - loadIPPluginJar : add fmc
2024-02-28 12:40:30,818 [INFO] IPUIPlugin:80 - create IPUIPlugin
2024-02-28 12:40:30,818 [INFO] PluginManager:220 - loadIPPluginJar : add freertos
2024-02-28 12:40:30,819 [INFO] IPUIPlugin:80 - create IPUIPlugin
2024-02-28 12:40:30,819 [INFO] PluginManager:220 - loadIPPluginJar : add genericplugin
2024-02-28 12:40:30,821 [INFO] IPUIPlugin:80 - create IPUIPlugin
2024-02-28 12:40:30,821 [INFO] PluginManager:220 - loadIPPluginJar : add gfxmmu
2024-02-28 12:40:30,825 [INFO] IPUIPlugin:80 - create IPUIPlugin
2024-02-28 12:40:30,825 [INFO] PluginManager:220 - loadIPPluginJar : add gic
2024-02-28 12:40:30,828 [INFO] IPUIPlugin:80 - create IPUIPlugin
2024-02-28 12:40:30,828 [INFO] PluginManager:220 - loadIPPluginJar : add gpio
2024-02-28 12:40:30,830 [INFO] IPUIPlugin:80 - create IPUIPlugin
2024-02-28 12:40:30,831 [INFO] PluginManager:220 - loadIPPluginJar : add gtzc
2024-02-28 12:40:30,833 [INFO] IPUIPlugin:80 - create IPUIPlugin
2024-02-28 12:40:30,833 [INFO] PluginManager:220 - loadIPPluginJar : add hash
2024-02-28 12:40:30,835 [INFO] IPUIPlugin:80 - create IPUIPlugin
2024-02-28 12:40:30,835 [INFO] PluginManager:220 - loadIPPluginJar : add i2c
2024-02-28 12:40:30,837 [INFO] IPUIPlugin:80 - create IPUIPlugin
2024-02-28 12:40:30,837 [INFO] PluginManager:220 - loadIPPluginJar : add i2s
2024-02-28 12:40:30,839 [INFO] IPUIPlugin:80 - create IPUIPlugin
2024-02-28 12:40:30,839 [INFO] PluginManager:220 - loadIPPluginJar : add i3c
2024-02-28 12:40:30,842 [INFO] IPUIPlugin:80 - create IPUIPlugin
2024-02-28 12:40:30,842 [INFO] PluginManager:220 - loadIPPluginJar : add ipddr
2024-02-28 12:40:30,848 [INFO] IPUIPlugin:80 - create IPUIPlugin
2024-02-28 12:40:30,848 [INFO] PluginManager:220 - loadIPPluginJar : add linkedlist
2024-02-28 12:40:30,851 [INFO] IPUIPlugin:80 - create IPUIPlugin
2024-02-28 12:40:30,851 [INFO] PluginManager:220 - loadIPPluginJar : add lorawan
2024-02-28 12:40:30,853 [INFO] IPUIPlugin:80 - create IPUIPlugin
2024-02-28 12:40:30,853 [INFO] PluginManager:220 - loadIPPluginJar : add ltdc
2024-02-28 12:40:30,865 [INFO] IPUIPlugin:80 - create IPUIPlugin
2024-02-28 12:40:30,865 [INFO] PluginManager:220 - loadIPPluginJar : add mdma
2024-02-28 12:40:30,868 [INFO] IPUIPlugin:80 - create IPUIPlugin
2024-02-28 12:40:30,868 [INFO] PluginManager:220 - loadIPPluginJar : add nvic
2024-02-28 12:40:30,870 [INFO] IPUIPlugin:80 - create IPUIPlugin
2024-02-28 12:40:30,870 [INFO] PluginManager:220 - loadIPPluginJar : add opamp
2024-02-28 12:40:30,872 [INFO] IPUIPlugin:80 - create IPUIPlugin
2024-02-28 12:40:30,872 [INFO] PluginManager:220 - loadIPPluginJar : add openamp
2024-02-28 12:40:30,874 [INFO] IPUIPlugin:80 - create IPUIPlugin
2024-02-28 12:40:30,875 [INFO] PluginManager:220 - loadIPPluginJar : add pdm2pcm
2024-02-28 12:40:30,879 [INFO] IPUIPlugin:80 - create IPUIPlugin
2024-02-28 12:40:30,882 [INFO] PluginManager:220 - loadIPPluginJar : add plateformsettings
2024-02-28 12:40:30,883 [INFO] IPUIPlugin:80 - create IPUIPlugin
2024-02-28 12:40:30,883 [INFO] PluginManager:220 - loadIPPluginJar : add quadspi
2024-02-28 12:40:30,886 [INFO] IPUIPlugin:80 - create IPUIPlugin
2024-02-28 12:40:30,886 [INFO] PluginManager:220 - loadIPPluginJar : add resmgrutility
2024-02-28 12:40:30,888 [INFO] IPUIPlugin:80 - create IPUIPlugin
2024-02-28 12:40:30,888 [INFO] PluginManager:220 - loadIPPluginJar : add sai
2024-02-28 12:40:30,890 [INFO] IPUIPlugin:80 - create IPUIPlugin
2024-02-28 12:40:30,890 [INFO] PluginManager:220 - loadIPPluginJar : add spi
2024-02-28 12:40:30,895 [INFO] IPUIPlugin:80 - create IPUIPlugin
2024-02-28 12:40:30,895 [INFO] PluginManager:220 - loadIPPluginJar : add stm32_wpan
2024-02-28 12:40:30,896 [INFO] IPUIPlugin:80 - create IPUIPlugin
2024-02-28 12:40:30,896 [INFO] PluginManager:220 - loadIPPluginJar : add tim
2024-02-28 12:40:30,899 [INFO] IPUIPlugin:80 - create IPUIPlugin
2024-02-28 12:40:30,899 [INFO] PluginManager:220 - loadIPPluginJar : add touchsensing
2024-02-28 12:40:30,901 [INFO] IPUIPlugin:80 - create IPUIPlugin
2024-02-28 12:40:30,901 [INFO] PluginManager:220 - loadIPPluginJar : add tracer_emb
2024-02-28 12:40:30,902 [INFO] IPUIPlugin:80 - create IPUIPlugin
2024-02-28 12:40:30,902 [INFO] PluginManager:220 - loadIPPluginJar : add ts
2024-02-28 12:40:30,903 [INFO] IPUIPlugin:80 - create IPUIPlugin
2024-02-28 12:40:30,903 [INFO] PluginManager:220 - loadIPPluginJar : add tsc
2024-02-28 12:40:30,904 [INFO] IPUIPlugin:80 - create IPUIPlugin
2024-02-28 12:40:30,905 [INFO] PluginManager:220 - loadIPPluginJar : add ucpd
2024-02-28 12:40:30,907 [INFO] IPUIPlugin:80 - create IPUIPlugin
2024-02-28 12:40:30,907 [INFO] PluginManager:220 - loadIPPluginJar : add usart
2024-02-28 12:40:30,909 [INFO] IPUIPlugin:80 - create IPUIPlugin
2024-02-28 12:40:30,909 [INFO] PluginManager:220 - loadIPPluginJar : add usbx
2024-02-28 12:40:31,038 [INFO] CADModel:165 - CPN selected for project level
2024-02-28 12:40:31,039 [INFO] CADModel:114 - Register for checkConnection events
2024-02-28 12:40:31,039 [FATAL] Updater:308 - Updater called before beeing initialized
2024-02-28 12:40:31,039 [ERROR] CADModel:125 - Updater not yet initialized, retry later 
2024-02-28 12:40:31,187 [INFO] CADModel:165 - CPN selected for project level
2024-02-28 12:40:31,188 [INFO] CADModel:114 - Register for checkConnection events
2024-02-28 12:40:31,188 [FATAL] Updater:308 - Updater called before beeing initialized
2024-02-28 12:40:31,188 [ERROR] CADModel:125 - Updater not yet initialized, retry later 
2024-02-28 12:40:31,190 [FATAL] Updater:308 - Updater called before beeing initialized
2024-02-28 12:40:31,311 [FATAL] Updater:308 - Updater called before beeing initialized
2024-02-28 12:40:31,319 [INFO] DbMcusAds:53 - JSON generation date=Wed Nov 29 04:52:27 CST 2023 (1701255147349)
2024-02-28 12:40:31,319 [FATAL] Updater:308 - Updater called before beeing initialized
2024-02-28 12:40:31,352 [WARN] DetailPanel:346 - Failed to get advertising image, set to default
2024-02-28 12:40:31,460 [FATAL] Updater:308 - Updater called before beeing initialized
2024-02-28 12:40:31,461 [FATAL] Updater:308 - Updater called before beeing initialized
2024-02-28 12:40:31,462 [FATAL] Updater:308 - Updater called before beeing initialized
2024-02-28 12:40:31,462 [WARN] DetailPanel:346 - Failed to get advertising image, set to default
2024-02-28 12:40:31,462 [FATAL] Updater:308 - Updater called before beeing initialized
2024-02-28 12:40:31,536 [ERROR] Updater:1120 - MainUpdater not yet initialized. External WinMGr cannot be set.
2024-02-28 12:40:31,537 [INFO] Updater:1056 - Updater Version found : 6.10.0
2024-02-28 12:40:31,553 [INFO] ApplicationProperties:184 - Using Application install path: C:\ST\STM32CubeIDE_1.14.1\STM32CubeIDE\plugins\com.st.stm32cube.common.mx_6.10.0.202311202037
2024-02-28 12:40:33,131 [ERROR] LogOutputStream:75 - [STDERR_REDIRECT] Feb 28, 2024 12:40:33 PM java.util.prefs.WindowsPreferences <init>
2024-02-28 12:40:33,134 [ERROR] LogOutputStream:75 - [STDERR_REDIRECT] WARNING: Could not open/create prefs root node Software\JavaSoft\Prefs at root 0xffffffff80000002. Windows RegCreateKeyEx(...) returned error code 5.
2024-02-28 12:40:33,134 [ERROR] LogOutputStream:75 - [STDERR_REDIRECT] 
2024-02-28 12:40:33,322 [INFO] ThirdPartyUpdaterWithRetryManager:70 - Updater plugin not ready yet. [2/15]
2024-02-28 12:40:33,493 [INFO] MainUpdater:2873 - connection check result : 10
2024-02-28 12:40:33,494 [INFO] MainUpdater:290 - Updater Check For Update Now.
2024-02-28 12:40:33,495 [INFO] MicroXplorer:498 - Change Database Version : DB.6.0.100
2024-02-28 12:40:33,504 [INFO] McuFinderGlobals:63 - Set McuFinder mode to 2 (CubeIDE integrated)
2024-02-28 12:40:33,504 [INFO] UserAuth:180 - activating auth plugin
2024-02-28 12:40:33,508 [INFO] UserAuth:404 - Internet connection configuration mode: 1
2024-02-28 12:40:33,534 [INFO] JxBrowserEngine:152 - Initiate JxBrowser Engine with user profile folder
2024-02-28 12:40:33,705 [INFO] CheckServerUpdateThread:120 - End of CheckServer Thread
2024-02-28 12:40:34,396 [INFO] WebApp:161 - Instantiating new browser for Auth
2024-02-28 12:40:35,054 [INFO] WebApp:780 - Register for checkConnection events
2024-02-28 12:40:35,055 [INFO] WebApp:414 - Apply proxy settings
2024-02-28 12:40:35,055 [INFO] WebApp:499 - Chromium requires no authentication
2024-02-28 12:40:35,063 [INFO] WebApp:442 - Direct internet connection detected
2024-02-28 12:40:35,307 [INFO] WebApp:192 - Starting web application
2024-02-28 12:40:35,307 [INFO] WebApp:544 - Web application path used C:\ST\STM32CubeIDE_1.14.1\STM32CubeIDE\plugins\com.st.stm32cube.common.mx_6.10.0.202311202037\db\plugins\mcufinder\reactClient1\index.html
2024-02-28 12:40:36,515 [WARN] PackLoader:240 - Cannot read IP mode file for STMicroelectronics.X-CUBE-SMBUS.2.1.0
2024-02-28 12:40:36,537 [WARN] PackLoader:240 - Cannot read IP mode file for STMicroelectronics.X-CUBE-TOUCHGFX.4.23.0
2024-02-28 12:40:36,607 [WARN] PackLoader:240 - Cannot read IP mode file for STMicroelectronics.X-CUBE-AZRTOS-F7.1.1.0
2024-02-28 12:40:36,627 [WARN] PackLoader:240 - Cannot read IP mode file for STMicroelectronics.FP-SNS-MOTENV1.4.3.2
2024-02-28 12:40:36,638 [WARN] PackLoader:240 - Cannot read IP mode file for STMicroelectronics.FP-SNS-FLIGHT1.5.0.2
2024-02-28 12:40:36,651 [WARN] PackLoader:240 - Cannot read IP mode file for STMicroelectronics.X-CUBE-DISPLAY.3.0.0
2024-02-28 12:40:36,666 [WARN] PackLoader:240 - Cannot read IP mode file for STMicroelectronics.X-CUBE-BLE1.7.0.0
2024-02-28 12:40:36,674 [WARN] PackLoader:240 - Cannot read IP mode file for emotas.I-CUBE-CANOPEN.1.3.0
2024-02-28 12:40:36,681 [WARN] PackLoader:240 - Cannot read IP mode file for STMicroelectronics.FP-SNS-SMARTAG2.1.2.0
2024-02-28 12:40:36,697 [INFO] LogOutputStream:77 - [STDOUT_REDIRECT] 1 : Invalid condition id : UX_CORESTACK_Condition cause : null
2024-02-28 12:40:36,698 [INFO] LogOutputStream:77 - [STDOUT_REDIRECT] 1 : Invalid condition id : UX_CORESTACK_Condition cause : null
2024-02-28 12:40:36,700 [INFO] LogOutputStream:77 - [STDOUT_REDIRECT] 1 : Invalid condition id : UX_CORESTACK_Condition cause : null
2024-02-28 12:40:36,702 [INFO] LogOutputStream:77 - [STDOUT_REDIRECT] 1 : Invalid condition id : UX_CORESTACK_Condition cause : null
2024-02-28 12:40:36,703 [INFO] LogOutputStream:77 - [STDOUT_REDIRECT] 1 : Invalid condition id : UX_CORESTACK_Condition cause : null
2024-02-28 12:40:36,710 [WARN] PackLoader:240 - Cannot read IP mode file for STMicroelectronics.X-CUBE-AZRTOS-WL.2.0.0
2024-02-28 12:40:36,722 [WARN] PackLoader:240 - Cannot read IP mode file for WES.I-CUBE-Cesium.1.3.0
2024-02-28 12:40:36,728 [WARN] PackLoader:240 - Cannot read IP mode file for STMicroelectronics.X-CUBE-BLE2.3.3.0
2024-02-28 12:40:36,739 [WARN] PackLoader:240 - Cannot read IP mode file for STMicroelectronics.X-CUBE-ALGOBUILD.1.3.0
2024-02-28 12:40:36,765 [WARN] PackLoader:240 - Cannot read IP mode file for STMicroelectronics.X-CUBE-AZRTOS-G0.1.1.0
2024-02-28 12:40:36,776 [WARN] PackLoader:240 - Cannot read IP mode file for STMicroelectronics.X-CUBE-NFC4.3.0.0
2024-02-28 12:40:36,789 [WARN] PackLoader:240 - Cannot read IP mode file for STMicroelectronics.X-CUBE-BLEMGR.3.0.0
2024-02-28 12:40:36,796 [WARN] PackLoader:240 - Cannot read IP mode file for STMicroelectronics.FP-ATR-SIGFOX1.3.2.0
2024-02-28 12:40:36,803 [WARN] PackLoader:240 - Cannot read IP mode file for STMicroelectronics.X-CUBE-EEPRMA1.5.1.0
2024-02-28 12:40:36,830 [WARN] PackLoader:240 - Cannot read IP mode file for SEGGER.I-CUBE-embOS.1.3.1
2024-02-28 12:40:36,898 [WARN] PackLoader:240 - Cannot read IP mode file for STMicroelectronics.X-CUBE-GNSS1.6.0.0
2024-02-28 12:40:36,929 [WARN] PackLoader:240 - Cannot read IP mode file for STMicroelectronics.X-CUBE-AZRTOS-F4.1.1.0
2024-02-28 12:40:36,968 [WARN] PackLoader:240 - Cannot read IP mode file for wolfSSL.I-CUBE-wolfSSL.5.6.6
2024-02-28 12:40:36,996 [WARN] PackLoader:240 - Cannot read IP mode file for STMicroelectronics.X-CUBE-AZRTOS-L5.2.0.0
2024-02-28 12:40:37,004 [WARN] PackLoader:240 - Cannot read IP mode file for STMicroelectronics.X-CUBE-EEPRMA1.4.2.0
2024-02-28 12:40:37,010 [WARN] PackLoader:240 - Cannot read IP mode file for ITTIA_DB.I-CUBE-ITTIADB.8.8.0
2024-02-28 12:40:37,016 [WARN] PackLoader:240 - Cannot read IP mode file for STMicroelectronics.X-CUBE-NFC7.1.0.1
2024-02-28 12:40:37,023 [WARN] PackLoader:240 - Cannot read IP mode file for STMicroelectronics.X-CUBE-NFC6.3.0.0
2024-02-28 12:40:37,028 [WARN] PackLoader:240 - Cannot read IP mode file for STMicroelectronics.X-CUBE-AI.8.1.0
2024-02-28 12:40:37,044 [WARN] ConditionMgr:438 - getConditionDescription Invalid condition id : LAN8742 Phy interface Condition cause : null
2024-02-28 12:40:37,044 [WARN] PackLoader:240 - Cannot read IP mode file for STMicroelectronics.X-CUBE-AZRTOS-L4.2.0.0
2024-02-28 12:40:37,045 [WARN] ConditionMgr:1039 - genDependencies : Invalid condition id : LAN8742 Phy interface Condition cause : null
2024-02-28 12:40:37,046 [WARN] ConditionMgr:1039 - genDependencies : Invalid condition id : LAN8742 Phy interface Condition cause : null
2024-02-28 12:40:37,046 [WARN] ConditionMgr:1039 - genDependencies : Invalid condition id : LAN8742 Phy interface Condition cause : null
2024-02-28 12:40:37,053 [WARN] PackLoader:240 - Cannot read IP mode file for STMicroelectronics.X-CUBE-SFXS2LP1.4.0.0
2024-02-28 12:40:37,064 [WARN] ConditionMgr:438 - getConditionDescription Invalid condition id : UX DEVICE CLASS RTOS Condition cause : null
2024-02-28 12:40:37,064 [WARN] ConditionMgr:438 - getConditionDescription Invalid condition id : UX DEVICE CLASS RTOS Condition cause : null
2024-02-28 12:40:37,066 [WARN] PackLoader:240 - Cannot read IP mode file for STMicroelectronics.X-CUBE-AZRTOS-WB.2.0.0
2024-02-28 12:40:37,066 [WARN] ConditionMgr:1039 - genDependencies : Invalid condition id : UX DEVICE CLASS RTOS Condition cause : null
2024-02-28 12:40:37,066 [WARN] ConditionMgr:1039 - genDependencies : Invalid condition id : UX DEVICE CLASS RTOS Condition cause : null
2024-02-28 12:40:37,067 [WARN] ConditionMgr:1039 - genDependencies : Invalid condition id : UX DEVICE CLASS RTOS Condition cause : null
2024-02-28 12:40:37,067 [WARN] ConditionMgr:1039 - genDependencies : Invalid condition id : UX DEVICE CLASS RTOS Condition cause : null
2024-02-28 12:40:37,067 [WARN] ConditionMgr:1039 - genDependencies : Invalid condition id : UX DEVICE CLASS RTOS Condition cause : null
2024-02-28 12:40:37,076 [WARN] PackLoader:240 - Cannot read IP mode file for STMicroelectronics.X-CUBE-SUBG2.5.0.0
2024-02-28 12:40:37,093 [WARN] PackLoader:240 - Cannot read IP mode file for STMicroelectronics.X-CUBE-AZRTOS-G4.2.0.0
2024-02-28 12:40:37,110 [WARN] PackLoader:240 - Cannot read IP mode file for Infineon.AIROC-Wi-Fi-Bluetooth-STM32.1.5.1
2024-02-28 12:40:37,117 [WARN] PackLoader:240 - Cannot read IP mode file for STMicroelectronics.FP-SNS-MOTENVWB1.1.3.1
2024-02-28 12:40:37,121 [WARN] PackLoader:240 - Cannot read IP mode file for STMicroelectronics.X-CUBE-ISPU.2.0.0
2024-02-28 12:40:37,163 [WARN] PackLoader:240 - Cannot read IP mode file for STMicroelectronics.X-CUBE-MEMS1.10.0.0
2024-02-28 12:40:37,291 [WARN] PackLoader:240 - Cannot read IP mode file for STMicroelectronics.X-CUBE-FREERTOS.1.1.0
2024-02-28 12:40:37,296 [WARN] PackLoader:240 - Cannot read IP mode file for portGmbH.I-Cube-SoM-uGOAL.1.1.0
2024-02-28 12:40:37,301 [WARN] PackLoader:240 - Cannot read IP mode file for STMicroelectronics.X-CUBE-ALS.1.0.1
2024-02-28 12:40:37,306 [WARN] PackLoader:240 - Cannot read IP mode file for STMicroelectronics.FP-ATR-ASTRA1.2.0.0
2024-02-28 12:40:37,316 [WARN] PackLoader:240 - Cannot read IP mode file for STMicroelectronics.X-CUBE-TOF1.3.4.0
2024-02-28 12:40:37,350 [WARN] PackLoader:240 - Cannot read IP mode file for STMicroelectronics.X-CUBE-AZRTOS-H7.3.2.0
2024-02-28 12:40:37,355 [INFO] ThirdParty:978 - Integrity check success = true
2024-02-28 12:40:37,355 [INFO] IntegrityCheckThread:100 - exiting critical section [integrity check]
2024-02-28 12:40:37,356 [INFO] IntegrityCheckThread:103 - End integrity checks thread
2024-02-28 12:40:56,256 [ERROR] LogOutputStream:75 - [STDERR_REDIRECT] SLF4J: Failed to load class "org.slf4j.impl.StaticLoggerBinder".
2024-02-28 12:40:56,258 [ERROR] LogOutputStream:75 - [STDERR_REDIRECT] SLF4J: Defaulting to no-operation (NOP) logger implementation
2024-02-28 12:40:56,259 [ERROR] LogOutputStream:75 - [STDERR_REDIRECT] SLF4J: See http://www.slf4j.org/codes.html#StaticLoggerBinder for further details.
2024-02-28 13:53:31,911 [ERROR] LogOutputStream:75 - [STDERR_REDIRECT] 
2024-02-28 14:04:36,723 [INFO] Activator:176 - 


2024-02-28 14:04:36,727 [INFO] Activator:177 - !SESSION log4j initialized
2024-02-28 14:04:47,817 [INFO] LogOutputStream:77 - [STDOUT_REDIRECT] 
2024-02-28 14:04:49,489 [INFO] ApplicationProperties:184 - Using Application install path: C:\ST\STM32CubeIDE_1.14.1\STM32CubeIDE\plugins\com.st.stm32cube.common.mx_6.10.0.202311202037
2024-02-28 14:04:49,514 [INFO] DbMcusXml:78 - Set database path to: C:\ST\STM32CubeIDE_1.14.1\STM32CubeIDE\plugins\com.st.stm32cube.common.mx_6.10.0.202311202037\\db\/mcu/
2024-02-28 14:04:49,515 [INFO] ApiDb:274 - Set plugin database path to: C:\ST\STM32CubeIDE_1.14.1\STM32CubeIDE\plugins\com.st.stm32cube.common.mx_6.10.0.202311202037\\db\/plugins/boardmanager/
2024-02-28 14:04:49,515 [WARN] ApiDb:259 - Overriding images path with different value:  => C:\ST\STM32CubeIDE_1.14.1\STM32CubeIDE\plugins\com.st.stm32cube.common.mx_6.10.0.202311202037\\db\/plugins/mcufinder/images/
2024-02-28 14:04:49,524 [INFO] ApiDb:250 - Set database path to: C:\Users\TuranyElijah\.stmcufinder\plugins\mcufinder//mcu/
2024-02-28 14:04:49,525 [INFO] DbMcusAds:125 - Set database path to: C:\Users\TuranyElijah\.stmcufinder\plugins\mcufinder//mcu/
2024-02-28 14:04:49,528 [INFO] CrossReferenceDbSqlite:203 - Set database path to: C:\Users\TuranyElijah\.stmcufinder\plugins\mcufinder//mcu/cs/
2024-02-28 14:04:49,727 [INFO] RulesReader:64 - Compatibility file has been processed (297 Rules)
2024-02-28 14:04:49,873 [INFO] DbMcusXml:78 - Set database path to: C:\ST\STM32CubeIDE_1.14.1\STM32CubeIDE\plugins\com.st.stm32cube.common.mx_6.10.0.202311202037\\db\/mcu/
2024-02-28 14:04:49,873 [INFO] ApiDb:274 - Set plugin database path to: C:\ST\STM32CubeIDE_1.14.1\STM32CubeIDE\plugins\com.st.stm32cube.common.mx_6.10.0.202311202037\\db\/plugins/boardmanager/
2024-02-28 14:04:49,874 [INFO] ApiDb:261 - Set plugin images path to: C:\ST\STM32CubeIDE_1.14.1\STM32CubeIDE\plugins\com.st.stm32cube.common.mx_6.10.0.202311202037\\db\/plugins/mcufinder/images/
2024-02-28 14:04:49,874 [WARN] DbFile:41 - Overriding database path with different value: C:\Users\TuranyElijah\.stmcufinder\plugins\mcufinder/ => C:\Users\TuranyElijah\.stmcufinder\plugins\mcufinder
2024-02-28 14:04:49,874 [INFO] ApiDb:250 - Set database path to: C:\Users\TuranyElijah\.stmcufinder\plugins\mcufinder//mcu/
2024-02-28 14:04:49,874 [WARN] DbFile:41 - Overriding database path with different value: C:\Users\TuranyElijah\.stmcufinder\plugins\mcufinder/ => C:\Users\TuranyElijah\.stmcufinder\plugins\mcufinder
2024-02-28 14:04:49,875 [INFO] DbMcusAds:125 - Set database path to: C:\Users\TuranyElijah\.stmcufinder\plugins\mcufinder//mcu/
2024-02-28 14:04:49,875 [WARN] DbFile:41 - Overriding database path with different value: C:\Users\TuranyElijah\.stmcufinder\plugins\mcufinder/ => C:\Users\TuranyElijah\.stmcufinder\plugins\mcufinder
2024-02-28 14:04:49,875 [WARN] DbFile:41 - Overriding database path with different value: C:\Users\TuranyElijah\.stmcufinder\plugins\mcufinder/ => C:\Users\TuranyElijah\.stmcufinder\plugins\mcufinder
2024-02-28 14:04:49,875 [INFO] CrossReferenceDbSqlite:203 - Set database path to: C:\Users\TuranyElijah\.stmcufinder\plugins\mcufinder//mcu/cs/
2024-02-28 14:04:50,001 [INFO] MainPanel:264 - HeapMemory: 268435456
2024-02-28 14:04:50,144 [INFO] DbMcusXml:78 - Set database path to: C:\ST\STM32CubeIDE_1.14.1\STM32CubeIDE\plugins\com.st.stm32cube.common.mx_6.10.0.202311202037\\db\/mcu/
2024-02-28 14:04:50,144 [INFO] ApiDb:274 - Set plugin database path to: C:\ST\STM32CubeIDE_1.14.1\STM32CubeIDE\plugins\com.st.stm32cube.common.mx_6.10.0.202311202037\\db\/plugins/boardmanager/
2024-02-28 14:04:50,144 [INFO] ApiDb:261 - Set plugin images path to: C:\ST\STM32CubeIDE_1.14.1\STM32CubeIDE\plugins\com.st.stm32cube.common.mx_6.10.0.202311202037\\db\/plugins/mcufinder/images/
2024-02-28 14:04:50,145 [WARN] DbFile:41 - Overriding database path with different value: C:\Users\TuranyElijah\.stmcufinder\plugins\mcufinder/ => C:\Users\TuranyElijah\.stmcufinder\plugins\mcufinder
2024-02-28 14:04:50,145 [INFO] ApiDb:250 - Set database path to: C:\Users\TuranyElijah\.stmcufinder\plugins\mcufinder//mcu/
2024-02-28 14:04:50,145 [WARN] DbFile:41 - Overriding database path with different value: C:\Users\TuranyElijah\.stmcufinder\plugins\mcufinder/ => C:\Users\TuranyElijah\.stmcufinder\plugins\mcufinder
2024-02-28 14:04:50,145 [INFO] DbMcusAds:125 - Set database path to: C:\Users\TuranyElijah\.stmcufinder\plugins\mcufinder//mcu/
2024-02-28 14:04:50,145 [WARN] DbFile:41 - Overriding database path with different value: C:\Users\TuranyElijah\.stmcufinder\plugins\mcufinder/ => C:\Users\TuranyElijah\.stmcufinder\plugins\mcufinder
2024-02-28 14:04:50,145 [WARN] DbFile:41 - Overriding database path with different value: C:\Users\TuranyElijah\.stmcufinder\plugins\mcufinder/ => C:\Users\TuranyElijah\.stmcufinder\plugins\mcufinder
2024-02-28 14:04:50,146 [INFO] CrossReferenceDbSqlite:203 - Set database path to: C:\Users\TuranyElijah\.stmcufinder\plugins\mcufinder//mcu/cs/
2024-02-28 14:04:50,179 [INFO] ApplicationProperties:184 - Using Application install path: C:\ST\STM32CubeIDE_1.14.1\STM32CubeIDE\plugins\com.st.stm32cube.common.mx_6.10.0.202311202037
2024-02-28 14:04:50,181 [INFO] PluginManage:196 - Search for loadable plugins [exclusion list=, ]
2024-02-28 14:04:50,183 [INFO] PluginManage:310 - Check plugin analytics
2024-02-28 14:04:50,518 [INFO] AnalyticsPlugin:253 - Accepted Software Licenses: STM32CubeMX.6.10.0
2024-02-28 14:04:50,519 [INFO] AnalyticsPlugin:255 - Accepted CMSIS Pack Licenses: 
2024-02-28 14:04:50,519 [INFO] AnalyticsPlugin:257 - Accepted Firmware Licenses: 
2024-02-28 14:04:50,523 [INFO] PluginManage:359 - Loaded plugin analytics (category:tool,tabindex:-1)
2024-02-28 14:04:50,523 [INFO] PluginManage:310 - Check plugin cadmodel
2024-02-28 14:04:50,529 [INFO] CADModel:105 - Init CAD model plugin
2024-02-28 14:04:50,529 [INFO] PluginManage:359 - Loaded plugin cadmodel (category:power,tabindex:5)
2024-02-28 14:04:50,529 [INFO] PluginManage:310 - Check plugin clock
2024-02-28 14:04:50,543 [INFO] PluginManage:359 - Loaded plugin clock (category:base,tabindex:2)
2024-02-28 14:04:50,544 [INFO] PluginManage:310 - Check plugin ddr
2024-02-28 14:04:50,549 [INFO] PluginManage:359 - Loaded plugin ddr (category:tool,tabindex:6)
2024-02-28 14:04:50,549 [INFO] PluginManage:310 - Check plugin filemanager
2024-02-28 14:04:50,793 [INFO] PluginManage:359 - Loaded plugin filemanager (category:base,tabindex:10)
2024-02-28 14:04:50,793 [INFO] PluginManage:310 - Check plugin ipmanager
2024-02-28 14:04:50,810 [INFO] PluginManage:359 - Loaded plugin ipmanager (category:base,tabindex:5)
2024-02-28 14:04:50,811 [INFO] PluginManage:310 - Check plugin lpbam
2024-02-28 14:04:50,829 [INFO] PluginManage:359 - Loaded plugin lpbam (category:base,tabindex:0)
2024-02-28 14:04:50,830 [INFO] PluginManage:310 - Check plugin memorymap
2024-02-28 14:04:50,855 [INFO] PluginManage:359 - Loaded plugin memorymap (category:base,tabindex:4)
2024-02-28 14:04:50,856 [INFO] PluginManage:310 - Check plugin pinoutandconfiguration
2024-02-28 14:04:50,870 [INFO] PluginManage:359 - Loaded plugin pinoutandconfiguration (category:base,tabindex:1)
2024-02-28 14:04:50,870 [INFO] PluginManage:310 - Check plugin pinoutconfig
2024-02-28 14:04:51,023 [WARN] SupportedApi:132 - Cannot load RTOS API schema: s4s-elt-must-match.1: The content of 'definitions' must match (annotation?, (simpleType | complexType)?, (unique | key | keyref)*)). A problem was found starting at: attribute.
2024-02-28 14:04:51,272 [INFO] PluginManage:359 - Loaded plugin pinoutconfig (category:base,tabindex:0)
2024-02-28 14:04:51,272 [INFO] PluginManage:310 - Check plugin power
2024-02-28 14:04:51,291 [INFO] PluginManage:359 - Loaded plugin power (category:power,tabindex:4)
2024-02-28 14:04:51,291 [INFO] PluginManage:310 - Check plugin projectmanager
2024-02-28 14:04:51,329 [INFO] PluginManage:359 - Loaded plugin projectmanager (category:projectmanager,tabindex:3)
2024-02-28 14:04:51,330 [INFO] PluginManage:310 - Check plugin thirdparty
2024-02-28 14:04:51,540 [INFO] PluginManage:359 - Loaded plugin thirdparty (category:base,tabindex:-1)
2024-02-28 14:04:51,540 [INFO] PluginManage:310 - Check plugin tools
2024-02-28 14:04:51,540 [WARN] IntegrityCheckThread:84 - waiting for thirdparty lock release [integrity check]
2024-02-28 14:04:51,541 [INFO] IntegrityCheckThread:86 - entering critical section [integrity check]
2024-02-28 14:04:51,541 [INFO] ThirdPartyUpdaterWithRetryManager:70 - Updater plugin not ready yet. [1/15]
2024-02-28 14:04:51,547 [INFO] PluginManage:359 - Loaded plugin tools (category:base,tabindex:7)
2024-02-28 14:04:51,548 [INFO] PluginManage:310 - Check plugin tutovideos
2024-02-28 14:04:51,854 [INFO] PluginManage:359 - Loaded plugin tutovideos (category:base,tabindex:-1)
2024-02-28 14:04:51,854 [INFO] PluginManage:310 - Check plugin updater
2024-02-28 14:04:51,874 [INFO] PluginManage:359 - Loaded plugin updater (category:base,tabindex:12)
2024-02-28 14:04:51,875 [INFO] PluginManage:310 - Check plugin userauth
2024-02-28 14:04:51,882 [INFO] UserAuth:114 - Init User Auth plugin
2024-02-28 14:04:51,882 [INFO] PluginManage:359 - Loaded plugin userauth (category:base,tabindex:14)
2024-02-28 14:04:51,883 [INFO] PluginManage:283 - PluginManage : Loaded plugins [17]
2024-02-28 14:04:52,205 [INFO] PinOutPanel:1499 - setPackage(No Configuration,No Configuration)
2024-02-28 14:04:52,325 [INFO] CADModel:165 - CPN selected for project level
2024-02-28 14:04:52,325 [INFO] CADModel:114 - Register for checkConnection events
2024-02-28 14:04:52,347 [INFO] IPUIPlugin:80 - create IPUIPlugin
2024-02-28 14:04:52,347 [INFO] PluginManager:220 - loadIPPluginJar : add adc
2024-02-28 14:04:52,350 [INFO] IPUIPlugin:80 - create IPUIPlugin
2024-02-28 14:04:52,351 [INFO] PluginManager:220 - loadIPPluginJar : add aes
2024-02-28 14:04:52,354 [INFO] IPUIPlugin:80 - create IPUIPlugin
2024-02-28 14:04:52,354 [INFO] PluginManager:220 - loadIPPluginJar : add can
2024-02-28 14:04:52,356 [INFO] IPUIPlugin:80 - create IPUIPlugin
2024-02-28 14:04:52,356 [INFO] PluginManager:220 - loadIPPluginJar : add comp
2024-02-28 14:04:52,359 [INFO] IPUIPlugin:80 - create IPUIPlugin
2024-02-28 14:04:52,359 [INFO] PluginManager:220 - loadIPPluginJar : add cryp
2024-02-28 14:04:52,362 [INFO] IPUIPlugin:80 - create IPUIPlugin
2024-02-28 14:04:52,362 [INFO] PluginManager:220 - loadIPPluginJar : add dfsdm
2024-02-28 14:04:52,369 [INFO] IPUIPlugin:80 - create IPUIPlugin
2024-02-28 14:04:52,369 [INFO] PluginManager:220 - loadIPPluginJar : add dma
2024-02-28 14:04:52,372 [INFO] IPUIPlugin:80 - create IPUIPlugin
2024-02-28 14:04:52,373 [INFO] PluginManager:220 - loadIPPluginJar : add dma3
2024-02-28 14:04:52,374 [INFO] IPUIPlugin:80 - create IPUIPlugin
2024-02-28 14:04:52,374 [INFO] PluginManager:220 - loadIPPluginJar : add fatfs
2024-02-28 14:04:52,380 [INFO] IPUIPlugin:80 - create IPUIPlugin
2024-02-28 14:04:52,380 [INFO] PluginManager:220 - loadIPPluginJar : add fmc
2024-02-28 14:04:52,386 [INFO] IPUIPlugin:80 - create IPUIPlugin
2024-02-28 14:04:52,387 [INFO] PluginManager:220 - loadIPPluginJar : add freertos
2024-02-28 14:04:52,388 [INFO] IPUIPlugin:80 - create IPUIPlugin
2024-02-28 14:04:52,388 [INFO] PluginManager:220 - loadIPPluginJar : add genericplugin
2024-02-28 14:04:52,391 [INFO] IPUIPlugin:80 - create IPUIPlugin
2024-02-28 14:04:52,391 [INFO] PluginManager:220 - loadIPPluginJar : add gfxmmu
2024-02-28 14:04:52,397 [INFO] IPUIPlugin:80 - create IPUIPlugin
2024-02-28 14:04:52,398 [INFO] PluginManager:220 - loadIPPluginJar : add gic
2024-02-28 14:04:52,402 [INFO] IPUIPlugin:80 - create IPUIPlugin
2024-02-28 14:04:52,403 [INFO] PluginManager:220 - loadIPPluginJar : add gpio
2024-02-28 14:04:52,407 [INFO] IPUIPlugin:80 - create IPUIPlugin
2024-02-28 14:04:52,407 [INFO] PluginManager:220 - loadIPPluginJar : add gtzc
2024-02-28 14:04:52,410 [INFO] IPUIPlugin:80 - create IPUIPlugin
2024-02-28 14:04:52,410 [INFO] PluginManager:220 - loadIPPluginJar : add hash
2024-02-28 14:04:52,413 [INFO] IPUIPlugin:80 - create IPUIPlugin
2024-02-28 14:04:52,413 [INFO] PluginManager:220 - loadIPPluginJar : add i2c
2024-02-28 14:04:52,416 [INFO] IPUIPlugin:80 - create IPUIPlugin
2024-02-28 14:04:52,416 [INFO] PluginManager:220 - loadIPPluginJar : add i2s
2024-02-28 14:04:52,419 [INFO] IPUIPlugin:80 - create IPUIPlugin
2024-02-28 14:04:52,419 [INFO] PluginManager:220 - loadIPPluginJar : add i3c
2024-02-28 14:04:52,423 [INFO] IPUIPlugin:80 - create IPUIPlugin
2024-02-28 14:04:52,423 [INFO] PluginManager:220 - loadIPPluginJar : add ipddr
2024-02-28 14:04:52,432 [INFO] IPUIPlugin:80 - create IPUIPlugin
2024-02-28 14:04:52,433 [INFO] PluginManager:220 - loadIPPluginJar : add linkedlist
2024-02-28 14:04:52,436 [INFO] IPUIPlugin:80 - create IPUIPlugin
2024-02-28 14:04:52,436 [INFO] PluginManager:220 - loadIPPluginJar : add lorawan
2024-02-28 14:04:52,438 [INFO] IPUIPlugin:80 - create IPUIPlugin
2024-02-28 14:04:52,438 [INFO] PluginManager:220 - loadIPPluginJar : add ltdc
2024-02-28 14:04:52,447 [INFO] IPUIPlugin:80 - create IPUIPlugin
2024-02-28 14:04:52,447 [INFO] PluginManager:220 - loadIPPluginJar : add mdma
2024-02-28 14:04:52,452 [INFO] IPUIPlugin:80 - create IPUIPlugin
2024-02-28 14:04:52,453 [INFO] PluginManager:220 - loadIPPluginJar : add nvic
2024-02-28 14:04:52,456 [INFO] IPUIPlugin:80 - create IPUIPlugin
2024-02-28 14:04:52,456 [INFO] PluginManager:220 - loadIPPluginJar : add opamp
2024-02-28 14:04:52,460 [INFO] IPUIPlugin:80 - create IPUIPlugin
2024-02-28 14:04:52,460 [INFO] PluginManager:220 - loadIPPluginJar : add openamp
2024-02-28 14:04:52,463 [INFO] IPUIPlugin:80 - create IPUIPlugin
2024-02-28 14:04:52,463 [INFO] PluginManager:220 - loadIPPluginJar : add pdm2pcm
2024-02-28 14:04:52,471 [INFO] IPUIPlugin:80 - create IPUIPlugin
2024-02-28 14:04:52,474 [INFO] PluginManager:220 - loadIPPluginJar : add plateformsettings
2024-02-28 14:04:52,476 [INFO] IPUIPlugin:80 - create IPUIPlugin
2024-02-28 14:04:52,477 [INFO] PluginManager:220 - loadIPPluginJar : add quadspi
2024-02-28 14:04:52,480 [INFO] IPUIPlugin:80 - create IPUIPlugin
2024-02-28 14:04:52,480 [INFO] PluginManager:220 - loadIPPluginJar : add resmgrutility
2024-02-28 14:04:52,484 [INFO] IPUIPlugin:80 - create IPUIPlugin
2024-02-28 14:04:52,484 [INFO] PluginManager:220 - loadIPPluginJar : add sai
2024-02-28 14:04:52,486 [INFO] IPUIPlugin:80 - create IPUIPlugin
2024-02-28 14:04:52,487 [INFO] PluginManager:220 - loadIPPluginJar : add spi
2024-02-28 14:04:52,493 [INFO] IPUIPlugin:80 - create IPUIPlugin
2024-02-28 14:04:52,493 [INFO] PluginManager:220 - loadIPPluginJar : add stm32_wpan
2024-02-28 14:04:52,495 [INFO] IPUIPlugin:80 - create IPUIPlugin
2024-02-28 14:04:52,495 [INFO] PluginManager:220 - loadIPPluginJar : add tim
2024-02-28 14:04:52,499 [INFO] IPUIPlugin:80 - create IPUIPlugin
2024-02-28 14:04:52,499 [INFO] PluginManager:220 - loadIPPluginJar : add touchsensing
2024-02-28 14:04:52,502 [INFO] IPUIPlugin:80 - create IPUIPlugin
2024-02-28 14:04:52,502 [INFO] PluginManager:220 - loadIPPluginJar : add tracer_emb
2024-02-28 14:04:52,504 [INFO] IPUIPlugin:80 - create IPUIPlugin
2024-02-28 14:04:52,504 [INFO] PluginManager:220 - loadIPPluginJar : add ts
2024-02-28 14:04:52,506 [INFO] IPUIPlugin:80 - create IPUIPlugin
2024-02-28 14:04:52,506 [INFO] PluginManager:220 - loadIPPluginJar : add tsc
2024-02-28 14:04:52,508 [INFO] IPUIPlugin:80 - create IPUIPlugin
2024-02-28 14:04:52,508 [INFO] PluginManager:220 - loadIPPluginJar : add ucpd
2024-02-28 14:04:52,512 [INFO] IPUIPlugin:80 - create IPUIPlugin
2024-02-28 14:04:52,512 [INFO] PluginManager:220 - loadIPPluginJar : add usart
2024-02-28 14:04:52,518 [INFO] IPUIPlugin:80 - create IPUIPlugin
2024-02-28 14:04:52,519 [INFO] PluginManager:220 - loadIPPluginJar : add usbx
2024-02-28 14:04:52,701 [INFO] CADModel:165 - CPN selected for project level
2024-02-28 14:04:52,701 [INFO] CADModel:114 - Register for checkConnection events
2024-02-28 14:04:52,701 [FATAL] Updater:308 - Updater called before beeing initialized
2024-02-28 14:04:52,701 [ERROR] CADModel:125 - Updater not yet initialized, retry later 
2024-02-28 14:04:52,965 [INFO] CADModel:165 - CPN selected for project level
2024-02-28 14:04:52,966 [INFO] CADModel:114 - Register for checkConnection events
2024-02-28 14:04:52,966 [FATAL] Updater:308 - Updater called before beeing initialized
2024-02-28 14:04:52,966 [ERROR] CADModel:125 - Updater not yet initialized, retry later 
2024-02-28 14:04:52,970 [FATAL] Updater:308 - Updater called before beeing initialized
2024-02-28 14:04:53,159 [FATAL] Updater:308 - Updater called before beeing initialized
2024-02-28 14:04:53,171 [INFO] DbMcusAds:53 - JSON generation date=Wed Nov 29 04:52:27 CST 2023 (1701255147349)
2024-02-28 14:04:53,171 [FATAL] Updater:308 - Updater called before beeing initialized
2024-02-28 14:04:53,225 [WARN] DetailPanel:346 - Failed to get advertising image, set to default
2024-02-28 14:04:53,413 [FATAL] Updater:308 - Updater called before beeing initialized
2024-02-28 14:04:53,416 [FATAL] Updater:308 - Updater called before beeing initialized
2024-02-28 14:04:53,416 [FATAL] Updater:308 - Updater called before beeing initialized
2024-02-28 14:04:53,416 [WARN] DetailPanel:346 - Failed to get advertising image, set to default
2024-02-28 14:04:53,418 [FATAL] Updater:308 - Updater called before beeing initialized
2024-02-28 14:04:53,525 [ERROR] Updater:1120 - MainUpdater not yet initialized. External WinMGr cannot be set.
2024-02-28 14:04:53,531 [INFO] Updater:1056 - Updater Version found : 6.10.0
2024-02-28 14:04:53,574 [INFO] ApplicationProperties:184 - Using Application install path: C:\ST\STM32CubeIDE_1.14.1\STM32CubeIDE\plugins\com.st.stm32cube.common.mx_6.10.0.202311202037
2024-02-28 14:04:54,543 [INFO] ThirdPartyUpdaterWithRetryManager:70 - Updater plugin not ready yet. [2/15]
2024-02-28 14:04:55,160 [ERROR] LogOutputStream:75 - [STDERR_REDIRECT] Feb 28, 2024 2:04:55 PM java.util.prefs.WindowsPreferences <init>
2024-02-28 14:04:55,163 [ERROR] LogOutputStream:75 - [STDERR_REDIRECT] WARNING: Could not open/create prefs root node Software\JavaSoft\Prefs at root 0xffffffff80000002. Windows RegCreateKeyEx(...) returned error code 5.
2024-02-28 14:04:55,164 [ERROR] LogOutputStream:75 - [STDERR_REDIRECT] 
2024-02-28 14:04:55,749 [INFO] MainUpdater:2873 - connection check result : 10
2024-02-28 14:04:55,750 [INFO] MainUpdater:290 - Updater Check For Update Now.
2024-02-28 14:04:55,750 [INFO] MicroXplorer:498 - Change Database Version : DB.6.0.100
2024-02-28 14:04:55,763 [INFO] McuFinderGlobals:63 - Set McuFinder mode to 2 (CubeIDE integrated)
2024-02-28 14:04:55,763 [INFO] UserAuth:180 - activating auth plugin
2024-02-28 14:04:55,768 [INFO] UserAuth:404 - Internet connection configuration mode: 1
2024-02-28 14:04:55,799 [INFO] JxBrowserEngine:152 - Initiate JxBrowser Engine with user profile folder
2024-02-28 14:04:55,998 [INFO] CheckServerUpdateThread:120 - End of CheckServer Thread
2024-02-28 14:04:56,890 [INFO] WebApp:161 - Instantiating new browser for Auth
2024-02-28 14:04:57,892 [WARN] PackLoader:240 - Cannot read IP mode file for STMicroelectronics.X-CUBE-SMBUS.2.1.0
2024-02-28 14:04:57,910 [WARN] PackLoader:240 - Cannot read IP mode file for STMicroelectronics.X-CUBE-TOUCHGFX.4.23.0
2024-02-28 14:04:57,934 [INFO] WebApp:780 - Register for checkConnection events
2024-02-28 14:04:57,934 [INFO] WebApp:414 - Apply proxy settings
2024-02-28 14:04:57,935 [INFO] WebApp:499 - Chromium requires no authentication
2024-02-28 14:04:57,953 [INFO] WebApp:442 - Direct internet connection detected
2024-02-28 14:04:57,989 [WARN] PackLoader:240 - Cannot read IP mode file for STMicroelectronics.X-CUBE-AZRTOS-F7.1.1.0
2024-02-28 14:04:58,011 [WARN] PackLoader:240 - Cannot read IP mode file for STMicroelectronics.FP-SNS-MOTENV1.4.3.2
2024-02-28 14:04:58,024 [WARN] PackLoader:240 - Cannot read IP mode file for STMicroelectronics.FP-SNS-FLIGHT1.5.0.2
2024-02-28 14:04:58,042 [WARN] PackLoader:240 - Cannot read IP mode file for STMicroelectronics.X-CUBE-DISPLAY.3.0.0
2024-02-28 14:04:58,072 [WARN] PackLoader:240 - Cannot read IP mode file for STMicroelectronics.X-CUBE-BLE1.7.0.0
2024-02-28 14:04:58,082 [WARN] PackLoader:240 - Cannot read IP mode file for emotas.I-CUBE-CANOPEN.1.3.0
2024-02-28 14:04:58,092 [WARN] PackLoader:240 - Cannot read IP mode file for STMicroelectronics.FP-SNS-SMARTAG2.1.2.0
2024-02-28 14:04:58,121 [INFO] LogOutputStream:77 - [STDOUT_REDIRECT] 1 : Invalid condition id : UX_CORESTACK_Condition cause : null
2024-02-28 14:04:58,123 [INFO] LogOutputStream:77 - [STDOUT_REDIRECT] 1 : Invalid condition id : UX_CORESTACK_Condition cause : null
2024-02-28 14:04:58,125 [INFO] LogOutputStream:77 - [STDOUT_REDIRECT] 1 : Invalid condition id : UX_CORESTACK_Condition cause : null
2024-02-28 14:04:58,128 [INFO] LogOutputStream:77 - [STDOUT_REDIRECT] 1 : Invalid condition id : UX_CORESTACK_Condition cause : null
2024-02-28 14:04:58,131 [INFO] LogOutputStream:77 - [STDOUT_REDIRECT] 1 : Invalid condition id : UX_CORESTACK_Condition cause : null
2024-02-28 14:04:58,140 [WARN] PackLoader:240 - Cannot read IP mode file for STMicroelectronics.X-CUBE-AZRTOS-WL.2.0.0
2024-02-28 14:04:58,161 [WARN] PackLoader:240 - Cannot read IP mode file for WES.I-CUBE-Cesium.1.3.0
2024-02-28 14:04:58,169 [WARN] PackLoader:240 - Cannot read IP mode file for STMicroelectronics.X-CUBE-BLE2.3.3.0
2024-02-28 14:04:58,182 [WARN] PackLoader:240 - Cannot read IP mode file for STMicroelectronics.X-CUBE-ALGOBUILD.1.3.0
2024-02-28 14:04:58,226 [WARN] PackLoader:240 - Cannot read IP mode file for STMicroelectronics.X-CUBE-AZRTOS-G0.1.1.0
2024-02-28 14:04:58,239 [WARN] PackLoader:240 - Cannot read IP mode file for STMicroelectronics.X-CUBE-NFC4.3.0.0
2024-02-28 14:04:58,260 [WARN] PackLoader:240 - Cannot read IP mode file for STMicroelectronics.X-CUBE-BLEMGR.3.0.0
2024-02-28 14:04:58,272 [WARN] PackLoader:240 - Cannot read IP mode file for STMicroelectronics.FP-ATR-SIGFOX1.3.2.0
2024-02-28 14:04:58,287 [WARN] PackLoader:240 - Cannot read IP mode file for STMicroelectronics.X-CUBE-EEPRMA1.5.1.0
2024-02-28 14:04:58,356 [WARN] PackLoader:240 - Cannot read IP mode file for SEGGER.I-CUBE-embOS.1.3.1
2024-02-28 14:04:58,469 [WARN] PackLoader:240 - Cannot read IP mode file for STMicroelectronics.X-CUBE-GNSS1.6.0.0
2024-02-28 14:04:58,510 [WARN] PackLoader:240 - Cannot read IP mode file for STMicroelectronics.X-CUBE-AZRTOS-F4.1.1.0
2024-02-28 14:04:58,525 [WARN] PackLoader:240 - Cannot read IP mode file for wolfSSL.I-CUBE-wolfSSL.5.6.6
2024-02-28 14:04:58,592 [WARN] PackLoader:240 - Cannot read IP mode file for STMicroelectronics.X-CUBE-AZRTOS-L5.2.0.0
2024-02-28 14:04:58,604 [WARN] PackLoader:240 - Cannot read IP mode file for STMicroelectronics.X-CUBE-EEPRMA1.4.2.0
2024-02-28 14:04:58,613 [WARN] PackLoader:240 - Cannot read IP mode file for ITTIA_DB.I-CUBE-ITTIADB.8.8.0
2024-02-28 14:04:58,623 [WARN] PackLoader:240 - Cannot read IP mode file for STMicroelectronics.X-CUBE-NFC7.1.0.1
2024-02-28 14:04:58,642 [WARN] PackLoader:240 - Cannot read IP mode file for STMicroelectronics.X-CUBE-NFC6.3.0.0
2024-02-28 14:04:58,650 [WARN] PackLoader:240 - Cannot read IP mode file for STMicroelectronics.X-CUBE-AI.8.1.0
2024-02-28 14:04:58,684 [WARN] ConditionMgr:438 - getConditionDescription Invalid condition id : LAN8742 Phy interface Condition cause : null
2024-02-28 14:04:58,685 [WARN] PackLoader:240 - Cannot read IP mode file for STMicroelectronics.X-CUBE-AZRTOS-L4.2.0.0
2024-02-28 14:04:58,687 [WARN] ConditionMgr:1039 - genDependencies : Invalid condition id : LAN8742 Phy interface Condition cause : null
2024-02-28 14:04:58,687 [WARN] ConditionMgr:1039 - genDependencies : Invalid condition id : LAN8742 Phy interface Condition cause : null
2024-02-28 14:04:58,688 [WARN] ConditionMgr:1039 - genDependencies : Invalid condition id : LAN8742 Phy interface Condition cause : null
2024-02-28 14:04:58,699 [WARN] PackLoader:240 - Cannot read IP mode file for STMicroelectronics.X-CUBE-SFXS2LP1.4.0.0
2024-02-28 14:04:58,718 [WARN] ConditionMgr:438 - getConditionDescription Invalid condition id : UX DEVICE CLASS RTOS Condition cause : null
2024-02-28 14:04:58,718 [WARN] ConditionMgr:438 - getConditionDescription Invalid condition id : UX DEVICE CLASS RTOS Condition cause : null
2024-02-28 14:04:58,721 [WARN] PackLoader:240 - Cannot read IP mode file for STMicroelectronics.X-CUBE-AZRTOS-WB.2.0.0
2024-02-28 14:04:58,721 [WARN] ConditionMgr:1039 - genDependencies : Invalid condition id : UX DEVICE CLASS RTOS Condition cause : null
2024-02-28 14:04:58,721 [WARN] ConditionMgr:1039 - genDependencies : Invalid condition id : UX DEVICE CLASS RTOS Condition cause : null
2024-02-28 14:04:58,722 [WARN] ConditionMgr:1039 - genDependencies : Invalid condition id : UX DEVICE CLASS RTOS Condition cause : null
2024-02-28 14:04:58,722 [WARN] ConditionMgr:1039 - genDependencies : Invalid condition id : UX DEVICE CLASS RTOS Condition cause : null
2024-02-28 14:04:58,722 [WARN] ConditionMgr:1039 - genDependencies : Invalid condition id : UX DEVICE CLASS RTOS Condition cause : null
2024-02-28 14:04:58,735 [WARN] PackLoader:240 - Cannot read IP mode file for STMicroelectronics.X-CUBE-SUBG2.5.0.0
2024-02-28 14:04:58,762 [WARN] PackLoader:240 - Cannot read IP mode file for STMicroelectronics.X-CUBE-AZRTOS-G4.2.0.0
2024-02-28 14:04:58,793 [WARN] PackLoader:240 - Cannot read IP mode file for Infineon.AIROC-Wi-Fi-Bluetooth-STM32.1.5.1
2024-02-28 14:04:58,803 [WARN] PackLoader:240 - Cannot read IP mode file for STMicroelectronics.FP-SNS-MOTENVWB1.1.3.1
2024-02-28 14:04:58,810 [WARN] PackLoader:240 - Cannot read IP mode file for STMicroelectronics.X-CUBE-ISPU.2.0.0
2024-02-28 14:04:58,871 [WARN] PackLoader:240 - Cannot read IP mode file for STMicroelectronics.X-CUBE-MEMS1.10.0.0
2024-02-28 14:04:58,965 [INFO] WebApp:192 - Starting web application
2024-02-28 14:04:58,965 [INFO] WebApp:544 - Web application path used C:\ST\STM32CubeIDE_1.14.1\STM32CubeIDE\plugins\com.st.stm32cube.common.mx_6.10.0.202311202037\db\plugins\mcufinder\reactClient1\index.html
2024-02-28 14:04:59,063 [WARN] PackLoader:240 - Cannot read IP mode file for STMicroelectronics.X-CUBE-FREERTOS.1.1.0
2024-02-28 14:04:59,070 [WARN] PackLoader:240 - Cannot read IP mode file for portGmbH.I-Cube-SoM-uGOAL.1.1.0
2024-02-28 14:04:59,076 [WARN] PackLoader:240 - Cannot read IP mode file for STMicroelectronics.X-CUBE-ALS.1.0.1
2024-02-28 14:04:59,082 [WARN] PackLoader:240 - Cannot read IP mode file for STMicroelectronics.FP-ATR-ASTRA1.2.0.0
2024-02-28 14:04:59,097 [WARN] PackLoader:240 - Cannot read IP mode file for STMicroelectronics.X-CUBE-TOF1.3.4.0
2024-02-28 14:04:59,170 [WARN] PackLoader:240 - Cannot read IP mode file for STMicroelectronics.X-CUBE-AZRTOS-H7.3.2.0
2024-02-28 14:04:59,177 [INFO] ThirdParty:978 - Integrity check success = true
2024-02-28 14:04:59,177 [INFO] IntegrityCheckThread:100 - exiting critical section [integrity check]
2024-02-28 14:04:59,177 [INFO] IntegrityCheckThread:103 - End integrity checks thread
2024-02-28 14:05:20,079 [ERROR] LogOutputStream:75 - [STDERR_REDIRECT] SLF4J: Failed to load class "org.slf4j.impl.StaticLoggerBinder".
2024-02-28 14:05:20,081 [ERROR] LogOutputStream:75 - [STDERR_REDIRECT] SLF4J: Defaulting to no-operation (NOP) logger implementation
2024-02-28 14:05:20,083 [ERROR] LogOutputStream:75 - [STDERR_REDIRECT] SLF4J: See http://www.slf4j.org/codes.html#StaticLoggerBinder for further details.
2024-02-28 14:11:17,123 [ERROR] LogOutputStream:75 - [STDERR_REDIRECT] 
2024-02-28 14:11:17,125 [ERROR] LogOutputStream:75 - [STDERR_REDIRECT] 
