2024-05-01 15:15:26,771 [INFO] Activator:176 - 


2024-05-01 15:15:26,778 [INFO] Activator:177 - !SESSION log4j initialized
2024-05-01 15:15:33,582 [INFO] LogOutputStream:77 - [STDOUT_REDIRECT] 
2024-05-01 15:15:35,853 [INFO] ApplicationProperties:184 - Using Application install path: C:\ST\STM32CubeIDE_1.14.1\STM32CubeIDE\plugins\com.st.stm32cube.common.mx_6.10.0.202311202037
2024-05-01 15:15:35,881 [INFO] DbMcusXml:78 - Set database path to: C:\ST\STM32CubeIDE_1.14.1\STM32CubeIDE\plugins\com.st.stm32cube.common.mx_6.10.0.202311202037\\db\/mcu/
2024-05-01 15:15:35,881 [INFO] ApiDb:274 - Set plugin database path to: C:\ST\STM32CubeIDE_1.14.1\STM32CubeIDE\plugins\com.st.stm32cube.common.mx_6.10.0.202311202037\\db\/plugins/boardmanager/
2024-05-01 15:15:35,882 [WARN] ApiDb:259 - Overriding images path with different value:  => C:\ST\STM32CubeIDE_1.14.1\STM32CubeIDE\plugins\com.st.stm32cube.common.mx_6.10.0.202311202037\\db\/plugins/mcufinder/images/
2024-05-01 15:15:35,904 [INFO] ApiDb:250 - Set database path to: C:\Users\TuranyElijah\.stmcufinder\plugins\mcufinder//mcu/
2024-05-01 15:15:35,906 [INFO] DbMcusAds:125 - Set database path to: C:\Users\TuranyElijah\.stmcufinder\plugins\mcufinder//mcu/
2024-05-01 15:15:35,909 [INFO] CrossReferenceDbSqlite:203 - Set database path to: C:\Users\TuranyElijah\.stmcufinder\plugins\mcufinder//mcu/cs/
2024-05-01 15:15:36,095 [INFO] RulesReader:64 - Compatibility file has been processed (297 Rules)
2024-05-01 15:15:36,212 [INFO] DbMcusXml:78 - Set database path to: C:\ST\STM32CubeIDE_1.14.1\STM32CubeIDE\plugins\com.st.stm32cube.common.mx_6.10.0.202311202037\\db\/mcu/
2024-05-01 15:15:36,212 [INFO] ApiDb:274 - Set plugin database path to: C:\ST\STM32CubeIDE_1.14.1\STM32CubeIDE\plugins\com.st.stm32cube.common.mx_6.10.0.202311202037\\db\/plugins/boardmanager/
2024-05-01 15:15:36,212 [INFO] ApiDb:261 - Set plugin images path to: C:\ST\STM32CubeIDE_1.14.1\STM32CubeIDE\plugins\com.st.stm32cube.common.mx_6.10.0.202311202037\\db\/plugins/mcufinder/images/
2024-05-01 15:15:36,213 [WARN] DbFile:41 - Overriding database path with different value: C:\Users\TuranyElijah\.stmcufinder\plugins\mcufinder/ => C:\Users\TuranyElijah\.stmcufinder\plugins\mcufinder
2024-05-01 15:15:36,213 [INFO] ApiDb:250 - Set database path to: C:\Users\TuranyElijah\.stmcufinder\plugins\mcufinder//mcu/
2024-05-01 15:15:36,213 [WARN] DbFile:41 - Overriding database path with different value: C:\Users\TuranyElijah\.stmcufinder\plugins\mcufinder/ => C:\Users\TuranyElijah\.stmcufinder\plugins\mcufinder
2024-05-01 15:15:36,213 [INFO] DbMcusAds:125 - Set database path to: C:\Users\TuranyElijah\.stmcufinder\plugins\mcufinder//mcu/
2024-05-01 15:15:36,213 [WARN] DbFile:41 - Overriding database path with different value: C:\Users\TuranyElijah\.stmcufinder\plugins\mcufinder/ => C:\Users\TuranyElijah\.stmcufinder\plugins\mcufinder
2024-05-01 15:15:36,213 [WARN] DbFile:41 - Overriding database path with different value: C:\Users\TuranyElijah\.stmcufinder\plugins\mcufinder/ => C:\Users\TuranyElijah\.stmcufinder\plugins\mcufinder
2024-05-01 15:15:36,214 [INFO] CrossReferenceDbSqlite:203 - Set database path to: C:\Users\TuranyElijah\.stmcufinder\plugins\mcufinder//mcu/cs/
2024-05-01 15:15:36,322 [INFO] MainPanel:264 - HeapMemory: 268435456
2024-05-01 15:15:36,466 [INFO] DbMcusXml:78 - Set database path to: C:\ST\STM32CubeIDE_1.14.1\STM32CubeIDE\plugins\com.st.stm32cube.common.mx_6.10.0.202311202037\\db\/mcu/
2024-05-01 15:15:36,466 [INFO] ApiDb:274 - Set plugin database path to: C:\ST\STM32CubeIDE_1.14.1\STM32CubeIDE\plugins\com.st.stm32cube.common.mx_6.10.0.202311202037\\db\/plugins/boardmanager/
2024-05-01 15:15:36,466 [INFO] ApiDb:261 - Set plugin images path to: C:\ST\STM32CubeIDE_1.14.1\STM32CubeIDE\plugins\com.st.stm32cube.common.mx_6.10.0.202311202037\\db\/plugins/mcufinder/images/
2024-05-01 15:15:36,467 [WARN] DbFile:41 - Overriding database path with different value: C:\Users\TuranyElijah\.stmcufinder\plugins\mcufinder/ => C:\Users\TuranyElijah\.stmcufinder\plugins\mcufinder
2024-05-01 15:15:36,467 [INFO] ApiDb:250 - Set database path to: C:\Users\TuranyElijah\.stmcufinder\plugins\mcufinder//mcu/
2024-05-01 15:15:36,467 [WARN] DbFile:41 - Overriding database path with different value: C:\Users\TuranyElijah\.stmcufinder\plugins\mcufinder/ => C:\Users\TuranyElijah\.stmcufinder\plugins\mcufinder
2024-05-01 15:15:36,467 [INFO] DbMcusAds:125 - Set database path to: C:\Users\TuranyElijah\.stmcufinder\plugins\mcufinder//mcu/
2024-05-01 15:15:36,467 [WARN] DbFile:41 - Overriding database path with different value: C:\Users\TuranyElijah\.stmcufinder\plugins\mcufinder/ => C:\Users\TuranyElijah\.stmcufinder\plugins\mcufinder
2024-05-01 15:15:36,467 [WARN] DbFile:41 - Overriding database path with different value: C:\Users\TuranyElijah\.stmcufinder\plugins\mcufinder/ => C:\Users\TuranyElijah\.stmcufinder\plugins\mcufinder
2024-05-01 15:15:36,468 [INFO] CrossReferenceDbSqlite:203 - Set database path to: C:\Users\TuranyElijah\.stmcufinder\plugins\mcufinder//mcu/cs/
2024-05-01 15:15:36,494 [INFO] ApplicationProperties:184 - Using Application install path: C:\ST\STM32CubeIDE_1.14.1\STM32CubeIDE\plugins\com.st.stm32cube.common.mx_6.10.0.202311202037
2024-05-01 15:15:36,497 [INFO] PluginManage:196 - Search for loadable plugins [exclusion list=, ]
2024-05-01 15:15:36,498 [INFO] PluginManage:310 - Check plugin analytics
2024-05-01 15:15:36,737 [INFO] AnalyticsPlugin:253 - Accepted Software Licenses: STM32CubeMX.6.10.0
2024-05-01 15:15:36,737 [INFO] AnalyticsPlugin:255 - Accepted CMSIS Pack Licenses: 
2024-05-01 15:15:36,737 [INFO] AnalyticsPlugin:257 - Accepted Firmware Licenses: 
2024-05-01 15:15:36,741 [INFO] PluginManage:359 - Loaded plugin analytics (category:tool,tabindex:-1)
2024-05-01 15:15:36,741 [INFO] PluginManage:310 - Check plugin cadmodel
2024-05-01 15:15:36,768 [INFO] CADModel:105 - Init CAD model plugin
2024-05-01 15:15:36,768 [INFO] PluginManage:359 - Loaded plugin cadmodel (category:power,tabindex:5)
2024-05-01 15:15:36,768 [INFO] PluginManage:310 - Check plugin clock
2024-05-01 15:15:36,796 [INFO] PluginManage:359 - Loaded plugin clock (category:base,tabindex:2)
2024-05-01 15:15:36,796 [INFO] PluginManage:310 - Check plugin ddr
2024-05-01 15:15:36,800 [INFO] PluginManage:359 - Loaded plugin ddr (category:tool,tabindex:6)
2024-05-01 15:15:36,800 [INFO] PluginManage:310 - Check plugin filemanager
2024-05-01 15:15:36,984 [INFO] PluginManage:359 - Loaded plugin filemanager (category:base,tabindex:10)
2024-05-01 15:15:36,984 [INFO] PluginManage:310 - Check plugin ipmanager
2024-05-01 15:15:36,995 [INFO] PluginManage:359 - Loaded plugin ipmanager (category:base,tabindex:5)
2024-05-01 15:15:36,995 [INFO] PluginManage:310 - Check plugin lpbam
2024-05-01 15:15:37,020 [INFO] PluginManage:359 - Loaded plugin lpbam (category:base,tabindex:0)
2024-05-01 15:15:37,020 [INFO] PluginManage:310 - Check plugin memorymap
2024-05-01 15:15:37,052 [INFO] PluginManage:359 - Loaded plugin memorymap (category:base,tabindex:4)
2024-05-01 15:15:37,052 [INFO] PluginManage:310 - Check plugin pinoutandconfiguration
2024-05-01 15:15:37,075 [INFO] PluginManage:359 - Loaded plugin pinoutandconfiguration (category:base,tabindex:1)
2024-05-01 15:15:37,075 [INFO] PluginManage:310 - Check plugin pinoutconfig
2024-05-01 15:15:37,208 [WARN] SupportedApi:132 - Cannot load RTOS API schema: s4s-elt-must-match.1: The content of 'definitions' must match (annotation?, (simpleType | complexType)?, (unique | key | keyref)*)). A problem was found starting at: attribute.
2024-05-01 15:15:37,389 [INFO] PluginManage:359 - Loaded plugin pinoutconfig (category:base,tabindex:0)
2024-05-01 15:15:37,389 [INFO] PluginManage:310 - Check plugin power
2024-05-01 15:15:37,418 [INFO] PluginManage:359 - Loaded plugin power (category:power,tabindex:4)
2024-05-01 15:15:37,418 [INFO] PluginManage:310 - Check plugin projectmanager
2024-05-01 15:15:37,440 [INFO] PluginManage:359 - Loaded plugin projectmanager (category:projectmanager,tabindex:3)
2024-05-01 15:15:37,440 [INFO] PluginManage:310 - Check plugin thirdparty
2024-05-01 15:15:37,847 [INFO] PluginManage:359 - Loaded plugin thirdparty (category:base,tabindex:-1)
2024-05-01 15:15:37,848 [INFO] PluginManage:310 - Check plugin tools
2024-05-01 15:15:37,848 [WARN] IntegrityCheckThread:84 - waiting for thirdparty lock release [integrity check]
2024-05-01 15:15:37,848 [INFO] IntegrityCheckThread:86 - entering critical section [integrity check]
2024-05-01 15:15:37,848 [INFO] ThirdPartyUpdaterWithRetryManager:70 - Updater plugin not ready yet. [1/15]
2024-05-01 15:15:37,890 [INFO] PluginManage:359 - Loaded plugin tools (category:base,tabindex:7)
2024-05-01 15:15:37,891 [INFO] PluginManage:310 - Check plugin tutovideos
2024-05-01 15:15:38,147 [INFO] PluginManage:359 - Loaded plugin tutovideos (category:base,tabindex:-1)
2024-05-01 15:15:38,147 [INFO] PluginManage:310 - Check plugin updater
2024-05-01 15:15:38,165 [INFO] PluginManage:359 - Loaded plugin updater (category:base,tabindex:12)
2024-05-01 15:15:38,165 [INFO] PluginManage:310 - Check plugin userauth
2024-05-01 15:15:38,173 [INFO] UserAuth:114 - Init User Auth plugin
2024-05-01 15:15:38,173 [INFO] PluginManage:359 - Loaded plugin userauth (category:base,tabindex:14)
2024-05-01 15:15:38,174 [INFO] PluginManage:283 - PluginManage : Loaded plugins [17]
2024-05-01 15:15:38,457 [INFO] PinOutPanel:1499 - setPackage(No Configuration,No Configuration)
2024-05-01 15:15:38,559 [INFO] CADModel:165 - CPN selected for project level
2024-05-01 15:15:38,559 [INFO] CADModel:114 - Register for checkConnection events
2024-05-01 15:15:38,594 [INFO] IPUIPlugin:80 - create IPUIPlugin
2024-05-01 15:15:38,595 [INFO] PluginManager:220 - loadIPPluginJar : add adc
2024-05-01 15:15:38,655 [INFO] IPUIPlugin:80 - create IPUIPlugin
2024-05-01 15:15:38,655 [INFO] PluginManager:220 - loadIPPluginJar : add aes
2024-05-01 15:15:38,705 [INFO] IPUIPlugin:80 - create IPUIPlugin
2024-05-01 15:15:38,706 [INFO] PluginManager:220 - loadIPPluginJar : add can
2024-05-01 15:15:38,737 [INFO] IPUIPlugin:80 - create IPUIPlugin
2024-05-01 15:15:38,737 [INFO] PluginManager:220 - loadIPPluginJar : add comp
2024-05-01 15:15:38,778 [INFO] IPUIPlugin:80 - create IPUIPlugin
2024-05-01 15:15:38,778 [INFO] PluginManager:220 - loadIPPluginJar : add cryp
2024-05-01 15:15:38,813 [INFO] IPUIPlugin:80 - create IPUIPlugin
2024-05-01 15:15:38,813 [INFO] PluginManager:220 - loadIPPluginJar : add dfsdm
2024-05-01 15:15:38,832 [INFO] IPUIPlugin:80 - create IPUIPlugin
2024-05-01 15:15:38,833 [INFO] PluginManager:220 - loadIPPluginJar : add dma
2024-05-01 15:15:38,884 [INFO] IPUIPlugin:80 - create IPUIPlugin
2024-05-01 15:15:38,884 [INFO] PluginManager:220 - loadIPPluginJar : add dma3
2024-05-01 15:15:38,909 [INFO] IPUIPlugin:80 - create IPUIPlugin
2024-05-01 15:15:38,909 [INFO] PluginManager:220 - loadIPPluginJar : add fatfs
2024-05-01 15:15:38,964 [INFO] IPUIPlugin:80 - create IPUIPlugin
2024-05-01 15:15:38,966 [INFO] PluginManager:220 - loadIPPluginJar : add fmc
2024-05-01 15:15:38,991 [INFO] IPUIPlugin:80 - create IPUIPlugin
2024-05-01 15:15:38,991 [INFO] PluginManager:220 - loadIPPluginJar : add freertos
2024-05-01 15:15:39,018 [INFO] IPUIPlugin:80 - create IPUIPlugin
2024-05-01 15:15:39,018 [INFO] PluginManager:220 - loadIPPluginJar : add genericplugin
2024-05-01 15:15:39,126 [INFO] IPUIPlugin:80 - create IPUIPlugin
2024-05-01 15:15:39,126 [INFO] PluginManager:220 - loadIPPluginJar : add gfxmmu
2024-05-01 15:15:39,311 [INFO] IPUIPlugin:80 - create IPUIPlugin
2024-05-01 15:15:39,311 [INFO] PluginManager:220 - loadIPPluginJar : add gic
2024-05-01 15:15:39,336 [INFO] IPUIPlugin:80 - create IPUIPlugin
2024-05-01 15:15:39,336 [INFO] PluginManager:220 - loadIPPluginJar : add gpio
2024-05-01 15:15:39,489 [INFO] IPUIPlugin:80 - create IPUIPlugin
2024-05-01 15:15:39,489 [INFO] PluginManager:220 - loadIPPluginJar : add gtzc
2024-05-01 15:15:39,546 [INFO] IPUIPlugin:80 - create IPUIPlugin
2024-05-01 15:15:39,546 [INFO] PluginManager:220 - loadIPPluginJar : add hash
2024-05-01 15:15:39,633 [INFO] IPUIPlugin:80 - create IPUIPlugin
2024-05-01 15:15:39,633 [INFO] PluginManager:220 - loadIPPluginJar : add i2c
2024-05-01 15:15:39,703 [INFO] IPUIPlugin:80 - create IPUIPlugin
2024-05-01 15:15:39,703 [INFO] PluginManager:220 - loadIPPluginJar : add i2s
2024-05-01 15:15:39,763 [INFO] IPUIPlugin:80 - create IPUIPlugin
2024-05-01 15:15:39,764 [INFO] PluginManager:220 - loadIPPluginJar : add i3c
2024-05-01 15:15:39,900 [INFO] IPUIPlugin:80 - create IPUIPlugin
2024-05-01 15:15:39,901 [INFO] PluginManager:220 - loadIPPluginJar : add ipddr
2024-05-01 15:15:40,004 [INFO] IPUIPlugin:80 - create IPUIPlugin
2024-05-01 15:15:40,005 [INFO] PluginManager:220 - loadIPPluginJar : add linkedlist
2024-05-01 15:15:40,049 [INFO] IPUIPlugin:80 - create IPUIPlugin
2024-05-01 15:15:40,049 [INFO] PluginManager:220 - loadIPPluginJar : add lorawan
2024-05-01 15:15:40,091 [INFO] IPUIPlugin:80 - create IPUIPlugin
2024-05-01 15:15:40,092 [INFO] PluginManager:220 - loadIPPluginJar : add ltdc
2024-05-01 15:15:40,110 [INFO] IPUIPlugin:80 - create IPUIPlugin
2024-05-01 15:15:40,111 [INFO] PluginManager:220 - loadIPPluginJar : add mdma
2024-05-01 15:15:40,126 [INFO] IPUIPlugin:80 - create IPUIPlugin
2024-05-01 15:15:40,127 [INFO] PluginManager:220 - loadIPPluginJar : add nvic
2024-05-01 15:15:40,169 [INFO] IPUIPlugin:80 - create IPUIPlugin
2024-05-01 15:15:40,170 [INFO] PluginManager:220 - loadIPPluginJar : add opamp
2024-05-01 15:15:40,239 [INFO] IPUIPlugin:80 - create IPUIPlugin
2024-05-01 15:15:40,239 [INFO] PluginManager:220 - loadIPPluginJar : add openamp
2024-05-01 15:15:40,293 [INFO] IPUIPlugin:80 - create IPUIPlugin
2024-05-01 15:15:40,293 [INFO] PluginManager:220 - loadIPPluginJar : add pdm2pcm
2024-05-01 15:15:40,312 [INFO] IPUIPlugin:80 - create IPUIPlugin
2024-05-01 15:15:40,315 [INFO] PluginManager:220 - loadIPPluginJar : add plateformsettings
2024-05-01 15:15:40,344 [INFO] IPUIPlugin:80 - create IPUIPlugin
2024-05-01 15:15:40,344 [INFO] PluginManager:220 - loadIPPluginJar : add quadspi
2024-05-01 15:15:40,367 [INFO] IPUIPlugin:80 - create IPUIPlugin
2024-05-01 15:15:40,367 [INFO] PluginManager:220 - loadIPPluginJar : add resmgrutility
2024-05-01 15:15:40,457 [INFO] IPUIPlugin:80 - create IPUIPlugin
2024-05-01 15:15:40,458 [INFO] PluginManager:220 - loadIPPluginJar : add sai
2024-05-01 15:15:40,507 [INFO] IPUIPlugin:80 - create IPUIPlugin
2024-05-01 15:15:40,508 [INFO] PluginManager:220 - loadIPPluginJar : add spi
2024-05-01 15:15:40,640 [INFO] IPUIPlugin:80 - create IPUIPlugin
2024-05-01 15:15:40,640 [INFO] PluginManager:220 - loadIPPluginJar : add stm32_wpan
2024-05-01 15:15:40,676 [INFO] IPUIPlugin:80 - create IPUIPlugin
2024-05-01 15:15:40,676 [INFO] PluginManager:220 - loadIPPluginJar : add tim
2024-05-01 15:15:40,742 [INFO] IPUIPlugin:80 - create IPUIPlugin
2024-05-01 15:15:40,742 [INFO] PluginManager:220 - loadIPPluginJar : add touchsensing
2024-05-01 15:15:40,771 [INFO] IPUIPlugin:80 - create IPUIPlugin
2024-05-01 15:15:40,771 [INFO] PluginManager:220 - loadIPPluginJar : add tracer_emb
2024-05-01 15:15:40,799 [INFO] IPUIPlugin:80 - create IPUIPlugin
2024-05-01 15:15:40,800 [INFO] PluginManager:220 - loadIPPluginJar : add ts
2024-05-01 15:15:40,825 [INFO] IPUIPlugin:80 - create IPUIPlugin
2024-05-01 15:15:40,825 [INFO] PluginManager:220 - loadIPPluginJar : add tsc
2024-05-01 15:15:40,849 [INFO] ThirdPartyUpdaterWithRetryManager:70 - Updater plugin not ready yet. [2/15]
2024-05-01 15:15:40,853 [INFO] IPUIPlugin:80 - create IPUIPlugin
2024-05-01 15:15:40,853 [INFO] PluginManager:220 - loadIPPluginJar : add ucpd
2024-05-01 15:15:40,905 [INFO] IPUIPlugin:80 - create IPUIPlugin
2024-05-01 15:15:40,905 [INFO] PluginManager:220 - loadIPPluginJar : add usart
2024-05-01 15:15:40,958 [INFO] IPUIPlugin:80 - create IPUIPlugin
2024-05-01 15:15:40,958 [INFO] PluginManager:220 - loadIPPluginJar : add usbx
2024-05-01 15:15:41,112 [INFO] CADModel:165 - CPN selected for project level
2024-05-01 15:15:41,112 [INFO] CADModel:114 - Register for checkConnection events
2024-05-01 15:15:41,112 [FATAL] Updater:308 - Updater called before beeing initialized
2024-05-01 15:15:41,112 [ERROR] CADModel:125 - Updater not yet initialized, retry later 
2024-05-01 15:15:41,316 [INFO] CADModel:165 - CPN selected for project level
2024-05-01 15:15:41,316 [INFO] CADModel:114 - Register for checkConnection events
2024-05-01 15:15:41,316 [FATAL] Updater:308 - Updater called before beeing initialized
2024-05-01 15:15:41,317 [ERROR] CADModel:125 - Updater not yet initialized, retry later 
2024-05-01 15:15:41,321 [FATAL] Updater:308 - Updater called before beeing initialized
2024-05-01 15:15:41,484 [FATAL] Updater:308 - Updater called before beeing initialized
2024-05-01 15:15:41,496 [INFO] DbMcusAds:53 - JSON generation date=Wed Nov 29 04:52:27 CST 2023 (1701255147349)
2024-05-01 15:15:41,497 [FATAL] Updater:308 - Updater called before beeing initialized
2024-05-01 15:15:41,601 [WARN] DetailPanel:346 - Failed to get advertising image, set to default
2024-05-01 15:15:41,737 [FATAL] Updater:308 - Updater called before beeing initialized
2024-05-01 15:15:41,740 [FATAL] Updater:308 - Updater called before beeing initialized
2024-05-01 15:15:41,740 [FATAL] Updater:308 - Updater called before beeing initialized
2024-05-01 15:15:41,740 [WARN] DetailPanel:346 - Failed to get advertising image, set to default
2024-05-01 15:15:41,741 [FATAL] Updater:308 - Updater called before beeing initialized
2024-05-01 15:15:41,858 [ERROR] Updater:1120 - MainUpdater not yet initialized. External WinMGr cannot be set.
2024-05-01 15:15:41,872 [INFO] Updater:1056 - Updater Version found : 6.10.0
2024-05-01 15:15:41,892 [INFO] ApplicationProperties:184 - Using Application install path: C:\ST\STM32CubeIDE_1.14.1\STM32CubeIDE\plugins\com.st.stm32cube.common.mx_6.10.0.202311202037
2024-05-01 15:15:43,486 [ERROR] LogOutputStream:75 - [STDERR_REDIRECT] May 01, 2024 3:15:43 PM java.util.prefs.WindowsPreferences <init>
2024-05-01 15:15:43,488 [ERROR] LogOutputStream:75 - [STDERR_REDIRECT] WARNING: Could not open/create prefs root node Software\JavaSoft\Prefs at root 0xffffffff80000002. Windows RegCreateKeyEx(...) returned error code 5.
2024-05-01 15:15:43,488 [ERROR] LogOutputStream:75 - [STDERR_REDIRECT] 
2024-05-01 15:15:43,850 [INFO] ThirdPartyUpdaterWithRetryManager:70 - Updater plugin not ready yet. [3/15]
2024-05-01 15:15:44,025 [INFO] MainUpdater:2873 - connection check result : 10
2024-05-01 15:15:44,026 [INFO] MainUpdater:290 - Updater Check For Update Now.
2024-05-01 15:15:44,026 [INFO] MicroXplorer:498 - Change Database Version : DB.6.0.100
2024-05-01 15:15:44,062 [INFO] McuFinderGlobals:63 - Set McuFinder mode to 2 (CubeIDE integrated)
2024-05-01 15:15:44,062 [INFO] UserAuth:180 - activating auth plugin
2024-05-01 15:15:44,068 [INFO] UserAuth:404 - Internet connection configuration mode: 1
2024-05-01 15:15:44,118 [INFO] JxBrowserEngine:152 - Initiate JxBrowser Engine with user profile folder
2024-05-01 15:15:44,286 [INFO] CheckServerUpdateThread:120 - End of CheckServer Thread
2024-05-01 15:15:47,215 [WARN] PackLoader:240 - Cannot read IP mode file for STMicroelectronics.FP-SNS-MOTENVWB1.1.4.0
2024-05-01 15:15:47,245 [WARN] PackLoader:240 - Cannot read IP mode file for STMicroelectronics.X-CUBE-SMBUS.2.1.0
2024-05-01 15:15:47,271 [WARN] PackLoader:240 - Cannot read IP mode file for STMicroelectronics.X-CUBE-TOUCHGFX.4.23.1
2024-05-01 15:15:47,294 [WARN] PackLoader:240 - Cannot read IP mode file for STMicroelectronics.X-CUBE-TOUCHGFX.4.23.0
2024-05-01 15:15:47,317 [WARN] PackLoader:240 - Cannot read IP mode file for STMicroelectronics.X-CUBE-TOUCHGFX.4.23.2
2024-05-01 15:15:47,387 [WARN] PackLoader:240 - Cannot read IP mode file for STMicroelectronics.X-CUBE-AZRTOS-F7.1.1.0
2024-05-01 15:15:47,421 [WARN] PackLoader:240 - Cannot read IP mode file for STMicroelectronics.FP-SNS-MOTENV1.4.3.2
2024-05-01 15:15:47,450 [WARN] PackLoader:240 - Cannot read IP mode file for STMicroelectronics.FP-SNS-FLIGHT1.5.0.2
2024-05-01 15:15:47,479 [WARN] PackLoader:240 - Cannot read IP mode file for STMicroelectronics.X-CUBE-DISPLAY.3.0.0
2024-05-01 15:15:47,514 [WARN] PackLoader:240 - Cannot read IP mode file for STMicroelectronics.X-CUBE-BLE1.7.0.0
2024-05-01 15:15:47,541 [WARN] PackLoader:240 - Cannot read IP mode file for emotas.I-CUBE-CANOPEN.1.3.0
2024-05-01 15:15:47,579 [WARN] PackLoader:240 - Cannot read IP mode file for STMicroelectronics.X-CUBE-BLEMGR.3.1.0
2024-05-01 15:15:47,614 [WARN] PackLoader:240 - Cannot read IP mode file for STMicroelectronics.FP-SNS-SMARTAG2.1.2.0
2024-05-01 15:15:47,653 [INFO] LogOutputStream:77 - [STDOUT_REDIRECT] 1 : Invalid condition id : UX_CORESTACK_Condition cause : null
2024-05-01 15:15:47,654 [INFO] LogOutputStream:77 - [STDOUT_REDIRECT] 1 : Invalid condition id : UX_CORESTACK_Condition cause : null
2024-05-01 15:15:47,656 [INFO] LogOutputStream:77 - [STDOUT_REDIRECT] 1 : Invalid condition id : UX_CORESTACK_Condition cause : null
2024-05-01 15:15:47,658 [INFO] LogOutputStream:77 - [STDOUT_REDIRECT] 1 : Invalid condition id : UX_CORESTACK_Condition cause : null
2024-05-01 15:15:47,659 [INFO] LogOutputStream:77 - [STDOUT_REDIRECT] 1 : Invalid condition id : UX_CORESTACK_Condition cause : null
2024-05-01 15:15:47,663 [WARN] PackLoader:240 - Cannot read IP mode file for STMicroelectronics.X-CUBE-AZRTOS-WL.2.0.0
2024-05-01 15:15:47,692 [WARN] PackLoader:240 - Cannot read IP mode file for STMicroelectronics.FP-SNS-MOTENV1.5.0.0
2024-05-01 15:15:47,729 [WARN] PackLoader:240 - Cannot read IP mode file for WES.I-CUBE-Cesium.1.3.0
2024-05-01 15:15:47,764 [WARN] PackLoader:240 - Cannot read IP mode file for STMicroelectronics.X-CUBE-BLE2.3.3.0
2024-05-01 15:15:47,787 [WARN] PackLoader:240 - Cannot read IP mode file for STMicroelectronics.X-CUBE-TCPP.4.1.0
2024-05-01 15:15:47,815 [WARN] PackLoader:240 - Cannot read IP mode file for STMicroelectronics.X-CUBE-ALGOBUILD.1.3.0
2024-05-01 15:15:47,978 [WARN] PackLoader:240 - Cannot read IP mode file for STMicroelectronics.X-CUBE-AZRTOS-G0.1.1.0
2024-05-01 15:15:48,021 [WARN] PackLoader:240 - Cannot read IP mode file for STMicroelectronics.X-CUBE-SAFEA1.1.2.2
2024-05-01 15:15:48,058 [WARN] PackLoader:240 - Cannot read IP mode file for STMicroelectronics.X-CUBE-NFC4.3.0.0
2024-05-01 15:15:48,101 [WARN] PackLoader:240 - Cannot read IP mode file for STMicroelectronics.X-CUBE-BLEMGR.3.0.0
2024-05-01 15:15:48,127 [WARN] PackLoader:240 - Cannot read IP mode file for STMicroelectronics.FP-ATR-SIGFOX1.3.2.0
2024-05-01 15:15:48,157 [WARN] PackLoader:240 - Cannot read IP mode file for STMicroelectronics.X-CUBE-EEPRMA1.5.1.0
2024-05-01 15:15:48,232 [WARN] PackLoader:240 - Cannot read IP mode file for SEGGER.I-CUBE-embOS.1.3.1
2024-05-01 15:15:48,323 [WARN] PackLoader:240 - Cannot read IP mode file for STMicroelectronics.X-CUBE-GNSS1.6.0.0
2024-05-01 15:15:48,376 [WARN] PackLoader:240 - Cannot read IP mode file for STMicroelectronics.X-CUBE-AZRTOS-F4.1.1.0
2024-05-01 15:15:48,406 [WARN] PackLoader:240 - Cannot read IP mode file for STMicroelectronics.X-CUBE-FREERTOS.1.2.0
2024-05-01 15:15:48,431 [WARN] PackLoader:240 - Cannot read IP mode file for wolfSSL.I-CUBE-wolfSSL.5.6.6
2024-05-01 15:15:48,467 [WARN] PackLoader:240 - Cannot read IP mode file for STMicroelectronics.X-CUBE-AZRTOS-L5.2.0.0
2024-05-01 15:15:48,488 [WARN] PackLoader:240 - Cannot read IP mode file for STMicroelectronics.X-CUBE-EEPRMA1.4.2.0
2024-05-01 15:15:48,507 [WARN] PackLoader:240 - Cannot read IP mode file for STMicroelectronics.X-CUBE-NFC6.3.1.0
2024-05-01 15:15:48,523 [WARN] PackLoader:240 - Cannot read IP mode file for ITTIA_DB.I-CUBE-ITTIADB.8.8.0
2024-05-01 15:15:48,538 [WARN] PackLoader:240 - Cannot read IP mode file for STMicroelectronics.X-CUBE-AI.9.0.0
2024-05-01 15:15:48,552 [WARN] PackLoader:240 - Cannot read IP mode file for STMicroelectronics.X-CUBE-NFC7.1.0.1
2024-05-01 15:15:48,569 [WARN] PackLoader:240 - Cannot read IP mode file for STMicroelectronics.X-CUBE-NFC6.3.0.0
2024-05-01 15:15:48,591 [WARN] PackLoader:240 - Cannot read IP mode file for STMicroelectronics.X-CUBE-AI.8.1.0
2024-05-01 15:15:48,592 [INFO] WebApp:161 - Instantiating new browser for Auth
2024-05-01 15:15:48,675 [WARN] ConditionMgr:438 - getConditionDescription Invalid condition id : LAN8742 Phy interface Condition cause : null
2024-05-01 15:15:48,677 [WARN] PackLoader:240 - Cannot read IP mode file for STMicroelectronics.X-CUBE-AZRTOS-L4.2.0.0
2024-05-01 15:15:48,679 [WARN] ConditionMgr:1039 - genDependencies : Invalid condition id : LAN8742 Phy interface Condition cause : null
2024-05-01 15:15:48,680 [WARN] ConditionMgr:1039 - genDependencies : Invalid condition id : LAN8742 Phy interface Condition cause : null
2024-05-01 15:15:48,681 [WARN] ConditionMgr:1039 - genDependencies : Invalid condition id : LAN8742 Phy interface Condition cause : null
2024-05-01 15:15:48,705 [WARN] PackLoader:240 - Cannot read IP mode file for STMicroelectronics.X-CUBE-SFXS2LP1.4.0.0
2024-05-01 15:15:48,738 [WARN] ConditionMgr:438 - getConditionDescription Invalid condition id : UX DEVICE CLASS RTOS Condition cause : null
2024-05-01 15:15:48,738 [WARN] ConditionMgr:438 - getConditionDescription Invalid condition id : UX DEVICE CLASS RTOS Condition cause : null
2024-05-01 15:15:48,741 [WARN] PackLoader:240 - Cannot read IP mode file for STMicroelectronics.X-CUBE-AZRTOS-WB.2.0.0
2024-05-01 15:15:48,741 [WARN] ConditionMgr:1039 - genDependencies : Invalid condition id : UX DEVICE CLASS RTOS Condition cause : null
2024-05-01 15:15:48,742 [WARN] ConditionMgr:1039 - genDependencies : Invalid condition id : UX DEVICE CLASS RTOS Condition cause : null
2024-05-01 15:15:48,742 [WARN] ConditionMgr:1039 - genDependencies : Invalid condition id : UX DEVICE CLASS RTOS Condition cause : null
2024-05-01 15:15:48,742 [WARN] ConditionMgr:1039 - genDependencies : Invalid condition id : UX DEVICE CLASS RTOS Condition cause : null
2024-05-01 15:15:48,743 [WARN] ConditionMgr:1039 - genDependencies : Invalid condition id : UX DEVICE CLASS RTOS Condition cause : null
2024-05-01 15:15:48,769 [WARN] PackLoader:240 - Cannot read IP mode file for STMicroelectronics.X-CUBE-SUBG2.5.0.0
2024-05-01 15:15:48,810 [WARN] PackLoader:240 - Cannot read IP mode file for STMicroelectronics.X-CUBE-AZRTOS-G4.2.0.0
2024-05-01 15:15:48,849 [WARN] PackLoader:240 - Cannot read IP mode file for Infineon.AIROC-Wi-Fi-Bluetooth-STM32.1.5.1
2024-05-01 15:15:48,869 [WARN] PackLoader:240 - Cannot read IP mode file for STMicroelectronics.FP-SNS-MOTENVWB1.1.3.1
2024-05-01 15:15:48,886 [WARN] PackLoader:240 - Cannot read IP mode file for STMicroelectronics.X-CUBE-ISPU.2.0.0
2024-05-01 15:15:48,946 [WARN] PackLoader:240 - Cannot read IP mode file for STMicroelectronics.X-CUBE-MEMS1.10.0.0
2024-05-01 15:15:49,080 [WARN] PackLoader:240 - Cannot read IP mode file for STMicroelectronics.X-CUBE-FREERTOS.1.1.0
2024-05-01 15:15:49,098 [WARN] PackLoader:240 - Cannot read IP mode file for portGmbH.I-Cube-SoM-uGOAL.1.1.0
2024-05-01 15:15:49,112 [WARN] PackLoader:240 - Cannot read IP mode file for STMicroelectronics.X-CUBE-ALS.1.0.1
2024-05-01 15:15:49,146 [WARN] PackLoader:240 - Cannot read IP mode file for STMicroelectronics.X-CUBE-AZRTOS-H7RS.1.0.0
2024-05-01 15:15:49,162 [WARN] PackLoader:240 - Cannot read IP mode file for STMicroelectronics.FP-ATR-ASTRA1.2.0.0
2024-05-01 15:15:49,184 [WARN] PackLoader:240 - Cannot read IP mode file for STMicroelectronics.X-CUBE-TOF1.3.4.0
2024-05-01 15:15:49,213 [WARN] PackLoader:240 - Cannot read IP mode file for STMicroelectronics.X-CUBE-TOF1.3.4.1
2024-05-01 15:15:49,278 [WARN] PackLoader:240 - Cannot read IP mode file for STMicroelectronics.X-CUBE-AZRTOS-H7.3.2.0
2024-05-01 15:15:49,283 [INFO] ThirdParty:978 - Integrity check success = true
2024-05-01 15:15:49,283 [INFO] IntegrityCheckThread:100 - exiting critical section [integrity check]
2024-05-01 15:15:49,283 [INFO] IntegrityCheckThread:103 - End integrity checks thread
2024-05-01 15:15:49,679 [INFO] WebApp:780 - Register for checkConnection events
2024-05-01 15:15:49,679 [INFO] WebApp:414 - Apply proxy settings
2024-05-01 15:15:49,679 [INFO] WebApp:499 - Chromium requires no authentication
2024-05-01 15:15:49,709 [INFO] WebApp:442 - Direct internet connection detected
2024-05-01 15:15:50,025 [INFO] WebApp:192 - Starting web application
2024-05-01 15:15:50,026 [INFO] WebApp:544 - Web application path used C:\ST\STM32CubeIDE_1.14.1\STM32CubeIDE\plugins\com.st.stm32cube.common.mx_6.10.0.202311202037\db\plugins\mcufinder\reactClient1\index.html
2024-05-01 15:16:11,278 [ERROR] LogOutputStream:75 - [STDERR_REDIRECT] SLF4J: Failed to load class "org.slf4j.impl.StaticLoggerBinder".
2024-05-01 15:16:11,279 [ERROR] LogOutputStream:75 - [STDERR_REDIRECT] SLF4J: Defaulting to no-operation (NOP) logger implementation
2024-05-01 15:16:11,280 [ERROR] LogOutputStream:75 - [STDERR_REDIRECT] SLF4J: See http://www.slf4j.org/codes.html#StaticLoggerBinder for further details.
2024-05-01 18:06:27,949 [ERROR] LogOutputStream:75 - [STDERR_REDIRECT] 
