2024-04-10 12:27:05,754 [INFO] Activator:176 - 


2024-04-10 12:27:05,760 [INFO] Activator:177 - !SESSION log4j initialized
2024-04-10 12:27:14,900 [INFO] LogOutputStream:77 - [STDOUT_REDIRECT] 
2024-04-10 12:27:17,239 [INFO] ApplicationProperties:184 - Using Application install path: C:\ST\STM32CubeIDE_1.14.1\STM32CubeIDE\plugins\com.st.stm32cube.common.mx_6.10.0.202311202037
2024-04-10 12:27:17,286 [INFO] DbMcusXml:78 - Set database path to: C:\ST\STM32CubeIDE_1.14.1\STM32CubeIDE\plugins\com.st.stm32cube.common.mx_6.10.0.202311202037\\db\/mcu/
2024-04-10 12:27:17,286 [INFO] ApiDb:274 - Set plugin database path to: C:\ST\STM32CubeIDE_1.14.1\STM32CubeIDE\plugins\com.st.stm32cube.common.mx_6.10.0.202311202037\\db\/plugins/boardmanager/
2024-04-10 12:27:17,286 [WARN] ApiDb:259 - Overriding images path with different value:  => C:\ST\STM32CubeIDE_1.14.1\STM32CubeIDE\plugins\com.st.stm32cube.common.mx_6.10.0.202311202037\\db\/plugins/mcufinder/images/
2024-04-10 12:27:17,301 [INFO] ApiDb:250 - Set database path to: C:\Users\TuranyElijah\.stmcufinder\plugins\mcufinder//mcu/
2024-04-10 12:27:17,301 [INFO] DbMcusAds:125 - Set database path to: C:\Users\TuranyElijah\.stmcufinder\plugins\mcufinder//mcu/
2024-04-10 12:27:17,317 [INFO] CrossReferenceDbSqlite:203 - Set database path to: C:\Users\TuranyElijah\.stmcufinder\plugins\mcufinder//mcu/cs/
2024-04-10 12:27:17,521 [INFO] RulesReader:64 - Compatibility file has been processed (297 Rules)
2024-04-10 12:27:17,646 [INFO] DbMcusXml:78 - Set database path to: C:\ST\STM32CubeIDE_1.14.1\STM32CubeIDE\plugins\com.st.stm32cube.common.mx_6.10.0.202311202037\\db\/mcu/
2024-04-10 12:27:17,646 [INFO] ApiDb:274 - Set plugin database path to: C:\ST\STM32CubeIDE_1.14.1\STM32CubeIDE\plugins\com.st.stm32cube.common.mx_6.10.0.202311202037\\db\/plugins/boardmanager/
2024-04-10 12:27:17,646 [INFO] ApiDb:261 - Set plugin images path to: C:\ST\STM32CubeIDE_1.14.1\STM32CubeIDE\plugins\com.st.stm32cube.common.mx_6.10.0.202311202037\\db\/plugins/mcufinder/images/
2024-04-10 12:27:17,646 [WARN] DbFile:41 - Overriding database path with different value: C:\Users\TuranyElijah\.stmcufinder\plugins\mcufinder/ => C:\Users\TuranyElijah\.stmcufinder\plugins\mcufinder
2024-04-10 12:27:17,646 [INFO] ApiDb:250 - Set database path to: C:\Users\TuranyElijah\.stmcufinder\plugins\mcufinder//mcu/
2024-04-10 12:27:17,646 [WARN] DbFile:41 - Overriding database path with different value: C:\Users\TuranyElijah\.stmcufinder\plugins\mcufinder/ => C:\Users\TuranyElijah\.stmcufinder\plugins\mcufinder
2024-04-10 12:27:17,646 [INFO] DbMcusAds:125 - Set database path to: C:\Users\TuranyElijah\.stmcufinder\plugins\mcufinder//mcu/
2024-04-10 12:27:17,646 [WARN] DbFile:41 - Overriding database path with different value: C:\Users\TuranyElijah\.stmcufinder\plugins\mcufinder/ => C:\Users\TuranyElijah\.stmcufinder\plugins\mcufinder
2024-04-10 12:27:17,646 [WARN] DbFile:41 - Overriding database path with different value: C:\Users\TuranyElijah\.stmcufinder\plugins\mcufinder/ => C:\Users\TuranyElijah\.stmcufinder\plugins\mcufinder
2024-04-10 12:27:17,646 [INFO] CrossReferenceDbSqlite:203 - Set database path to: C:\Users\TuranyElijah\.stmcufinder\plugins\mcufinder//mcu/cs/
2024-04-10 12:27:17,740 [INFO] MainPanel:264 - HeapMemory: 268435456
2024-04-10 12:27:17,866 [INFO] DbMcusXml:78 - Set database path to: C:\ST\STM32CubeIDE_1.14.1\STM32CubeIDE\plugins\com.st.stm32cube.common.mx_6.10.0.202311202037\\db\/mcu/
2024-04-10 12:27:17,866 [INFO] ApiDb:274 - Set plugin database path to: C:\ST\STM32CubeIDE_1.14.1\STM32CubeIDE\plugins\com.st.stm32cube.common.mx_6.10.0.202311202037\\db\/plugins/boardmanager/
2024-04-10 12:27:17,866 [INFO] ApiDb:261 - Set plugin images path to: C:\ST\STM32CubeIDE_1.14.1\STM32CubeIDE\plugins\com.st.stm32cube.common.mx_6.10.0.202311202037\\db\/plugins/mcufinder/images/
2024-04-10 12:27:17,866 [WARN] DbFile:41 - Overriding database path with different value: C:\Users\TuranyElijah\.stmcufinder\plugins\mcufinder/ => C:\Users\TuranyElijah\.stmcufinder\plugins\mcufinder
2024-04-10 12:27:17,866 [INFO] ApiDb:250 - Set database path to: C:\Users\TuranyElijah\.stmcufinder\plugins\mcufinder//mcu/
2024-04-10 12:27:17,866 [WARN] DbFile:41 - Overriding database path with different value: C:\Users\TuranyElijah\.stmcufinder\plugins\mcufinder/ => C:\Users\TuranyElijah\.stmcufinder\plugins\mcufinder
2024-04-10 12:27:17,866 [INFO] DbMcusAds:125 - Set database path to: C:\Users\TuranyElijah\.stmcufinder\plugins\mcufinder//mcu/
2024-04-10 12:27:17,866 [WARN] DbFile:41 - Overriding database path with different value: C:\Users\TuranyElijah\.stmcufinder\plugins\mcufinder/ => C:\Users\TuranyElijah\.stmcufinder\plugins\mcufinder
2024-04-10 12:27:17,866 [WARN] DbFile:41 - Overriding database path with different value: C:\Users\TuranyElijah\.stmcufinder\plugins\mcufinder/ => C:\Users\TuranyElijah\.stmcufinder\plugins\mcufinder
2024-04-10 12:27:17,866 [INFO] CrossReferenceDbSqlite:203 - Set database path to: C:\Users\TuranyElijah\.stmcufinder\plugins\mcufinder//mcu/cs/
2024-04-10 12:27:17,903 [INFO] ApplicationProperties:184 - Using Application install path: C:\ST\STM32CubeIDE_1.14.1\STM32CubeIDE\plugins\com.st.stm32cube.common.mx_6.10.0.202311202037
2024-04-10 12:27:17,903 [INFO] PluginManage:196 - Search for loadable plugins [exclusion list=, ]
2024-04-10 12:27:17,903 [INFO] PluginManage:310 - Check plugin analytics
2024-04-10 12:27:18,133 [INFO] AnalyticsPlugin:253 - Accepted Software Licenses: STM32CubeMX.6.10.0
2024-04-10 12:27:18,133 [INFO] AnalyticsPlugin:255 - Accepted CMSIS Pack Licenses: 
2024-04-10 12:27:18,133 [INFO] AnalyticsPlugin:257 - Accepted Firmware Licenses: 
2024-04-10 12:27:18,133 [INFO] PluginManage:359 - Loaded plugin analytics (category:tool,tabindex:-1)
2024-04-10 12:27:18,133 [INFO] PluginManage:310 - Check plugin cadmodel
2024-04-10 12:27:18,148 [INFO] CADModel:105 - Init CAD model plugin
2024-04-10 12:27:18,148 [INFO] PluginManage:359 - Loaded plugin cadmodel (category:power,tabindex:5)
2024-04-10 12:27:18,148 [INFO] PluginManage:310 - Check plugin clock
2024-04-10 12:27:18,180 [INFO] PluginManage:359 - Loaded plugin clock (category:base,tabindex:2)
2024-04-10 12:27:18,180 [INFO] PluginManage:310 - Check plugin ddr
2024-04-10 12:27:18,180 [INFO] PluginManage:359 - Loaded plugin ddr (category:tool,tabindex:6)
2024-04-10 12:27:18,180 [INFO] PluginManage:310 - Check plugin filemanager
2024-04-10 12:27:18,368 [INFO] PluginManage:359 - Loaded plugin filemanager (category:base,tabindex:10)
2024-04-10 12:27:18,368 [INFO] PluginManage:310 - Check plugin ipmanager
2024-04-10 12:27:18,368 [INFO] PluginManage:359 - Loaded plugin ipmanager (category:base,tabindex:5)
2024-04-10 12:27:18,384 [INFO] PluginManage:310 - Check plugin lpbam
2024-04-10 12:27:18,404 [INFO] PluginManage:359 - Loaded plugin lpbam (category:base,tabindex:0)
2024-04-10 12:27:18,404 [INFO] PluginManage:310 - Check plugin memorymap
2024-04-10 12:27:18,431 [INFO] PluginManage:359 - Loaded plugin memorymap (category:base,tabindex:4)
2024-04-10 12:27:18,431 [INFO] PluginManage:310 - Check plugin pinoutandconfiguration
2024-04-10 12:27:18,446 [INFO] PluginManage:359 - Loaded plugin pinoutandconfiguration (category:base,tabindex:1)
2024-04-10 12:27:18,446 [INFO] PluginManage:310 - Check plugin pinoutconfig
2024-04-10 12:27:18,572 [WARN] SupportedApi:132 - Cannot load RTOS API schema: s4s-elt-must-match.1: The content of 'definitions' must match (annotation?, (simpleType | complexType)?, (unique | key | keyref)*)). A problem was found starting at: attribute.
2024-04-10 12:27:18,729 [INFO] PluginManage:359 - Loaded plugin pinoutconfig (category:base,tabindex:0)
2024-04-10 12:27:18,729 [INFO] PluginManage:310 - Check plugin power
2024-04-10 12:27:18,760 [INFO] PluginManage:359 - Loaded plugin power (category:power,tabindex:4)
2024-04-10 12:27:18,760 [INFO] PluginManage:310 - Check plugin projectmanager
2024-04-10 12:27:18,776 [INFO] PluginManage:359 - Loaded plugin projectmanager (category:projectmanager,tabindex:3)
2024-04-10 12:27:18,776 [INFO] PluginManage:310 - Check plugin thirdparty
2024-04-10 12:27:19,058 [INFO] PluginManage:359 - Loaded plugin thirdparty (category:base,tabindex:-1)
2024-04-10 12:27:19,058 [WARN] IntegrityCheckThread:84 - waiting for thirdparty lock release [integrity check]
2024-04-10 12:27:19,058 [INFO] PluginManage:310 - Check plugin tools
2024-04-10 12:27:19,058 [INFO] IntegrityCheckThread:86 - entering critical section [integrity check]
2024-04-10 12:27:19,058 [INFO] ThirdPartyUpdaterWithRetryManager:70 - Updater plugin not ready yet. [1/15]
2024-04-10 12:27:19,089 [INFO] PluginManage:359 - Loaded plugin tools (category:base,tabindex:7)
2024-04-10 12:27:19,089 [INFO] PluginManage:310 - Check plugin tutovideos
2024-04-10 12:27:19,309 [INFO] PluginManage:359 - Loaded plugin tutovideos (category:base,tabindex:-1)
2024-04-10 12:27:19,309 [INFO] PluginManage:310 - Check plugin updater
2024-04-10 12:27:19,325 [INFO] PluginManage:359 - Loaded plugin updater (category:base,tabindex:12)
2024-04-10 12:27:19,325 [INFO] PluginManage:310 - Check plugin userauth
2024-04-10 12:27:19,325 [INFO] UserAuth:114 - Init User Auth plugin
2024-04-10 12:27:19,325 [INFO] PluginManage:359 - Loaded plugin userauth (category:base,tabindex:14)
2024-04-10 12:27:19,341 [INFO] PluginManage:283 - PluginManage : Loaded plugins [17]
2024-04-10 12:27:19,591 [INFO] PinOutPanel:1499 - setPackage(No Configuration,No Configuration)
2024-04-10 12:27:19,686 [INFO] CADModel:165 - CPN selected for project level
2024-04-10 12:27:19,686 [INFO] CADModel:114 - Register for checkConnection events
2024-04-10 12:27:19,707 [INFO] IPUIPlugin:80 - create IPUIPlugin
2024-04-10 12:27:19,707 [INFO] PluginManager:220 - loadIPPluginJar : add adc
2024-04-10 12:27:19,749 [INFO] IPUIPlugin:80 - create IPUIPlugin
2024-04-10 12:27:19,749 [INFO] PluginManager:220 - loadIPPluginJar : add aes
2024-04-10 12:27:19,780 [INFO] IPUIPlugin:80 - create IPUIPlugin
2024-04-10 12:27:19,780 [INFO] PluginManager:220 - loadIPPluginJar : add can
2024-04-10 12:27:19,807 [INFO] IPUIPlugin:80 - create IPUIPlugin
2024-04-10 12:27:19,807 [INFO] PluginManager:220 - loadIPPluginJar : add comp
2024-04-10 12:27:19,827 [INFO] IPUIPlugin:80 - create IPUIPlugin
2024-04-10 12:27:19,827 [INFO] PluginManager:220 - loadIPPluginJar : add cryp
2024-04-10 12:27:19,874 [INFO] IPUIPlugin:80 - create IPUIPlugin
2024-04-10 12:27:19,874 [INFO] PluginManager:220 - loadIPPluginJar : add dfsdm
2024-04-10 12:27:19,890 [INFO] IPUIPlugin:80 - create IPUIPlugin
2024-04-10 12:27:19,890 [INFO] PluginManager:220 - loadIPPluginJar : add dma
2024-04-10 12:27:19,921 [INFO] IPUIPlugin:80 - create IPUIPlugin
2024-04-10 12:27:19,921 [INFO] PluginManager:220 - loadIPPluginJar : add dma3
2024-04-10 12:27:19,937 [INFO] IPUIPlugin:80 - create IPUIPlugin
2024-04-10 12:27:19,937 [INFO] PluginManager:220 - loadIPPluginJar : add fatfs
2024-04-10 12:27:19,999 [INFO] IPUIPlugin:80 - create IPUIPlugin
2024-04-10 12:27:19,999 [INFO] PluginManager:220 - loadIPPluginJar : add fmc
2024-04-10 12:27:20,015 [INFO] IPUIPlugin:80 - create IPUIPlugin
2024-04-10 12:27:20,015 [INFO] PluginManager:220 - loadIPPluginJar : add freertos
2024-04-10 12:27:20,031 [INFO] IPUIPlugin:80 - create IPUIPlugin
2024-04-10 12:27:20,031 [INFO] PluginManager:220 - loadIPPluginJar : add genericplugin
2024-04-10 12:27:20,125 [INFO] IPUIPlugin:80 - create IPUIPlugin
2024-04-10 12:27:20,125 [INFO] PluginManager:220 - loadIPPluginJar : add gfxmmu
2024-04-10 12:27:20,251 [INFO] IPUIPlugin:80 - create IPUIPlugin
2024-04-10 12:27:20,251 [INFO] PluginManager:220 - loadIPPluginJar : add gic
2024-04-10 12:27:20,282 [INFO] IPUIPlugin:80 - create IPUIPlugin
2024-04-10 12:27:20,282 [INFO] PluginManager:220 - loadIPPluginJar : add gpio
2024-04-10 12:27:20,361 [INFO] IPUIPlugin:80 - create IPUIPlugin
2024-04-10 12:27:20,361 [INFO] PluginManager:220 - loadIPPluginJar : add gtzc
2024-04-10 12:27:20,392 [INFO] IPUIPlugin:80 - create IPUIPlugin
2024-04-10 12:27:20,392 [INFO] PluginManager:220 - loadIPPluginJar : add hash
2024-04-10 12:27:20,424 [INFO] IPUIPlugin:80 - create IPUIPlugin
2024-04-10 12:27:20,424 [INFO] PluginManager:220 - loadIPPluginJar : add i2c
2024-04-10 12:27:20,471 [INFO] IPUIPlugin:80 - create IPUIPlugin
2024-04-10 12:27:20,471 [INFO] PluginManager:220 - loadIPPluginJar : add i2s
2024-04-10 12:27:20,508 [INFO] IPUIPlugin:80 - create IPUIPlugin
2024-04-10 12:27:20,508 [INFO] PluginManager:220 - loadIPPluginJar : add i3c
2024-04-10 12:27:20,640 [INFO] IPUIPlugin:80 - create IPUIPlugin
2024-04-10 12:27:20,640 [INFO] PluginManager:220 - loadIPPluginJar : add ipddr
2024-04-10 12:27:20,722 [INFO] IPUIPlugin:80 - create IPUIPlugin
2024-04-10 12:27:20,738 [INFO] PluginManager:220 - loadIPPluginJar : add linkedlist
2024-04-10 12:27:20,769 [INFO] IPUIPlugin:80 - create IPUIPlugin
2024-04-10 12:27:20,769 [INFO] PluginManager:220 - loadIPPluginJar : add lorawan
2024-04-10 12:27:20,816 [INFO] IPUIPlugin:80 - create IPUIPlugin
2024-04-10 12:27:20,816 [INFO] PluginManager:220 - loadIPPluginJar : add ltdc
2024-04-10 12:27:20,832 [INFO] IPUIPlugin:80 - create IPUIPlugin
2024-04-10 12:27:20,832 [INFO] PluginManager:220 - loadIPPluginJar : add mdma
2024-04-10 12:27:20,848 [INFO] IPUIPlugin:80 - create IPUIPlugin
2024-04-10 12:27:20,848 [INFO] PluginManager:220 - loadIPPluginJar : add nvic
2024-04-10 12:27:20,879 [INFO] IPUIPlugin:80 - create IPUIPlugin
2024-04-10 12:27:20,879 [INFO] PluginManager:220 - loadIPPluginJar : add opamp
2024-04-10 12:27:20,942 [INFO] IPUIPlugin:80 - create IPUIPlugin
2024-04-10 12:27:20,942 [INFO] PluginManager:220 - loadIPPluginJar : add openamp
2024-04-10 12:27:20,989 [INFO] IPUIPlugin:80 - create IPUIPlugin
2024-04-10 12:27:20,989 [INFO] PluginManager:220 - loadIPPluginJar : add pdm2pcm
2024-04-10 12:27:21,009 [INFO] IPUIPlugin:80 - create IPUIPlugin
2024-04-10 12:27:21,009 [INFO] PluginManager:220 - loadIPPluginJar : add plateformsettings
2024-04-10 12:27:21,036 [INFO] IPUIPlugin:80 - create IPUIPlugin
2024-04-10 12:27:21,036 [INFO] PluginManager:220 - loadIPPluginJar : add quadspi
2024-04-10 12:27:21,052 [INFO] IPUIPlugin:80 - create IPUIPlugin
2024-04-10 12:27:21,052 [INFO] PluginManager:220 - loadIPPluginJar : add resmgrutility
2024-04-10 12:27:21,099 [INFO] IPUIPlugin:80 - create IPUIPlugin
2024-04-10 12:27:21,099 [INFO] PluginManager:220 - loadIPPluginJar : add sai
2024-04-10 12:27:21,146 [INFO] IPUIPlugin:80 - create IPUIPlugin
2024-04-10 12:27:21,146 [INFO] PluginManager:220 - loadIPPluginJar : add spi
2024-04-10 12:27:21,210 [INFO] IPUIPlugin:80 - create IPUIPlugin
2024-04-10 12:27:21,210 [INFO] PluginManager:220 - loadIPPluginJar : add stm32_wpan
2024-04-10 12:27:21,240 [INFO] IPUIPlugin:80 - create IPUIPlugin
2024-04-10 12:27:21,240 [INFO] PluginManager:220 - loadIPPluginJar : add tim
2024-04-10 12:27:21,287 [INFO] IPUIPlugin:80 - create IPUIPlugin
2024-04-10 12:27:21,287 [INFO] PluginManager:220 - loadIPPluginJar : add touchsensing
2024-04-10 12:27:21,319 [INFO] IPUIPlugin:80 - create IPUIPlugin
2024-04-10 12:27:21,319 [INFO] PluginManager:220 - loadIPPluginJar : add tracer_emb
2024-04-10 12:27:21,335 [INFO] IPUIPlugin:80 - create IPUIPlugin
2024-04-10 12:27:21,335 [INFO] PluginManager:220 - loadIPPluginJar : add ts
2024-04-10 12:27:21,350 [INFO] IPUIPlugin:80 - create IPUIPlugin
2024-04-10 12:27:21,350 [INFO] PluginManager:220 - loadIPPluginJar : add tsc
2024-04-10 12:27:21,381 [INFO] IPUIPlugin:80 - create IPUIPlugin
2024-04-10 12:27:21,381 [INFO] PluginManager:220 - loadIPPluginJar : add ucpd
2024-04-10 12:27:21,413 [INFO] IPUIPlugin:80 - create IPUIPlugin
2024-04-10 12:27:21,413 [INFO] PluginManager:220 - loadIPPluginJar : add usart
2024-04-10 12:27:21,460 [INFO] IPUIPlugin:80 - create IPUIPlugin
2024-04-10 12:27:21,460 [INFO] PluginManager:220 - loadIPPluginJar : add usbx
2024-04-10 12:27:21,601 [INFO] CADModel:165 - CPN selected for project level
2024-04-10 12:27:21,601 [INFO] CADModel:114 - Register for checkConnection events
2024-04-10 12:27:21,601 [FATAL] Updater:308 - Updater called before beeing initialized
2024-04-10 12:27:21,601 [ERROR] CADModel:125 - Updater not yet initialized, retry later 
2024-04-10 12:27:21,773 [INFO] CADModel:165 - CPN selected for project level
2024-04-10 12:27:21,773 [INFO] CADModel:114 - Register for checkConnection events
2024-04-10 12:27:21,773 [FATAL] Updater:308 - Updater called before beeing initialized
2024-04-10 12:27:21,773 [ERROR] CADModel:125 - Updater not yet initialized, retry later 
2024-04-10 12:27:21,773 [FATAL] Updater:308 - Updater called before beeing initialized
2024-04-10 12:27:21,914 [FATAL] Updater:308 - Updater called before beeing initialized
2024-04-10 12:27:21,914 [INFO] DbMcusAds:53 - JSON generation date=Wed Nov 29 04:52:27 CST 2023 (1701255147349)
2024-04-10 12:27:21,914 [FATAL] Updater:308 - Updater called before beeing initialized
2024-04-10 12:27:22,011 [WARN] DetailPanel:346 - Failed to get advertising image, set to default
2024-04-10 12:27:22,071 [INFO] ThirdPartyUpdaterWithRetryManager:70 - Updater plugin not ready yet. [2/15]
2024-04-10 12:27:22,118 [FATAL] Updater:308 - Updater called before beeing initialized
2024-04-10 12:27:22,118 [FATAL] Updater:308 - Updater called before beeing initialized
2024-04-10 12:27:22,118 [FATAL] Updater:308 - Updater called before beeing initialized
2024-04-10 12:27:22,118 [WARN] DetailPanel:346 - Failed to get advertising image, set to default
2024-04-10 12:27:22,118 [FATAL] Updater:308 - Updater called before beeing initialized
2024-04-10 12:27:22,213 [ERROR] Updater:1120 - MainUpdater not yet initialized. External WinMGr cannot be set.
2024-04-10 12:27:22,228 [INFO] Updater:1056 - Updater Version found : 6.10.0
2024-04-10 12:27:22,244 [INFO] ApplicationProperties:184 - Using Application install path: C:\ST\STM32CubeIDE_1.14.1\STM32CubeIDE\plugins\com.st.stm32cube.common.mx_6.10.0.202311202037
2024-04-10 12:27:23,878 [ERROR] LogOutputStream:75 - [STDERR_REDIRECT] Apr 10, 2024 12:27:23 PM java.util.prefs.WindowsPreferences <init>
2024-04-10 12:27:23,878 [ERROR] LogOutputStream:75 - [STDERR_REDIRECT] WARNING: Could not open/create prefs root node Software\JavaSoft\Prefs at root 0xffffffff80000002. Windows RegCreateKeyEx(...) returned error code 5.
2024-04-10 12:27:23,878 [ERROR] LogOutputStream:75 - [STDERR_REDIRECT] 
2024-04-10 12:27:24,381 [INFO] MainUpdater:2873 - connection check result : 10
2024-04-10 12:27:24,381 [INFO] MainUpdater:290 - Updater Check For Update Now.
2024-04-10 12:27:24,381 [INFO] MicroXplorer:498 - Change Database Version : DB.6.0.100
2024-04-10 12:27:24,417 [INFO] McuFinderGlobals:63 - Set McuFinder mode to 2 (CubeIDE integrated)
2024-04-10 12:27:24,417 [INFO] UserAuth:180 - activating auth plugin
2024-04-10 12:27:24,417 [INFO] UserAuth:404 - Internet connection configuration mode: 1
2024-04-10 12:27:24,475 [INFO] JxBrowserEngine:152 - Initiate JxBrowser Engine with user profile folder
2024-04-10 12:27:24,679 [INFO] CheckServerUpdateThread:120 - End of CheckServer Thread
2024-04-10 12:27:25,419 [WARN] PackLoader:240 - Cannot read IP mode file for STMicroelectronics.X-CUBE-SMBUS.2.1.0
2024-04-10 12:27:25,448 [WARN] PackLoader:240 - Cannot read IP mode file for STMicroelectronics.X-CUBE-TOUCHGFX.4.23.1
2024-04-10 12:27:25,464 [WARN] PackLoader:240 - Cannot read IP mode file for STMicroelectronics.X-CUBE-TOUCHGFX.4.23.0
2024-04-10 12:27:25,479 [WARN] PackLoader:240 - Cannot read IP mode file for STMicroelectronics.X-CUBE-TOUCHGFX.4.23.2
2024-04-10 12:27:25,621 [WARN] PackLoader:240 - Cannot read IP mode file for STMicroelectronics.X-CUBE-AZRTOS-F7.1.1.0
2024-04-10 12:27:25,652 [WARN] PackLoader:240 - Cannot read IP mode file for STMicroelectronics.FP-SNS-MOTENV1.4.3.2
2024-04-10 12:27:25,683 [WARN] PackLoader:240 - Cannot read IP mode file for STMicroelectronics.FP-SNS-FLIGHT1.5.0.2
2024-04-10 12:27:25,714 [WARN] PackLoader:240 - Cannot read IP mode file for STMicroelectronics.X-CUBE-DISPLAY.3.0.0
2024-04-10 12:27:25,746 [WARN] PackLoader:240 - Cannot read IP mode file for STMicroelectronics.X-CUBE-BLE1.7.0.0
2024-04-10 12:27:25,777 [WARN] PackLoader:240 - Cannot read IP mode file for emotas.I-CUBE-CANOPEN.1.3.0
2024-04-10 12:27:25,809 [WARN] PackLoader:240 - Cannot read IP mode file for STMicroelectronics.X-CUBE-BLEMGR.3.1.0
2024-04-10 12:27:25,825 [WARN] PackLoader:240 - Cannot read IP mode file for STMicroelectronics.FP-SNS-SMARTAG2.1.2.0
2024-04-10 12:27:25,872 [INFO] LogOutputStream:77 - [STDOUT_REDIRECT] 1 : Invalid condition id : UX_CORESTACK_Condition cause : null
2024-04-10 12:27:25,872 [INFO] LogOutputStream:77 - [STDOUT_REDIRECT] 1 : Invalid condition id : UX_CORESTACK_Condition cause : null
2024-04-10 12:27:25,872 [INFO] LogOutputStream:77 - [STDOUT_REDIRECT] 1 : Invalid condition id : UX_CORESTACK_Condition cause : null
2024-04-10 12:27:25,872 [INFO] LogOutputStream:77 - [STDOUT_REDIRECT] 1 : Invalid condition id : UX_CORESTACK_Condition cause : null
2024-04-10 12:27:25,872 [INFO] LogOutputStream:77 - [STDOUT_REDIRECT] 1 : Invalid condition id : UX_CORESTACK_Condition cause : null
2024-04-10 12:27:25,872 [WARN] PackLoader:240 - Cannot read IP mode file for STMicroelectronics.X-CUBE-AZRTOS-WL.2.0.0
2024-04-10 12:27:25,903 [WARN] PackLoader:240 - Cannot read IP mode file for STMicroelectronics.FP-SNS-MOTENV1.5.0.0
2024-04-10 12:27:25,934 [WARN] PackLoader:240 - Cannot read IP mode file for WES.I-CUBE-Cesium.1.3.0
2024-04-10 12:27:25,950 [WARN] PackLoader:240 - Cannot read IP mode file for STMicroelectronics.X-CUBE-BLE2.3.3.0
2024-04-10 12:27:25,981 [WARN] PackLoader:240 - Cannot read IP mode file for STMicroelectronics.X-CUBE-TCPP.4.1.0
2024-04-10 12:27:25,997 [WARN] PackLoader:240 - Cannot read IP mode file for STMicroelectronics.X-CUBE-ALGOBUILD.1.3.0
2024-04-10 12:27:26,044 [WARN] PackLoader:240 - Cannot read IP mode file for STMicroelectronics.X-CUBE-AZRTOS-G0.1.1.0
2024-04-10 12:27:26,076 [WARN] PackLoader:240 - Cannot read IP mode file for STMicroelectronics.X-CUBE-SAFEA1.1.2.2
2024-04-10 12:27:26,107 [WARN] PackLoader:240 - Cannot read IP mode file for STMicroelectronics.X-CUBE-NFC4.3.0.0
2024-04-10 12:27:26,139 [WARN] PackLoader:240 - Cannot read IP mode file for STMicroelectronics.X-CUBE-BLEMGR.3.0.0
2024-04-10 12:27:26,170 [WARN] PackLoader:240 - Cannot read IP mode file for STMicroelectronics.FP-ATR-SIGFOX1.3.2.0
2024-04-10 12:27:26,185 [WARN] PackLoader:240 - Cannot read IP mode file for STMicroelectronics.X-CUBE-EEPRMA1.5.1.0
2024-04-10 12:27:26,248 [WARN] PackLoader:240 - Cannot read IP mode file for SEGGER.I-CUBE-embOS.1.3.1
2024-04-10 12:27:26,311 [WARN] PackLoader:240 - Cannot read IP mode file for STMicroelectronics.X-CUBE-GNSS1.6.0.0
2024-04-10 12:27:26,342 [WARN] PackLoader:240 - Cannot read IP mode file for STMicroelectronics.X-CUBE-AZRTOS-F4.1.1.0
2024-04-10 12:27:26,358 [WARN] PackLoader:240 - Cannot read IP mode file for wolfSSL.I-CUBE-wolfSSL.5.6.6
2024-04-10 12:27:26,389 [WARN] PackLoader:240 - Cannot read IP mode file for STMicroelectronics.X-CUBE-AZRTOS-L5.2.0.0
2024-04-10 12:27:26,405 [WARN] PackLoader:240 - Cannot read IP mode file for STMicroelectronics.X-CUBE-EEPRMA1.4.2.0
2024-04-10 12:27:26,422 [WARN] PackLoader:240 - Cannot read IP mode file for STMicroelectronics.X-CUBE-NFC6.3.1.0
2024-04-10 12:27:26,452 [WARN] PackLoader:240 - Cannot read IP mode file for ITTIA_DB.I-CUBE-ITTIADB.8.8.0
2024-04-10 12:27:26,468 [WARN] PackLoader:240 - Cannot read IP mode file for STMicroelectronics.X-CUBE-NFC7.1.0.1
2024-04-10 12:27:26,484 [WARN] PackLoader:240 - Cannot read IP mode file for STMicroelectronics.X-CUBE-NFC6.3.0.0
2024-04-10 12:27:26,499 [WARN] PackLoader:240 - Cannot read IP mode file for STMicroelectronics.X-CUBE-AI.8.1.0
2024-04-10 12:27:26,546 [WARN] ConditionMgr:438 - getConditionDescription Invalid condition id : LAN8742 Phy interface Condition cause : null
2024-04-10 12:27:26,546 [WARN] PackLoader:240 - Cannot read IP mode file for STMicroelectronics.X-CUBE-AZRTOS-L4.2.0.0
2024-04-10 12:27:26,546 [WARN] ConditionMgr:1039 - genDependencies : Invalid condition id : LAN8742 Phy interface Condition cause : null
2024-04-10 12:27:26,546 [WARN] ConditionMgr:1039 - genDependencies : Invalid condition id : LAN8742 Phy interface Condition cause : null
2024-04-10 12:27:26,546 [WARN] ConditionMgr:1039 - genDependencies : Invalid condition id : LAN8742 Phy interface Condition cause : null
2024-04-10 12:27:26,562 [WARN] PackLoader:240 - Cannot read IP mode file for STMicroelectronics.X-CUBE-SFXS2LP1.4.0.0
2024-04-10 12:27:26,609 [WARN] ConditionMgr:438 - getConditionDescription Invalid condition id : UX DEVICE CLASS RTOS Condition cause : null
2024-04-10 12:27:26,609 [WARN] ConditionMgr:438 - getConditionDescription Invalid condition id : UX DEVICE CLASS RTOS Condition cause : null
2024-04-10 12:27:26,609 [WARN] PackLoader:240 - Cannot read IP mode file for STMicroelectronics.X-CUBE-AZRTOS-WB.2.0.0
2024-04-10 12:27:26,609 [WARN] ConditionMgr:1039 - genDependencies : Invalid condition id : UX DEVICE CLASS RTOS Condition cause : null
2024-04-10 12:27:26,609 [WARN] ConditionMgr:1039 - genDependencies : Invalid condition id : UX DEVICE CLASS RTOS Condition cause : null
2024-04-10 12:27:26,609 [WARN] ConditionMgr:1039 - genDependencies : Invalid condition id : UX DEVICE CLASS RTOS Condition cause : null
2024-04-10 12:27:26,609 [WARN] ConditionMgr:1039 - genDependencies : Invalid condition id : UX DEVICE CLASS RTOS Condition cause : null
2024-04-10 12:27:26,609 [WARN] ConditionMgr:1039 - genDependencies : Invalid condition id : UX DEVICE CLASS RTOS Condition cause : null
2024-04-10 12:27:26,656 [WARN] PackLoader:240 - Cannot read IP mode file for STMicroelectronics.X-CUBE-SUBG2.5.0.0
2024-04-10 12:27:26,687 [WARN] PackLoader:240 - Cannot read IP mode file for STMicroelectronics.X-CUBE-AZRTOS-G4.2.0.0
2024-04-10 12:27:26,703 [WARN] PackLoader:240 - Cannot read IP mode file for Infineon.AIROC-Wi-Fi-Bluetooth-STM32.1.5.1
2024-04-10 12:27:26,735 [WARN] PackLoader:240 - Cannot read IP mode file for STMicroelectronics.FP-SNS-MOTENVWB1.1.3.1
2024-04-10 12:27:26,750 [WARN] PackLoader:240 - Cannot read IP mode file for STMicroelectronics.X-CUBE-ISPU.2.0.0
2024-04-10 12:27:26,797 [WARN] PackLoader:240 - Cannot read IP mode file for STMicroelectronics.X-CUBE-MEMS1.10.0.0
2024-04-10 12:27:26,923 [WARN] PackLoader:240 - Cannot read IP mode file for STMicroelectronics.X-CUBE-FREERTOS.1.1.0
2024-04-10 12:27:26,954 [WARN] PackLoader:240 - Cannot read IP mode file for portGmbH.I-Cube-SoM-uGOAL.1.1.0
2024-04-10 12:27:26,969 [WARN] PackLoader:240 - Cannot read IP mode file for STMicroelectronics.X-CUBE-ALS.1.0.1
2024-04-10 12:27:26,985 [WARN] PackLoader:240 - Cannot read IP mode file for STMicroelectronics.FP-ATR-ASTRA1.2.0.0
2024-04-10 12:27:27,001 [WARN] PackLoader:240 - Cannot read IP mode file for STMicroelectronics.X-CUBE-TOF1.3.4.0
2024-04-10 12:27:27,064 [WARN] PackLoader:240 - Cannot read IP mode file for STMicroelectronics.X-CUBE-TOF1.3.4.1
2024-04-10 12:27:27,142 [WARN] PackLoader:240 - Cannot read IP mode file for STMicroelectronics.X-CUBE-AZRTOS-H7.3.2.0
2024-04-10 12:27:27,142 [INFO] ThirdParty:978 - Integrity check success = true
2024-04-10 12:27:27,142 [INFO] IntegrityCheckThread:100 - exiting critical section [integrity check]
2024-04-10 12:27:27,142 [INFO] IntegrityCheckThread:103 - End integrity checks thread
2024-04-10 12:27:29,497 [INFO] WebApp:161 - Instantiating new browser for Auth
2024-04-10 12:27:30,450 [INFO] WebApp:780 - Register for checkConnection events
2024-04-10 12:27:30,456 [INFO] WebApp:414 - Apply proxy settings
2024-04-10 12:27:30,456 [INFO] WebApp:499 - Chromium requires no authentication
2024-04-10 12:27:30,465 [INFO] WebApp:442 - Direct internet connection detected
2024-04-10 12:27:30,730 [INFO] WebApp:192 - Starting web application
2024-04-10 12:27:30,730 [INFO] WebApp:544 - Web application path used C:\ST\STM32CubeIDE_1.14.1\STM32CubeIDE\plugins\com.st.stm32cube.common.mx_6.10.0.202311202037\db\plugins\mcufinder\reactClient1\index.html
2024-04-10 12:27:52,196 [ERROR] LogOutputStream:75 - [STDERR_REDIRECT] SLF4J: Failed to load class "org.slf4j.impl.StaticLoggerBinder".
2024-04-10 12:27:52,208 [ERROR] LogOutputStream:75 - [STDERR_REDIRECT] SLF4J: Defaulting to no-operation (NOP) logger implementation
2024-04-10 12:27:52,208 [ERROR] LogOutputStream:75 - [STDERR_REDIRECT] SLF4J: See http://www.slf4j.org/codes.html#StaticLoggerBinder for further details.
2024-04-10 14:25:35,564 [ERROR] LogOutputStream:75 - [STDERR_REDIRECT] 
2024-04-10 15:10:28,035 [INFO] Activator:176 - 


2024-04-10 15:10:28,037 [INFO] Activator:177 - !SESSION log4j initialized
2024-04-10 15:10:34,440 [INFO] LogOutputStream:77 - [STDOUT_REDIRECT] 
2024-04-10 15:10:35,687 [INFO] ApplicationProperties:184 - Using Application install path: C:\ST\STM32CubeIDE_1.14.1\STM32CubeIDE\plugins\com.st.stm32cube.common.mx_6.10.0.202311202037
2024-04-10 15:10:35,707 [INFO] DbMcusXml:78 - Set database path to: C:\ST\STM32CubeIDE_1.14.1\STM32CubeIDE\plugins\com.st.stm32cube.common.mx_6.10.0.202311202037\\db\/mcu/
2024-04-10 15:10:35,707 [INFO] ApiDb:274 - Set plugin database path to: C:\ST\STM32CubeIDE_1.14.1\STM32CubeIDE\plugins\com.st.stm32cube.common.mx_6.10.0.202311202037\\db\/plugins/boardmanager/
2024-04-10 15:10:35,708 [WARN] ApiDb:259 - Overriding images path with different value:  => C:\ST\STM32CubeIDE_1.14.1\STM32CubeIDE\plugins\com.st.stm32cube.common.mx_6.10.0.202311202037\\db\/plugins/mcufinder/images/
2024-04-10 15:10:35,722 [INFO] ApiDb:250 - Set database path to: C:\Users\TuranyElijah\.stmcufinder\plugins\mcufinder//mcu/
2024-04-10 15:10:35,724 [INFO] DbMcusAds:125 - Set database path to: C:\Users\TuranyElijah\.stmcufinder\plugins\mcufinder//mcu/
2024-04-10 15:10:35,726 [INFO] CrossReferenceDbSqlite:203 - Set database path to: C:\Users\TuranyElijah\.stmcufinder\plugins\mcufinder//mcu/cs/
2024-04-10 15:10:35,858 [INFO] RulesReader:64 - Compatibility file has been processed (297 Rules)
2024-04-10 15:10:35,956 [INFO] DbMcusXml:78 - Set database path to: C:\ST\STM32CubeIDE_1.14.1\STM32CubeIDE\plugins\com.st.stm32cube.common.mx_6.10.0.202311202037\\db\/mcu/
2024-04-10 15:10:35,956 [INFO] ApiDb:274 - Set plugin database path to: C:\ST\STM32CubeIDE_1.14.1\STM32CubeIDE\plugins\com.st.stm32cube.common.mx_6.10.0.202311202037\\db\/plugins/boardmanager/
2024-04-10 15:10:35,956 [INFO] ApiDb:261 - Set plugin images path to: C:\ST\STM32CubeIDE_1.14.1\STM32CubeIDE\plugins\com.st.stm32cube.common.mx_6.10.0.202311202037\\db\/plugins/mcufinder/images/
2024-04-10 15:10:35,956 [WARN] DbFile:41 - Overriding database path with different value: C:\Users\TuranyElijah\.stmcufinder\plugins\mcufinder/ => C:\Users\TuranyElijah\.stmcufinder\plugins\mcufinder
2024-04-10 15:10:35,956 [INFO] ApiDb:250 - Set database path to: C:\Users\TuranyElijah\.stmcufinder\plugins\mcufinder//mcu/
2024-04-10 15:10:35,957 [WARN] DbFile:41 - Overriding database path with different value: C:\Users\TuranyElijah\.stmcufinder\plugins\mcufinder/ => C:\Users\TuranyElijah\.stmcufinder\plugins\mcufinder
2024-04-10 15:10:35,957 [INFO] DbMcusAds:125 - Set database path to: C:\Users\TuranyElijah\.stmcufinder\plugins\mcufinder//mcu/
2024-04-10 15:10:35,957 [WARN] DbFile:41 - Overriding database path with different value: C:\Users\TuranyElijah\.stmcufinder\plugins\mcufinder/ => C:\Users\TuranyElijah\.stmcufinder\plugins\mcufinder
2024-04-10 15:10:35,957 [WARN] DbFile:41 - Overriding database path with different value: C:\Users\TuranyElijah\.stmcufinder\plugins\mcufinder/ => C:\Users\TuranyElijah\.stmcufinder\plugins\mcufinder
2024-04-10 15:10:35,957 [INFO] CrossReferenceDbSqlite:203 - Set database path to: C:\Users\TuranyElijah\.stmcufinder\plugins\mcufinder//mcu/cs/
2024-04-10 15:10:36,047 [INFO] MainPanel:264 - HeapMemory: 268435456
2024-04-10 15:10:36,168 [INFO] DbMcusXml:78 - Set database path to: C:\ST\STM32CubeIDE_1.14.1\STM32CubeIDE\plugins\com.st.stm32cube.common.mx_6.10.0.202311202037\\db\/mcu/
2024-04-10 15:10:36,168 [INFO] ApiDb:274 - Set plugin database path to: C:\ST\STM32CubeIDE_1.14.1\STM32CubeIDE\plugins\com.st.stm32cube.common.mx_6.10.0.202311202037\\db\/plugins/boardmanager/
2024-04-10 15:10:36,168 [INFO] ApiDb:261 - Set plugin images path to: C:\ST\STM32CubeIDE_1.14.1\STM32CubeIDE\plugins\com.st.stm32cube.common.mx_6.10.0.202311202037\\db\/plugins/mcufinder/images/
2024-04-10 15:10:36,168 [WARN] DbFile:41 - Overriding database path with different value: C:\Users\TuranyElijah\.stmcufinder\plugins\mcufinder/ => C:\Users\TuranyElijah\.stmcufinder\plugins\mcufinder
2024-04-10 15:10:36,168 [INFO] ApiDb:250 - Set database path to: C:\Users\TuranyElijah\.stmcufinder\plugins\mcufinder//mcu/
2024-04-10 15:10:36,168 [WARN] DbFile:41 - Overriding database path with different value: C:\Users\TuranyElijah\.stmcufinder\plugins\mcufinder/ => C:\Users\TuranyElijah\.stmcufinder\plugins\mcufinder
2024-04-10 15:10:36,168 [INFO] DbMcusAds:125 - Set database path to: C:\Users\TuranyElijah\.stmcufinder\plugins\mcufinder//mcu/
2024-04-10 15:10:36,169 [WARN] DbFile:41 - Overriding database path with different value: C:\Users\TuranyElijah\.stmcufinder\plugins\mcufinder/ => C:\Users\TuranyElijah\.stmcufinder\plugins\mcufinder
2024-04-10 15:10:36,169 [WARN] DbFile:41 - Overriding database path with different value: C:\Users\TuranyElijah\.stmcufinder\plugins\mcufinder/ => C:\Users\TuranyElijah\.stmcufinder\plugins\mcufinder
2024-04-10 15:10:36,169 [INFO] CrossReferenceDbSqlite:203 - Set database path to: C:\Users\TuranyElijah\.stmcufinder\plugins\mcufinder//mcu/cs/
2024-04-10 15:10:36,191 [INFO] ApplicationProperties:184 - Using Application install path: C:\ST\STM32CubeIDE_1.14.1\STM32CubeIDE\plugins\com.st.stm32cube.common.mx_6.10.0.202311202037
2024-04-10 15:10:36,193 [INFO] PluginManage:196 - Search for loadable plugins [exclusion list=, ]
2024-04-10 15:10:36,195 [INFO] PluginManage:310 - Check plugin analytics
2024-04-10 15:10:36,355 [INFO] AnalyticsPlugin:253 - Accepted Software Licenses: STM32CubeMX.6.10.0
2024-04-10 15:10:36,355 [INFO] AnalyticsPlugin:255 - Accepted CMSIS Pack Licenses: 
2024-04-10 15:10:36,355 [INFO] AnalyticsPlugin:257 - Accepted Firmware Licenses: 
2024-04-10 15:10:36,358 [INFO] PluginManage:359 - Loaded plugin analytics (category:tool,tabindex:-1)
2024-04-10 15:10:36,359 [INFO] PluginManage:310 - Check plugin cadmodel
2024-04-10 15:10:36,374 [INFO] CADModel:105 - Init CAD model plugin
2024-04-10 15:10:36,374 [INFO] PluginManage:359 - Loaded plugin cadmodel (category:power,tabindex:5)
2024-04-10 15:10:36,374 [INFO] PluginManage:310 - Check plugin clock
2024-04-10 15:10:36,395 [INFO] PluginManage:359 - Loaded plugin clock (category:base,tabindex:2)
2024-04-10 15:10:36,395 [INFO] PluginManage:310 - Check plugin ddr
2024-04-10 15:10:36,398 [INFO] PluginManage:359 - Loaded plugin ddr (category:tool,tabindex:6)
2024-04-10 15:10:36,398 [INFO] PluginManage:310 - Check plugin filemanager
2024-04-10 15:10:36,564 [INFO] PluginManage:359 - Loaded plugin filemanager (category:base,tabindex:10)
2024-04-10 15:10:36,564 [INFO] PluginManage:310 - Check plugin ipmanager
2024-04-10 15:10:36,573 [INFO] PluginManage:359 - Loaded plugin ipmanager (category:base,tabindex:5)
2024-04-10 15:10:36,573 [INFO] PluginManage:310 - Check plugin lpbam
2024-04-10 15:10:36,591 [INFO] PluginManage:359 - Loaded plugin lpbam (category:base,tabindex:0)
2024-04-10 15:10:36,591 [INFO] PluginManage:310 - Check plugin memorymap
2024-04-10 15:10:36,625 [INFO] PluginManage:359 - Loaded plugin memorymap (category:base,tabindex:4)
2024-04-10 15:10:36,625 [INFO] PluginManage:310 - Check plugin pinoutandconfiguration
2024-04-10 15:10:36,644 [INFO] PluginManage:359 - Loaded plugin pinoutandconfiguration (category:base,tabindex:1)
2024-04-10 15:10:36,645 [INFO] PluginManage:310 - Check plugin pinoutconfig
2024-04-10 15:10:36,745 [WARN] SupportedApi:132 - Cannot load RTOS API schema: s4s-elt-must-match.1: The content of 'definitions' must match (annotation?, (simpleType | complexType)?, (unique | key | keyref)*)). A problem was found starting at: attribute.
2024-04-10 15:10:36,894 [INFO] PluginManage:359 - Loaded plugin pinoutconfig (category:base,tabindex:0)
2024-04-10 15:10:36,895 [INFO] PluginManage:310 - Check plugin power
2024-04-10 15:10:36,919 [INFO] PluginManage:359 - Loaded plugin power (category:power,tabindex:4)
2024-04-10 15:10:36,919 [INFO] PluginManage:310 - Check plugin projectmanager
2024-04-10 15:10:36,939 [INFO] PluginManage:359 - Loaded plugin projectmanager (category:projectmanager,tabindex:3)
2024-04-10 15:10:36,939 [INFO] PluginManage:310 - Check plugin thirdparty
2024-04-10 15:10:37,206 [WARN] IntegrityCheckThread:84 - waiting for thirdparty lock release [integrity check]
2024-04-10 15:10:37,206 [INFO] PluginManage:359 - Loaded plugin thirdparty (category:base,tabindex:-1)
2024-04-10 15:10:37,206 [INFO] IntegrityCheckThread:86 - entering critical section [integrity check]
2024-04-10 15:10:37,207 [INFO] PluginManage:310 - Check plugin tools
2024-04-10 15:10:37,207 [INFO] ThirdPartyUpdaterWithRetryManager:70 - Updater plugin not ready yet. [1/15]
2024-04-10 15:10:37,239 [INFO] PluginManage:359 - Loaded plugin tools (category:base,tabindex:7)
2024-04-10 15:10:37,239 [INFO] PluginManage:310 - Check plugin tutovideos
2024-04-10 15:10:37,478 [INFO] PluginManage:359 - Loaded plugin tutovideos (category:base,tabindex:-1)
2024-04-10 15:10:37,478 [INFO] PluginManage:310 - Check plugin updater
2024-04-10 15:10:37,491 [INFO] PluginManage:359 - Loaded plugin updater (category:base,tabindex:12)
2024-04-10 15:10:37,491 [INFO] PluginManage:310 - Check plugin userauth
2024-04-10 15:10:37,497 [INFO] UserAuth:114 - Init User Auth plugin
2024-04-10 15:10:37,497 [INFO] PluginManage:359 - Loaded plugin userauth (category:base,tabindex:14)
2024-04-10 15:10:37,497 [INFO] PluginManage:283 - PluginManage : Loaded plugins [17]
2024-04-10 15:10:37,731 [INFO] PinOutPanel:1499 - setPackage(No Configuration,No Configuration)
2024-04-10 15:10:37,809 [INFO] CADModel:165 - CPN selected for project level
2024-04-10 15:10:37,809 [INFO] CADModel:114 - Register for checkConnection events
2024-04-10 15:10:37,837 [INFO] IPUIPlugin:80 - create IPUIPlugin
2024-04-10 15:10:37,838 [INFO] PluginManager:220 - loadIPPluginJar : add adc
2024-04-10 15:10:37,874 [INFO] IPUIPlugin:80 - create IPUIPlugin
2024-04-10 15:10:37,874 [INFO] PluginManager:220 - loadIPPluginJar : add aes
2024-04-10 15:10:37,916 [INFO] IPUIPlugin:80 - create IPUIPlugin
2024-04-10 15:10:37,916 [INFO] PluginManager:220 - loadIPPluginJar : add can
2024-04-10 15:10:37,937 [INFO] IPUIPlugin:80 - create IPUIPlugin
2024-04-10 15:10:37,938 [INFO] PluginManager:220 - loadIPPluginJar : add comp
2024-04-10 15:10:37,968 [INFO] IPUIPlugin:80 - create IPUIPlugin
2024-04-10 15:10:37,969 [INFO] PluginManager:220 - loadIPPluginJar : add cryp
2024-04-10 15:10:37,995 [INFO] IPUIPlugin:80 - create IPUIPlugin
2024-04-10 15:10:37,995 [INFO] PluginManager:220 - loadIPPluginJar : add dfsdm
2024-04-10 15:10:38,013 [INFO] IPUIPlugin:80 - create IPUIPlugin
2024-04-10 15:10:38,013 [INFO] PluginManager:220 - loadIPPluginJar : add dma
2024-04-10 15:10:38,055 [INFO] IPUIPlugin:80 - create IPUIPlugin
2024-04-10 15:10:38,055 [INFO] PluginManager:220 - loadIPPluginJar : add dma3
2024-04-10 15:10:38,057 [INFO] IPUIPlugin:80 - create IPUIPlugin
2024-04-10 15:10:38,057 [INFO] PluginManager:220 - loadIPPluginJar : add fatfs
2024-04-10 15:10:38,101 [INFO] IPUIPlugin:80 - create IPUIPlugin
2024-04-10 15:10:38,101 [INFO] PluginManager:220 - loadIPPluginJar : add fmc
2024-04-10 15:10:38,120 [INFO] IPUIPlugin:80 - create IPUIPlugin
2024-04-10 15:10:38,120 [INFO] PluginManager:220 - loadIPPluginJar : add freertos
2024-04-10 15:10:38,139 [INFO] IPUIPlugin:80 - create IPUIPlugin
2024-04-10 15:10:38,139 [INFO] PluginManager:220 - loadIPPluginJar : add genericplugin
2024-04-10 15:10:38,219 [INFO] IPUIPlugin:80 - create IPUIPlugin
2024-04-10 15:10:38,219 [INFO] PluginManager:220 - loadIPPluginJar : add gfxmmu
2024-04-10 15:10:38,331 [INFO] IPUIPlugin:80 - create IPUIPlugin
2024-04-10 15:10:38,332 [INFO] PluginManager:220 - loadIPPluginJar : add gic
2024-04-10 15:10:38,347 [INFO] IPUIPlugin:80 - create IPUIPlugin
2024-04-10 15:10:38,347 [INFO] PluginManager:220 - loadIPPluginJar : add gpio
2024-04-10 15:10:38,431 [INFO] IPUIPlugin:80 - create IPUIPlugin
2024-04-10 15:10:38,431 [INFO] PluginManager:220 - loadIPPluginJar : add gtzc
2024-04-10 15:10:38,434 [INFO] IPUIPlugin:80 - create IPUIPlugin
2024-04-10 15:10:38,434 [INFO] PluginManager:220 - loadIPPluginJar : add hash
2024-04-10 15:10:38,482 [INFO] IPUIPlugin:80 - create IPUIPlugin
2024-04-10 15:10:38,482 [INFO] PluginManager:220 - loadIPPluginJar : add i2c
2024-04-10 15:10:38,518 [INFO] IPUIPlugin:80 - create IPUIPlugin
2024-04-10 15:10:38,518 [INFO] PluginManager:220 - loadIPPluginJar : add i2s
2024-04-10 15:10:38,558 [INFO] IPUIPlugin:80 - create IPUIPlugin
2024-04-10 15:10:38,558 [INFO] PluginManager:220 - loadIPPluginJar : add i3c
2024-04-10 15:10:38,656 [INFO] IPUIPlugin:80 - create IPUIPlugin
2024-04-10 15:10:38,656 [INFO] PluginManager:220 - loadIPPluginJar : add ipddr
2024-04-10 15:10:38,759 [INFO] IPUIPlugin:80 - create IPUIPlugin
2024-04-10 15:10:38,760 [INFO] PluginManager:220 - loadIPPluginJar : add linkedlist
2024-04-10 15:10:38,792 [INFO] IPUIPlugin:80 - create IPUIPlugin
2024-04-10 15:10:38,792 [INFO] PluginManager:220 - loadIPPluginJar : add lorawan
2024-04-10 15:10:38,828 [INFO] IPUIPlugin:80 - create IPUIPlugin
2024-04-10 15:10:38,828 [INFO] PluginManager:220 - loadIPPluginJar : add ltdc
2024-04-10 15:10:38,842 [INFO] IPUIPlugin:80 - create IPUIPlugin
2024-04-10 15:10:38,842 [INFO] PluginManager:220 - loadIPPluginJar : add mdma
2024-04-10 15:10:38,860 [INFO] IPUIPlugin:80 - create IPUIPlugin
2024-04-10 15:10:38,860 [INFO] PluginManager:220 - loadIPPluginJar : add nvic
2024-04-10 15:10:38,898 [INFO] IPUIPlugin:80 - create IPUIPlugin
2024-04-10 15:10:38,898 [INFO] PluginManager:220 - loadIPPluginJar : add opamp
2024-04-10 15:10:38,959 [INFO] IPUIPlugin:80 - create IPUIPlugin
2024-04-10 15:10:38,959 [INFO] PluginManager:220 - loadIPPluginJar : add openamp
2024-04-10 15:10:39,002 [INFO] IPUIPlugin:80 - create IPUIPlugin
2024-04-10 15:10:39,002 [INFO] PluginManager:220 - loadIPPluginJar : add pdm2pcm
2024-04-10 15:10:39,018 [INFO] IPUIPlugin:80 - create IPUIPlugin
2024-04-10 15:10:39,020 [INFO] PluginManager:220 - loadIPPluginJar : add plateformsettings
2024-04-10 15:10:39,022 [INFO] IPUIPlugin:80 - create IPUIPlugin
2024-04-10 15:10:39,022 [INFO] PluginManager:220 - loadIPPluginJar : add quadspi
2024-04-10 15:10:39,035 [INFO] IPUIPlugin:80 - create IPUIPlugin
2024-04-10 15:10:39,035 [INFO] PluginManager:220 - loadIPPluginJar : add resmgrutility
2024-04-10 15:10:39,080 [INFO] IPUIPlugin:80 - create IPUIPlugin
2024-04-10 15:10:39,080 [INFO] PluginManager:220 - loadIPPluginJar : add sai
2024-04-10 15:10:39,115 [INFO] IPUIPlugin:80 - create IPUIPlugin
2024-04-10 15:10:39,115 [INFO] PluginManager:220 - loadIPPluginJar : add spi
2024-04-10 15:10:39,175 [INFO] IPUIPlugin:80 - create IPUIPlugin
2024-04-10 15:10:39,176 [INFO] PluginManager:220 - loadIPPluginJar : add stm32_wpan
2024-04-10 15:10:39,202 [INFO] IPUIPlugin:80 - create IPUIPlugin
2024-04-10 15:10:39,202 [INFO] PluginManager:220 - loadIPPluginJar : add tim
2024-04-10 15:10:39,254 [INFO] IPUIPlugin:80 - create IPUIPlugin
2024-04-10 15:10:39,255 [INFO] PluginManager:220 - loadIPPluginJar : add touchsensing
2024-04-10 15:10:39,276 [INFO] IPUIPlugin:80 - create IPUIPlugin
2024-04-10 15:10:39,276 [INFO] PluginManager:220 - loadIPPluginJar : add tracer_emb
2024-04-10 15:10:39,297 [INFO] IPUIPlugin:80 - create IPUIPlugin
2024-04-10 15:10:39,297 [INFO] PluginManager:220 - loadIPPluginJar : add ts
2024-04-10 15:10:39,317 [INFO] IPUIPlugin:80 - create IPUIPlugin
2024-04-10 15:10:39,317 [INFO] PluginManager:220 - loadIPPluginJar : add tsc
2024-04-10 15:10:39,339 [INFO] IPUIPlugin:80 - create IPUIPlugin
2024-04-10 15:10:39,339 [INFO] PluginManager:220 - loadIPPluginJar : add ucpd
2024-04-10 15:10:39,382 [INFO] IPUIPlugin:80 - create IPUIPlugin
2024-04-10 15:10:39,382 [INFO] PluginManager:220 - loadIPPluginJar : add usart
2024-04-10 15:10:39,422 [INFO] IPUIPlugin:80 - create IPUIPlugin
2024-04-10 15:10:39,423 [INFO] PluginManager:220 - loadIPPluginJar : add usbx
2024-04-10 15:10:39,555 [INFO] CADModel:165 - CPN selected for project level
2024-04-10 15:10:39,555 [INFO] CADModel:114 - Register for checkConnection events
2024-04-10 15:10:39,555 [FATAL] Updater:308 - Updater called before beeing initialized
2024-04-10 15:10:39,555 [ERROR] CADModel:125 - Updater not yet initialized, retry later 
2024-04-10 15:10:39,722 [INFO] CADModel:165 - CPN selected for project level
2024-04-10 15:10:39,722 [INFO] CADModel:114 - Register for checkConnection events
2024-04-10 15:10:39,722 [FATAL] Updater:308 - Updater called before beeing initialized
2024-04-10 15:10:39,722 [ERROR] CADModel:125 - Updater not yet initialized, retry later 
2024-04-10 15:10:39,725 [FATAL] Updater:308 - Updater called before beeing initialized
2024-04-10 15:10:39,842 [FATAL] Updater:308 - Updater called before beeing initialized
2024-04-10 15:10:39,853 [INFO] DbMcusAds:53 - JSON generation date=Wed Nov 29 04:52:27 CST 2023 (1701255147349)
2024-04-10 15:10:39,854 [FATAL] Updater:308 - Updater called before beeing initialized
2024-04-10 15:10:39,938 [WARN] DetailPanel:346 - Failed to get advertising image, set to default
2024-04-10 15:10:40,047 [FATAL] Updater:308 - Updater called before beeing initialized
2024-04-10 15:10:40,049 [FATAL] Updater:308 - Updater called before beeing initialized
2024-04-10 15:10:40,049 [FATAL] Updater:308 - Updater called before beeing initialized
2024-04-10 15:10:40,049 [WARN] DetailPanel:346 - Failed to get advertising image, set to default
2024-04-10 15:10:40,050 [FATAL] Updater:308 - Updater called before beeing initialized
2024-04-10 15:10:40,114 [ERROR] Updater:1120 - MainUpdater not yet initialized. External WinMGr cannot be set.
2024-04-10 15:10:40,126 [INFO] Updater:1056 - Updater Version found : 6.10.0
2024-04-10 15:10:40,146 [INFO] ApplicationProperties:184 - Using Application install path: C:\ST\STM32CubeIDE_1.14.1\STM32CubeIDE\plugins\com.st.stm32cube.common.mx_6.10.0.202311202037
2024-04-10 15:10:40,209 [INFO] ThirdPartyUpdaterWithRetryManager:70 - Updater plugin not ready yet. [2/15]
2024-04-10 15:10:41,726 [ERROR] LogOutputStream:75 - [STDERR_REDIRECT] Apr 10, 2024 3:10:41 PM java.util.prefs.WindowsPreferences <init>
2024-04-10 15:10:41,728 [ERROR] LogOutputStream:75 - [STDERR_REDIRECT] WARNING: Could not open/create prefs root node Software\JavaSoft\Prefs at root 0xffffffff80000002. Windows RegCreateKeyEx(...) returned error code 5.
2024-04-10 15:10:41,728 [ERROR] LogOutputStream:75 - [STDERR_REDIRECT] 
2024-04-10 15:10:42,186 [INFO] MainUpdater:2873 - connection check result : 10
2024-04-10 15:10:42,188 [INFO] MainUpdater:290 - Updater Check For Update Now.
2024-04-10 15:10:42,188 [INFO] MicroXplorer:498 - Change Database Version : DB.6.0.100
2024-04-10 15:10:42,222 [INFO] McuFinderGlobals:63 - Set McuFinder mode to 2 (CubeIDE integrated)
2024-04-10 15:10:42,222 [INFO] UserAuth:180 - activating auth plugin
2024-04-10 15:10:42,230 [INFO] UserAuth:404 - Internet connection configuration mode: 1
2024-04-10 15:10:42,279 [INFO] JxBrowserEngine:152 - Initiate JxBrowser Engine with user profile folder
2024-04-10 15:10:42,470 [INFO] CheckServerUpdateThread:120 - End of CheckServer Thread
2024-04-10 15:10:43,565 [WARN] PackLoader:240 - Cannot read IP mode file for STMicroelectronics.X-CUBE-SMBUS.2.1.0
2024-04-10 15:10:43,587 [WARN] PackLoader:240 - Cannot read IP mode file for STMicroelectronics.X-CUBE-TOUCHGFX.4.23.1
2024-04-10 15:10:43,603 [WARN] PackLoader:240 - Cannot read IP mode file for STMicroelectronics.X-CUBE-TOUCHGFX.4.23.0
2024-04-10 15:10:43,620 [WARN] PackLoader:240 - Cannot read IP mode file for STMicroelectronics.X-CUBE-TOUCHGFX.4.23.2
2024-04-10 15:10:43,699 [WARN] PackLoader:240 - Cannot read IP mode file for STMicroelectronics.X-CUBE-AZRTOS-F7.1.1.0
2024-04-10 15:10:43,735 [WARN] PackLoader:240 - Cannot read IP mode file for STMicroelectronics.FP-SNS-MOTENV1.4.3.2
2024-04-10 15:10:43,748 [WARN] PackLoader:240 - Cannot read IP mode file for STMicroelectronics.FP-SNS-FLIGHT1.5.0.2
2024-04-10 15:10:43,771 [WARN] PackLoader:240 - Cannot read IP mode file for STMicroelectronics.X-CUBE-DISPLAY.3.0.0
2024-04-10 15:10:43,806 [WARN] PackLoader:240 - Cannot read IP mode file for STMicroelectronics.X-CUBE-BLE1.7.0.0
2024-04-10 15:10:43,826 [WARN] PackLoader:240 - Cannot read IP mode file for emotas.I-CUBE-CANOPEN.1.3.0
2024-04-10 15:10:43,856 [WARN] PackLoader:240 - Cannot read IP mode file for STMicroelectronics.X-CUBE-BLEMGR.3.1.0
2024-04-10 15:10:43,883 [WARN] PackLoader:240 - Cannot read IP mode file for STMicroelectronics.FP-SNS-SMARTAG2.1.2.0
2024-04-10 15:10:43,913 [INFO] LogOutputStream:77 - [STDOUT_REDIRECT] 1 : Invalid condition id : UX_CORESTACK_Condition cause : null
2024-04-10 15:10:43,914 [INFO] LogOutputStream:77 - [STDOUT_REDIRECT] 1 : Invalid condition id : UX_CORESTACK_Condition cause : null
2024-04-10 15:10:43,916 [INFO] LogOutputStream:77 - [STDOUT_REDIRECT] 1 : Invalid condition id : UX_CORESTACK_Condition cause : null
2024-04-10 15:10:43,918 [INFO] LogOutputStream:77 - [STDOUT_REDIRECT] 1 : Invalid condition id : UX_CORESTACK_Condition cause : null
2024-04-10 15:10:43,919 [INFO] LogOutputStream:77 - [STDOUT_REDIRECT] 1 : Invalid condition id : UX_CORESTACK_Condition cause : null
2024-04-10 15:10:43,926 [WARN] PackLoader:240 - Cannot read IP mode file for STMicroelectronics.X-CUBE-AZRTOS-WL.2.0.0
2024-04-10 15:10:43,949 [WARN] PackLoader:240 - Cannot read IP mode file for STMicroelectronics.FP-SNS-MOTENV1.5.0.0
2024-04-10 15:10:43,975 [WARN] PackLoader:240 - Cannot read IP mode file for WES.I-CUBE-Cesium.1.3.0
2024-04-10 15:10:43,994 [WARN] PackLoader:240 - Cannot read IP mode file for STMicroelectronics.X-CUBE-BLE2.3.3.0
2024-04-10 15:10:44,013 [WARN] PackLoader:240 - Cannot read IP mode file for STMicroelectronics.X-CUBE-TCPP.4.1.0
2024-04-10 15:10:44,033 [WARN] PackLoader:240 - Cannot read IP mode file for STMicroelectronics.X-CUBE-ALGOBUILD.1.3.0
2024-04-10 15:10:44,077 [WARN] PackLoader:240 - Cannot read IP mode file for STMicroelectronics.X-CUBE-AZRTOS-G0.1.1.0
2024-04-10 15:10:44,099 [WARN] PackLoader:240 - Cannot read IP mode file for STMicroelectronics.X-CUBE-SAFEA1.1.2.2
2024-04-10 15:10:44,117 [WARN] PackLoader:240 - Cannot read IP mode file for STMicroelectronics.X-CUBE-NFC4.3.0.0
2024-04-10 15:10:44,137 [WARN] PackLoader:240 - Cannot read IP mode file for STMicroelectronics.X-CUBE-BLEMGR.3.0.0
2024-04-10 15:10:44,158 [WARN] PackLoader:240 - Cannot read IP mode file for STMicroelectronics.FP-ATR-SIGFOX1.3.2.0
2024-04-10 15:10:44,177 [WARN] PackLoader:240 - Cannot read IP mode file for STMicroelectronics.X-CUBE-EEPRMA1.5.1.0
2024-04-10 15:10:44,234 [WARN] PackLoader:240 - Cannot read IP mode file for SEGGER.I-CUBE-embOS.1.3.1
2024-04-10 15:10:44,289 [WARN] PackLoader:240 - Cannot read IP mode file for STMicroelectronics.X-CUBE-GNSS1.6.0.0
2024-04-10 15:10:44,329 [WARN] PackLoader:240 - Cannot read IP mode file for STMicroelectronics.X-CUBE-AZRTOS-F4.1.1.0
2024-04-10 15:10:44,349 [WARN] PackLoader:240 - Cannot read IP mode file for wolfSSL.I-CUBE-wolfSSL.5.6.6
2024-04-10 15:10:44,394 [WARN] PackLoader:240 - Cannot read IP mode file for STMicroelectronics.X-CUBE-AZRTOS-L5.2.0.0
2024-04-10 15:10:44,415 [WARN] PackLoader:240 - Cannot read IP mode file for STMicroelectronics.X-CUBE-EEPRMA1.4.2.0
2024-04-10 15:10:44,436 [WARN] PackLoader:240 - Cannot read IP mode file for STMicroelectronics.X-CUBE-NFC6.3.1.0
2024-04-10 15:10:44,455 [WARN] PackLoader:240 - Cannot read IP mode file for ITTIA_DB.I-CUBE-ITTIADB.8.8.0
2024-04-10 15:10:44,471 [WARN] PackLoader:240 - Cannot read IP mode file for STMicroelectronics.X-CUBE-NFC7.1.0.1
2024-04-10 15:10:44,491 [WARN] PackLoader:240 - Cannot read IP mode file for STMicroelectronics.X-CUBE-NFC6.3.0.0
2024-04-10 15:10:44,509 [WARN] PackLoader:240 - Cannot read IP mode file for STMicroelectronics.X-CUBE-AI.8.1.0
2024-04-10 15:10:44,560 [WARN] ConditionMgr:438 - getConditionDescription Invalid condition id : LAN8742 Phy interface Condition cause : null
2024-04-10 15:10:44,561 [WARN] PackLoader:240 - Cannot read IP mode file for STMicroelectronics.X-CUBE-AZRTOS-L4.2.0.0
2024-04-10 15:10:44,563 [WARN] ConditionMgr:1039 - genDependencies : Invalid condition id : LAN8742 Phy interface Condition cause : null
2024-04-10 15:10:44,564 [WARN] ConditionMgr:1039 - genDependencies : Invalid condition id : LAN8742 Phy interface Condition cause : null
2024-04-10 15:10:44,564 [WARN] ConditionMgr:1039 - genDependencies : Invalid condition id : LAN8742 Phy interface Condition cause : null
2024-04-10 15:10:44,588 [WARN] PackLoader:240 - Cannot read IP mode file for STMicroelectronics.X-CUBE-SFXS2LP1.4.0.0
2024-04-10 15:10:44,651 [WARN] ConditionMgr:438 - getConditionDescription Invalid condition id : UX DEVICE CLASS RTOS Condition cause : null
2024-04-10 15:10:44,652 [WARN] ConditionMgr:438 - getConditionDescription Invalid condition id : UX DEVICE CLASS RTOS Condition cause : null
2024-04-10 15:10:44,655 [WARN] PackLoader:240 - Cannot read IP mode file for STMicroelectronics.X-CUBE-AZRTOS-WB.2.0.0
2024-04-10 15:10:44,655 [WARN] ConditionMgr:1039 - genDependencies : Invalid condition id : UX DEVICE CLASS RTOS Condition cause : null
2024-04-10 15:10:44,655 [WARN] ConditionMgr:1039 - genDependencies : Invalid condition id : UX DEVICE CLASS RTOS Condition cause : null
2024-04-10 15:10:44,657 [WARN] ConditionMgr:1039 - genDependencies : Invalid condition id : UX DEVICE CLASS RTOS Condition cause : null
2024-04-10 15:10:44,658 [WARN] ConditionMgr:1039 - genDependencies : Invalid condition id : UX DEVICE CLASS RTOS Condition cause : null
2024-04-10 15:10:44,658 [WARN] ConditionMgr:1039 - genDependencies : Invalid condition id : UX DEVICE CLASS RTOS Condition cause : null
2024-04-10 15:10:44,695 [WARN] PackLoader:240 - Cannot read IP mode file for STMicroelectronics.X-CUBE-SUBG2.5.0.0
2024-04-10 15:10:44,738 [WARN] PackLoader:240 - Cannot read IP mode file for STMicroelectronics.X-CUBE-AZRTOS-G4.2.0.0
2024-04-10 15:10:44,768 [WARN] PackLoader:240 - Cannot read IP mode file for Infineon.AIROC-Wi-Fi-Bluetooth-STM32.1.5.1
2024-04-10 15:10:44,781 [WARN] PackLoader:240 - Cannot read IP mode file for STMicroelectronics.FP-SNS-MOTENVWB1.1.3.1
2024-04-10 15:10:44,800 [WARN] PackLoader:240 - Cannot read IP mode file for STMicroelectronics.X-CUBE-ISPU.2.0.0
2024-04-10 15:10:44,855 [WARN] PackLoader:240 - Cannot read IP mode file for STMicroelectronics.X-CUBE-MEMS1.10.0.0
2024-04-10 15:10:45,012 [WARN] PackLoader:240 - Cannot read IP mode file for STMicroelectronics.X-CUBE-FREERTOS.1.1.0
2024-04-10 15:10:45,031 [WARN] PackLoader:240 - Cannot read IP mode file for portGmbH.I-Cube-SoM-uGOAL.1.1.0
2024-04-10 15:10:45,046 [WARN] PackLoader:240 - Cannot read IP mode file for STMicroelectronics.X-CUBE-ALS.1.0.1
2024-04-10 15:10:45,063 [WARN] PackLoader:240 - Cannot read IP mode file for STMicroelectronics.FP-ATR-ASTRA1.2.0.0
2024-04-10 15:10:45,086 [WARN] PackLoader:240 - Cannot read IP mode file for STMicroelectronics.X-CUBE-TOF1.3.4.0
2024-04-10 15:10:45,116 [WARN] PackLoader:240 - Cannot read IP mode file for STMicroelectronics.X-CUBE-TOF1.3.4.1
2024-04-10 15:10:45,159 [WARN] PackLoader:240 - Cannot read IP mode file for STMicroelectronics.X-CUBE-AZRTOS-H7.3.2.0
2024-04-10 15:10:45,162 [INFO] ThirdParty:978 - Integrity check success = true
2024-04-10 15:10:45,162 [INFO] IntegrityCheckThread:100 - exiting critical section [integrity check]
2024-04-10 15:10:45,162 [INFO] IntegrityCheckThread:103 - End integrity checks thread
2024-04-10 15:10:46,584 [INFO] WebApp:161 - Instantiating new browser for Auth
2024-04-10 15:10:47,476 [INFO] WebApp:780 - Register for checkConnection events
2024-04-10 15:10:47,476 [INFO] WebApp:414 - Apply proxy settings
2024-04-10 15:10:47,477 [INFO] WebApp:499 - Chromium requires no authentication
2024-04-10 15:10:47,488 [INFO] WebApp:442 - Direct internet connection detected
2024-04-10 15:10:47,737 [INFO] WebApp:192 - Starting web application
2024-04-10 15:10:47,738 [INFO] WebApp:544 - Web application path used C:\ST\STM32CubeIDE_1.14.1\STM32CubeIDE\plugins\com.st.stm32cube.common.mx_6.10.0.202311202037\db\plugins\mcufinder\reactClient1\index.html
2024-04-10 15:11:09,125 [ERROR] LogOutputStream:75 - [STDERR_REDIRECT] SLF4J: Failed to load class "org.slf4j.impl.StaticLoggerBinder".
2024-04-10 15:11:09,127 [ERROR] LogOutputStream:75 - [STDERR_REDIRECT] SLF4J: Defaulting to no-operation (NOP) logger implementation
2024-04-10 15:11:09,129 [ERROR] LogOutputStream:75 - [STDERR_REDIRECT] SLF4J: See http://www.slf4j.org/codes.html#StaticLoggerBinder for further details.
2024-04-10 15:51:52,639 [ERROR] LogOutputStream:75 - [STDERR_REDIRECT] 
