2024-02-19 12:17:02,334 [INFO] Activator:176 - 


2024-02-19 12:17:02,340 [INFO] Activator:177 - !SESSION log4j initialized
2024-02-19 12:17:10,187 [INFO] LogOutputStream:77 - [STDOUT_REDIRECT] 
2024-02-19 12:17:12,310 [INFO] ApplicationProperties:184 - Using Application install path: C:\ST\STM32CubeIDE_1.14.1\STM32CubeIDE\plugins\com.st.stm32cube.common.mx_6.10.0.202311202037
2024-02-19 12:17:12,333 [INFO] DbMcusXml:78 - Set database path to: C:\ST\STM32CubeIDE_1.14.1\STM32CubeIDE\plugins\com.st.stm32cube.common.mx_6.10.0.202311202037\\db\/mcu/
2024-02-19 12:17:12,333 [INFO] ApiDb:274 - Set plugin database path to: C:\ST\STM32CubeIDE_1.14.1\STM32CubeIDE\plugins\com.st.stm32cube.common.mx_6.10.0.202311202037\\db\/plugins/boardmanager/
2024-02-19 12:17:12,334 [WARN] ApiDb:259 - Overriding images path with different value:  => C:\ST\STM32CubeIDE_1.14.1\STM32CubeIDE\plugins\com.st.stm32cube.common.mx_6.10.0.202311202037\\db\/plugins/mcufinder/images/
2024-02-19 12:17:12,348 [INFO] ApiDb:250 - Set database path to: C:\Users\TuranyElijah\.stmcufinder\plugins\mcufinder//mcu/
2024-02-19 12:17:12,349 [INFO] DbMcusAds:125 - Set database path to: C:\Users\TuranyElijah\.stmcufinder\plugins\mcufinder//mcu/
2024-02-19 12:17:12,352 [INFO] CrossReferenceDbSqlite:203 - Set database path to: C:\Users\TuranyElijah\.stmcufinder\plugins\mcufinder//mcu/cs/
2024-02-19 12:17:12,512 [INFO] RulesReader:64 - Compatibility file has been processed (297 Rules)
2024-02-19 12:17:12,618 [INFO] DbMcusXml:78 - Set database path to: C:\ST\STM32CubeIDE_1.14.1\STM32CubeIDE\plugins\com.st.stm32cube.common.mx_6.10.0.202311202037\\db\/mcu/
2024-02-19 12:17:12,618 [INFO] ApiDb:274 - Set plugin database path to: C:\ST\STM32CubeIDE_1.14.1\STM32CubeIDE\plugins\com.st.stm32cube.common.mx_6.10.0.202311202037\\db\/plugins/boardmanager/
2024-02-19 12:17:12,618 [INFO] ApiDb:261 - Set plugin images path to: C:\ST\STM32CubeIDE_1.14.1\STM32CubeIDE\plugins\com.st.stm32cube.common.mx_6.10.0.202311202037\\db\/plugins/mcufinder/images/
2024-02-19 12:17:12,618 [WARN] DbFile:41 - Overriding database path with different value: C:\Users\TuranyElijah\.stmcufinder\plugins\mcufinder/ => C:\Users\TuranyElijah\.stmcufinder\plugins\mcufinder
2024-02-19 12:17:12,618 [INFO] ApiDb:250 - Set database path to: C:\Users\TuranyElijah\.stmcufinder\plugins\mcufinder//mcu/
2024-02-19 12:17:12,619 [WARN] DbFile:41 - Overriding database path with different value: C:\Users\TuranyElijah\.stmcufinder\plugins\mcufinder/ => C:\Users\TuranyElijah\.stmcufinder\plugins\mcufinder
2024-02-19 12:17:12,619 [INFO] DbMcusAds:125 - Set database path to: C:\Users\TuranyElijah\.stmcufinder\plugins\mcufinder//mcu/
2024-02-19 12:17:12,619 [WARN] DbFile:41 - Overriding database path with different value: C:\Users\TuranyElijah\.stmcufinder\plugins\mcufinder/ => C:\Users\TuranyElijah\.stmcufinder\plugins\mcufinder
2024-02-19 12:17:12,619 [WARN] DbFile:41 - Overriding database path with different value: C:\Users\TuranyElijah\.stmcufinder\plugins\mcufinder/ => C:\Users\TuranyElijah\.stmcufinder\plugins\mcufinder
2024-02-19 12:17:12,619 [INFO] CrossReferenceDbSqlite:203 - Set database path to: C:\Users\TuranyElijah\.stmcufinder\plugins\mcufinder//mcu/cs/
2024-02-19 12:17:12,729 [INFO] MainPanel:264 - HeapMemory: 268435456
2024-02-19 12:17:12,856 [INFO] DbMcusXml:78 - Set database path to: C:\ST\STM32CubeIDE_1.14.1\STM32CubeIDE\plugins\com.st.stm32cube.common.mx_6.10.0.202311202037\\db\/mcu/
2024-02-19 12:17:12,857 [INFO] ApiDb:274 - Set plugin database path to: C:\ST\STM32CubeIDE_1.14.1\STM32CubeIDE\plugins\com.st.stm32cube.common.mx_6.10.0.202311202037\\db\/plugins/boardmanager/
2024-02-19 12:17:12,857 [INFO] ApiDb:261 - Set plugin images path to: C:\ST\STM32CubeIDE_1.14.1\STM32CubeIDE\plugins\com.st.stm32cube.common.mx_6.10.0.202311202037\\db\/plugins/mcufinder/images/
2024-02-19 12:17:12,858 [WARN] DbFile:41 - Overriding database path with different value: C:\Users\TuranyElijah\.stmcufinder\plugins\mcufinder/ => C:\Users\TuranyElijah\.stmcufinder\plugins\mcufinder
2024-02-19 12:17:12,858 [INFO] ApiDb:250 - Set database path to: C:\Users\TuranyElijah\.stmcufinder\plugins\mcufinder//mcu/
2024-02-19 12:17:12,858 [WARN] DbFile:41 - Overriding database path with different value: C:\Users\TuranyElijah\.stmcufinder\plugins\mcufinder/ => C:\Users\TuranyElijah\.stmcufinder\plugins\mcufinder
2024-02-19 12:17:12,858 [INFO] DbMcusAds:125 - Set database path to: C:\Users\TuranyElijah\.stmcufinder\plugins\mcufinder//mcu/
2024-02-19 12:17:12,858 [WARN] DbFile:41 - Overriding database path with different value: C:\Users\TuranyElijah\.stmcufinder\plugins\mcufinder/ => C:\Users\TuranyElijah\.stmcufinder\plugins\mcufinder
2024-02-19 12:17:12,858 [WARN] DbFile:41 - Overriding database path with different value: C:\Users\TuranyElijah\.stmcufinder\plugins\mcufinder/ => C:\Users\TuranyElijah\.stmcufinder\plugins\mcufinder
2024-02-19 12:17:12,859 [INFO] CrossReferenceDbSqlite:203 - Set database path to: C:\Users\TuranyElijah\.stmcufinder\plugins\mcufinder//mcu/cs/
2024-02-19 12:17:12,887 [INFO] ApplicationProperties:184 - Using Application install path: C:\ST\STM32CubeIDE_1.14.1\STM32CubeIDE\plugins\com.st.stm32cube.common.mx_6.10.0.202311202037
2024-02-19 12:17:12,889 [INFO] PluginManage:196 - Search for loadable plugins [exclusion list=, ]
2024-02-19 12:17:12,890 [INFO] PluginManage:310 - Check plugin analytics
2024-02-19 12:17:13,102 [INFO] AnalyticsPlugin:253 - Accepted Software Licenses: STM32CubeMX.6.10.0
2024-02-19 12:17:13,102 [INFO] AnalyticsPlugin:255 - Accepted CMSIS Pack Licenses: 
2024-02-19 12:17:13,103 [INFO] AnalyticsPlugin:257 - Accepted Firmware Licenses: 
2024-02-19 12:17:13,106 [INFO] PluginManage:359 - Loaded plugin analytics (category:tool,tabindex:-1)
2024-02-19 12:17:13,107 [INFO] PluginManage:310 - Check plugin cadmodel
2024-02-19 12:17:13,124 [INFO] CADModel:105 - Init CAD model plugin
2024-02-19 12:17:13,124 [INFO] PluginManage:359 - Loaded plugin cadmodel (category:power,tabindex:5)
2024-02-19 12:17:13,124 [INFO] PluginManage:310 - Check plugin clock
2024-02-19 12:17:13,146 [INFO] PluginManage:359 - Loaded plugin clock (category:base,tabindex:2)
2024-02-19 12:17:13,147 [INFO] PluginManage:310 - Check plugin ddr
2024-02-19 12:17:13,149 [INFO] PluginManage:359 - Loaded plugin ddr (category:tool,tabindex:6)
2024-02-19 12:17:13,149 [INFO] PluginManage:310 - Check plugin filemanager
2024-02-19 12:17:13,312 [INFO] PluginManage:359 - Loaded plugin filemanager (category:base,tabindex:10)
2024-02-19 12:17:13,312 [INFO] PluginManage:310 - Check plugin ipmanager
2024-02-19 12:17:13,320 [INFO] PluginManage:359 - Loaded plugin ipmanager (category:base,tabindex:5)
2024-02-19 12:17:13,320 [INFO] PluginManage:310 - Check plugin lpbam
2024-02-19 12:17:13,341 [INFO] PluginManage:359 - Loaded plugin lpbam (category:base,tabindex:0)
2024-02-19 12:17:13,341 [INFO] PluginManage:310 - Check plugin memorymap
2024-02-19 12:17:13,367 [INFO] PluginManage:359 - Loaded plugin memorymap (category:base,tabindex:4)
2024-02-19 12:17:13,367 [INFO] PluginManage:310 - Check plugin pinoutandconfiguration
2024-02-19 12:17:13,384 [INFO] PluginManage:359 - Loaded plugin pinoutandconfiguration (category:base,tabindex:1)
2024-02-19 12:17:13,384 [INFO] PluginManage:310 - Check plugin pinoutconfig
2024-02-19 12:17:13,498 [WARN] SupportedApi:132 - Cannot load RTOS API schema: s4s-elt-must-match.1: The content of 'definitions' must match (annotation?, (simpleType | complexType)?, (unique | key | keyref)*)). A problem was found starting at: attribute.
2024-02-19 12:17:13,639 [INFO] PluginManage:359 - Loaded plugin pinoutconfig (category:base,tabindex:0)
2024-02-19 12:17:13,640 [INFO] PluginManage:310 - Check plugin power
2024-02-19 12:17:13,660 [INFO] PluginManage:359 - Loaded plugin power (category:power,tabindex:4)
2024-02-19 12:17:13,660 [INFO] PluginManage:310 - Check plugin projectmanager
2024-02-19 12:17:13,676 [INFO] PluginManage:359 - Loaded plugin projectmanager (category:projectmanager,tabindex:3)
2024-02-19 12:17:13,676 [INFO] PluginManage:310 - Check plugin thirdparty
2024-02-19 12:17:13,993 [INFO] PluginManage:359 - Loaded plugin thirdparty (category:base,tabindex:-1)
2024-02-19 12:17:13,993 [WARN] IntegrityCheckThread:84 - waiting for thirdparty lock release [integrity check]
2024-02-19 12:17:13,993 [INFO] PluginManage:310 - Check plugin tools
2024-02-19 12:17:13,993 [INFO] IntegrityCheckThread:86 - entering critical section [integrity check]
2024-02-19 12:17:13,994 [INFO] ThirdPartyUpdaterWithRetryManager:70 - Updater plugin not ready yet. [1/15]
2024-02-19 12:17:14,026 [INFO] PluginManage:359 - Loaded plugin tools (category:base,tabindex:7)
2024-02-19 12:17:14,026 [INFO] PluginManage:310 - Check plugin tutovideos
2024-02-19 12:17:14,224 [INFO] PluginManage:359 - Loaded plugin tutovideos (category:base,tabindex:-1)
2024-02-19 12:17:14,224 [INFO] PluginManage:310 - Check plugin updater
2024-02-19 12:17:14,236 [INFO] PluginManage:359 - Loaded plugin updater (category:base,tabindex:12)
2024-02-19 12:17:14,236 [INFO] PluginManage:310 - Check plugin userauth
2024-02-19 12:17:14,242 [INFO] UserAuth:114 - Init User Auth plugin
2024-02-19 12:17:14,242 [INFO] PluginManage:359 - Loaded plugin userauth (category:base,tabindex:14)
2024-02-19 12:17:14,243 [INFO] PluginManage:283 - PluginManage : Loaded plugins [17]
2024-02-19 12:17:14,459 [INFO] PinOutPanel:1499 - setPackage(No Configuration,No Configuration)
2024-02-19 12:17:14,535 [INFO] CADModel:165 - CPN selected for project level
2024-02-19 12:17:14,535 [INFO] CADModel:114 - Register for checkConnection events
2024-02-19 12:17:14,561 [INFO] IPUIPlugin:80 - create IPUIPlugin
2024-02-19 12:17:14,561 [INFO] PluginManager:220 - loadIPPluginJar : add adc
2024-02-19 12:17:14,592 [INFO] IPUIPlugin:80 - create IPUIPlugin
2024-02-19 12:17:14,592 [INFO] PluginManager:220 - loadIPPluginJar : add aes
2024-02-19 12:17:14,627 [INFO] IPUIPlugin:80 - create IPUIPlugin
2024-02-19 12:17:14,628 [INFO] PluginManager:220 - loadIPPluginJar : add can
2024-02-19 12:17:14,648 [INFO] IPUIPlugin:80 - create IPUIPlugin
2024-02-19 12:17:14,648 [INFO] PluginManager:220 - loadIPPluginJar : add comp
2024-02-19 12:17:14,681 [INFO] IPUIPlugin:80 - create IPUIPlugin
2024-02-19 12:17:14,681 [INFO] PluginManager:220 - loadIPPluginJar : add cryp
2024-02-19 12:17:14,705 [INFO] IPUIPlugin:80 - create IPUIPlugin
2024-02-19 12:17:14,706 [INFO] PluginManager:220 - loadIPPluginJar : add dfsdm
2024-02-19 12:17:14,719 [INFO] IPUIPlugin:80 - create IPUIPlugin
2024-02-19 12:17:14,720 [INFO] PluginManager:220 - loadIPPluginJar : add dma
2024-02-19 12:17:14,756 [INFO] IPUIPlugin:80 - create IPUIPlugin
2024-02-19 12:17:14,756 [INFO] PluginManager:220 - loadIPPluginJar : add dma3
2024-02-19 12:17:14,772 [INFO] IPUIPlugin:80 - create IPUIPlugin
2024-02-19 12:17:14,772 [INFO] PluginManager:220 - loadIPPluginJar : add fatfs
2024-02-19 12:17:14,812 [INFO] IPUIPlugin:80 - create IPUIPlugin
2024-02-19 12:17:14,812 [INFO] PluginManager:220 - loadIPPluginJar : add fmc
2024-02-19 12:17:14,826 [INFO] IPUIPlugin:80 - create IPUIPlugin
2024-02-19 12:17:14,827 [INFO] PluginManager:220 - loadIPPluginJar : add freertos
2024-02-19 12:17:14,844 [INFO] IPUIPlugin:80 - create IPUIPlugin
2024-02-19 12:17:14,844 [INFO] PluginManager:220 - loadIPPluginJar : add genericplugin
2024-02-19 12:17:14,920 [INFO] IPUIPlugin:80 - create IPUIPlugin
2024-02-19 12:17:14,920 [INFO] PluginManager:220 - loadIPPluginJar : add gfxmmu
2024-02-19 12:17:15,033 [INFO] IPUIPlugin:80 - create IPUIPlugin
2024-02-19 12:17:15,034 [INFO] PluginManager:220 - loadIPPluginJar : add gic
2024-02-19 12:17:15,052 [INFO] IPUIPlugin:80 - create IPUIPlugin
2024-02-19 12:17:15,052 [INFO] PluginManager:220 - loadIPPluginJar : add gpio
2024-02-19 12:17:15,128 [INFO] IPUIPlugin:80 - create IPUIPlugin
2024-02-19 12:17:15,128 [INFO] PluginManager:220 - loadIPPluginJar : add gtzc
2024-02-19 12:17:15,155 [INFO] IPUIPlugin:80 - create IPUIPlugin
2024-02-19 12:17:15,155 [INFO] PluginManager:220 - loadIPPluginJar : add hash
2024-02-19 12:17:15,217 [INFO] IPUIPlugin:80 - create IPUIPlugin
2024-02-19 12:17:15,217 [INFO] PluginManager:220 - loadIPPluginJar : add i2c
2024-02-19 12:17:15,248 [INFO] IPUIPlugin:80 - create IPUIPlugin
2024-02-19 12:17:15,248 [INFO] PluginManager:220 - loadIPPluginJar : add i2s
2024-02-19 12:17:15,282 [INFO] IPUIPlugin:80 - create IPUIPlugin
2024-02-19 12:17:15,282 [INFO] PluginManager:220 - loadIPPluginJar : add i3c
2024-02-19 12:17:15,371 [INFO] IPUIPlugin:80 - create IPUIPlugin
2024-02-19 12:17:15,371 [INFO] PluginManager:220 - loadIPPluginJar : add ipddr
2024-02-19 12:17:15,445 [INFO] IPUIPlugin:80 - create IPUIPlugin
2024-02-19 12:17:15,445 [INFO] PluginManager:220 - loadIPPluginJar : add linkedlist
2024-02-19 12:17:15,475 [INFO] IPUIPlugin:80 - create IPUIPlugin
2024-02-19 12:17:15,475 [INFO] PluginManager:220 - loadIPPluginJar : add lorawan
2024-02-19 12:17:15,505 [INFO] IPUIPlugin:80 - create IPUIPlugin
2024-02-19 12:17:15,505 [INFO] PluginManager:220 - loadIPPluginJar : add ltdc
2024-02-19 12:17:15,518 [INFO] IPUIPlugin:80 - create IPUIPlugin
2024-02-19 12:17:15,518 [INFO] PluginManager:220 - loadIPPluginJar : add mdma
2024-02-19 12:17:15,529 [INFO] IPUIPlugin:80 - create IPUIPlugin
2024-02-19 12:17:15,529 [INFO] PluginManager:220 - loadIPPluginJar : add nvic
2024-02-19 12:17:15,559 [INFO] IPUIPlugin:80 - create IPUIPlugin
2024-02-19 12:17:15,559 [INFO] PluginManager:220 - loadIPPluginJar : add opamp
2024-02-19 12:17:15,624 [INFO] IPUIPlugin:80 - create IPUIPlugin
2024-02-19 12:17:15,624 [INFO] PluginManager:220 - loadIPPluginJar : add openamp
2024-02-19 12:17:15,663 [INFO] IPUIPlugin:80 - create IPUIPlugin
2024-02-19 12:17:15,663 [INFO] PluginManager:220 - loadIPPluginJar : add pdm2pcm
2024-02-19 12:17:15,675 [INFO] IPUIPlugin:80 - create IPUIPlugin
2024-02-19 12:17:15,677 [INFO] PluginManager:220 - loadIPPluginJar : add plateformsettings
2024-02-19 12:17:15,695 [INFO] IPUIPlugin:80 - create IPUIPlugin
2024-02-19 12:17:15,695 [INFO] PluginManager:220 - loadIPPluginJar : add quadspi
2024-02-19 12:17:15,706 [INFO] IPUIPlugin:80 - create IPUIPlugin
2024-02-19 12:17:15,706 [INFO] PluginManager:220 - loadIPPluginJar : add resmgrutility
2024-02-19 12:17:15,748 [INFO] IPUIPlugin:80 - create IPUIPlugin
2024-02-19 12:17:15,749 [INFO] PluginManager:220 - loadIPPluginJar : add sai
2024-02-19 12:17:15,779 [INFO] IPUIPlugin:80 - create IPUIPlugin
2024-02-19 12:17:15,780 [INFO] PluginManager:220 - loadIPPluginJar : add spi
2024-02-19 12:17:15,858 [INFO] IPUIPlugin:80 - create IPUIPlugin
2024-02-19 12:17:15,858 [INFO] PluginManager:220 - loadIPPluginJar : add stm32_wpan
2024-02-19 12:17:15,880 [INFO] IPUIPlugin:80 - create IPUIPlugin
2024-02-19 12:17:15,880 [INFO] PluginManager:220 - loadIPPluginJar : add tim
2024-02-19 12:17:15,926 [INFO] IPUIPlugin:80 - create IPUIPlugin
2024-02-19 12:17:15,926 [INFO] PluginManager:220 - loadIPPluginJar : add touchsensing
2024-02-19 12:17:15,946 [INFO] IPUIPlugin:80 - create IPUIPlugin
2024-02-19 12:17:15,946 [INFO] PluginManager:220 - loadIPPluginJar : add tracer_emb
2024-02-19 12:17:15,969 [INFO] IPUIPlugin:80 - create IPUIPlugin
2024-02-19 12:17:15,969 [INFO] PluginManager:220 - loadIPPluginJar : add ts
2024-02-19 12:17:15,986 [INFO] IPUIPlugin:80 - create IPUIPlugin
2024-02-19 12:17:15,986 [INFO] PluginManager:220 - loadIPPluginJar : add tsc
2024-02-19 12:17:16,003 [INFO] IPUIPlugin:80 - create IPUIPlugin
2024-02-19 12:17:16,004 [INFO] PluginManager:220 - loadIPPluginJar : add ucpd
2024-02-19 12:17:16,040 [INFO] IPUIPlugin:80 - create IPUIPlugin
2024-02-19 12:17:16,040 [INFO] PluginManager:220 - loadIPPluginJar : add usart
2024-02-19 12:17:16,076 [INFO] IPUIPlugin:80 - create IPUIPlugin
2024-02-19 12:17:16,076 [INFO] PluginManager:220 - loadIPPluginJar : add usbx
2024-02-19 12:17:16,209 [INFO] CADModel:165 - CPN selected for project level
2024-02-19 12:17:16,209 [INFO] CADModel:114 - Register for checkConnection events
2024-02-19 12:17:16,209 [FATAL] Updater:308 - Updater called before beeing initialized
2024-02-19 12:17:16,209 [ERROR] CADModel:125 - Updater not yet initialized, retry later 
2024-02-19 12:17:16,370 [INFO] CADModel:165 - CPN selected for project level
2024-02-19 12:17:16,370 [INFO] CADModel:114 - Register for checkConnection events
2024-02-19 12:17:16,370 [FATAL] Updater:308 - Updater called before beeing initialized
2024-02-19 12:17:16,370 [ERROR] CADModel:125 - Updater not yet initialized, retry later 
2024-02-19 12:17:16,374 [FATAL] Updater:308 - Updater called before beeing initialized
2024-02-19 12:17:16,487 [FATAL] Updater:308 - Updater called before beeing initialized
2024-02-19 12:17:16,497 [INFO] DbMcusAds:53 - JSON generation date=Wed Nov 29 04:52:27 CST 2023 (1701255147200)
2024-02-19 12:17:16,497 [FATAL] Updater:308 - Updater called before beeing initialized
2024-02-19 12:17:16,571 [WARN] DetailPanel:346 - Failed to get advertising image, set to default
2024-02-19 12:17:16,677 [FATAL] Updater:308 - Updater called before beeing initialized
2024-02-19 12:17:16,680 [FATAL] Updater:308 - Updater called before beeing initialized
2024-02-19 12:17:16,680 [FATAL] Updater:308 - Updater called before beeing initialized
2024-02-19 12:17:16,680 [WARN] DetailPanel:346 - Failed to get advertising image, set to default
2024-02-19 12:17:16,681 [FATAL] Updater:308 - Updater called before beeing initialized
2024-02-19 12:17:16,775 [ERROR] Updater:1120 - MainUpdater not yet initialized. External WinMGr cannot be set.
2024-02-19 12:17:16,785 [INFO] Updater:1056 - Updater Version found : 6.10.0
2024-02-19 12:17:16,802 [INFO] ApplicationProperties:184 - Using Application install path: C:\ST\STM32CubeIDE_1.14.1\STM32CubeIDE\plugins\com.st.stm32cube.common.mx_6.10.0.202311202037
2024-02-19 12:17:16,997 [INFO] ThirdPartyUpdaterWithRetryManager:70 - Updater plugin not ready yet. [2/15]
2024-02-19 12:17:18,385 [ERROR] LogOutputStream:75 - [STDERR_REDIRECT] Feb 19, 2024 12:17:18 PM java.util.prefs.WindowsPreferences <init>
2024-02-19 12:17:18,388 [ERROR] LogOutputStream:75 - [STDERR_REDIRECT] WARNING: Could not open/create prefs root node Software\JavaSoft\Prefs at root 0xffffffff80000002. Windows RegCreateKeyEx(...) returned error code 5.
2024-02-19 12:17:18,388 [ERROR] LogOutputStream:75 - [STDERR_REDIRECT] 
2024-02-19 12:17:18,729 [INFO] MainUpdater:2873 - connection check result : 10
2024-02-19 12:17:18,729 [INFO] MainUpdater:3567 - Updater definition file requires update
2024-02-19 12:17:18,730 [INFO] MainUpdater:290 - Updater Check For Update Now.
2024-02-19 12:17:18,730 [INFO] MicroXplorer:498 - Change Database Version : DB.6.0.100
2024-02-19 12:17:18,752 [INFO] McuFinderGlobals:63 - Set McuFinder mode to 2 (CubeIDE integrated)
2024-02-19 12:17:18,752 [INFO] UserAuth:180 - activating auth plugin
2024-02-19 12:17:18,755 [INFO] UserAuth:404 - Internet connection configuration mode: 1
2024-02-19 12:17:18,783 [INFO] JxBrowserEngine:152 - Initiate JxBrowser Engine with user profile folder
2024-02-19 12:17:18,848 [INFO] ServerAccessManage:473 - Download File updaters.zip
2024-02-19 12:17:18,959 [INFO] FileExtend:240 - Unzip File : updaters.zip
2024-02-19 12:17:18,959 [INFO] FileExtend:255 - Standard Zip Deflate
2024-02-19 12:17:19,390 [INFO] ServerAccessManage:473 - Download File PacksControlFlags.xml
2024-02-19 12:17:19,569 [INFO] ServerAccessManage:473 - Download File cubemx.pidx
2024-02-19 12:17:19,721 [INFO] LoadServerUpdatesThread:375 - End of LoadServerUpdate Thread
2024-02-19 12:17:19,955 [INFO] CheckServerUpdateThread:120 - End of CheckServer Thread
2024-02-19 12:17:20,195 [WARN] PackLoader:240 - Cannot read IP mode file for STMicroelectronics.X-CUBE-SMBUS.2.1.0
2024-02-19 12:17:20,213 [WARN] PackLoader:240 - Cannot read IP mode file for STMicroelectronics.X-CUBE-TOUCHGFX.4.23.0
2024-02-19 12:17:20,258 [WARN] PackLoader:240 - Cannot read IP mode file for STMicroelectronics.X-CUBE-AZRTOS-F7.1.1.0
2024-02-19 12:17:20,284 [WARN] PackLoader:240 - Cannot read IP mode file for STMicroelectronics.FP-SNS-MOTENV1.4.3.2
2024-02-19 12:17:20,308 [WARN] PackLoader:240 - Cannot read IP mode file for STMicroelectronics.FP-SNS-FLIGHT1.5.0.2
2024-02-19 12:17:20,329 [WARN] PackLoader:240 - Cannot read IP mode file for STMicroelectronics.X-CUBE-DISPLAY.3.0.0
2024-02-19 12:17:20,358 [WARN] PackLoader:240 - Cannot read IP mode file for STMicroelectronics.X-CUBE-BLE1.7.0.0
2024-02-19 12:17:20,376 [WARN] PackLoader:240 - Cannot read IP mode file for emotas.I-CUBE-CANOPEN.1.3.0
2024-02-19 12:17:20,394 [WARN] PackLoader:240 - Cannot read IP mode file for STMicroelectronics.FP-SNS-SMARTAG2.1.2.0
2024-02-19 12:17:20,422 [INFO] LogOutputStream:77 - [STDOUT_REDIRECT] 1 : Invalid condition id : UX_CORESTACK_Condition cause : null
2024-02-19 12:17:20,422 [INFO] LogOutputStream:77 - [STDOUT_REDIRECT] 1 : Invalid condition id : UX_CORESTACK_Condition cause : null
2024-02-19 12:17:20,424 [INFO] LogOutputStream:77 - [STDOUT_REDIRECT] 1 : Invalid condition id : UX_CORESTACK_Condition cause : null
2024-02-19 12:17:20,425 [INFO] LogOutputStream:77 - [STDOUT_REDIRECT] 1 : Invalid condition id : UX_CORESTACK_Condition cause : null
2024-02-19 12:17:20,426 [INFO] LogOutputStream:77 - [STDOUT_REDIRECT] 1 : Invalid condition id : UX_CORESTACK_Condition cause : null
2024-02-19 12:17:20,431 [WARN] PackLoader:240 - Cannot read IP mode file for STMicroelectronics.X-CUBE-AZRTOS-WL.2.0.0
2024-02-19 12:17:20,453 [WARN] PackLoader:240 - Cannot read IP mode file for WES.I-CUBE-Cesium.1.3.0
2024-02-19 12:17:20,468 [WARN] PackLoader:240 - Cannot read IP mode file for STMicroelectronics.X-CUBE-BLE2.3.3.0
2024-02-19 12:17:20,484 [WARN] PackLoader:240 - Cannot read IP mode file for STMicroelectronics.X-CUBE-ALGOBUILD.1.3.0
2024-02-19 12:17:20,516 [WARN] PackLoader:240 - Cannot read IP mode file for STMicroelectronics.X-CUBE-AZRTOS-G0.1.1.0
2024-02-19 12:17:20,541 [WARN] PackLoader:240 - Cannot read IP mode file for STMicroelectronics.X-CUBE-NFC4.3.0.0
2024-02-19 12:17:20,569 [WARN] PackLoader:240 - Cannot read IP mode file for STMicroelectronics.X-CUBE-BLEMGR.3.0.0
2024-02-19 12:17:20,587 [WARN] PackLoader:240 - Cannot read IP mode file for STMicroelectronics.FP-ATR-SIGFOX1.3.2.0
2024-02-19 12:17:20,600 [WARN] PackLoader:240 - Cannot read IP mode file for STMicroelectronics.X-CUBE-EEPRMA1.5.1.0
2024-02-19 12:17:20,646 [WARN] PackLoader:240 - Cannot read IP mode file for SEGGER.I-CUBE-embOS.1.3.1
2024-02-19 12:17:20,706 [WARN] PackLoader:240 - Cannot read IP mode file for STMicroelectronics.X-CUBE-GNSS1.6.0.0
2024-02-19 12:17:20,740 [WARN] PackLoader:240 - Cannot read IP mode file for STMicroelectronics.X-CUBE-AZRTOS-F4.1.1.0
2024-02-19 12:17:20,758 [WARN] PackLoader:240 - Cannot read IP mode file for wolfSSL.I-CUBE-wolfSSL.5.6.6
2024-02-19 12:17:20,793 [WARN] PackLoader:240 - Cannot read IP mode file for STMicroelectronics.X-CUBE-AZRTOS-L5.2.0.0
2024-02-19 12:17:20,813 [WARN] PackLoader:240 - Cannot read IP mode file for STMicroelectronics.X-CUBE-EEPRMA1.4.2.0
2024-02-19 12:17:20,832 [WARN] PackLoader:240 - Cannot read IP mode file for ITTIA_DB.I-CUBE-ITTIADB.8.8.0
2024-02-19 12:17:20,851 [WARN] PackLoader:240 - Cannot read IP mode file for STMicroelectronics.X-CUBE-NFC7.1.0.1
2024-02-19 12:17:20,871 [WARN] PackLoader:240 - Cannot read IP mode file for STMicroelectronics.X-CUBE-NFC6.3.0.0
2024-02-19 12:17:20,889 [WARN] PackLoader:240 - Cannot read IP mode file for STMicroelectronics.X-CUBE-AI.8.1.0
2024-02-19 12:17:20,926 [WARN] ConditionMgr:438 - getConditionDescription Invalid condition id : LAN8742 Phy interface Condition cause : null
2024-02-19 12:17:20,927 [WARN] PackLoader:240 - Cannot read IP mode file for STMicroelectronics.X-CUBE-AZRTOS-L4.2.0.0
2024-02-19 12:17:20,928 [WARN] ConditionMgr:1039 - genDependencies : Invalid condition id : LAN8742 Phy interface Condition cause : null
2024-02-19 12:17:20,929 [WARN] ConditionMgr:1039 - genDependencies : Invalid condition id : LAN8742 Phy interface Condition cause : null
2024-02-19 12:17:20,929 [WARN] ConditionMgr:1039 - genDependencies : Invalid condition id : LAN8742 Phy interface Condition cause : null
2024-02-19 12:17:20,949 [WARN] PackLoader:240 - Cannot read IP mode file for STMicroelectronics.X-CUBE-SFXS2LP1.4.0.0
2024-02-19 12:17:20,978 [WARN] ConditionMgr:438 - getConditionDescription Invalid condition id : UX DEVICE CLASS RTOS Condition cause : null
2024-02-19 12:17:20,978 [WARN] ConditionMgr:438 - getConditionDescription Invalid condition id : UX DEVICE CLASS RTOS Condition cause : null
2024-02-19 12:17:20,981 [WARN] PackLoader:240 - Cannot read IP mode file for STMicroelectronics.X-CUBE-AZRTOS-WB.2.0.0
2024-02-19 12:17:20,981 [WARN] ConditionMgr:1039 - genDependencies : Invalid condition id : UX DEVICE CLASS RTOS Condition cause : null
2024-02-19 12:17:20,981 [WARN] ConditionMgr:1039 - genDependencies : Invalid condition id : UX DEVICE CLASS RTOS Condition cause : null
2024-02-19 12:17:20,982 [WARN] ConditionMgr:1039 - genDependencies : Invalid condition id : UX DEVICE CLASS RTOS Condition cause : null
2024-02-19 12:17:20,982 [WARN] ConditionMgr:1039 - genDependencies : Invalid condition id : UX DEVICE CLASS RTOS Condition cause : null
2024-02-19 12:17:20,982 [WARN] ConditionMgr:1039 - genDependencies : Invalid condition id : UX DEVICE CLASS RTOS Condition cause : null
2024-02-19 12:17:21,003 [WARN] PackLoader:240 - Cannot read IP mode file for STMicroelectronics.X-CUBE-SUBG2.5.0.0
2024-02-19 12:17:21,038 [WARN] PackLoader:240 - Cannot read IP mode file for STMicroelectronics.X-CUBE-AZRTOS-G4.2.0.0
2024-02-19 12:17:21,066 [WARN] PackLoader:240 - Cannot read IP mode file for Infineon.AIROC-Wi-Fi-Bluetooth-STM32.1.5.1
2024-02-19 12:17:21,088 [WARN] PackLoader:240 - Cannot read IP mode file for STMicroelectronics.FP-SNS-MOTENVWB1.1.3.1
2024-02-19 12:17:21,106 [WARN] PackLoader:240 - Cannot read IP mode file for STMicroelectronics.X-CUBE-ISPU.2.0.0
2024-02-19 12:17:21,176 [WARN] PackLoader:240 - Cannot read IP mode file for STMicroelectronics.X-CUBE-MEMS1.10.0.0
2024-02-19 12:17:21,364 [WARN] PackLoader:240 - Cannot read IP mode file for STMicroelectronics.X-CUBE-FREERTOS.1.1.0
2024-02-19 12:17:21,379 [WARN] PackLoader:240 - Cannot read IP mode file for portGmbH.I-Cube-SoM-uGOAL.1.1.0
2024-02-19 12:17:21,391 [WARN] PackLoader:240 - Cannot read IP mode file for STMicroelectronics.X-CUBE-ALS.1.0.1
2024-02-19 12:17:21,405 [WARN] PackLoader:240 - Cannot read IP mode file for STMicroelectronics.FP-ATR-ASTRA1.2.0.0
2024-02-19 12:17:21,425 [WARN] PackLoader:240 - Cannot read IP mode file for STMicroelectronics.X-CUBE-TOF1.3.4.0
2024-02-19 12:17:21,465 [WARN] PackLoader:240 - Cannot read IP mode file for STMicroelectronics.X-CUBE-AZRTOS-H7.3.2.0
2024-02-19 12:17:21,468 [INFO] ThirdParty:978 - Integrity check success = true
2024-02-19 12:17:21,468 [INFO] IntegrityCheckThread:100 - exiting critical section [integrity check]
2024-02-19 12:17:21,468 [INFO] IntegrityCheckThread:103 - End integrity checks thread
2024-02-19 12:17:22,692 [INFO] WebApp:161 - Instantiating new browser for Auth
2024-02-19 12:17:23,272 [INFO] WebApp:780 - Register for checkConnection events
2024-02-19 12:17:23,272 [INFO] WebApp:414 - Apply proxy settings
2024-02-19 12:17:23,272 [INFO] WebApp:499 - Chromium requires no authentication
2024-02-19 12:17:23,280 [INFO] WebApp:442 - Direct internet connection detected
2024-02-19 12:17:23,447 [INFO] WebApp:192 - Starting web application
2024-02-19 12:17:23,447 [INFO] WebApp:544 - Web application path used C:\ST\STM32CubeIDE_1.14.1\STM32CubeIDE\plugins\com.st.stm32cube.common.mx_6.10.0.202311202037\db\plugins\mcufinder\reactClient1\index.html
2024-02-19 12:17:44,439 [ERROR] LogOutputStream:75 - [STDERR_REDIRECT] SLF4J: Failed to load class "org.slf4j.impl.StaticLoggerBinder".
2024-02-19 12:17:44,440 [ERROR] LogOutputStream:75 - [STDERR_REDIRECT] SLF4J: Defaulting to no-operation (NOP) logger implementation
2024-02-19 12:17:44,441 [ERROR] LogOutputStream:75 - [STDERR_REDIRECT] SLF4J: See http://www.slf4j.org/codes.html#StaticLoggerBinder for further details.
2024-02-19 13:34:52,718 [ERROR] LogOutputStream:75 - [STDERR_REDIRECT] 
2024-02-19 13:34:52,720 [ERROR] LogOutputStream:75 - [STDERR_REDIRECT] 
