2024-03-20 12:19:33,846 [INFO] Activator:176 - 


2024-03-20 12:19:33,851 [INFO] Activator:177 - !SESSION log4j initialized
2024-03-20 12:19:40,783 [INFO] LogOutputStream:77 - [STDOUT_REDIRECT] 
2024-03-20 12:19:43,700 [INFO] ApplicationProperties:184 - Using Application install path: C:\ST\STM32CubeIDE_1.14.1\STM32CubeIDE\plugins\com.st.stm32cube.common.mx_6.10.0.202311202037
2024-03-20 12:19:43,726 [INFO] DbMcusXml:78 - Set database path to: C:\ST\STM32CubeIDE_1.14.1\STM32CubeIDE\plugins\com.st.stm32cube.common.mx_6.10.0.202311202037\\db\/mcu/
2024-03-20 12:19:43,727 [INFO] ApiDb:274 - Set plugin database path to: C:\ST\STM32CubeIDE_1.14.1\STM32CubeIDE\plugins\com.st.stm32cube.common.mx_6.10.0.202311202037\\db\/plugins/boardmanager/
2024-03-20 12:19:43,727 [WARN] ApiDb:259 - Overriding images path with different value:  => C:\ST\STM32CubeIDE_1.14.1\STM32CubeIDE\plugins\com.st.stm32cube.common.mx_6.10.0.202311202037\\db\/plugins/mcufinder/images/
2024-03-20 12:19:43,743 [INFO] ApiDb:250 - Set database path to: C:\Users\TuranyElijah\.stmcufinder\plugins\mcufinder//mcu/
2024-03-20 12:19:43,745 [INFO] DbMcusAds:125 - Set database path to: C:\Users\TuranyElijah\.stmcufinder\plugins\mcufinder//mcu/
2024-03-20 12:19:43,747 [INFO] CrossReferenceDbSqlite:203 - Set database path to: C:\Users\TuranyElijah\.stmcufinder\plugins\mcufinder//mcu/cs/
2024-03-20 12:19:43,926 [INFO] RulesReader:64 - Compatibility file has been processed (297 Rules)
2024-03-20 12:19:44,047 [INFO] DbMcusXml:78 - Set database path to: C:\ST\STM32CubeIDE_1.14.1\STM32CubeIDE\plugins\com.st.stm32cube.common.mx_6.10.0.202311202037\\db\/mcu/
2024-03-20 12:19:44,047 [INFO] ApiDb:274 - Set plugin database path to: C:\ST\STM32CubeIDE_1.14.1\STM32CubeIDE\plugins\com.st.stm32cube.common.mx_6.10.0.202311202037\\db\/plugins/boardmanager/
2024-03-20 12:19:44,048 [INFO] ApiDb:261 - Set plugin images path to: C:\ST\STM32CubeIDE_1.14.1\STM32CubeIDE\plugins\com.st.stm32cube.common.mx_6.10.0.202311202037\\db\/plugins/mcufinder/images/
2024-03-20 12:19:44,048 [WARN] DbFile:41 - Overriding database path with different value: C:\Users\TuranyElijah\.stmcufinder\plugins\mcufinder/ => C:\Users\TuranyElijah\.stmcufinder\plugins\mcufinder
2024-03-20 12:19:44,048 [INFO] ApiDb:250 - Set database path to: C:\Users\TuranyElijah\.stmcufinder\plugins\mcufinder//mcu/
2024-03-20 12:19:44,048 [WARN] DbFile:41 - Overriding database path with different value: C:\Users\TuranyElijah\.stmcufinder\plugins\mcufinder/ => C:\Users\TuranyElijah\.stmcufinder\plugins\mcufinder
2024-03-20 12:19:44,048 [INFO] DbMcusAds:125 - Set database path to: C:\Users\TuranyElijah\.stmcufinder\plugins\mcufinder//mcu/
2024-03-20 12:19:44,048 [WARN] DbFile:41 - Overriding database path with different value: C:\Users\TuranyElijah\.stmcufinder\plugins\mcufinder/ => C:\Users\TuranyElijah\.stmcufinder\plugins\mcufinder
2024-03-20 12:19:44,048 [WARN] DbFile:41 - Overriding database path with different value: C:\Users\TuranyElijah\.stmcufinder\plugins\mcufinder/ => C:\Users\TuranyElijah\.stmcufinder\plugins\mcufinder
2024-03-20 12:19:44,048 [INFO] CrossReferenceDbSqlite:203 - Set database path to: C:\Users\TuranyElijah\.stmcufinder\plugins\mcufinder//mcu/cs/
2024-03-20 12:19:44,166 [INFO] MainPanel:264 - HeapMemory: 268435456
2024-03-20 12:19:44,301 [INFO] DbMcusXml:78 - Set database path to: C:\ST\STM32CubeIDE_1.14.1\STM32CubeIDE\plugins\com.st.stm32cube.common.mx_6.10.0.202311202037\\db\/mcu/
2024-03-20 12:19:44,301 [INFO] ApiDb:274 - Set plugin database path to: C:\ST\STM32CubeIDE_1.14.1\STM32CubeIDE\plugins\com.st.stm32cube.common.mx_6.10.0.202311202037\\db\/plugins/boardmanager/
2024-03-20 12:19:44,301 [INFO] ApiDb:261 - Set plugin images path to: C:\ST\STM32CubeIDE_1.14.1\STM32CubeIDE\plugins\com.st.stm32cube.common.mx_6.10.0.202311202037\\db\/plugins/mcufinder/images/
2024-03-20 12:19:44,302 [WARN] DbFile:41 - Overriding database path with different value: C:\Users\TuranyElijah\.stmcufinder\plugins\mcufinder/ => C:\Users\TuranyElijah\.stmcufinder\plugins\mcufinder
2024-03-20 12:19:44,302 [INFO] ApiDb:250 - Set database path to: C:\Users\TuranyElijah\.stmcufinder\plugins\mcufinder//mcu/
2024-03-20 12:19:44,302 [WARN] DbFile:41 - Overriding database path with different value: C:\Users\TuranyElijah\.stmcufinder\plugins\mcufinder/ => C:\Users\TuranyElijah\.stmcufinder\plugins\mcufinder
2024-03-20 12:19:44,302 [INFO] DbMcusAds:125 - Set database path to: C:\Users\TuranyElijah\.stmcufinder\plugins\mcufinder//mcu/
2024-03-20 12:19:44,302 [WARN] DbFile:41 - Overriding database path with different value: C:\Users\TuranyElijah\.stmcufinder\plugins\mcufinder/ => C:\Users\TuranyElijah\.stmcufinder\plugins\mcufinder
2024-03-20 12:19:44,302 [WARN] DbFile:41 - Overriding database path with different value: C:\Users\TuranyElijah\.stmcufinder\plugins\mcufinder/ => C:\Users\TuranyElijah\.stmcufinder\plugins\mcufinder
2024-03-20 12:19:44,303 [INFO] CrossReferenceDbSqlite:203 - Set database path to: C:\Users\TuranyElijah\.stmcufinder\plugins\mcufinder//mcu/cs/
2024-03-20 12:19:44,328 [INFO] ApplicationProperties:184 - Using Application install path: C:\ST\STM32CubeIDE_1.14.1\STM32CubeIDE\plugins\com.st.stm32cube.common.mx_6.10.0.202311202037
2024-03-20 12:19:44,330 [INFO] PluginManage:196 - Search for loadable plugins [exclusion list=, ]
2024-03-20 12:19:44,332 [INFO] PluginManage:310 - Check plugin analytics
2024-03-20 12:19:44,556 [INFO] AnalyticsPlugin:253 - Accepted Software Licenses: STM32CubeMX.6.10.0
2024-03-20 12:19:44,557 [INFO] AnalyticsPlugin:255 - Accepted CMSIS Pack Licenses: 
2024-03-20 12:19:44,557 [INFO] AnalyticsPlugin:257 - Accepted Firmware Licenses: 
2024-03-20 12:19:44,563 [INFO] PluginManage:359 - Loaded plugin analytics (category:tool,tabindex:-1)
2024-03-20 12:19:44,563 [INFO] PluginManage:310 - Check plugin cadmodel
2024-03-20 12:19:44,584 [INFO] CADModel:105 - Init CAD model plugin
2024-03-20 12:19:44,584 [INFO] PluginManage:359 - Loaded plugin cadmodel (category:power,tabindex:5)
2024-03-20 12:19:44,584 [INFO] PluginManage:310 - Check plugin clock
2024-03-20 12:19:44,611 [INFO] PluginManage:359 - Loaded plugin clock (category:base,tabindex:2)
2024-03-20 12:19:44,612 [INFO] PluginManage:310 - Check plugin ddr
2024-03-20 12:19:44,614 [INFO] PluginManage:359 - Loaded plugin ddr (category:tool,tabindex:6)
2024-03-20 12:19:44,614 [INFO] PluginManage:310 - Check plugin filemanager
2024-03-20 12:19:44,806 [INFO] PluginManage:359 - Loaded plugin filemanager (category:base,tabindex:10)
2024-03-20 12:19:44,806 [INFO] PluginManage:310 - Check plugin ipmanager
2024-03-20 12:19:44,816 [INFO] PluginManage:359 - Loaded plugin ipmanager (category:base,tabindex:5)
2024-03-20 12:19:44,816 [INFO] PluginManage:310 - Check plugin lpbam
2024-03-20 12:19:44,844 [INFO] PluginManage:359 - Loaded plugin lpbam (category:base,tabindex:0)
2024-03-20 12:19:44,845 [INFO] PluginManage:310 - Check plugin memorymap
2024-03-20 12:19:44,879 [INFO] PluginManage:359 - Loaded plugin memorymap (category:base,tabindex:4)
2024-03-20 12:19:44,879 [INFO] PluginManage:310 - Check plugin pinoutandconfiguration
2024-03-20 12:19:44,901 [INFO] PluginManage:359 - Loaded plugin pinoutandconfiguration (category:base,tabindex:1)
2024-03-20 12:19:44,901 [INFO] PluginManage:310 - Check plugin pinoutconfig
2024-03-20 12:19:45,030 [WARN] SupportedApi:132 - Cannot load RTOS API schema: s4s-elt-must-match.1: The content of 'definitions' must match (annotation?, (simpleType | complexType)?, (unique | key | keyref)*)). A problem was found starting at: attribute.
2024-03-20 12:19:45,246 [INFO] PluginManage:359 - Loaded plugin pinoutconfig (category:base,tabindex:0)
2024-03-20 12:19:45,246 [INFO] PluginManage:310 - Check plugin power
2024-03-20 12:19:45,286 [INFO] PluginManage:359 - Loaded plugin power (category:power,tabindex:4)
2024-03-20 12:19:45,286 [INFO] PluginManage:310 - Check plugin projectmanager
2024-03-20 12:19:45,309 [INFO] PluginManage:359 - Loaded plugin projectmanager (category:projectmanager,tabindex:3)
2024-03-20 12:19:45,310 [INFO] PluginManage:310 - Check plugin thirdparty
2024-03-20 12:19:45,644 [INFO] PluginManage:359 - Loaded plugin thirdparty (category:base,tabindex:-1)
2024-03-20 12:19:45,644 [WARN] IntegrityCheckThread:84 - waiting for thirdparty lock release [integrity check]
2024-03-20 12:19:45,644 [INFO] PluginManage:310 - Check plugin tools
2024-03-20 12:19:45,644 [INFO] IntegrityCheckThread:86 - entering critical section [integrity check]
2024-03-20 12:19:45,645 [INFO] ThirdPartyUpdaterWithRetryManager:70 - Updater plugin not ready yet. [1/15]
2024-03-20 12:19:45,683 [INFO] PluginManage:359 - Loaded plugin tools (category:base,tabindex:7)
2024-03-20 12:19:45,684 [INFO] PluginManage:310 - Check plugin tutovideos
2024-03-20 12:19:45,960 [INFO] PluginManage:359 - Loaded plugin tutovideos (category:base,tabindex:-1)
2024-03-20 12:19:45,960 [INFO] PluginManage:310 - Check plugin updater
2024-03-20 12:19:45,977 [INFO] PluginManage:359 - Loaded plugin updater (category:base,tabindex:12)
2024-03-20 12:19:45,977 [INFO] PluginManage:310 - Check plugin userauth
2024-03-20 12:19:45,989 [INFO] UserAuth:114 - Init User Auth plugin
2024-03-20 12:19:45,989 [INFO] PluginManage:359 - Loaded plugin userauth (category:base,tabindex:14)
2024-03-20 12:19:45,990 [INFO] PluginManage:283 - PluginManage : Loaded plugins [17]
2024-03-20 12:19:46,277 [INFO] PinOutPanel:1499 - setPackage(No Configuration,No Configuration)
2024-03-20 12:19:46,375 [INFO] CADModel:165 - CPN selected for project level
2024-03-20 12:19:46,375 [INFO] CADModel:114 - Register for checkConnection events
2024-03-20 12:19:46,407 [INFO] IPUIPlugin:80 - create IPUIPlugin
2024-03-20 12:19:46,408 [INFO] PluginManager:220 - loadIPPluginJar : add adc
2024-03-20 12:19:46,449 [INFO] IPUIPlugin:80 - create IPUIPlugin
2024-03-20 12:19:46,449 [INFO] PluginManager:220 - loadIPPluginJar : add aes
2024-03-20 12:19:46,496 [INFO] IPUIPlugin:80 - create IPUIPlugin
2024-03-20 12:19:46,496 [INFO] PluginManager:220 - loadIPPluginJar : add can
2024-03-20 12:19:46,521 [INFO] IPUIPlugin:80 - create IPUIPlugin
2024-03-20 12:19:46,521 [INFO] PluginManager:220 - loadIPPluginJar : add comp
2024-03-20 12:19:46,558 [INFO] IPUIPlugin:80 - create IPUIPlugin
2024-03-20 12:19:46,558 [INFO] PluginManager:220 - loadIPPluginJar : add cryp
2024-03-20 12:19:46,594 [INFO] IPUIPlugin:80 - create IPUIPlugin
2024-03-20 12:19:46,594 [INFO] PluginManager:220 - loadIPPluginJar : add dfsdm
2024-03-20 12:19:46,612 [INFO] IPUIPlugin:80 - create IPUIPlugin
2024-03-20 12:19:46,613 [INFO] PluginManager:220 - loadIPPluginJar : add dma
2024-03-20 12:19:46,662 [INFO] IPUIPlugin:80 - create IPUIPlugin
2024-03-20 12:19:46,662 [INFO] PluginManager:220 - loadIPPluginJar : add dma3
2024-03-20 12:19:46,685 [INFO] IPUIPlugin:80 - create IPUIPlugin
2024-03-20 12:19:46,686 [INFO] PluginManager:220 - loadIPPluginJar : add fatfs
2024-03-20 12:19:46,739 [INFO] IPUIPlugin:80 - create IPUIPlugin
2024-03-20 12:19:46,739 [INFO] PluginManager:220 - loadIPPluginJar : add fmc
2024-03-20 12:19:46,760 [INFO] IPUIPlugin:80 - create IPUIPlugin
2024-03-20 12:19:46,760 [INFO] PluginManager:220 - loadIPPluginJar : add freertos
2024-03-20 12:19:46,783 [INFO] IPUIPlugin:80 - create IPUIPlugin
2024-03-20 12:19:46,783 [INFO] PluginManager:220 - loadIPPluginJar : add genericplugin
2024-03-20 12:19:46,882 [INFO] IPUIPlugin:80 - create IPUIPlugin
2024-03-20 12:19:46,882 [INFO] PluginManager:220 - loadIPPluginJar : add gfxmmu
2024-03-20 12:19:47,026 [INFO] IPUIPlugin:80 - create IPUIPlugin
2024-03-20 12:19:47,026 [INFO] PluginManager:220 - loadIPPluginJar : add gic
2024-03-20 12:19:47,048 [INFO] IPUIPlugin:80 - create IPUIPlugin
2024-03-20 12:19:47,049 [INFO] PluginManager:220 - loadIPPluginJar : add gpio
2024-03-20 12:19:47,151 [INFO] IPUIPlugin:80 - create IPUIPlugin
2024-03-20 12:19:47,151 [INFO] PluginManager:220 - loadIPPluginJar : add gtzc
2024-03-20 12:19:47,192 [INFO] IPUIPlugin:80 - create IPUIPlugin
2024-03-20 12:19:47,192 [INFO] PluginManager:220 - loadIPPluginJar : add hash
2024-03-20 12:19:47,248 [INFO] IPUIPlugin:80 - create IPUIPlugin
2024-03-20 12:19:47,248 [INFO] PluginManager:220 - loadIPPluginJar : add i2c
2024-03-20 12:19:47,294 [INFO] IPUIPlugin:80 - create IPUIPlugin
2024-03-20 12:19:47,294 [INFO] PluginManager:220 - loadIPPluginJar : add i2s
2024-03-20 12:19:47,339 [INFO] IPUIPlugin:80 - create IPUIPlugin
2024-03-20 12:19:47,339 [INFO] PluginManager:220 - loadIPPluginJar : add i3c
2024-03-20 12:19:47,462 [INFO] IPUIPlugin:80 - create IPUIPlugin
2024-03-20 12:19:47,462 [INFO] PluginManager:220 - loadIPPluginJar : add ipddr
2024-03-20 12:19:47,569 [INFO] IPUIPlugin:80 - create IPUIPlugin
2024-03-20 12:19:47,569 [INFO] PluginManager:220 - loadIPPluginJar : add linkedlist
2024-03-20 12:19:47,608 [INFO] IPUIPlugin:80 - create IPUIPlugin
2024-03-20 12:19:47,609 [INFO] PluginManager:220 - loadIPPluginJar : add lorawan
2024-03-20 12:19:47,649 [INFO] IPUIPlugin:80 - create IPUIPlugin
2024-03-20 12:19:47,649 [INFO] PluginManager:220 - loadIPPluginJar : add ltdc
2024-03-20 12:19:47,666 [INFO] IPUIPlugin:80 - create IPUIPlugin
2024-03-20 12:19:47,666 [INFO] PluginManager:220 - loadIPPluginJar : add mdma
2024-03-20 12:19:47,680 [INFO] IPUIPlugin:80 - create IPUIPlugin
2024-03-20 12:19:47,680 [INFO] PluginManager:220 - loadIPPluginJar : add nvic
2024-03-20 12:19:47,721 [INFO] IPUIPlugin:80 - create IPUIPlugin
2024-03-20 12:19:47,721 [INFO] PluginManager:220 - loadIPPluginJar : add opamp
2024-03-20 12:19:47,786 [INFO] IPUIPlugin:80 - create IPUIPlugin
2024-03-20 12:19:47,786 [INFO] PluginManager:220 - loadIPPluginJar : add openamp
2024-03-20 12:19:47,832 [INFO] IPUIPlugin:80 - create IPUIPlugin
2024-03-20 12:19:47,832 [INFO] PluginManager:220 - loadIPPluginJar : add pdm2pcm
2024-03-20 12:19:47,854 [INFO] IPUIPlugin:80 - create IPUIPlugin
2024-03-20 12:19:47,857 [INFO] PluginManager:220 - loadIPPluginJar : add plateformsettings
2024-03-20 12:19:47,881 [INFO] IPUIPlugin:80 - create IPUIPlugin
2024-03-20 12:19:47,881 [INFO] PluginManager:220 - loadIPPluginJar : add quadspi
2024-03-20 12:19:47,896 [INFO] IPUIPlugin:80 - create IPUIPlugin
2024-03-20 12:19:47,896 [INFO] PluginManager:220 - loadIPPluginJar : add resmgrutility
2024-03-20 12:19:47,947 [INFO] IPUIPlugin:80 - create IPUIPlugin
2024-03-20 12:19:47,947 [INFO] PluginManager:220 - loadIPPluginJar : add sai
2024-03-20 12:19:47,984 [INFO] IPUIPlugin:80 - create IPUIPlugin
2024-03-20 12:19:47,984 [INFO] PluginManager:220 - loadIPPluginJar : add spi
2024-03-20 12:19:48,060 [INFO] IPUIPlugin:80 - create IPUIPlugin
2024-03-20 12:19:48,060 [INFO] PluginManager:220 - loadIPPluginJar : add stm32_wpan
2024-03-20 12:19:48,084 [INFO] IPUIPlugin:80 - create IPUIPlugin
2024-03-20 12:19:48,084 [INFO] PluginManager:220 - loadIPPluginJar : add tim
2024-03-20 12:19:48,139 [INFO] IPUIPlugin:80 - create IPUIPlugin
2024-03-20 12:19:48,140 [INFO] PluginManager:220 - loadIPPluginJar : add touchsensing
2024-03-20 12:19:48,164 [INFO] IPUIPlugin:80 - create IPUIPlugin
2024-03-20 12:19:48,164 [INFO] PluginManager:220 - loadIPPluginJar : add tracer_emb
2024-03-20 12:19:48,189 [INFO] IPUIPlugin:80 - create IPUIPlugin
2024-03-20 12:19:48,189 [INFO] PluginManager:220 - loadIPPluginJar : add ts
2024-03-20 12:19:48,211 [INFO] IPUIPlugin:80 - create IPUIPlugin
2024-03-20 12:19:48,211 [INFO] PluginManager:220 - loadIPPluginJar : add tsc
2024-03-20 12:19:48,232 [INFO] IPUIPlugin:80 - create IPUIPlugin
2024-03-20 12:19:48,233 [INFO] PluginManager:220 - loadIPPluginJar : add ucpd
2024-03-20 12:19:48,273 [INFO] IPUIPlugin:80 - create IPUIPlugin
2024-03-20 12:19:48,274 [INFO] PluginManager:220 - loadIPPluginJar : add usart
2024-03-20 12:19:48,314 [INFO] IPUIPlugin:80 - create IPUIPlugin
2024-03-20 12:19:48,314 [INFO] PluginManager:220 - loadIPPluginJar : add usbx
2024-03-20 12:19:48,451 [INFO] CADModel:165 - CPN selected for project level
2024-03-20 12:19:48,451 [INFO] CADModel:114 - Register for checkConnection events
2024-03-20 12:19:48,451 [FATAL] Updater:308 - Updater called before beeing initialized
2024-03-20 12:19:48,451 [ERROR] CADModel:125 - Updater not yet initialized, retry later 
2024-03-20 12:19:48,646 [INFO] ThirdPartyUpdaterWithRetryManager:70 - Updater plugin not ready yet. [2/15]
2024-03-20 12:19:48,674 [INFO] CADModel:165 - CPN selected for project level
2024-03-20 12:19:48,674 [INFO] CADModel:114 - Register for checkConnection events
2024-03-20 12:19:48,675 [FATAL] Updater:308 - Updater called before beeing initialized
2024-03-20 12:19:48,675 [ERROR] CADModel:125 - Updater not yet initialized, retry later 
2024-03-20 12:19:48,679 [FATAL] Updater:308 - Updater called before beeing initialized
2024-03-20 12:19:48,808 [FATAL] Updater:308 - Updater called before beeing initialized
2024-03-20 12:19:48,819 [INFO] DbMcusAds:53 - JSON generation date=Wed Nov 29 04:52:27 CST 2023 (1701255147349)
2024-03-20 12:19:48,819 [FATAL] Updater:308 - Updater called before beeing initialized
2024-03-20 12:19:48,902 [WARN] DetailPanel:346 - Failed to get advertising image, set to default
2024-03-20 12:19:49,012 [FATAL] Updater:308 - Updater called before beeing initialized
2024-03-20 12:19:49,013 [FATAL] Updater:308 - Updater called before beeing initialized
2024-03-20 12:19:49,013 [FATAL] Updater:308 - Updater called before beeing initialized
2024-03-20 12:19:49,014 [WARN] DetailPanel:346 - Failed to get advertising image, set to default
2024-03-20 12:19:49,014 [FATAL] Updater:308 - Updater called before beeing initialized
2024-03-20 12:19:49,086 [ERROR] Updater:1120 - MainUpdater not yet initialized. External WinMGr cannot be set.
2024-03-20 12:19:49,096 [INFO] Updater:1056 - Updater Version found : 6.10.0
2024-03-20 12:19:49,119 [INFO] ApplicationProperties:184 - Using Application install path: C:\ST\STM32CubeIDE_1.14.1\STM32CubeIDE\plugins\com.st.stm32cube.common.mx_6.10.0.202311202037
2024-03-20 12:19:50,709 [ERROR] LogOutputStream:75 - [STDERR_REDIRECT] Mar 20, 2024 12:19:50 PM java.util.prefs.WindowsPreferences <init>
2024-03-20 12:19:50,712 [ERROR] LogOutputStream:75 - [STDERR_REDIRECT] WARNING: Could not open/create prefs root node Software\JavaSoft\Prefs at root 0xffffffff80000002. Windows RegCreateKeyEx(...) returned error code 5.
2024-03-20 12:19:50,712 [ERROR] LogOutputStream:75 - [STDERR_REDIRECT] 
2024-03-20 12:19:51,160 [INFO] MainUpdater:2873 - connection check result : 10
2024-03-20 12:19:51,162 [INFO] MainUpdater:290 - Updater Check For Update Now.
2024-03-20 12:19:51,162 [INFO] MicroXplorer:498 - Change Database Version : DB.6.0.100
2024-03-20 12:19:51,255 [INFO] McuFinderGlobals:63 - Set McuFinder mode to 2 (CubeIDE integrated)
2024-03-20 12:19:51,255 [INFO] UserAuth:180 - activating auth plugin
2024-03-20 12:19:51,262 [INFO] UserAuth:404 - Internet connection configuration mode: 1
2024-03-20 12:19:51,333 [INFO] JxBrowserEngine:152 - Initiate JxBrowser Engine with user profile folder
2024-03-20 12:19:51,491 [INFO] CheckServerUpdateThread:120 - End of CheckServer Thread
2024-03-20 12:19:51,907 [WARN] PackLoader:240 - Cannot read IP mode file for STMicroelectronics.X-CUBE-SMBUS.2.1.0
2024-03-20 12:19:51,933 [WARN] PackLoader:240 - Cannot read IP mode file for STMicroelectronics.X-CUBE-TOUCHGFX.4.23.0
2024-03-20 12:19:52,003 [WARN] PackLoader:240 - Cannot read IP mode file for STMicroelectronics.X-CUBE-AZRTOS-F7.1.1.0
2024-03-20 12:19:52,038 [WARN] PackLoader:240 - Cannot read IP mode file for STMicroelectronics.FP-SNS-MOTENV1.4.3.2
2024-03-20 12:19:52,066 [WARN] PackLoader:240 - Cannot read IP mode file for STMicroelectronics.FP-SNS-FLIGHT1.5.0.2
2024-03-20 12:19:52,095 [WARN] PackLoader:240 - Cannot read IP mode file for STMicroelectronics.X-CUBE-DISPLAY.3.0.0
2024-03-20 12:19:52,127 [WARN] PackLoader:240 - Cannot read IP mode file for STMicroelectronics.X-CUBE-BLE1.7.0.0
2024-03-20 12:19:52,148 [WARN] PackLoader:240 - Cannot read IP mode file for emotas.I-CUBE-CANOPEN.1.3.0
2024-03-20 12:19:52,177 [WARN] PackLoader:240 - Cannot read IP mode file for STMicroelectronics.X-CUBE-BLEMGR.3.1.0
2024-03-20 12:19:52,202 [WARN] PackLoader:240 - Cannot read IP mode file for STMicroelectronics.FP-SNS-SMARTAG2.1.2.0
2024-03-20 12:19:52,230 [INFO] LogOutputStream:77 - [STDOUT_REDIRECT] 1 : Invalid condition id : UX_CORESTACK_Condition cause : null
2024-03-20 12:19:52,231 [INFO] LogOutputStream:77 - [STDOUT_REDIRECT] 1 : Invalid condition id : UX_CORESTACK_Condition cause : null
2024-03-20 12:19:52,232 [INFO] LogOutputStream:77 - [STDOUT_REDIRECT] 1 : Invalid condition id : UX_CORESTACK_Condition cause : null
2024-03-20 12:19:52,234 [INFO] LogOutputStream:77 - [STDOUT_REDIRECT] 1 : Invalid condition id : UX_CORESTACK_Condition cause : null
2024-03-20 12:19:52,236 [INFO] LogOutputStream:77 - [STDOUT_REDIRECT] 1 : Invalid condition id : UX_CORESTACK_Condition cause : null
2024-03-20 12:19:52,240 [WARN] PackLoader:240 - Cannot read IP mode file for STMicroelectronics.X-CUBE-AZRTOS-WL.2.0.0
2024-03-20 12:19:52,266 [WARN] PackLoader:240 - Cannot read IP mode file for WES.I-CUBE-Cesium.1.3.0
2024-03-20 12:19:52,284 [WARN] PackLoader:240 - Cannot read IP mode file for STMicroelectronics.X-CUBE-BLE2.3.3.0
2024-03-20 12:19:52,305 [WARN] PackLoader:240 - Cannot read IP mode file for STMicroelectronics.X-CUBE-ALGOBUILD.1.3.0
2024-03-20 12:19:52,340 [WARN] PackLoader:240 - Cannot read IP mode file for STMicroelectronics.X-CUBE-AZRTOS-G0.1.1.0
2024-03-20 12:19:52,364 [WARN] PackLoader:240 - Cannot read IP mode file for STMicroelectronics.X-CUBE-NFC4.3.0.0
2024-03-20 12:19:52,394 [WARN] PackLoader:240 - Cannot read IP mode file for STMicroelectronics.X-CUBE-BLEMGR.3.0.0
2024-03-20 12:19:52,417 [WARN] PackLoader:240 - Cannot read IP mode file for STMicroelectronics.FP-ATR-SIGFOX1.3.2.0
2024-03-20 12:19:52,451 [WARN] PackLoader:240 - Cannot read IP mode file for STMicroelectronics.X-CUBE-EEPRMA1.5.1.0
2024-03-20 12:19:52,509 [WARN] PackLoader:240 - Cannot read IP mode file for SEGGER.I-CUBE-embOS.1.3.1
2024-03-20 12:19:52,564 [WARN] PackLoader:240 - Cannot read IP mode file for STMicroelectronics.X-CUBE-GNSS1.6.0.0
2024-03-20 12:19:52,600 [WARN] PackLoader:240 - Cannot read IP mode file for STMicroelectronics.X-CUBE-AZRTOS-F4.1.1.0
2024-03-20 12:19:52,621 [WARN] PackLoader:240 - Cannot read IP mode file for wolfSSL.I-CUBE-wolfSSL.5.6.6
2024-03-20 12:19:52,655 [WARN] PackLoader:240 - Cannot read IP mode file for STMicroelectronics.X-CUBE-AZRTOS-L5.2.0.0
2024-03-20 12:19:52,675 [WARN] PackLoader:240 - Cannot read IP mode file for STMicroelectronics.X-CUBE-EEPRMA1.4.2.0
2024-03-20 12:19:52,693 [WARN] PackLoader:240 - Cannot read IP mode file for ITTIA_DB.I-CUBE-ITTIADB.8.8.0
2024-03-20 12:19:52,711 [WARN] PackLoader:240 - Cannot read IP mode file for STMicroelectronics.X-CUBE-NFC7.1.0.1
2024-03-20 12:19:52,735 [WARN] PackLoader:240 - Cannot read IP mode file for STMicroelectronics.X-CUBE-NFC6.3.0.0
2024-03-20 12:19:52,756 [WARN] PackLoader:240 - Cannot read IP mode file for STMicroelectronics.X-CUBE-AI.8.1.0
2024-03-20 12:19:52,797 [WARN] ConditionMgr:438 - getConditionDescription Invalid condition id : LAN8742 Phy interface Condition cause : null
2024-03-20 12:19:52,798 [WARN] PackLoader:240 - Cannot read IP mode file for STMicroelectronics.X-CUBE-AZRTOS-L4.2.0.0
2024-03-20 12:19:52,800 [WARN] ConditionMgr:1039 - genDependencies : Invalid condition id : LAN8742 Phy interface Condition cause : null
2024-03-20 12:19:52,800 [WARN] ConditionMgr:1039 - genDependencies : Invalid condition id : LAN8742 Phy interface Condition cause : null
2024-03-20 12:19:52,801 [WARN] ConditionMgr:1039 - genDependencies : Invalid condition id : LAN8742 Phy interface Condition cause : null
2024-03-20 12:19:52,821 [WARN] PackLoader:240 - Cannot read IP mode file for STMicroelectronics.X-CUBE-SFXS2LP1.4.0.0
2024-03-20 12:19:52,852 [WARN] ConditionMgr:438 - getConditionDescription Invalid condition id : UX DEVICE CLASS RTOS Condition cause : null
2024-03-20 12:19:52,852 [WARN] ConditionMgr:438 - getConditionDescription Invalid condition id : UX DEVICE CLASS RTOS Condition cause : null
2024-03-20 12:19:52,866 [WARN] PackLoader:240 - Cannot read IP mode file for STMicroelectronics.X-CUBE-AZRTOS-WB.2.0.0
2024-03-20 12:19:52,867 [WARN] ConditionMgr:1039 - genDependencies : Invalid condition id : UX DEVICE CLASS RTOS Condition cause : null
2024-03-20 12:19:52,867 [WARN] ConditionMgr:1039 - genDependencies : Invalid condition id : UX DEVICE CLASS RTOS Condition cause : null
2024-03-20 12:19:52,868 [WARN] ConditionMgr:1039 - genDependencies : Invalid condition id : UX DEVICE CLASS RTOS Condition cause : null
2024-03-20 12:19:52,868 [WARN] ConditionMgr:1039 - genDependencies : Invalid condition id : UX DEVICE CLASS RTOS Condition cause : null
2024-03-20 12:19:52,868 [WARN] ConditionMgr:1039 - genDependencies : Invalid condition id : UX DEVICE CLASS RTOS Condition cause : null
2024-03-20 12:19:52,902 [WARN] PackLoader:240 - Cannot read IP mode file for STMicroelectronics.X-CUBE-SUBG2.5.0.0
2024-03-20 12:19:52,953 [WARN] PackLoader:240 - Cannot read IP mode file for STMicroelectronics.X-CUBE-AZRTOS-G4.2.0.0
2024-03-20 12:19:53,024 [WARN] PackLoader:240 - Cannot read IP mode file for Infineon.AIROC-Wi-Fi-Bluetooth-STM32.1.5.1
2024-03-20 12:19:53,068 [WARN] PackLoader:240 - Cannot read IP mode file for STMicroelectronics.FP-SNS-MOTENVWB1.1.3.1
2024-03-20 12:19:53,085 [WARN] PackLoader:240 - Cannot read IP mode file for STMicroelectronics.X-CUBE-ISPU.2.0.0
2024-03-20 12:19:53,147 [WARN] PackLoader:240 - Cannot read IP mode file for STMicroelectronics.X-CUBE-MEMS1.10.0.0
2024-03-20 12:19:53,322 [WARN] PackLoader:240 - Cannot read IP mode file for STMicroelectronics.X-CUBE-FREERTOS.1.1.0
2024-03-20 12:19:53,405 [WARN] PackLoader:240 - Cannot read IP mode file for portGmbH.I-Cube-SoM-uGOAL.1.1.0
2024-03-20 12:19:53,422 [WARN] PackLoader:240 - Cannot read IP mode file for STMicroelectronics.X-CUBE-ALS.1.0.1
2024-03-20 12:19:53,440 [WARN] PackLoader:240 - Cannot read IP mode file for STMicroelectronics.FP-ATR-ASTRA1.2.0.0
2024-03-20 12:19:53,466 [WARN] PackLoader:240 - Cannot read IP mode file for STMicroelectronics.X-CUBE-TOF1.3.4.0
2024-03-20 12:19:53,499 [WARN] PackLoader:240 - Cannot read IP mode file for STMicroelectronics.X-CUBE-TOF1.3.4.1
2024-03-20 12:19:53,544 [WARN] PackLoader:240 - Cannot read IP mode file for STMicroelectronics.X-CUBE-AZRTOS-H7.3.2.0
2024-03-20 12:19:53,547 [INFO] ThirdParty:978 - Integrity check success = true
2024-03-20 12:19:53,547 [INFO] IntegrityCheckThread:100 - exiting critical section [integrity check]
2024-03-20 12:19:53,547 [INFO] IntegrityCheckThread:103 - End integrity checks thread
2024-03-20 12:19:55,986 [INFO] WebApp:161 - Instantiating new browser for Auth
2024-03-20 12:19:56,811 [INFO] WebApp:780 - Register for checkConnection events
2024-03-20 12:19:56,811 [INFO] WebApp:414 - Apply proxy settings
2024-03-20 12:19:56,811 [INFO] WebApp:499 - Chromium requires no authentication
2024-03-20 12:19:56,822 [INFO] WebApp:442 - Direct internet connection detected
2024-03-20 12:19:57,039 [INFO] WebApp:192 - Starting web application
2024-03-20 12:19:57,040 [INFO] WebApp:544 - Web application path used C:\ST\STM32CubeIDE_1.14.1\STM32CubeIDE\plugins\com.st.stm32cube.common.mx_6.10.0.202311202037\db\plugins\mcufinder\reactClient1\index.html
2024-03-20 12:20:18,258 [ERROR] LogOutputStream:75 - [STDERR_REDIRECT] SLF4J: Failed to load class "org.slf4j.impl.StaticLoggerBinder".
2024-03-20 12:20:18,260 [ERROR] LogOutputStream:75 - [STDERR_REDIRECT] SLF4J: Defaulting to no-operation (NOP) logger implementation
2024-03-20 12:20:18,261 [ERROR] LogOutputStream:75 - [STDERR_REDIRECT] SLF4J: See http://www.slf4j.org/codes.html#StaticLoggerBinder for further details.
2024-03-20 14:38:18,437 [ERROR] LogOutputStream:75 - [STDERR_REDIRECT] 
2024-03-20 14:38:18,437 [ERROR] LogOutputStream:75 - [STDERR_REDIRECT] 
