2024-02-12 12:09:13,943 [INFO] Activator:176 - 


2024-02-12 12:09:13,949 [INFO] Activator:177 - !SESSION log4j initialized
2024-02-12 12:09:20,850 [INFO] LogOutputStream:77 - [STDOUT_REDIRECT] 
2024-02-12 12:09:22,764 [INFO] ApplicationProperties:184 - Using Application install path: C:\ST\STM32CubeIDE_1.14.1\STM32CubeIDE\plugins\com.st.stm32cube.common.mx_6.10.0.202311202037
2024-02-12 12:09:22,784 [INFO] DbMcusXml:78 - Set database path to: C:\ST\STM32CubeIDE_1.14.1\STM32CubeIDE\plugins\com.st.stm32cube.common.mx_6.10.0.202311202037\\db\/mcu/
2024-02-12 12:09:22,785 [INFO] ApiDb:274 - Set plugin database path to: C:\ST\STM32CubeIDE_1.14.1\STM32CubeIDE\plugins\com.st.stm32cube.common.mx_6.10.0.202311202037\\db\/plugins/boardmanager/
2024-02-12 12:09:22,785 [WARN] ApiDb:259 - Overriding images path with different value:  => C:\ST\STM32CubeIDE_1.14.1\STM32CubeIDE\plugins\com.st.stm32cube.common.mx_6.10.0.202311202037\\db\/plugins/mcufinder/images/
2024-02-12 12:09:22,800 [INFO] ApiDb:250 - Set database path to: C:\Users\TuranyElijah\.stmcufinder\plugins\mcufinder//mcu/
2024-02-12 12:09:22,802 [INFO] DbMcusAds:125 - Set database path to: C:\Users\TuranyElijah\.stmcufinder\plugins\mcufinder//mcu/
2024-02-12 12:09:22,803 [INFO] CrossReferenceDbSqlite:203 - Set database path to: C:\Users\TuranyElijah\.stmcufinder\plugins\mcufinder//mcu/cs/
2024-02-12 12:09:22,929 [INFO] RulesReader:64 - Compatibility file has been processed (297 Rules)
2024-02-12 12:09:23,018 [INFO] DbMcusXml:78 - Set database path to: C:\ST\STM32CubeIDE_1.14.1\STM32CubeIDE\plugins\com.st.stm32cube.common.mx_6.10.0.202311202037\\db\/mcu/
2024-02-12 12:09:23,018 [INFO] ApiDb:274 - Set plugin database path to: C:\ST\STM32CubeIDE_1.14.1\STM32CubeIDE\plugins\com.st.stm32cube.common.mx_6.10.0.202311202037\\db\/plugins/boardmanager/
2024-02-12 12:09:23,018 [INFO] ApiDb:261 - Set plugin images path to: C:\ST\STM32CubeIDE_1.14.1\STM32CubeIDE\plugins\com.st.stm32cube.common.mx_6.10.0.202311202037\\db\/plugins/mcufinder/images/
2024-02-12 12:09:23,018 [WARN] DbFile:41 - Overriding database path with different value: C:\Users\TuranyElijah\.stmcufinder\plugins\mcufinder/ => C:\Users\TuranyElijah\.stmcufinder\plugins\mcufinder
2024-02-12 12:09:23,018 [INFO] ApiDb:250 - Set database path to: C:\Users\TuranyElijah\.stmcufinder\plugins\mcufinder//mcu/
2024-02-12 12:09:23,018 [WARN] DbFile:41 - Overriding database path with different value: C:\Users\TuranyElijah\.stmcufinder\plugins\mcufinder/ => C:\Users\TuranyElijah\.stmcufinder\plugins\mcufinder
2024-02-12 12:09:23,018 [INFO] DbMcusAds:125 - Set database path to: C:\Users\TuranyElijah\.stmcufinder\plugins\mcufinder//mcu/
2024-02-12 12:09:23,018 [WARN] DbFile:41 - Overriding database path with different value: C:\Users\TuranyElijah\.stmcufinder\plugins\mcufinder/ => C:\Users\TuranyElijah\.stmcufinder\plugins\mcufinder
2024-02-12 12:09:23,019 [WARN] DbFile:41 - Overriding database path with different value: C:\Users\TuranyElijah\.stmcufinder\plugins\mcufinder/ => C:\Users\TuranyElijah\.stmcufinder\plugins\mcufinder
2024-02-12 12:09:23,019 [INFO] CrossReferenceDbSqlite:203 - Set database path to: C:\Users\TuranyElijah\.stmcufinder\plugins\mcufinder//mcu/cs/
2024-02-12 12:09:23,104 [INFO] MainPanel:264 - HeapMemory: 268435456
2024-02-12 12:09:23,211 [INFO] DbMcusXml:78 - Set database path to: C:\ST\STM32CubeIDE_1.14.1\STM32CubeIDE\plugins\com.st.stm32cube.common.mx_6.10.0.202311202037\\db\/mcu/
2024-02-12 12:09:23,211 [INFO] ApiDb:274 - Set plugin database path to: C:\ST\STM32CubeIDE_1.14.1\STM32CubeIDE\plugins\com.st.stm32cube.common.mx_6.10.0.202311202037\\db\/plugins/boardmanager/
2024-02-12 12:09:23,211 [INFO] ApiDb:261 - Set plugin images path to: C:\ST\STM32CubeIDE_1.14.1\STM32CubeIDE\plugins\com.st.stm32cube.common.mx_6.10.0.202311202037\\db\/plugins/mcufinder/images/
2024-02-12 12:09:23,211 [WARN] DbFile:41 - Overriding database path with different value: C:\Users\TuranyElijah\.stmcufinder\plugins\mcufinder/ => C:\Users\TuranyElijah\.stmcufinder\plugins\mcufinder
2024-02-12 12:09:23,211 [INFO] ApiDb:250 - Set database path to: C:\Users\TuranyElijah\.stmcufinder\plugins\mcufinder//mcu/
2024-02-12 12:09:23,211 [WARN] DbFile:41 - Overriding database path with different value: C:\Users\TuranyElijah\.stmcufinder\plugins\mcufinder/ => C:\Users\TuranyElijah\.stmcufinder\plugins\mcufinder
2024-02-12 12:09:23,212 [INFO] DbMcusAds:125 - Set database path to: C:\Users\TuranyElijah\.stmcufinder\plugins\mcufinder//mcu/
2024-02-12 12:09:23,212 [WARN] DbFile:41 - Overriding database path with different value: C:\Users\TuranyElijah\.stmcufinder\plugins\mcufinder/ => C:\Users\TuranyElijah\.stmcufinder\plugins\mcufinder
2024-02-12 12:09:23,212 [WARN] DbFile:41 - Overriding database path with different value: C:\Users\TuranyElijah\.stmcufinder\plugins\mcufinder/ => C:\Users\TuranyElijah\.stmcufinder\plugins\mcufinder
2024-02-12 12:09:23,212 [INFO] CrossReferenceDbSqlite:203 - Set database path to: C:\Users\TuranyElijah\.stmcufinder\plugins\mcufinder//mcu/cs/
2024-02-12 12:09:23,232 [INFO] ApplicationProperties:184 - Using Application install path: C:\ST\STM32CubeIDE_1.14.1\STM32CubeIDE\plugins\com.st.stm32cube.common.mx_6.10.0.202311202037
2024-02-12 12:09:23,234 [INFO] PluginManage:196 - Search for loadable plugins [exclusion list=, ]
2024-02-12 12:09:23,236 [INFO] PluginManage:310 - Check plugin analytics
2024-02-12 12:09:23,442 [INFO] AnalyticsPlugin:253 - Accepted Software Licenses: STM32CubeMX.6.10.0
2024-02-12 12:09:23,442 [INFO] AnalyticsPlugin:255 - Accepted CMSIS Pack Licenses: 
2024-02-12 12:09:23,442 [INFO] AnalyticsPlugin:257 - Accepted Firmware Licenses: 
2024-02-12 12:09:23,446 [INFO] PluginManage:359 - Loaded plugin analytics (category:tool,tabindex:-1)
2024-02-12 12:09:23,447 [INFO] PluginManage:310 - Check plugin cadmodel
2024-02-12 12:09:23,469 [INFO] CADModel:105 - Init CAD model plugin
2024-02-12 12:09:23,469 [INFO] PluginManage:359 - Loaded plugin cadmodel (category:power,tabindex:5)
2024-02-12 12:09:23,470 [INFO] PluginManage:310 - Check plugin clock
2024-02-12 12:09:23,497 [INFO] PluginManage:359 - Loaded plugin clock (category:base,tabindex:2)
2024-02-12 12:09:23,497 [INFO] PluginManage:310 - Check plugin ddr
2024-02-12 12:09:23,499 [INFO] PluginManage:359 - Loaded plugin ddr (category:tool,tabindex:6)
2024-02-12 12:09:23,499 [INFO] PluginManage:310 - Check plugin filemanager
2024-02-12 12:09:23,645 [INFO] PluginManage:359 - Loaded plugin filemanager (category:base,tabindex:10)
2024-02-12 12:09:23,646 [INFO] PluginManage:310 - Check plugin ipmanager
2024-02-12 12:09:23,654 [INFO] PluginManage:359 - Loaded plugin ipmanager (category:base,tabindex:5)
2024-02-12 12:09:23,654 [INFO] PluginManage:310 - Check plugin lpbam
2024-02-12 12:09:23,673 [INFO] PluginManage:359 - Loaded plugin lpbam (category:base,tabindex:0)
2024-02-12 12:09:23,673 [INFO] PluginManage:310 - Check plugin memorymap
2024-02-12 12:09:23,699 [INFO] PluginManage:359 - Loaded plugin memorymap (category:base,tabindex:4)
2024-02-12 12:09:23,699 [INFO] PluginManage:310 - Check plugin pinoutandconfiguration
2024-02-12 12:09:23,718 [INFO] PluginManage:359 - Loaded plugin pinoutandconfiguration (category:base,tabindex:1)
2024-02-12 12:09:23,718 [INFO] PluginManage:310 - Check plugin pinoutconfig
2024-02-12 12:09:23,828 [WARN] SupportedApi:132 - Cannot load RTOS API schema: s4s-elt-must-match.1: The content of 'definitions' must match (annotation?, (simpleType | complexType)?, (unique | key | keyref)*)). A problem was found starting at: attribute.
2024-02-12 12:09:24,010 [INFO] PluginManage:359 - Loaded plugin pinoutconfig (category:base,tabindex:0)
2024-02-12 12:09:24,010 [INFO] PluginManage:310 - Check plugin power
2024-02-12 12:09:24,036 [INFO] PluginManage:359 - Loaded plugin power (category:power,tabindex:4)
2024-02-12 12:09:24,036 [INFO] PluginManage:310 - Check plugin projectmanager
2024-02-12 12:09:24,057 [INFO] PluginManage:359 - Loaded plugin projectmanager (category:projectmanager,tabindex:3)
2024-02-12 12:09:24,057 [INFO] PluginManage:310 - Check plugin thirdparty
2024-02-12 12:09:24,341 [INFO] PluginManage:359 - Loaded plugin thirdparty (category:base,tabindex:-1)
2024-02-12 12:09:24,341 [WARN] IntegrityCheckThread:84 - waiting for thirdparty lock release [integrity check]
2024-02-12 12:09:24,341 [INFO] PluginManage:310 - Check plugin tools
2024-02-12 12:09:24,342 [INFO] IntegrityCheckThread:86 - entering critical section [integrity check]
2024-02-12 12:09:24,342 [INFO] ThirdPartyUpdaterWithRetryManager:70 - Updater plugin not ready yet. [1/15]
2024-02-12 12:09:24,372 [INFO] PluginManage:359 - Loaded plugin tools (category:base,tabindex:7)
2024-02-12 12:09:24,372 [INFO] PluginManage:310 - Check plugin tutovideos
2024-02-12 12:09:24,570 [INFO] PluginManage:359 - Loaded plugin tutovideos (category:base,tabindex:-1)
2024-02-12 12:09:24,571 [INFO] PluginManage:310 - Check plugin updater
2024-02-12 12:09:24,583 [INFO] PluginManage:359 - Loaded plugin updater (category:base,tabindex:12)
2024-02-12 12:09:24,583 [INFO] PluginManage:310 - Check plugin userauth
2024-02-12 12:09:24,589 [INFO] UserAuth:114 - Init User Auth plugin
2024-02-12 12:09:24,589 [INFO] PluginManage:359 - Loaded plugin userauth (category:base,tabindex:14)
2024-02-12 12:09:24,590 [INFO] PluginManage:283 - PluginManage : Loaded plugins [17]
2024-02-12 12:09:24,809 [INFO] PinOutPanel:1499 - setPackage(No Configuration,No Configuration)
2024-02-12 12:09:24,890 [INFO] CADModel:165 - CPN selected for project level
2024-02-12 12:09:24,891 [INFO] CADModel:114 - Register for checkConnection events
2024-02-12 12:09:24,920 [INFO] IPUIPlugin:80 - create IPUIPlugin
2024-02-12 12:09:24,920 [INFO] PluginManager:220 - loadIPPluginJar : add adc
2024-02-12 12:09:24,958 [INFO] IPUIPlugin:80 - create IPUIPlugin
2024-02-12 12:09:24,959 [INFO] PluginManager:220 - loadIPPluginJar : add aes
2024-02-12 12:09:25,011 [INFO] IPUIPlugin:80 - create IPUIPlugin
2024-02-12 12:09:25,012 [INFO] PluginManager:220 - loadIPPluginJar : add can
2024-02-12 12:09:25,033 [INFO] IPUIPlugin:80 - create IPUIPlugin
2024-02-12 12:09:25,034 [INFO] PluginManager:220 - loadIPPluginJar : add comp
2024-02-12 12:09:25,062 [INFO] IPUIPlugin:80 - create IPUIPlugin
2024-02-12 12:09:25,062 [INFO] PluginManager:220 - loadIPPluginJar : add cryp
2024-02-12 12:09:25,088 [INFO] IPUIPlugin:80 - create IPUIPlugin
2024-02-12 12:09:25,088 [INFO] PluginManager:220 - loadIPPluginJar : add dfsdm
2024-02-12 12:09:25,104 [INFO] IPUIPlugin:80 - create IPUIPlugin
2024-02-12 12:09:25,104 [INFO] PluginManager:220 - loadIPPluginJar : add dma
2024-02-12 12:09:25,141 [INFO] IPUIPlugin:80 - create IPUIPlugin
2024-02-12 12:09:25,141 [INFO] PluginManager:220 - loadIPPluginJar : add dma3
2024-02-12 12:09:25,160 [INFO] IPUIPlugin:80 - create IPUIPlugin
2024-02-12 12:09:25,160 [INFO] PluginManager:220 - loadIPPluginJar : add fatfs
2024-02-12 12:09:25,208 [INFO] IPUIPlugin:80 - create IPUIPlugin
2024-02-12 12:09:25,208 [INFO] PluginManager:220 - loadIPPluginJar : add fmc
2024-02-12 12:09:25,224 [INFO] IPUIPlugin:80 - create IPUIPlugin
2024-02-12 12:09:25,224 [INFO] PluginManager:220 - loadIPPluginJar : add freertos
2024-02-12 12:09:25,243 [INFO] IPUIPlugin:80 - create IPUIPlugin
2024-02-12 12:09:25,243 [INFO] PluginManager:220 - loadIPPluginJar : add genericplugin
2024-02-12 12:09:25,318 [INFO] IPUIPlugin:80 - create IPUIPlugin
2024-02-12 12:09:25,318 [INFO] PluginManager:220 - loadIPPluginJar : add gfxmmu
2024-02-12 12:09:25,425 [INFO] IPUIPlugin:80 - create IPUIPlugin
2024-02-12 12:09:25,425 [INFO] PluginManager:220 - loadIPPluginJar : add gic
2024-02-12 12:09:25,438 [INFO] IPUIPlugin:80 - create IPUIPlugin
2024-02-12 12:09:25,438 [INFO] PluginManager:220 - loadIPPluginJar : add gpio
2024-02-12 12:09:25,516 [INFO] IPUIPlugin:80 - create IPUIPlugin
2024-02-12 12:09:25,517 [INFO] PluginManager:220 - loadIPPluginJar : add gtzc
2024-02-12 12:09:25,550 [INFO] IPUIPlugin:80 - create IPUIPlugin
2024-02-12 12:09:25,550 [INFO] PluginManager:220 - loadIPPluginJar : add hash
2024-02-12 12:09:25,596 [INFO] IPUIPlugin:80 - create IPUIPlugin
2024-02-12 12:09:25,596 [INFO] PluginManager:220 - loadIPPluginJar : add i2c
2024-02-12 12:09:25,630 [INFO] IPUIPlugin:80 - create IPUIPlugin
2024-02-12 12:09:25,630 [INFO] PluginManager:220 - loadIPPluginJar : add i2s
2024-02-12 12:09:25,665 [INFO] IPUIPlugin:80 - create IPUIPlugin
2024-02-12 12:09:25,665 [INFO] PluginManager:220 - loadIPPluginJar : add i3c
2024-02-12 12:09:25,757 [INFO] IPUIPlugin:80 - create IPUIPlugin
2024-02-12 12:09:25,758 [INFO] PluginManager:220 - loadIPPluginJar : add ipddr
2024-02-12 12:09:25,835 [INFO] IPUIPlugin:80 - create IPUIPlugin
2024-02-12 12:09:25,835 [INFO] PluginManager:220 - loadIPPluginJar : add linkedlist
2024-02-12 12:09:25,866 [INFO] IPUIPlugin:80 - create IPUIPlugin
2024-02-12 12:09:25,866 [INFO] PluginManager:220 - loadIPPluginJar : add lorawan
2024-02-12 12:09:25,898 [INFO] IPUIPlugin:80 - create IPUIPlugin
2024-02-12 12:09:25,898 [INFO] PluginManager:220 - loadIPPluginJar : add ltdc
2024-02-12 12:09:25,915 [INFO] IPUIPlugin:80 - create IPUIPlugin
2024-02-12 12:09:25,916 [INFO] PluginManager:220 - loadIPPluginJar : add mdma
2024-02-12 12:09:25,930 [INFO] IPUIPlugin:80 - create IPUIPlugin
2024-02-12 12:09:25,930 [INFO] PluginManager:220 - loadIPPluginJar : add nvic
2024-02-12 12:09:25,961 [INFO] IPUIPlugin:80 - create IPUIPlugin
2024-02-12 12:09:25,962 [INFO] PluginManager:220 - loadIPPluginJar : add opamp
2024-02-12 12:09:26,011 [INFO] IPUIPlugin:80 - create IPUIPlugin
2024-02-12 12:09:26,012 [INFO] PluginManager:220 - loadIPPluginJar : add openamp
2024-02-12 12:09:26,049 [INFO] IPUIPlugin:80 - create IPUIPlugin
2024-02-12 12:09:26,049 [INFO] PluginManager:220 - loadIPPluginJar : add pdm2pcm
2024-02-12 12:09:26,067 [INFO] IPUIPlugin:80 - create IPUIPlugin
2024-02-12 12:09:26,069 [INFO] PluginManager:220 - loadIPPluginJar : add plateformsettings
2024-02-12 12:09:26,089 [INFO] IPUIPlugin:80 - create IPUIPlugin
2024-02-12 12:09:26,089 [INFO] PluginManager:220 - loadIPPluginJar : add quadspi
2024-02-12 12:09:26,105 [INFO] IPUIPlugin:80 - create IPUIPlugin
2024-02-12 12:09:26,105 [INFO] PluginManager:220 - loadIPPluginJar : add resmgrutility
2024-02-12 12:09:26,148 [INFO] IPUIPlugin:80 - create IPUIPlugin
2024-02-12 12:09:26,148 [INFO] PluginManager:220 - loadIPPluginJar : add sai
2024-02-12 12:09:26,181 [INFO] IPUIPlugin:80 - create IPUIPlugin
2024-02-12 12:09:26,181 [INFO] PluginManager:220 - loadIPPluginJar : add spi
2024-02-12 12:09:26,250 [INFO] IPUIPlugin:80 - create IPUIPlugin
2024-02-12 12:09:26,250 [INFO] PluginManager:220 - loadIPPluginJar : add stm32_wpan
2024-02-12 12:09:26,272 [INFO] IPUIPlugin:80 - create IPUIPlugin
2024-02-12 12:09:26,272 [INFO] PluginManager:220 - loadIPPluginJar : add tim
2024-02-12 12:09:26,321 [INFO] IPUIPlugin:80 - create IPUIPlugin
2024-02-12 12:09:26,322 [INFO] PluginManager:220 - loadIPPluginJar : add touchsensing
2024-02-12 12:09:26,342 [INFO] IPUIPlugin:80 - create IPUIPlugin
2024-02-12 12:09:26,342 [INFO] PluginManager:220 - loadIPPluginJar : add tracer_emb
2024-02-12 12:09:26,362 [INFO] IPUIPlugin:80 - create IPUIPlugin
2024-02-12 12:09:26,363 [INFO] PluginManager:220 - loadIPPluginJar : add ts
2024-02-12 12:09:26,381 [INFO] IPUIPlugin:80 - create IPUIPlugin
2024-02-12 12:09:26,381 [INFO] PluginManager:220 - loadIPPluginJar : add tsc
2024-02-12 12:09:26,400 [INFO] IPUIPlugin:80 - create IPUIPlugin
2024-02-12 12:09:26,401 [INFO] PluginManager:220 - loadIPPluginJar : add ucpd
2024-02-12 12:09:26,437 [INFO] IPUIPlugin:80 - create IPUIPlugin
2024-02-12 12:09:26,437 [INFO] PluginManager:220 - loadIPPluginJar : add usart
2024-02-12 12:09:26,475 [INFO] IPUIPlugin:80 - create IPUIPlugin
2024-02-12 12:09:26,475 [INFO] PluginManager:220 - loadIPPluginJar : add usbx
2024-02-12 12:09:26,603 [INFO] CADModel:165 - CPN selected for project level
2024-02-12 12:09:26,603 [INFO] CADModel:114 - Register for checkConnection events
2024-02-12 12:09:26,603 [FATAL] Updater:308 - Updater called before beeing initialized
2024-02-12 12:09:26,604 [ERROR] CADModel:125 - Updater not yet initialized, retry later 
2024-02-12 12:09:26,769 [INFO] CADModel:165 - CPN selected for project level
2024-02-12 12:09:26,769 [INFO] CADModel:114 - Register for checkConnection events
2024-02-12 12:09:26,770 [FATAL] Updater:308 - Updater called before beeing initialized
2024-02-12 12:09:26,770 [ERROR] CADModel:125 - Updater not yet initialized, retry later 
2024-02-12 12:09:26,773 [FATAL] Updater:308 - Updater called before beeing initialized
2024-02-12 12:09:26,893 [FATAL] Updater:308 - Updater called before beeing initialized
2024-02-12 12:09:26,905 [INFO] DbMcusAds:53 - JSON generation date=Wed Nov 29 04:52:27 CST 2023 (1701255147200)
2024-02-12 12:09:26,905 [FATAL] Updater:308 - Updater called before beeing initialized
2024-02-12 12:09:26,991 [WARN] DetailPanel:346 - Failed to get advertising image, set to default
2024-02-12 12:09:27,095 [FATAL] Updater:308 - Updater called before beeing initialized
2024-02-12 12:09:27,097 [FATAL] Updater:308 - Updater called before beeing initialized
2024-02-12 12:09:27,097 [FATAL] Updater:308 - Updater called before beeing initialized
2024-02-12 12:09:27,097 [WARN] DetailPanel:346 - Failed to get advertising image, set to default
2024-02-12 12:09:27,098 [FATAL] Updater:308 - Updater called before beeing initialized
2024-02-12 12:09:27,166 [ERROR] Updater:1120 - MainUpdater not yet initialized. External WinMGr cannot be set.
2024-02-12 12:09:27,176 [INFO] Updater:1056 - Updater Version found : 6.10.0
2024-02-12 12:09:27,195 [INFO] ApplicationProperties:184 - Using Application install path: C:\ST\STM32CubeIDE_1.14.1\STM32CubeIDE\plugins\com.st.stm32cube.common.mx_6.10.0.202311202037
2024-02-12 12:09:27,343 [INFO] ThirdPartyUpdaterWithRetryManager:70 - Updater plugin not ready yet. [2/15]
2024-02-12 12:09:28,784 [ERROR] LogOutputStream:75 - [STDERR_REDIRECT] Feb 12, 2024 12:09:28 PM java.util.prefs.WindowsPreferences <init>
2024-02-12 12:09:28,786 [ERROR] LogOutputStream:75 - [STDERR_REDIRECT] WARNING: Could not open/create prefs root node Software\JavaSoft\Prefs at root 0xffffffff80000002. Windows RegCreateKeyEx(...) returned error code 5.
2024-02-12 12:09:28,786 [ERROR] LogOutputStream:75 - [STDERR_REDIRECT] 
2024-02-12 12:09:29,285 [INFO] MainUpdater:2873 - connection check result : 10
2024-02-12 12:09:29,285 [INFO] MainUpdater:3567 - Updater definition file requires update
2024-02-12 12:09:29,287 [INFO] MainUpdater:290 - Updater Check For Update Now.
2024-02-12 12:09:29,287 [INFO] MicroXplorer:498 - Change Database Version : DB.6.0.100
2024-02-12 12:09:29,321 [INFO] McuFinderGlobals:63 - Set McuFinder mode to 2 (CubeIDE integrated)
2024-02-12 12:09:29,321 [INFO] UserAuth:180 - activating auth plugin
2024-02-12 12:09:29,326 [INFO] UserAuth:404 - Internet connection configuration mode: 1
2024-02-12 12:09:29,364 [INFO] JxBrowserEngine:152 - Initiate JxBrowser Engine with user profile folder
2024-02-12 12:09:29,443 [INFO] ServerAccessManage:473 - Download File updaters.zip
2024-02-12 12:09:29,560 [INFO] FileExtend:240 - Unzip File : updaters.zip
2024-02-12 12:09:29,560 [INFO] FileExtend:255 - Standard Zip Deflate
2024-02-12 12:09:30,348 [WARN] MainUpdater:1194 - Updater busy. Cannot search thirdparties
2024-02-12 12:09:30,348 [INFO] ThirdPartyUpdaterWithRetryManager:96 - Updater plugin is busy. [1/15]
2024-02-12 12:09:30,623 [INFO] ServerAccessManage:473 - Download File PacksControlFlags.xml
2024-02-12 12:09:30,806 [INFO] ServerAccessManage:473 - Download File cubemx.pidx
2024-02-12 12:09:30,966 [INFO] LoadServerUpdatesThread:375 - End of LoadServerUpdate Thread
2024-02-12 12:09:31,182 [INFO] CheckServerUpdateThread:120 - End of CheckServer Thread
2024-02-12 12:09:33,782 [WARN] PackLoader:240 - Cannot read IP mode file for STMicroelectronics.X-CUBE-SMBUS.2.1.0
2024-02-12 12:09:33,810 [WARN] PackLoader:240 - Cannot read IP mode file for STMicroelectronics.X-CUBE-TOUCHGFX.4.23.0
2024-02-12 12:09:33,893 [WARN] PackLoader:240 - Cannot read IP mode file for STMicroelectronics.X-CUBE-AZRTOS-F7.1.1.0
2024-02-12 12:09:33,946 [WARN] PackLoader:240 - Cannot read IP mode file for STMicroelectronics.FP-SNS-MOTENV1.4.3.2
2024-02-12 12:09:33,980 [WARN] PackLoader:240 - Cannot read IP mode file for STMicroelectronics.FP-SNS-FLIGHT1.5.0.2
2024-02-12 12:09:34,009 [WARN] PackLoader:240 - Cannot read IP mode file for STMicroelectronics.X-CUBE-DISPLAY.3.0.0
2024-02-12 12:09:34,045 [WARN] PackLoader:240 - Cannot read IP mode file for STMicroelectronics.X-CUBE-BLE1.7.0.0
2024-02-12 12:09:34,068 [WARN] PackLoader:240 - Cannot read IP mode file for emotas.I-CUBE-CANOPEN.1.3.0
2024-02-12 12:09:34,089 [WARN] PackLoader:240 - Cannot read IP mode file for STMicroelectronics.FP-SNS-SMARTAG2.1.2.0
2024-02-12 12:09:34,120 [INFO] LogOutputStream:77 - [STDOUT_REDIRECT] 1 : Invalid condition id : UX_CORESTACK_Condition cause : null
2024-02-12 12:09:34,121 [INFO] LogOutputStream:77 - [STDOUT_REDIRECT] 1 : Invalid condition id : UX_CORESTACK_Condition cause : null
2024-02-12 12:09:34,123 [INFO] LogOutputStream:77 - [STDOUT_REDIRECT] 1 : Invalid condition id : UX_CORESTACK_Condition cause : null
2024-02-12 12:09:34,126 [INFO] LogOutputStream:77 - [STDOUT_REDIRECT] 1 : Invalid condition id : UX_CORESTACK_Condition cause : null
2024-02-12 12:09:34,127 [INFO] LogOutputStream:77 - [STDOUT_REDIRECT] 1 : Invalid condition id : UX_CORESTACK_Condition cause : null
2024-02-12 12:09:34,133 [WARN] PackLoader:240 - Cannot read IP mode file for STMicroelectronics.X-CUBE-AZRTOS-WL.2.0.0
2024-02-12 12:09:34,161 [WARN] PackLoader:240 - Cannot read IP mode file for WES.I-CUBE-Cesium.1.3.0
2024-02-12 12:09:34,181 [WARN] PackLoader:240 - Cannot read IP mode file for STMicroelectronics.X-CUBE-BLE2.3.3.0
2024-02-12 12:09:34,205 [WARN] PackLoader:240 - Cannot read IP mode file for STMicroelectronics.X-CUBE-ALGOBUILD.1.3.0
2024-02-12 12:09:34,250 [WARN] PackLoader:240 - Cannot read IP mode file for STMicroelectronics.X-CUBE-AZRTOS-G0.1.1.0
2024-02-12 12:09:34,274 [WARN] PackLoader:240 - Cannot read IP mode file for STMicroelectronics.X-CUBE-NFC4.3.0.0
2024-02-12 12:09:34,300 [WARN] PackLoader:240 - Cannot read IP mode file for STMicroelectronics.X-CUBE-BLEMGR.3.0.0
2024-02-12 12:09:34,319 [WARN] PackLoader:240 - Cannot read IP mode file for STMicroelectronics.FP-ATR-SIGFOX1.3.2.0
2024-02-12 12:09:34,338 [WARN] PackLoader:240 - Cannot read IP mode file for STMicroelectronics.X-CUBE-EEPRMA1.5.1.0
2024-02-12 12:09:34,383 [INFO] WebApp:161 - Instantiating new browser for Auth
2024-02-12 12:09:34,411 [WARN] PackLoader:240 - Cannot read IP mode file for SEGGER.I-CUBE-embOS.1.3.1
2024-02-12 12:09:34,504 [WARN] PackLoader:240 - Cannot read IP mode file for STMicroelectronics.X-CUBE-GNSS1.6.0.0
2024-02-12 12:09:34,548 [WARN] PackLoader:240 - Cannot read IP mode file for STMicroelectronics.X-CUBE-AZRTOS-F4.1.1.0
2024-02-12 12:09:34,568 [WARN] PackLoader:240 - Cannot read IP mode file for wolfSSL.I-CUBE-wolfSSL.5.6.6
2024-02-12 12:09:34,610 [WARN] PackLoader:240 - Cannot read IP mode file for STMicroelectronics.X-CUBE-AZRTOS-L5.2.0.0
2024-02-12 12:09:34,631 [WARN] PackLoader:240 - Cannot read IP mode file for STMicroelectronics.X-CUBE-EEPRMA1.4.2.0
2024-02-12 12:09:34,652 [WARN] PackLoader:240 - Cannot read IP mode file for ITTIA_DB.I-CUBE-ITTIADB.8.8.0
2024-02-12 12:09:34,669 [WARN] PackLoader:240 - Cannot read IP mode file for STMicroelectronics.X-CUBE-NFC7.1.0.1
2024-02-12 12:09:34,688 [WARN] PackLoader:240 - Cannot read IP mode file for STMicroelectronics.X-CUBE-NFC6.3.0.0
2024-02-12 12:09:34,705 [WARN] PackLoader:240 - Cannot read IP mode file for STMicroelectronics.X-CUBE-AI.8.1.0
2024-02-12 12:09:34,739 [WARN] ConditionMgr:438 - getConditionDescription Invalid condition id : LAN8742 Phy interface Condition cause : null
2024-02-12 12:09:34,740 [WARN] PackLoader:240 - Cannot read IP mode file for STMicroelectronics.X-CUBE-AZRTOS-L4.2.0.0
2024-02-12 12:09:34,741 [WARN] ConditionMgr:1039 - genDependencies : Invalid condition id : LAN8742 Phy interface Condition cause : null
2024-02-12 12:09:34,742 [WARN] ConditionMgr:1039 - genDependencies : Invalid condition id : LAN8742 Phy interface Condition cause : null
2024-02-12 12:09:34,742 [WARN] ConditionMgr:1039 - genDependencies : Invalid condition id : LAN8742 Phy interface Condition cause : null
2024-02-12 12:09:34,760 [WARN] PackLoader:240 - Cannot read IP mode file for STMicroelectronics.X-CUBE-SFXS2LP1.4.0.0
2024-02-12 12:09:34,789 [WARN] ConditionMgr:438 - getConditionDescription Invalid condition id : UX DEVICE CLASS RTOS Condition cause : null
2024-02-12 12:09:34,790 [WARN] ConditionMgr:438 - getConditionDescription Invalid condition id : UX DEVICE CLASS RTOS Condition cause : null
2024-02-12 12:09:34,791 [WARN] PackLoader:240 - Cannot read IP mode file for STMicroelectronics.X-CUBE-AZRTOS-WB.2.0.0
2024-02-12 12:09:34,792 [WARN] ConditionMgr:1039 - genDependencies : Invalid condition id : UX DEVICE CLASS RTOS Condition cause : null
2024-02-12 12:09:34,792 [WARN] ConditionMgr:1039 - genDependencies : Invalid condition id : UX DEVICE CLASS RTOS Condition cause : null
2024-02-12 12:09:34,792 [WARN] ConditionMgr:1039 - genDependencies : Invalid condition id : UX DEVICE CLASS RTOS Condition cause : null
2024-02-12 12:09:34,793 [WARN] ConditionMgr:1039 - genDependencies : Invalid condition id : UX DEVICE CLASS RTOS Condition cause : null
2024-02-12 12:09:34,793 [WARN] ConditionMgr:1039 - genDependencies : Invalid condition id : UX DEVICE CLASS RTOS Condition cause : null
2024-02-12 12:09:34,815 [WARN] PackLoader:240 - Cannot read IP mode file for STMicroelectronics.X-CUBE-SUBG2.5.0.0
2024-02-12 12:09:34,850 [WARN] PackLoader:240 - Cannot read IP mode file for STMicroelectronics.X-CUBE-AZRTOS-G4.2.0.0
2024-02-12 12:09:34,878 [WARN] PackLoader:240 - Cannot read IP mode file for Infineon.AIROC-Wi-Fi-Bluetooth-STM32.1.5.1
2024-02-12 12:09:34,896 [WARN] PackLoader:240 - Cannot read IP mode file for STMicroelectronics.FP-SNS-MOTENVWB1.1.3.1
2024-02-12 12:09:34,912 [WARN] PackLoader:240 - Cannot read IP mode file for STMicroelectronics.X-CUBE-ISPU.2.0.0
2024-02-12 12:09:34,982 [WARN] PackLoader:240 - Cannot read IP mode file for STMicroelectronics.X-CUBE-MEMS1.10.0.0
2024-02-12 12:09:35,205 [WARN] PackLoader:240 - Cannot read IP mode file for STMicroelectronics.X-CUBE-FREERTOS.1.1.0
2024-02-12 12:09:35,222 [WARN] PackLoader:240 - Cannot read IP mode file for portGmbH.I-Cube-SoM-uGOAL.1.1.0
2024-02-12 12:09:35,237 [WARN] PackLoader:240 - Cannot read IP mode file for STMicroelectronics.X-CUBE-ALS.1.0.1
2024-02-12 12:09:35,251 [WARN] PackLoader:240 - Cannot read IP mode file for STMicroelectronics.FP-ATR-ASTRA1.2.0.0
2024-02-12 12:09:35,272 [WARN] PackLoader:240 - Cannot read IP mode file for STMicroelectronics.X-CUBE-TOF1.3.4.0
2024-02-12 12:09:35,314 [WARN] PackLoader:240 - Cannot read IP mode file for STMicroelectronics.X-CUBE-AZRTOS-H7.3.2.0
2024-02-12 12:09:35,318 [INFO] ThirdParty:978 - Integrity check success = true
2024-02-12 12:09:35,318 [INFO] IntegrityCheckThread:100 - exiting critical section [integrity check]
2024-02-12 12:09:35,318 [INFO] IntegrityCheckThread:103 - End integrity checks thread
2024-02-12 12:09:35,630 [INFO] WebApp:780 - Register for checkConnection events
2024-02-12 12:09:35,630 [INFO] WebApp:414 - Apply proxy settings
2024-02-12 12:09:35,631 [INFO] WebApp:499 - Chromium requires no authentication
2024-02-12 12:09:35,647 [INFO] WebApp:442 - Direct internet connection detected
2024-02-12 12:09:35,903 [INFO] WebApp:192 - Starting web application
2024-02-12 12:09:35,903 [INFO] WebApp:544 - Web application path used C:\ST\STM32CubeIDE_1.14.1\STM32CubeIDE\plugins\com.st.stm32cube.common.mx_6.10.0.202311202037\db\plugins\mcufinder\reactClient1\index.html
2024-02-12 12:09:57,203 [ERROR] LogOutputStream:75 - [STDERR_REDIRECT] SLF4J: Failed to load class "org.slf4j.impl.StaticLoggerBinder".
2024-02-12 12:09:57,204 [ERROR] LogOutputStream:75 - [STDERR_REDIRECT] SLF4J: Defaulting to no-operation (NOP) logger implementation
2024-02-12 12:09:57,205 [ERROR] LogOutputStream:75 - [STDERR_REDIRECT] SLF4J: See http://www.slf4j.org/codes.html#StaticLoggerBinder for further details.
2024-02-12 14:22:20,920 [ERROR] LogOutputStream:75 - [STDERR_REDIRECT] 
