2024-02-26 12:13:38,115 [INFO] Activator:176 - 


2024-02-26 12:13:38,115 [INFO] Activator:177 - !SESSION log4j initialized
2024-02-26 12:13:45,968 [INFO] LogOutputStream:77 - [STDOUT_REDIRECT] 
2024-02-26 12:13:48,638 [INFO] ApplicationProperties:184 - Using Application install path: C:\ST\STM32CubeIDE_1.14.1\STM32CubeIDE\plugins\com.st.stm32cube.common.mx_6.10.0.202311202037
2024-02-26 12:13:48,656 [INFO] DbMcusXml:78 - Set database path to: C:\ST\STM32CubeIDE_1.14.1\STM32CubeIDE\plugins\com.st.stm32cube.common.mx_6.10.0.202311202037\\db\/mcu/
2024-02-26 12:13:48,657 [INFO] ApiDb:274 - Set plugin database path to: C:\ST\STM32CubeIDE_1.14.1\STM32CubeIDE\plugins\com.st.stm32cube.common.mx_6.10.0.202311202037\\db\/plugins/boardmanager/
2024-02-26 12:13:48,657 [WARN] ApiDb:259 - Overriding images path with different value:  => C:\ST\STM32CubeIDE_1.14.1\STM32CubeIDE\plugins\com.st.stm32cube.common.mx_6.10.0.202311202037\\db\/plugins/mcufinder/images/
2024-02-26 12:13:48,671 [INFO] ApiDb:250 - Set database path to: C:\Users\TuranyElijah\.stmcufinder\plugins\mcufinder//mcu/
2024-02-26 12:13:48,672 [INFO] DbMcusAds:125 - Set database path to: C:\Users\TuranyElijah\.stmcufinder\plugins\mcufinder//mcu/
2024-02-26 12:13:48,673 [INFO] CrossReferenceDbSqlite:203 - Set database path to: C:\Users\TuranyElijah\.stmcufinder\plugins\mcufinder//mcu/cs/
2024-02-26 12:13:48,801 [INFO] RulesReader:64 - Compatibility file has been processed (297 Rules)
2024-02-26 12:13:48,895 [INFO] DbMcusXml:78 - Set database path to: C:\ST\STM32CubeIDE_1.14.1\STM32CubeIDE\plugins\com.st.stm32cube.common.mx_6.10.0.202311202037\\db\/mcu/
2024-02-26 12:13:48,895 [INFO] ApiDb:274 - Set plugin database path to: C:\ST\STM32CubeIDE_1.14.1\STM32CubeIDE\plugins\com.st.stm32cube.common.mx_6.10.0.202311202037\\db\/plugins/boardmanager/
2024-02-26 12:13:48,895 [INFO] ApiDb:261 - Set plugin images path to: C:\ST\STM32CubeIDE_1.14.1\STM32CubeIDE\plugins\com.st.stm32cube.common.mx_6.10.0.202311202037\\db\/plugins/mcufinder/images/
2024-02-26 12:13:48,896 [WARN] DbFile:41 - Overriding database path with different value: C:\Users\TuranyElijah\.stmcufinder\plugins\mcufinder/ => C:\Users\TuranyElijah\.stmcufinder\plugins\mcufinder
2024-02-26 12:13:48,896 [INFO] ApiDb:250 - Set database path to: C:\Users\TuranyElijah\.stmcufinder\plugins\mcufinder//mcu/
2024-02-26 12:13:48,896 [WARN] DbFile:41 - Overriding database path with different value: C:\Users\TuranyElijah\.stmcufinder\plugins\mcufinder/ => C:\Users\TuranyElijah\.stmcufinder\plugins\mcufinder
2024-02-26 12:13:48,896 [INFO] DbMcusAds:125 - Set database path to: C:\Users\TuranyElijah\.stmcufinder\plugins\mcufinder//mcu/
2024-02-26 12:13:48,896 [WARN] DbFile:41 - Overriding database path with different value: C:\Users\TuranyElijah\.stmcufinder\plugins\mcufinder/ => C:\Users\TuranyElijah\.stmcufinder\plugins\mcufinder
2024-02-26 12:13:48,896 [WARN] DbFile:41 - Overriding database path with different value: C:\Users\TuranyElijah\.stmcufinder\plugins\mcufinder/ => C:\Users\TuranyElijah\.stmcufinder\plugins\mcufinder
2024-02-26 12:13:48,896 [INFO] CrossReferenceDbSqlite:203 - Set database path to: C:\Users\TuranyElijah\.stmcufinder\plugins\mcufinder//mcu/cs/
2024-02-26 12:13:48,982 [INFO] MainPanel:264 - HeapMemory: 268435456
2024-02-26 12:13:49,086 [INFO] DbMcusXml:78 - Set database path to: C:\ST\STM32CubeIDE_1.14.1\STM32CubeIDE\plugins\com.st.stm32cube.common.mx_6.10.0.202311202037\\db\/mcu/
2024-02-26 12:13:49,086 [INFO] ApiDb:274 - Set plugin database path to: C:\ST\STM32CubeIDE_1.14.1\STM32CubeIDE\plugins\com.st.stm32cube.common.mx_6.10.0.202311202037\\db\/plugins/boardmanager/
2024-02-26 12:13:49,086 [INFO] ApiDb:261 - Set plugin images path to: C:\ST\STM32CubeIDE_1.14.1\STM32CubeIDE\plugins\com.st.stm32cube.common.mx_6.10.0.202311202037\\db\/plugins/mcufinder/images/
2024-02-26 12:13:49,087 [WARN] DbFile:41 - Overriding database path with different value: C:\Users\TuranyElijah\.stmcufinder\plugins\mcufinder/ => C:\Users\TuranyElijah\.stmcufinder\plugins\mcufinder
2024-02-26 12:13:49,087 [INFO] ApiDb:250 - Set database path to: C:\Users\TuranyElijah\.stmcufinder\plugins\mcufinder//mcu/
2024-02-26 12:13:49,087 [WARN] DbFile:41 - Overriding database path with different value: C:\Users\TuranyElijah\.stmcufinder\plugins\mcufinder/ => C:\Users\TuranyElijah\.stmcufinder\plugins\mcufinder
2024-02-26 12:13:49,087 [INFO] DbMcusAds:125 - Set database path to: C:\Users\TuranyElijah\.stmcufinder\plugins\mcufinder//mcu/
2024-02-26 12:13:49,087 [WARN] DbFile:41 - Overriding database path with different value: C:\Users\TuranyElijah\.stmcufinder\plugins\mcufinder/ => C:\Users\TuranyElijah\.stmcufinder\plugins\mcufinder
2024-02-26 12:13:49,087 [WARN] DbFile:41 - Overriding database path with different value: C:\Users\TuranyElijah\.stmcufinder\plugins\mcufinder/ => C:\Users\TuranyElijah\.stmcufinder\plugins\mcufinder
2024-02-26 12:13:49,087 [INFO] CrossReferenceDbSqlite:203 - Set database path to: C:\Users\TuranyElijah\.stmcufinder\plugins\mcufinder//mcu/cs/
2024-02-26 12:13:49,109 [INFO] ApplicationProperties:184 - Using Application install path: C:\ST\STM32CubeIDE_1.14.1\STM32CubeIDE\plugins\com.st.stm32cube.common.mx_6.10.0.202311202037
2024-02-26 12:13:49,111 [INFO] PluginManage:196 - Search for loadable plugins [exclusion list=, ]
2024-02-26 12:13:49,112 [INFO] PluginManage:310 - Check plugin analytics
2024-02-26 12:13:49,315 [INFO] AnalyticsPlugin:253 - Accepted Software Licenses: STM32CubeMX.6.10.0
2024-02-26 12:13:49,315 [INFO] AnalyticsPlugin:255 - Accepted CMSIS Pack Licenses: 
2024-02-26 12:13:49,315 [INFO] AnalyticsPlugin:257 - Accepted Firmware Licenses: 
2024-02-26 12:13:49,318 [INFO] PluginManage:359 - Loaded plugin analytics (category:tool,tabindex:-1)
2024-02-26 12:13:49,318 [INFO] PluginManage:310 - Check plugin cadmodel
2024-02-26 12:13:49,336 [INFO] CADModel:105 - Init CAD model plugin
2024-02-26 12:13:49,337 [INFO] PluginManage:359 - Loaded plugin cadmodel (category:power,tabindex:5)
2024-02-26 12:13:49,337 [INFO] PluginManage:310 - Check plugin clock
2024-02-26 12:13:49,362 [INFO] PluginManage:359 - Loaded plugin clock (category:base,tabindex:2)
2024-02-26 12:13:49,362 [INFO] PluginManage:310 - Check plugin ddr
2024-02-26 12:13:49,364 [INFO] PluginManage:359 - Loaded plugin ddr (category:tool,tabindex:6)
2024-02-26 12:13:49,365 [INFO] PluginManage:310 - Check plugin filemanager
2024-02-26 12:13:49,493 [INFO] PluginManage:359 - Loaded plugin filemanager (category:base,tabindex:10)
2024-02-26 12:13:49,493 [INFO] PluginManage:310 - Check plugin ipmanager
2024-02-26 12:13:49,500 [INFO] PluginManage:359 - Loaded plugin ipmanager (category:base,tabindex:5)
2024-02-26 12:13:49,500 [INFO] PluginManage:310 - Check plugin lpbam
2024-02-26 12:13:49,520 [INFO] PluginManage:359 - Loaded plugin lpbam (category:base,tabindex:0)
2024-02-26 12:13:49,520 [INFO] PluginManage:310 - Check plugin memorymap
2024-02-26 12:13:49,547 [INFO] PluginManage:359 - Loaded plugin memorymap (category:base,tabindex:4)
2024-02-26 12:13:49,547 [INFO] PluginManage:310 - Check plugin pinoutandconfiguration
2024-02-26 12:13:49,567 [INFO] PluginManage:359 - Loaded plugin pinoutandconfiguration (category:base,tabindex:1)
2024-02-26 12:13:49,568 [INFO] PluginManage:310 - Check plugin pinoutconfig
2024-02-26 12:13:49,658 [WARN] SupportedApi:132 - Cannot load RTOS API schema: s4s-elt-must-match.1: The content of 'definitions' must match (annotation?, (simpleType | complexType)?, (unique | key | keyref)*)). A problem was found starting at: attribute.
2024-02-26 12:13:49,792 [INFO] PluginManage:359 - Loaded plugin pinoutconfig (category:base,tabindex:0)
2024-02-26 12:13:49,792 [INFO] PluginManage:310 - Check plugin power
2024-02-26 12:13:49,816 [INFO] PluginManage:359 - Loaded plugin power (category:power,tabindex:4)
2024-02-26 12:13:49,817 [INFO] PluginManage:310 - Check plugin projectmanager
2024-02-26 12:13:49,838 [INFO] PluginManage:359 - Loaded plugin projectmanager (category:projectmanager,tabindex:3)
2024-02-26 12:13:49,838 [INFO] PluginManage:310 - Check plugin thirdparty
2024-02-26 12:13:50,157 [INFO] PluginManage:359 - Loaded plugin thirdparty (category:base,tabindex:-1)
2024-02-26 12:13:50,157 [WARN] IntegrityCheckThread:84 - waiting for thirdparty lock release [integrity check]
2024-02-26 12:13:50,158 [INFO] PluginManage:310 - Check plugin tools
2024-02-26 12:13:50,158 [INFO] IntegrityCheckThread:86 - entering critical section [integrity check]
2024-02-26 12:13:50,158 [INFO] ThirdPartyUpdaterWithRetryManager:70 - Updater plugin not ready yet. [1/15]
2024-02-26 12:13:50,191 [INFO] PluginManage:359 - Loaded plugin tools (category:base,tabindex:7)
2024-02-26 12:13:50,191 [INFO] PluginManage:310 - Check plugin tutovideos
2024-02-26 12:13:50,394 [INFO] PluginManage:359 - Loaded plugin tutovideos (category:base,tabindex:-1)
2024-02-26 12:13:50,394 [INFO] PluginManage:310 - Check plugin updater
2024-02-26 12:13:50,406 [INFO] PluginManage:359 - Loaded plugin updater (category:base,tabindex:12)
2024-02-26 12:13:50,407 [INFO] PluginManage:310 - Check plugin userauth
2024-02-26 12:13:50,412 [INFO] UserAuth:114 - Init User Auth plugin
2024-02-26 12:13:50,413 [INFO] PluginManage:359 - Loaded plugin userauth (category:base,tabindex:14)
2024-02-26 12:13:50,413 [INFO] PluginManage:283 - PluginManage : Loaded plugins [17]
2024-02-26 12:13:50,639 [INFO] PinOutPanel:1499 - setPackage(No Configuration,No Configuration)
2024-02-26 12:13:50,707 [INFO] CADModel:165 - CPN selected for project level
2024-02-26 12:13:50,707 [INFO] CADModel:114 - Register for checkConnection events
2024-02-26 12:13:50,731 [INFO] IPUIPlugin:80 - create IPUIPlugin
2024-02-26 12:13:50,732 [INFO] PluginManager:220 - loadIPPluginJar : add adc
2024-02-26 12:13:50,762 [INFO] IPUIPlugin:80 - create IPUIPlugin
2024-02-26 12:13:50,763 [INFO] PluginManager:220 - loadIPPluginJar : add aes
2024-02-26 12:13:50,798 [INFO] IPUIPlugin:80 - create IPUIPlugin
2024-02-26 12:13:50,798 [INFO] PluginManager:220 - loadIPPluginJar : add can
2024-02-26 12:13:50,820 [INFO] IPUIPlugin:80 - create IPUIPlugin
2024-02-26 12:13:50,820 [INFO] PluginManager:220 - loadIPPluginJar : add comp
2024-02-26 12:13:50,851 [INFO] IPUIPlugin:80 - create IPUIPlugin
2024-02-26 12:13:50,851 [INFO] PluginManager:220 - loadIPPluginJar : add cryp
2024-02-26 12:13:50,879 [INFO] IPUIPlugin:80 - create IPUIPlugin
2024-02-26 12:13:50,879 [INFO] PluginManager:220 - loadIPPluginJar : add dfsdm
2024-02-26 12:13:50,896 [INFO] IPUIPlugin:80 - create IPUIPlugin
2024-02-26 12:13:50,897 [INFO] PluginManager:220 - loadIPPluginJar : add dma
2024-02-26 12:13:50,940 [INFO] IPUIPlugin:80 - create IPUIPlugin
2024-02-26 12:13:50,940 [INFO] PluginManager:220 - loadIPPluginJar : add dma3
2024-02-26 12:13:50,964 [INFO] IPUIPlugin:80 - create IPUIPlugin
2024-02-26 12:13:50,964 [INFO] PluginManager:220 - loadIPPluginJar : add fatfs
2024-02-26 12:13:51,010 [INFO] IPUIPlugin:80 - create IPUIPlugin
2024-02-26 12:13:51,011 [INFO] PluginManager:220 - loadIPPluginJar : add fmc
2024-02-26 12:13:51,026 [INFO] IPUIPlugin:80 - create IPUIPlugin
2024-02-26 12:13:51,026 [INFO] PluginManager:220 - loadIPPluginJar : add freertos
2024-02-26 12:13:51,045 [INFO] IPUIPlugin:80 - create IPUIPlugin
2024-02-26 12:13:51,046 [INFO] PluginManager:220 - loadIPPluginJar : add genericplugin
2024-02-26 12:13:51,122 [INFO] IPUIPlugin:80 - create IPUIPlugin
2024-02-26 12:13:51,122 [INFO] PluginManager:220 - loadIPPluginJar : add gfxmmu
2024-02-26 12:13:51,231 [INFO] IPUIPlugin:80 - create IPUIPlugin
2024-02-26 12:13:51,231 [INFO] PluginManager:220 - loadIPPluginJar : add gic
2024-02-26 12:13:51,243 [INFO] IPUIPlugin:80 - create IPUIPlugin
2024-02-26 12:13:51,244 [INFO] PluginManager:220 - loadIPPluginJar : add gpio
2024-02-26 12:13:51,332 [INFO] IPUIPlugin:80 - create IPUIPlugin
2024-02-26 12:13:51,332 [INFO] PluginManager:220 - loadIPPluginJar : add gtzc
2024-02-26 12:13:51,371 [INFO] IPUIPlugin:80 - create IPUIPlugin
2024-02-26 12:13:51,371 [INFO] PluginManager:220 - loadIPPluginJar : add hash
2024-02-26 12:13:51,426 [INFO] IPUIPlugin:80 - create IPUIPlugin
2024-02-26 12:13:51,426 [INFO] PluginManager:220 - loadIPPluginJar : add i2c
2024-02-26 12:13:51,459 [INFO] IPUIPlugin:80 - create IPUIPlugin
2024-02-26 12:13:51,459 [INFO] PluginManager:220 - loadIPPluginJar : add i2s
2024-02-26 12:13:51,493 [INFO] IPUIPlugin:80 - create IPUIPlugin
2024-02-26 12:13:51,494 [INFO] PluginManager:220 - loadIPPluginJar : add i3c
2024-02-26 12:13:51,585 [INFO] IPUIPlugin:80 - create IPUIPlugin
2024-02-26 12:13:51,585 [INFO] PluginManager:220 - loadIPPluginJar : add ipddr
2024-02-26 12:13:51,659 [INFO] IPUIPlugin:80 - create IPUIPlugin
2024-02-26 12:13:51,659 [INFO] PluginManager:220 - loadIPPluginJar : add linkedlist
2024-02-26 12:13:51,696 [INFO] IPUIPlugin:80 - create IPUIPlugin
2024-02-26 12:13:51,696 [INFO] PluginManager:220 - loadIPPluginJar : add lorawan
2024-02-26 12:13:51,734 [INFO] IPUIPlugin:80 - create IPUIPlugin
2024-02-26 12:13:51,734 [INFO] PluginManager:220 - loadIPPluginJar : add ltdc
2024-02-26 12:13:51,748 [INFO] IPUIPlugin:80 - create IPUIPlugin
2024-02-26 12:13:51,749 [INFO] PluginManager:220 - loadIPPluginJar : add mdma
2024-02-26 12:13:51,761 [INFO] IPUIPlugin:80 - create IPUIPlugin
2024-02-26 12:13:51,761 [INFO] PluginManager:220 - loadIPPluginJar : add nvic
2024-02-26 12:13:51,794 [INFO] IPUIPlugin:80 - create IPUIPlugin
2024-02-26 12:13:51,794 [INFO] PluginManager:220 - loadIPPluginJar : add opamp
2024-02-26 12:13:51,845 [INFO] IPUIPlugin:80 - create IPUIPlugin
2024-02-26 12:13:51,845 [INFO] PluginManager:220 - loadIPPluginJar : add openamp
2024-02-26 12:13:51,886 [INFO] IPUIPlugin:80 - create IPUIPlugin
2024-02-26 12:13:51,886 [INFO] PluginManager:220 - loadIPPluginJar : add pdm2pcm
2024-02-26 12:13:51,899 [INFO] IPUIPlugin:80 - create IPUIPlugin
2024-02-26 12:13:51,901 [INFO] PluginManager:220 - loadIPPluginJar : add plateformsettings
2024-02-26 12:13:51,923 [INFO] IPUIPlugin:80 - create IPUIPlugin
2024-02-26 12:13:51,923 [INFO] PluginManager:220 - loadIPPluginJar : add quadspi
2024-02-26 12:13:51,936 [INFO] IPUIPlugin:80 - create IPUIPlugin
2024-02-26 12:13:51,936 [INFO] PluginManager:220 - loadIPPluginJar : add resmgrutility
2024-02-26 12:13:51,979 [INFO] IPUIPlugin:80 - create IPUIPlugin
2024-02-26 12:13:51,979 [INFO] PluginManager:220 - loadIPPluginJar : add sai
2024-02-26 12:13:52,014 [INFO] IPUIPlugin:80 - create IPUIPlugin
2024-02-26 12:13:52,014 [INFO] PluginManager:220 - loadIPPluginJar : add spi
2024-02-26 12:13:52,080 [INFO] IPUIPlugin:80 - create IPUIPlugin
2024-02-26 12:13:52,080 [INFO] PluginManager:220 - loadIPPluginJar : add stm32_wpan
2024-02-26 12:13:52,100 [INFO] IPUIPlugin:80 - create IPUIPlugin
2024-02-26 12:13:52,100 [INFO] PluginManager:220 - loadIPPluginJar : add tim
2024-02-26 12:13:52,156 [INFO] IPUIPlugin:80 - create IPUIPlugin
2024-02-26 12:13:52,156 [INFO] PluginManager:220 - loadIPPluginJar : add touchsensing
2024-02-26 12:13:52,182 [INFO] IPUIPlugin:80 - create IPUIPlugin
2024-02-26 12:13:52,182 [INFO] PluginManager:220 - loadIPPluginJar : add tracer_emb
2024-02-26 12:13:52,202 [INFO] IPUIPlugin:80 - create IPUIPlugin
2024-02-26 12:13:52,202 [INFO] PluginManager:220 - loadIPPluginJar : add ts
2024-02-26 12:13:52,220 [INFO] IPUIPlugin:80 - create IPUIPlugin
2024-02-26 12:13:52,220 [INFO] PluginManager:220 - loadIPPluginJar : add tsc
2024-02-26 12:13:52,241 [INFO] IPUIPlugin:80 - create IPUIPlugin
2024-02-26 12:13:52,241 [INFO] PluginManager:220 - loadIPPluginJar : add ucpd
2024-02-26 12:13:52,280 [INFO] IPUIPlugin:80 - create IPUIPlugin
2024-02-26 12:13:52,280 [INFO] PluginManager:220 - loadIPPluginJar : add usart
2024-02-26 12:13:52,324 [INFO] IPUIPlugin:80 - create IPUIPlugin
2024-02-26 12:13:52,324 [INFO] PluginManager:220 - loadIPPluginJar : add usbx
2024-02-26 12:13:52,453 [INFO] CADModel:165 - CPN selected for project level
2024-02-26 12:13:52,453 [INFO] CADModel:114 - Register for checkConnection events
2024-02-26 12:13:52,453 [FATAL] Updater:308 - Updater called before beeing initialized
2024-02-26 12:13:52,453 [ERROR] CADModel:125 - Updater not yet initialized, retry later 
2024-02-26 12:13:52,673 [INFO] CADModel:165 - CPN selected for project level
2024-02-26 12:13:52,673 [INFO] CADModel:114 - Register for checkConnection events
2024-02-26 12:13:52,674 [FATAL] Updater:308 - Updater called before beeing initialized
2024-02-26 12:13:52,674 [ERROR] CADModel:125 - Updater not yet initialized, retry later 
2024-02-26 12:13:52,678 [FATAL] Updater:308 - Updater called before beeing initialized
2024-02-26 12:13:52,839 [FATAL] Updater:308 - Updater called before beeing initialized
2024-02-26 12:13:52,852 [INFO] DbMcusAds:53 - JSON generation date=Wed Nov 29 04:52:27 CST 2023 (1701255147349)
2024-02-26 12:13:52,852 [FATAL] Updater:308 - Updater called before beeing initialized
2024-02-26 12:13:52,951 [WARN] DetailPanel:346 - Failed to get advertising image, set to default
2024-02-26 12:13:53,056 [FATAL] Updater:308 - Updater called before beeing initialized
2024-02-26 12:13:53,058 [FATAL] Updater:308 - Updater called before beeing initialized
2024-02-26 12:13:53,058 [FATAL] Updater:308 - Updater called before beeing initialized
2024-02-26 12:13:53,058 [WARN] DetailPanel:346 - Failed to get advertising image, set to default
2024-02-26 12:13:53,059 [FATAL] Updater:308 - Updater called before beeing initialized
2024-02-26 12:13:53,141 [ERROR] Updater:1120 - MainUpdater not yet initialized. External WinMGr cannot be set.
2024-02-26 12:13:53,157 [INFO] Updater:1056 - Updater Version found : 6.10.0
2024-02-26 12:13:53,161 [INFO] ThirdPartyUpdaterWithRetryManager:70 - Updater plugin not ready yet. [2/15]
2024-02-26 12:13:53,183 [INFO] ApplicationProperties:184 - Using Application install path: C:\ST\STM32CubeIDE_1.14.1\STM32CubeIDE\plugins\com.st.stm32cube.common.mx_6.10.0.202311202037
2024-02-26 12:13:54,783 [ERROR] LogOutputStream:75 - [STDERR_REDIRECT] Feb 26, 2024 12:13:54 PM java.util.prefs.WindowsPreferences <init>
2024-02-26 12:13:54,785 [ERROR] LogOutputStream:75 - [STDERR_REDIRECT] WARNING: Could not open/create prefs root node Software\JavaSoft\Prefs at root 0xffffffff80000002. Windows RegCreateKeyEx(...) returned error code 5.
2024-02-26 12:13:54,785 [ERROR] LogOutputStream:75 - [STDERR_REDIRECT] 
2024-02-26 12:13:55,180 [INFO] MainUpdater:2873 - connection check result : 10
2024-02-26 12:13:55,181 [INFO] MainUpdater:3567 - Updater definition file requires update
2024-02-26 12:13:55,182 [INFO] MainUpdater:290 - Updater Check For Update Now.
2024-02-26 12:13:55,182 [INFO] MicroXplorer:498 - Change Database Version : DB.6.0.100
2024-02-26 12:13:55,210 [INFO] McuFinderGlobals:63 - Set McuFinder mode to 2 (CubeIDE integrated)
2024-02-26 12:13:55,210 [INFO] UserAuth:180 - activating auth plugin
2024-02-26 12:13:55,214 [INFO] UserAuth:404 - Internet connection configuration mode: 1
2024-02-26 12:13:55,241 [INFO] JxBrowserEngine:152 - Initiate JxBrowser Engine with user profile folder
2024-02-26 12:13:55,318 [INFO] ServerAccessManage:473 - Download File updaters.zip
2024-02-26 12:13:55,454 [INFO] FileExtend:240 - Unzip File : updaters.zip
2024-02-26 12:13:55,455 [INFO] FileExtend:255 - Standard Zip Deflate
2024-02-26 12:13:55,968 [INFO] ServerAccessManage:473 - Download File PacksControlFlags.xml
2024-02-26 12:13:56,161 [WARN] MainUpdater:1194 - Updater busy. Cannot search thirdparties
2024-02-26 12:13:56,162 [INFO] ThirdPartyUpdaterWithRetryManager:96 - Updater plugin is busy. [1/15]
2024-02-26 12:13:56,208 [INFO] ServerAccessManage:473 - Download File cubemx.pidx
2024-02-26 12:13:56,339 [INFO] LoadServerUpdatesThread:375 - End of LoadServerUpdate Thread
2024-02-26 12:13:56,532 [INFO] CheckServerUpdateThread:120 - End of CheckServer Thread
2024-02-26 12:13:59,161 [INFO] WebApp:161 - Instantiating new browser for Auth
2024-02-26 12:13:59,405 [WARN] PackLoader:240 - Cannot read IP mode file for STMicroelectronics.X-CUBE-SMBUS.2.1.0
2024-02-26 12:13:59,431 [WARN] PackLoader:240 - Cannot read IP mode file for STMicroelectronics.X-CUBE-TOUCHGFX.4.23.0
2024-02-26 12:13:59,480 [WARN] PackLoader:240 - Cannot read IP mode file for STMicroelectronics.X-CUBE-AZRTOS-F7.1.1.0
2024-02-26 12:13:59,506 [WARN] PackLoader:240 - Cannot read IP mode file for STMicroelectronics.FP-SNS-MOTENV1.4.3.2
2024-02-26 12:13:59,529 [WARN] PackLoader:240 - Cannot read IP mode file for STMicroelectronics.FP-SNS-FLIGHT1.5.0.2
2024-02-26 12:13:59,556 [WARN] PackLoader:240 - Cannot read IP mode file for STMicroelectronics.X-CUBE-DISPLAY.3.0.0
2024-02-26 12:13:59,590 [WARN] PackLoader:240 - Cannot read IP mode file for STMicroelectronics.X-CUBE-BLE1.7.0.0
2024-02-26 12:13:59,614 [WARN] PackLoader:240 - Cannot read IP mode file for emotas.I-CUBE-CANOPEN.1.3.0
2024-02-26 12:13:59,630 [WARN] PackLoader:240 - Cannot read IP mode file for STMicroelectronics.FP-SNS-SMARTAG2.1.2.0
2024-02-26 12:13:59,657 [INFO] LogOutputStream:77 - [STDOUT_REDIRECT] 1 : Invalid condition id : UX_CORESTACK_Condition cause : null
2024-02-26 12:13:59,657 [INFO] LogOutputStream:77 - [STDOUT_REDIRECT] 1 : Invalid condition id : UX_CORESTACK_Condition cause : null
2024-02-26 12:13:59,659 [INFO] LogOutputStream:77 - [STDOUT_REDIRECT] 1 : Invalid condition id : UX_CORESTACK_Condition cause : null
2024-02-26 12:13:59,660 [INFO] LogOutputStream:77 - [STDOUT_REDIRECT] 1 : Invalid condition id : UX_CORESTACK_Condition cause : null
2024-02-26 12:13:59,662 [INFO] LogOutputStream:77 - [STDOUT_REDIRECT] 1 : Invalid condition id : UX_CORESTACK_Condition cause : null
2024-02-26 12:13:59,668 [WARN] PackLoader:240 - Cannot read IP mode file for STMicroelectronics.X-CUBE-AZRTOS-WL.2.0.0
2024-02-26 12:13:59,685 [WARN] PackLoader:240 - Cannot read IP mode file for WES.I-CUBE-Cesium.1.3.0
2024-02-26 12:13:59,700 [WARN] PackLoader:240 - Cannot read IP mode file for STMicroelectronics.X-CUBE-BLE2.3.3.0
2024-02-26 12:13:59,715 [WARN] PackLoader:240 - Cannot read IP mode file for STMicroelectronics.X-CUBE-ALGOBUILD.1.3.0
2024-02-26 12:13:59,763 [WARN] PackLoader:240 - Cannot read IP mode file for STMicroelectronics.X-CUBE-AZRTOS-G0.1.1.0
2024-02-26 12:13:59,789 [WARN] PackLoader:240 - Cannot read IP mode file for STMicroelectronics.X-CUBE-NFC4.3.0.0
2024-02-26 12:13:59,823 [WARN] PackLoader:240 - Cannot read IP mode file for STMicroelectronics.X-CUBE-BLEMGR.3.0.0
2024-02-26 12:13:59,849 [WARN] PackLoader:240 - Cannot read IP mode file for STMicroelectronics.FP-ATR-SIGFOX1.3.2.0
2024-02-26 12:13:59,871 [WARN] PackLoader:240 - Cannot read IP mode file for STMicroelectronics.X-CUBE-EEPRMA1.5.1.0
2024-02-26 12:13:59,942 [WARN] PackLoader:240 - Cannot read IP mode file for SEGGER.I-CUBE-embOS.1.3.1
2024-02-26 12:14:00,029 [WARN] PackLoader:240 - Cannot read IP mode file for STMicroelectronics.X-CUBE-GNSS1.6.0.0
2024-02-26 12:14:00,057 [WARN] PackLoader:240 - Cannot read IP mode file for STMicroelectronics.X-CUBE-AZRTOS-F4.1.1.0
2024-02-26 12:14:00,074 [WARN] PackLoader:240 - Cannot read IP mode file for wolfSSL.I-CUBE-wolfSSL.5.6.6
2024-02-26 12:14:00,129 [WARN] PackLoader:240 - Cannot read IP mode file for STMicroelectronics.X-CUBE-AZRTOS-L5.2.0.0
2024-02-26 12:14:00,155 [WARN] PackLoader:240 - Cannot read IP mode file for STMicroelectronics.X-CUBE-EEPRMA1.4.2.0
2024-02-26 12:14:00,178 [WARN] PackLoader:240 - Cannot read IP mode file for ITTIA_DB.I-CUBE-ITTIADB.8.8.0
2024-02-26 12:14:00,191 [WARN] PackLoader:240 - Cannot read IP mode file for STMicroelectronics.X-CUBE-NFC7.1.0.1
2024-02-26 12:14:00,202 [INFO] WebApp:780 - Register for checkConnection events
2024-02-26 12:14:00,202 [INFO] WebApp:414 - Apply proxy settings
2024-02-26 12:14:00,203 [INFO] WebApp:499 - Chromium requires no authentication
2024-02-26 12:14:00,209 [WARN] PackLoader:240 - Cannot read IP mode file for STMicroelectronics.X-CUBE-NFC6.3.0.0
2024-02-26 12:14:00,214 [INFO] WebApp:442 - Direct internet connection detected
2024-02-26 12:14:00,226 [WARN] PackLoader:240 - Cannot read IP mode file for STMicroelectronics.X-CUBE-AI.8.1.0
2024-02-26 12:14:00,270 [WARN] ConditionMgr:438 - getConditionDescription Invalid condition id : LAN8742 Phy interface Condition cause : null
2024-02-26 12:14:00,271 [WARN] PackLoader:240 - Cannot read IP mode file for STMicroelectronics.X-CUBE-AZRTOS-L4.2.0.0
2024-02-26 12:14:00,273 [WARN] ConditionMgr:1039 - genDependencies : Invalid condition id : LAN8742 Phy interface Condition cause : null
2024-02-26 12:14:00,274 [WARN] ConditionMgr:1039 - genDependencies : Invalid condition id : LAN8742 Phy interface Condition cause : null
2024-02-26 12:14:00,275 [WARN] ConditionMgr:1039 - genDependencies : Invalid condition id : LAN8742 Phy interface Condition cause : null
2024-02-26 12:14:00,294 [WARN] PackLoader:240 - Cannot read IP mode file for STMicroelectronics.X-CUBE-SFXS2LP1.4.0.0
2024-02-26 12:14:00,326 [WARN] ConditionMgr:438 - getConditionDescription Invalid condition id : UX DEVICE CLASS RTOS Condition cause : null
2024-02-26 12:14:00,327 [WARN] ConditionMgr:438 - getConditionDescription Invalid condition id : UX DEVICE CLASS RTOS Condition cause : null
2024-02-26 12:14:00,332 [WARN] PackLoader:240 - Cannot read IP mode file for STMicroelectronics.X-CUBE-AZRTOS-WB.2.0.0
2024-02-26 12:14:00,333 [WARN] ConditionMgr:1039 - genDependencies : Invalid condition id : UX DEVICE CLASS RTOS Condition cause : null
2024-02-26 12:14:00,333 [WARN] ConditionMgr:1039 - genDependencies : Invalid condition id : UX DEVICE CLASS RTOS Condition cause : null
2024-02-26 12:14:00,335 [WARN] ConditionMgr:1039 - genDependencies : Invalid condition id : UX DEVICE CLASS RTOS Condition cause : null
2024-02-26 12:14:00,335 [WARN] ConditionMgr:1039 - genDependencies : Invalid condition id : UX DEVICE CLASS RTOS Condition cause : null
2024-02-26 12:14:00,335 [WARN] ConditionMgr:1039 - genDependencies : Invalid condition id : UX DEVICE CLASS RTOS Condition cause : null
2024-02-26 12:14:00,361 [WARN] PackLoader:240 - Cannot read IP mode file for STMicroelectronics.X-CUBE-SUBG2.5.0.0
2024-02-26 12:14:00,404 [WARN] PackLoader:240 - Cannot read IP mode file for STMicroelectronics.X-CUBE-AZRTOS-G4.2.0.0
2024-02-26 12:14:00,436 [WARN] PackLoader:240 - Cannot read IP mode file for Infineon.AIROC-Wi-Fi-Bluetooth-STM32.1.5.1
2024-02-26 12:14:00,456 [WARN] PackLoader:240 - Cannot read IP mode file for STMicroelectronics.FP-SNS-MOTENVWB1.1.3.1
2024-02-26 12:14:00,471 [WARN] PackLoader:240 - Cannot read IP mode file for STMicroelectronics.X-CUBE-ISPU.2.0.0
2024-02-26 12:14:00,573 [WARN] PackLoader:240 - Cannot read IP mode file for STMicroelectronics.X-CUBE-MEMS1.10.0.0
2024-02-26 12:14:00,595 [INFO] WebApp:192 - Starting web application
2024-02-26 12:14:00,595 [INFO] WebApp:544 - Web application path used C:\ST\STM32CubeIDE_1.14.1\STM32CubeIDE\plugins\com.st.stm32cube.common.mx_6.10.0.202311202037\db\plugins\mcufinder\reactClient1\index.html
2024-02-26 12:14:00,735 [WARN] PackLoader:240 - Cannot read IP mode file for STMicroelectronics.X-CUBE-FREERTOS.1.1.0
2024-02-26 12:14:00,753 [WARN] PackLoader:240 - Cannot read IP mode file for portGmbH.I-Cube-SoM-uGOAL.1.1.0
2024-02-26 12:14:00,768 [WARN] PackLoader:240 - Cannot read IP mode file for STMicroelectronics.X-CUBE-ALS.1.0.1
2024-02-26 12:14:00,784 [WARN] PackLoader:240 - Cannot read IP mode file for STMicroelectronics.FP-ATR-ASTRA1.2.0.0
2024-02-26 12:14:00,810 [WARN] PackLoader:240 - Cannot read IP mode file for STMicroelectronics.X-CUBE-TOF1.3.4.0
2024-02-26 12:14:00,858 [WARN] PackLoader:240 - Cannot read IP mode file for STMicroelectronics.X-CUBE-AZRTOS-H7.3.2.0
2024-02-26 12:14:00,861 [INFO] ThirdParty:978 - Integrity check success = true
2024-02-26 12:14:00,861 [INFO] IntegrityCheckThread:100 - exiting critical section [integrity check]
2024-02-26 12:14:00,862 [INFO] IntegrityCheckThread:103 - End integrity checks thread
2024-02-26 12:14:21,609 [ERROR] LogOutputStream:75 - [STDERR_REDIRECT] SLF4J: Failed to load class "org.slf4j.impl.StaticLoggerBinder".
2024-02-26 12:14:21,610 [ERROR] LogOutputStream:75 - [STDERR_REDIRECT] SLF4J: Defaulting to no-operation (NOP) logger implementation
2024-02-26 12:14:21,611 [ERROR] LogOutputStream:75 - [STDERR_REDIRECT] SLF4J: See http://www.slf4j.org/codes.html#StaticLoggerBinder for further details.
2024-02-26 14:25:37,823 [ERROR] LogOutputStream:75 - [STDERR_REDIRECT] 
2024-02-26 14:25:37,825 [ERROR] LogOutputStream:75 - [STDERR_REDIRECT] 
