2024-05-06 00:22:39,599 [ERROR] LogOutputStream:75 - [STDERR_REDIRECT] 
2024-05-06 07:56:26,918 [INFO] Activator:176 - 


2024-05-06 07:56:26,921 [INFO] Activator:177 - !SESSION log4j initialized
2024-05-06 07:56:32,783 [INFO] LogOutputStream:77 - [STDOUT_REDIRECT] 
2024-05-06 07:56:33,145 [ERROR] ConfigurationRetriever:142 - IOException on connection: sw-center.st.com
2024-05-06 07:56:33,145 [ERROR] ConfigurationRetriever:142 - IOException on connection: sw-center.st.com
2024-05-06 07:56:33,146 [ERROR] ConfigurationRetriever:142 - IOException on connection: sw-center.st.com
2024-05-06 07:56:33,151 [ERROR] ConfigurationRetriever:142 - IOException on connection: sw-center.st.com
2024-05-06 07:56:33,152 [ERROR] ConfigurationRetriever:142 - IOException on connection: sw-center.st.com
2024-05-06 07:56:33,153 [ERROR] ConfigurationRetriever:142 - IOException on connection: sw-center.st.com
2024-05-06 07:56:34,271 [INFO] ApplicationProperties:184 - Using Application install path: C:\ST\STM32CubeIDE_1.14.1\STM32CubeIDE\plugins\com.st.stm32cube.common.mx_6.10.0.202311202037
2024-05-06 07:56:34,293 [INFO] DbMcusXml:78 - Set database path to: C:\ST\STM32CubeIDE_1.14.1\STM32CubeIDE\plugins\com.st.stm32cube.common.mx_6.10.0.202311202037\\db\/mcu/
2024-05-06 07:56:34,293 [INFO] ApiDb:274 - Set plugin database path to: C:\ST\STM32CubeIDE_1.14.1\STM32CubeIDE\plugins\com.st.stm32cube.common.mx_6.10.0.202311202037\\db\/plugins/boardmanager/
2024-05-06 07:56:34,293 [WARN] ApiDb:259 - Overriding images path with different value:  => C:\ST\STM32CubeIDE_1.14.1\STM32CubeIDE\plugins\com.st.stm32cube.common.mx_6.10.0.202311202037\\db\/plugins/mcufinder/images/
2024-05-06 07:56:34,311 [INFO] ApiDb:250 - Set database path to: C:\Users\TuranyElijah\.stmcufinder\plugins\mcufinder//mcu/
2024-05-06 07:56:34,313 [INFO] DbMcusAds:125 - Set database path to: C:\Users\TuranyElijah\.stmcufinder\plugins\mcufinder//mcu/
2024-05-06 07:56:34,315 [INFO] CrossReferenceDbSqlite:203 - Set database path to: C:\Users\TuranyElijah\.stmcufinder\plugins\mcufinder//mcu/cs/
2024-05-06 07:56:34,445 [INFO] RulesReader:64 - Compatibility file has been processed (297 Rules)
2024-05-06 07:56:34,550 [INFO] DbMcusXml:78 - Set database path to: C:\ST\STM32CubeIDE_1.14.1\STM32CubeIDE\plugins\com.st.stm32cube.common.mx_6.10.0.202311202037\\db\/mcu/
2024-05-06 07:56:34,550 [INFO] ApiDb:274 - Set plugin database path to: C:\ST\STM32CubeIDE_1.14.1\STM32CubeIDE\plugins\com.st.stm32cube.common.mx_6.10.0.202311202037\\db\/plugins/boardmanager/
2024-05-06 07:56:34,550 [INFO] ApiDb:261 - Set plugin images path to: C:\ST\STM32CubeIDE_1.14.1\STM32CubeIDE\plugins\com.st.stm32cube.common.mx_6.10.0.202311202037\\db\/plugins/mcufinder/images/
2024-05-06 07:56:34,550 [WARN] DbFile:41 - Overriding database path with different value: C:\Users\TuranyElijah\.stmcufinder\plugins\mcufinder/ => C:\Users\TuranyElijah\.stmcufinder\plugins\mcufinder
2024-05-06 07:56:34,550 [INFO] ApiDb:250 - Set database path to: C:\Users\TuranyElijah\.stmcufinder\plugins\mcufinder//mcu/
2024-05-06 07:56:34,550 [WARN] DbFile:41 - Overriding database path with different value: C:\Users\TuranyElijah\.stmcufinder\plugins\mcufinder/ => C:\Users\TuranyElijah\.stmcufinder\plugins\mcufinder
2024-05-06 07:56:34,550 [INFO] DbMcusAds:125 - Set database path to: C:\Users\TuranyElijah\.stmcufinder\plugins\mcufinder//mcu/
2024-05-06 07:56:34,551 [WARN] DbFile:41 - Overriding database path with different value: C:\Users\TuranyElijah\.stmcufinder\plugins\mcufinder/ => C:\Users\TuranyElijah\.stmcufinder\plugins\mcufinder
2024-05-06 07:56:34,551 [WARN] DbFile:41 - Overriding database path with different value: C:\Users\TuranyElijah\.stmcufinder\plugins\mcufinder/ => C:\Users\TuranyElijah\.stmcufinder\plugins\mcufinder
2024-05-06 07:56:34,551 [INFO] CrossReferenceDbSqlite:203 - Set database path to: C:\Users\TuranyElijah\.stmcufinder\plugins\mcufinder//mcu/cs/
2024-05-06 07:56:34,645 [INFO] MainPanel:264 - HeapMemory: 268435456
2024-05-06 07:56:34,777 [INFO] DbMcusXml:78 - Set database path to: C:\ST\STM32CubeIDE_1.14.1\STM32CubeIDE\plugins\com.st.stm32cube.common.mx_6.10.0.202311202037\\db\/mcu/
2024-05-06 07:56:34,777 [INFO] ApiDb:274 - Set plugin database path to: C:\ST\STM32CubeIDE_1.14.1\STM32CubeIDE\plugins\com.st.stm32cube.common.mx_6.10.0.202311202037\\db\/plugins/boardmanager/
2024-05-06 07:56:34,778 [INFO] ApiDb:261 - Set plugin images path to: C:\ST\STM32CubeIDE_1.14.1\STM32CubeIDE\plugins\com.st.stm32cube.common.mx_6.10.0.202311202037\\db\/plugins/mcufinder/images/
2024-05-06 07:56:34,778 [WARN] DbFile:41 - Overriding database path with different value: C:\Users\TuranyElijah\.stmcufinder\plugins\mcufinder/ => C:\Users\TuranyElijah\.stmcufinder\plugins\mcufinder
2024-05-06 07:56:34,778 [INFO] ApiDb:250 - Set database path to: C:\Users\TuranyElijah\.stmcufinder\plugins\mcufinder//mcu/
2024-05-06 07:56:34,778 [WARN] DbFile:41 - Overriding database path with different value: C:\Users\TuranyElijah\.stmcufinder\plugins\mcufinder/ => C:\Users\TuranyElijah\.stmcufinder\plugins\mcufinder
2024-05-06 07:56:34,778 [INFO] DbMcusAds:125 - Set database path to: C:\Users\TuranyElijah\.stmcufinder\plugins\mcufinder//mcu/
2024-05-06 07:56:34,778 [WARN] DbFile:41 - Overriding database path with different value: C:\Users\TuranyElijah\.stmcufinder\plugins\mcufinder/ => C:\Users\TuranyElijah\.stmcufinder\plugins\mcufinder
2024-05-06 07:56:34,778 [WARN] DbFile:41 - Overriding database path with different value: C:\Users\TuranyElijah\.stmcufinder\plugins\mcufinder/ => C:\Users\TuranyElijah\.stmcufinder\plugins\mcufinder
2024-05-06 07:56:34,778 [INFO] CrossReferenceDbSqlite:203 - Set database path to: C:\Users\TuranyElijah\.stmcufinder\plugins\mcufinder//mcu/cs/
2024-05-06 07:56:34,802 [INFO] ApplicationProperties:184 - Using Application install path: C:\ST\STM32CubeIDE_1.14.1\STM32CubeIDE\plugins\com.st.stm32cube.common.mx_6.10.0.202311202037
2024-05-06 07:56:34,804 [INFO] PluginManage:196 - Search for loadable plugins [exclusion list=, ]
2024-05-06 07:56:34,805 [INFO] PluginManage:310 - Check plugin analytics
2024-05-06 07:56:35,024 [INFO] AnalyticsPlugin:253 - Accepted Software Licenses: STM32CubeMX.6.10.0
2024-05-06 07:56:35,024 [INFO] AnalyticsPlugin:255 - Accepted CMSIS Pack Licenses: 
2024-05-06 07:56:35,024 [INFO] AnalyticsPlugin:257 - Accepted Firmware Licenses: 
2024-05-06 07:56:35,028 [INFO] PluginManage:359 - Loaded plugin analytics (category:tool,tabindex:-1)
2024-05-06 07:56:35,028 [ERROR] ConfigurationRetriever:142 - IOException on connection: sw-center.st.com
2024-05-06 07:56:35,029 [ERROR] ConfigurationRetriever:142 - IOException on connection: sw-center.st.com
2024-05-06 07:56:35,029 [INFO] PluginManage:310 - Check plugin cadmodel
2024-05-06 07:56:35,029 [ERROR] ConfigurationRetriever:142 - IOException on connection: sw-center.st.com
2024-05-06 07:56:35,048 [INFO] CADModel:105 - Init CAD model plugin
2024-05-06 07:56:35,048 [INFO] PluginManage:359 - Loaded plugin cadmodel (category:power,tabindex:5)
2024-05-06 07:56:35,048 [INFO] PluginManage:310 - Check plugin clock
2024-05-06 07:56:35,073 [INFO] PluginManage:359 - Loaded plugin clock (category:base,tabindex:2)
2024-05-06 07:56:35,074 [INFO] PluginManage:310 - Check plugin ddr
2024-05-06 07:56:35,076 [INFO] PluginManage:359 - Loaded plugin ddr (category:tool,tabindex:6)
2024-05-06 07:56:35,076 [INFO] PluginManage:310 - Check plugin filemanager
2024-05-06 07:56:35,221 [INFO] PluginManage:359 - Loaded plugin filemanager (category:base,tabindex:10)
2024-05-06 07:56:35,221 [INFO] PluginManage:310 - Check plugin ipmanager
2024-05-06 07:56:35,229 [INFO] PluginManage:359 - Loaded plugin ipmanager (category:base,tabindex:5)
2024-05-06 07:56:35,229 [INFO] PluginManage:310 - Check plugin lpbam
2024-05-06 07:56:35,250 [INFO] PluginManage:359 - Loaded plugin lpbam (category:base,tabindex:0)
2024-05-06 07:56:35,250 [INFO] PluginManage:310 - Check plugin memorymap
2024-05-06 07:56:35,281 [INFO] PluginManage:359 - Loaded plugin memorymap (category:base,tabindex:4)
2024-05-06 07:56:35,281 [INFO] PluginManage:310 - Check plugin pinoutandconfiguration
2024-05-06 07:56:35,300 [INFO] PluginManage:359 - Loaded plugin pinoutandconfiguration (category:base,tabindex:1)
2024-05-06 07:56:35,301 [INFO] PluginManage:310 - Check plugin pinoutconfig
2024-05-06 07:56:35,425 [WARN] SupportedApi:132 - Cannot load RTOS API schema: s4s-elt-must-match.1: The content of 'definitions' must match (annotation?, (simpleType | complexType)?, (unique | key | keyref)*)). A problem was found starting at: attribute.
2024-05-06 07:56:35,609 [INFO] PluginManage:359 - Loaded plugin pinoutconfig (category:base,tabindex:0)
2024-05-06 07:56:35,610 [INFO] PluginManage:310 - Check plugin power
2024-05-06 07:56:35,634 [INFO] PluginManage:359 - Loaded plugin power (category:power,tabindex:4)
2024-05-06 07:56:35,634 [INFO] PluginManage:310 - Check plugin projectmanager
2024-05-06 07:56:35,654 [INFO] PluginManage:359 - Loaded plugin projectmanager (category:projectmanager,tabindex:3)
2024-05-06 07:56:35,654 [INFO] PluginManage:310 - Check plugin thirdparty
2024-05-06 07:56:35,965 [INFO] PluginManage:359 - Loaded plugin thirdparty (category:base,tabindex:-1)
2024-05-06 07:56:35,965 [WARN] IntegrityCheckThread:84 - waiting for thirdparty lock release [integrity check]
2024-05-06 07:56:35,966 [INFO] PluginManage:310 - Check plugin tools
2024-05-06 07:56:35,966 [INFO] IntegrityCheckThread:86 - entering critical section [integrity check]
2024-05-06 07:56:35,966 [INFO] ThirdPartyUpdaterWithRetryManager:70 - Updater plugin not ready yet. [1/15]
2024-05-06 07:56:36,007 [INFO] PluginManage:359 - Loaded plugin tools (category:base,tabindex:7)
2024-05-06 07:56:36,007 [INFO] PluginManage:310 - Check plugin tutovideos
2024-05-06 07:56:36,222 [INFO] PluginManage:359 - Loaded plugin tutovideos (category:base,tabindex:-1)
2024-05-06 07:56:36,223 [INFO] PluginManage:310 - Check plugin updater
2024-05-06 07:56:36,236 [INFO] PluginManage:359 - Loaded plugin updater (category:base,tabindex:12)
2024-05-06 07:56:36,236 [INFO] PluginManage:310 - Check plugin userauth
2024-05-06 07:56:36,243 [INFO] UserAuth:114 - Init User Auth plugin
2024-05-06 07:56:36,243 [INFO] PluginManage:359 - Loaded plugin userauth (category:base,tabindex:14)
2024-05-06 07:56:36,243 [INFO] PluginManage:283 - PluginManage : Loaded plugins [17]
2024-05-06 07:56:36,472 [INFO] PinOutPanel:1499 - setPackage(No Configuration,No Configuration)
2024-05-06 07:56:36,556 [INFO] CADModel:165 - CPN selected for project level
2024-05-06 07:56:36,556 [INFO] CADModel:114 - Register for checkConnection events
2024-05-06 07:56:36,587 [INFO] IPUIPlugin:80 - create IPUIPlugin
2024-05-06 07:56:36,587 [INFO] PluginManager:220 - loadIPPluginJar : add adc
2024-05-06 07:56:36,621 [INFO] IPUIPlugin:80 - create IPUIPlugin
2024-05-06 07:56:36,622 [INFO] PluginManager:220 - loadIPPluginJar : add aes
2024-05-06 07:56:36,665 [INFO] IPUIPlugin:80 - create IPUIPlugin
2024-05-06 07:56:36,665 [INFO] PluginManager:220 - loadIPPluginJar : add can
2024-05-06 07:56:36,687 [INFO] IPUIPlugin:80 - create IPUIPlugin
2024-05-06 07:56:36,687 [INFO] PluginManager:220 - loadIPPluginJar : add comp
2024-05-06 07:56:36,723 [INFO] IPUIPlugin:80 - create IPUIPlugin
2024-05-06 07:56:36,723 [INFO] PluginManager:220 - loadIPPluginJar : add cryp
2024-05-06 07:56:36,752 [INFO] IPUIPlugin:80 - create IPUIPlugin
2024-05-06 07:56:36,752 [INFO] PluginManager:220 - loadIPPluginJar : add dfsdm
2024-05-06 07:56:36,771 [INFO] IPUIPlugin:80 - create IPUIPlugin
2024-05-06 07:56:36,772 [INFO] PluginManager:220 - loadIPPluginJar : add dma
2024-05-06 07:56:36,821 [INFO] IPUIPlugin:80 - create IPUIPlugin
2024-05-06 07:56:36,821 [INFO] PluginManager:220 - loadIPPluginJar : add dma3
2024-05-06 07:56:36,843 [INFO] IPUIPlugin:80 - create IPUIPlugin
2024-05-06 07:56:36,843 [INFO] PluginManager:220 - loadIPPluginJar : add fatfs
2024-05-06 07:56:36,889 [INFO] IPUIPlugin:80 - create IPUIPlugin
2024-05-06 07:56:36,890 [INFO] PluginManager:220 - loadIPPluginJar : add fmc
2024-05-06 07:56:36,908 [INFO] IPUIPlugin:80 - create IPUIPlugin
2024-05-06 07:56:36,909 [INFO] PluginManager:220 - loadIPPluginJar : add freertos
2024-05-06 07:56:36,928 [INFO] IPUIPlugin:80 - create IPUIPlugin
2024-05-06 07:56:36,928 [INFO] PluginManager:220 - loadIPPluginJar : add genericplugin
2024-05-06 07:56:37,013 [INFO] IPUIPlugin:80 - create IPUIPlugin
2024-05-06 07:56:37,013 [INFO] PluginManager:220 - loadIPPluginJar : add gfxmmu
2024-05-06 07:56:37,135 [INFO] IPUIPlugin:80 - create IPUIPlugin
2024-05-06 07:56:37,135 [INFO] PluginManager:220 - loadIPPluginJar : add gic
2024-05-06 07:56:37,150 [INFO] IPUIPlugin:80 - create IPUIPlugin
2024-05-06 07:56:37,150 [INFO] PluginManager:220 - loadIPPluginJar : add gpio
2024-05-06 07:56:37,265 [INFO] IPUIPlugin:80 - create IPUIPlugin
2024-05-06 07:56:37,265 [INFO] PluginManager:220 - loadIPPluginJar : add gtzc
2024-05-06 07:56:37,308 [INFO] IPUIPlugin:80 - create IPUIPlugin
2024-05-06 07:56:37,308 [INFO] PluginManager:220 - loadIPPluginJar : add hash
2024-05-06 07:56:37,377 [INFO] IPUIPlugin:80 - create IPUIPlugin
2024-05-06 07:56:37,378 [INFO] PluginManager:220 - loadIPPluginJar : add i2c
2024-05-06 07:56:37,433 [INFO] IPUIPlugin:80 - create IPUIPlugin
2024-05-06 07:56:37,433 [INFO] PluginManager:220 - loadIPPluginJar : add i2s
2024-05-06 07:56:37,492 [INFO] IPUIPlugin:80 - create IPUIPlugin
2024-05-06 07:56:37,492 [INFO] PluginManager:220 - loadIPPluginJar : add i3c
2024-05-06 07:56:37,629 [INFO] IPUIPlugin:80 - create IPUIPlugin
2024-05-06 07:56:37,629 [INFO] PluginManager:220 - loadIPPluginJar : add ipddr
2024-05-06 07:56:37,743 [INFO] IPUIPlugin:80 - create IPUIPlugin
2024-05-06 07:56:37,743 [INFO] PluginManager:220 - loadIPPluginJar : add linkedlist
2024-05-06 07:56:37,795 [INFO] IPUIPlugin:80 - create IPUIPlugin
2024-05-06 07:56:37,795 [INFO] PluginManager:220 - loadIPPluginJar : add lorawan
2024-05-06 07:56:37,849 [INFO] IPUIPlugin:80 - create IPUIPlugin
2024-05-06 07:56:37,850 [INFO] PluginManager:220 - loadIPPluginJar : add ltdc
2024-05-06 07:56:37,873 [INFO] IPUIPlugin:80 - create IPUIPlugin
2024-05-06 07:56:37,873 [INFO] PluginManager:220 - loadIPPluginJar : add mdma
2024-05-06 07:56:37,890 [INFO] IPUIPlugin:80 - create IPUIPlugin
2024-05-06 07:56:37,890 [INFO] PluginManager:220 - loadIPPluginJar : add nvic
2024-05-06 07:56:37,937 [INFO] IPUIPlugin:80 - create IPUIPlugin
2024-05-06 07:56:37,937 [INFO] PluginManager:220 - loadIPPluginJar : add opamp
2024-05-06 07:56:38,008 [INFO] IPUIPlugin:80 - create IPUIPlugin
2024-05-06 07:56:38,008 [INFO] PluginManager:220 - loadIPPluginJar : add openamp
2024-05-06 07:56:38,060 [INFO] IPUIPlugin:80 - create IPUIPlugin
2024-05-06 07:56:38,060 [INFO] PluginManager:220 - loadIPPluginJar : add pdm2pcm
2024-05-06 07:56:38,077 [INFO] IPUIPlugin:80 - create IPUIPlugin
2024-05-06 07:56:38,080 [INFO] PluginManager:220 - loadIPPluginJar : add plateformsettings
2024-05-06 07:56:38,105 [INFO] IPUIPlugin:80 - create IPUIPlugin
2024-05-06 07:56:38,105 [INFO] PluginManager:220 - loadIPPluginJar : add quadspi
2024-05-06 07:56:38,120 [INFO] IPUIPlugin:80 - create IPUIPlugin
2024-05-06 07:56:38,120 [INFO] PluginManager:220 - loadIPPluginJar : add resmgrutility
2024-05-06 07:56:38,172 [INFO] IPUIPlugin:80 - create IPUIPlugin
2024-05-06 07:56:38,172 [INFO] PluginManager:220 - loadIPPluginJar : add sai
2024-05-06 07:56:38,209 [INFO] IPUIPlugin:80 - create IPUIPlugin
2024-05-06 07:56:38,209 [INFO] PluginManager:220 - loadIPPluginJar : add spi
2024-05-06 07:56:38,277 [INFO] IPUIPlugin:80 - create IPUIPlugin
2024-05-06 07:56:38,277 [INFO] PluginManager:220 - loadIPPluginJar : add stm32_wpan
2024-05-06 07:56:38,300 [INFO] IPUIPlugin:80 - create IPUIPlugin
2024-05-06 07:56:38,301 [INFO] PluginManager:220 - loadIPPluginJar : add tim
2024-05-06 07:56:38,354 [INFO] IPUIPlugin:80 - create IPUIPlugin
2024-05-06 07:56:38,355 [INFO] PluginManager:220 - loadIPPluginJar : add touchsensing
2024-05-06 07:56:38,379 [INFO] IPUIPlugin:80 - create IPUIPlugin
2024-05-06 07:56:38,379 [INFO] PluginManager:220 - loadIPPluginJar : add tracer_emb
2024-05-06 07:56:38,402 [INFO] IPUIPlugin:80 - create IPUIPlugin
2024-05-06 07:56:38,402 [INFO] PluginManager:220 - loadIPPluginJar : add ts
2024-05-06 07:56:38,424 [INFO] IPUIPlugin:80 - create IPUIPlugin
2024-05-06 07:56:38,424 [INFO] PluginManager:220 - loadIPPluginJar : add tsc
2024-05-06 07:56:38,445 [INFO] IPUIPlugin:80 - create IPUIPlugin
2024-05-06 07:56:38,445 [INFO] PluginManager:220 - loadIPPluginJar : add ucpd
2024-05-06 07:56:38,486 [INFO] IPUIPlugin:80 - create IPUIPlugin
2024-05-06 07:56:38,486 [INFO] PluginManager:220 - loadIPPluginJar : add usart
2024-05-06 07:56:38,525 [INFO] IPUIPlugin:80 - create IPUIPlugin
2024-05-06 07:56:38,526 [INFO] PluginManager:220 - loadIPPluginJar : add usbx
2024-05-06 07:56:38,657 [INFO] CADModel:165 - CPN selected for project level
2024-05-06 07:56:38,657 [INFO] CADModel:114 - Register for checkConnection events
2024-05-06 07:56:38,657 [FATAL] Updater:308 - Updater called before beeing initialized
2024-05-06 07:56:38,657 [ERROR] CADModel:125 - Updater not yet initialized, retry later 
2024-05-06 07:56:38,828 [INFO] CADModel:165 - CPN selected for project level
2024-05-06 07:56:38,828 [INFO] CADModel:114 - Register for checkConnection events
2024-05-06 07:56:38,828 [FATAL] Updater:308 - Updater called before beeing initialized
2024-05-06 07:56:38,828 [ERROR] CADModel:125 - Updater not yet initialized, retry later 
2024-05-06 07:56:38,831 [FATAL] Updater:308 - Updater called before beeing initialized
2024-05-06 07:56:38,943 [FATAL] Updater:308 - Updater called before beeing initialized
2024-05-06 07:56:38,954 [INFO] DbMcusAds:53 - JSON generation date=Wed Nov 29 04:52:27 CST 2023 (1701255147349)
2024-05-06 07:56:38,954 [FATAL] Updater:308 - Updater called before beeing initialized
2024-05-06 07:56:38,969 [INFO] ThirdPartyUpdaterWithRetryManager:70 - Updater plugin not ready yet. [2/15]
2024-05-06 07:56:39,040 [WARN] DetailPanel:346 - Failed to get advertising image, set to default
2024-05-06 07:56:39,149 [FATAL] Updater:308 - Updater called before beeing initialized
2024-05-06 07:56:39,152 [FATAL] Updater:308 - Updater called before beeing initialized
2024-05-06 07:56:39,152 [FATAL] Updater:308 - Updater called before beeing initialized
2024-05-06 07:56:39,152 [WARN] DetailPanel:346 - Failed to get advertising image, set to default
2024-05-06 07:56:39,153 [FATAL] Updater:308 - Updater called before beeing initialized
2024-05-06 07:56:39,254 [ERROR] Updater:1120 - MainUpdater not yet initialized. External WinMGr cannot be set.
2024-05-06 07:56:39,265 [INFO] Updater:1056 - Updater Version found : 6.10.0
2024-05-06 07:56:39,282 [INFO] ApplicationProperties:184 - Using Application install path: C:\ST\STM32CubeIDE_1.14.1\STM32CubeIDE\plugins\com.st.stm32cube.common.mx_6.10.0.202311202037
2024-05-06 07:56:40,866 [ERROR] LogOutputStream:75 - [STDERR_REDIRECT] May 06, 2024 7:56:40 AM java.util.prefs.WindowsPreferences <init>
2024-05-06 07:56:40,867 [ERROR] LogOutputStream:75 - [STDERR_REDIRECT] WARNING: Could not open/create prefs root node Software\JavaSoft\Prefs at root 0xffffffff80000002. Windows RegCreateKeyEx(...) returned error code 5.
2024-05-06 07:56:40,868 [ERROR] LogOutputStream:75 - [STDERR_REDIRECT] 
2024-05-06 07:56:41,105 [INFO] MainUpdater:2873 - connection check result : 22
2024-05-06 07:56:41,106 [INFO] MainUpdater:290 - Updater Check For Update Now.
2024-05-06 07:56:41,106 [INFO] MicroXplorer:498 - Change Database Version : DB.6.0.100
2024-05-06 07:56:41,127 [INFO] McuFinderGlobals:63 - Set McuFinder mode to 2 (CubeIDE integrated)
2024-05-06 07:56:41,128 [INFO] UserAuth:180 - activating auth plugin
2024-05-06 07:56:41,132 [INFO] UserAuth:404 - Internet connection configuration mode: 2
2024-05-06 07:56:41,153 [INFO] UserAuth:404 - Internet connection configuration mode: 2
2024-05-06 07:56:41,317 [INFO] CheckServerUpdateThread:120 - End of CheckServer Thread
2024-05-06 07:56:42,187 [WARN] PackLoader:240 - Cannot read IP mode file for STMicroelectronics.FP-SNS-MOTENVWB1.1.4.0
2024-05-06 07:56:42,207 [WARN] PackLoader:240 - Cannot read IP mode file for STMicroelectronics.X-CUBE-SMBUS.2.1.0
2024-05-06 07:56:42,227 [WARN] PackLoader:240 - Cannot read IP mode file for STMicroelectronics.X-CUBE-TOUCHGFX.4.23.1
2024-05-06 07:56:42,241 [WARN] PackLoader:240 - Cannot read IP mode file for STMicroelectronics.X-CUBE-TOUCHGFX.4.23.0
2024-05-06 07:56:42,255 [WARN] PackLoader:240 - Cannot read IP mode file for STMicroelectronics.X-CUBE-TOUCHGFX.4.23.2
2024-05-06 07:56:42,305 [WARN] PackLoader:240 - Cannot read IP mode file for STMicroelectronics.X-CUBE-AZRTOS-F7.1.1.0
2024-05-06 07:56:42,328 [WARN] PackLoader:240 - Cannot read IP mode file for STMicroelectronics.FP-SNS-MOTENV1.4.3.2
2024-05-06 07:56:42,348 [WARN] PackLoader:240 - Cannot read IP mode file for STMicroelectronics.FP-SNS-FLIGHT1.5.0.2
2024-05-06 07:56:42,369 [WARN] PackLoader:240 - Cannot read IP mode file for STMicroelectronics.X-CUBE-DISPLAY.3.0.0
2024-05-06 07:56:42,398 [WARN] PackLoader:240 - Cannot read IP mode file for STMicroelectronics.X-CUBE-BLE1.7.0.0
2024-05-06 07:56:42,416 [WARN] PackLoader:240 - Cannot read IP mode file for emotas.I-CUBE-CANOPEN.1.3.0
2024-05-06 07:56:42,440 [WARN] PackLoader:240 - Cannot read IP mode file for STMicroelectronics.X-CUBE-BLEMGR.3.1.0
2024-05-06 07:56:42,464 [WARN] PackLoader:240 - Cannot read IP mode file for STMicroelectronics.FP-SNS-SMARTAG2.1.2.0
2024-05-06 07:56:42,492 [INFO] LogOutputStream:77 - [STDOUT_REDIRECT] 1 : Invalid condition id : UX_CORESTACK_Condition cause : null
2024-05-06 07:56:42,493 [INFO] LogOutputStream:77 - [STDOUT_REDIRECT] 1 : Invalid condition id : UX_CORESTACK_Condition cause : null
2024-05-06 07:56:42,495 [INFO] LogOutputStream:77 - [STDOUT_REDIRECT] 1 : Invalid condition id : UX_CORESTACK_Condition cause : null
2024-05-06 07:56:42,496 [INFO] LogOutputStream:77 - [STDOUT_REDIRECT] 1 : Invalid condition id : UX_CORESTACK_Condition cause : null
2024-05-06 07:56:42,498 [INFO] LogOutputStream:77 - [STDOUT_REDIRECT] 1 : Invalid condition id : UX_CORESTACK_Condition cause : null
2024-05-06 07:56:42,501 [WARN] PackLoader:240 - Cannot read IP mode file for STMicroelectronics.X-CUBE-AZRTOS-WL.2.0.0
2024-05-06 07:56:42,520 [WARN] PackLoader:240 - Cannot read IP mode file for STMicroelectronics.FP-SNS-MOTENV1.5.0.0
2024-05-06 07:56:42,545 [WARN] PackLoader:240 - Cannot read IP mode file for WES.I-CUBE-Cesium.1.3.0
2024-05-06 07:56:42,562 [WARN] PackLoader:240 - Cannot read IP mode file for STMicroelectronics.X-CUBE-BLE2.3.3.0
2024-05-06 07:56:42,579 [WARN] PackLoader:240 - Cannot read IP mode file for STMicroelectronics.X-CUBE-TCPP.4.1.0
2024-05-06 07:56:42,599 [WARN] PackLoader:240 - Cannot read IP mode file for STMicroelectronics.X-CUBE-ALGOBUILD.1.3.0
2024-05-06 07:56:42,630 [WARN] PackLoader:240 - Cannot read IP mode file for STMicroelectronics.X-CUBE-AZRTOS-G0.1.1.0
2024-05-06 07:56:42,650 [WARN] PackLoader:240 - Cannot read IP mode file for STMicroelectronics.X-CUBE-SAFEA1.1.2.2
2024-05-06 07:56:42,675 [WARN] PackLoader:240 - Cannot read IP mode file for STMicroelectronics.X-CUBE-NFC4.3.0.0
2024-05-06 07:56:42,695 [WARN] PackLoader:240 - Cannot read IP mode file for STMicroelectronics.X-CUBE-BLEMGR.3.0.0
2024-05-06 07:56:42,713 [WARN] PackLoader:240 - Cannot read IP mode file for STMicroelectronics.FP-ATR-SIGFOX1.3.2.0
2024-05-06 07:56:42,745 [WARN] PackLoader:240 - Cannot read IP mode file for STMicroelectronics.X-CUBE-EEPRMA1.5.1.0
2024-05-06 07:56:42,786 [WARN] PackLoader:240 - Cannot read IP mode file for SEGGER.I-CUBE-embOS.1.3.1
2024-05-06 07:56:42,831 [WARN] PackLoader:240 - Cannot read IP mode file for STMicroelectronics.X-CUBE-GNSS1.6.0.0
2024-05-06 07:56:42,862 [WARN] PackLoader:240 - Cannot read IP mode file for STMicroelectronics.X-CUBE-AZRTOS-F4.1.1.0
2024-05-06 07:56:42,882 [WARN] PackLoader:240 - Cannot read IP mode file for STMicroelectronics.X-CUBE-FREERTOS.1.2.0
2024-05-06 07:56:42,899 [WARN] PackLoader:240 - Cannot read IP mode file for wolfSSL.I-CUBE-wolfSSL.5.6.6
2024-05-06 07:56:42,929 [WARN] PackLoader:240 - Cannot read IP mode file for STMicroelectronics.X-CUBE-AZRTOS-L5.2.0.0
2024-05-06 07:56:42,948 [WARN] PackLoader:240 - Cannot read IP mode file for STMicroelectronics.X-CUBE-EEPRMA1.4.2.0
2024-05-06 07:56:42,967 [WARN] PackLoader:240 - Cannot read IP mode file for STMicroelectronics.X-CUBE-NFC6.3.1.0
2024-05-06 07:56:42,985 [WARN] PackLoader:240 - Cannot read IP mode file for ITTIA_DB.I-CUBE-ITTIADB.8.8.0
2024-05-06 07:56:43,003 [WARN] PackLoader:240 - Cannot read IP mode file for STMicroelectronics.X-CUBE-AI.9.0.0
2024-05-06 07:56:43,020 [WARN] PackLoader:240 - Cannot read IP mode file for STMicroelectronics.X-CUBE-NFC7.1.0.1
2024-05-06 07:56:43,039 [WARN] PackLoader:240 - Cannot read IP mode file for STMicroelectronics.X-CUBE-NFC6.3.0.0
2024-05-06 07:56:43,057 [WARN] PackLoader:240 - Cannot read IP mode file for STMicroelectronics.X-CUBE-AI.8.1.0
2024-05-06 07:56:43,089 [WARN] ConditionMgr:438 - getConditionDescription Invalid condition id : LAN8742 Phy interface Condition cause : null
2024-05-06 07:56:43,090 [WARN] PackLoader:240 - Cannot read IP mode file for STMicroelectronics.X-CUBE-AZRTOS-L4.2.0.0
2024-05-06 07:56:43,092 [WARN] ConditionMgr:1039 - genDependencies : Invalid condition id : LAN8742 Phy interface Condition cause : null
2024-05-06 07:56:43,092 [WARN] ConditionMgr:1039 - genDependencies : Invalid condition id : LAN8742 Phy interface Condition cause : null
2024-05-06 07:56:43,092 [WARN] ConditionMgr:1039 - genDependencies : Invalid condition id : LAN8742 Phy interface Condition cause : null
2024-05-06 07:56:43,111 [WARN] PackLoader:240 - Cannot read IP mode file for STMicroelectronics.X-CUBE-SFXS2LP1.4.0.0
2024-05-06 07:56:43,139 [WARN] ConditionMgr:438 - getConditionDescription Invalid condition id : UX DEVICE CLASS RTOS Condition cause : null
2024-05-06 07:56:43,139 [WARN] ConditionMgr:438 - getConditionDescription Invalid condition id : UX DEVICE CLASS RTOS Condition cause : null
2024-05-06 07:56:43,141 [WARN] PackLoader:240 - Cannot read IP mode file for STMicroelectronics.X-CUBE-AZRTOS-WB.2.0.0
2024-05-06 07:56:43,145 [WARN] ConditionMgr:1039 - genDependencies : Invalid condition id : UX DEVICE CLASS RTOS Condition cause : null
2024-05-06 07:56:43,146 [WARN] ConditionMgr:1039 - genDependencies : Invalid condition id : UX DEVICE CLASS RTOS Condition cause : null
2024-05-06 07:56:43,146 [WARN] ConditionMgr:1039 - genDependencies : Invalid condition id : UX DEVICE CLASS RTOS Condition cause : null
2024-05-06 07:56:43,146 [WARN] ConditionMgr:1039 - genDependencies : Invalid condition id : UX DEVICE CLASS RTOS Condition cause : null
2024-05-06 07:56:43,146 [WARN] ConditionMgr:1039 - genDependencies : Invalid condition id : UX DEVICE CLASS RTOS Condition cause : null
2024-05-06 07:56:43,173 [WARN] PackLoader:240 - Cannot read IP mode file for STMicroelectronics.X-CUBE-SUBG2.5.0.0
2024-05-06 07:56:43,207 [WARN] PackLoader:240 - Cannot read IP mode file for STMicroelectronics.X-CUBE-AZRTOS-G4.2.0.0
2024-05-06 07:56:43,247 [WARN] PackLoader:240 - Cannot read IP mode file for Infineon.AIROC-Wi-Fi-Bluetooth-STM32.1.5.1
2024-05-06 07:56:43,270 [WARN] PackLoader:240 - Cannot read IP mode file for STMicroelectronics.FP-SNS-MOTENVWB1.1.3.1
2024-05-06 07:56:43,287 [WARN] PackLoader:240 - Cannot read IP mode file for STMicroelectronics.X-CUBE-ISPU.2.0.0
2024-05-06 07:56:43,334 [WARN] PackLoader:240 - Cannot read IP mode file for STMicroelectronics.X-CUBE-MEMS1.10.0.0
2024-05-06 07:56:43,440 [WARN] PackLoader:240 - Cannot read IP mode file for STMicroelectronics.X-CUBE-FREERTOS.1.1.0
2024-05-06 07:56:43,460 [WARN] PackLoader:240 - Cannot read IP mode file for portGmbH.I-Cube-SoM-uGOAL.1.1.0
2024-05-06 07:56:43,478 [WARN] PackLoader:240 - Cannot read IP mode file for STMicroelectronics.X-CUBE-ALS.1.0.1
2024-05-06 07:56:43,509 [WARN] PackLoader:240 - Cannot read IP mode file for STMicroelectronics.X-CUBE-AZRTOS-H7RS.1.0.0
2024-05-06 07:56:43,526 [WARN] PackLoader:240 - Cannot read IP mode file for STMicroelectronics.FP-ATR-ASTRA1.2.0.0
2024-05-06 07:56:43,549 [WARN] PackLoader:240 - Cannot read IP mode file for STMicroelectronics.X-CUBE-TOF1.3.4.0
2024-05-06 07:56:43,583 [WARN] PackLoader:240 - Cannot read IP mode file for STMicroelectronics.X-CUBE-TOF1.3.4.1
2024-05-06 07:56:43,617 [WARN] PackLoader:240 - Cannot read IP mode file for STMicroelectronics.X-CUBE-AZRTOS-H7.3.2.0
2024-05-06 07:56:43,621 [INFO] ThirdParty:978 - Integrity check success = true
2024-05-06 07:56:43,621 [INFO] IntegrityCheckThread:100 - exiting critical section [integrity check]
2024-05-06 07:56:43,621 [INFO] IntegrityCheckThread:103 - End integrity checks thread
2024-05-06 07:57:02,044 [ERROR] LogOutputStream:75 - [STDERR_REDIRECT] SLF4J: Failed to load class "org.slf4j.impl.StaticLoggerBinder".
2024-05-06 07:57:02,045 [ERROR] LogOutputStream:75 - [STDERR_REDIRECT] SLF4J: Defaulting to no-operation (NOP) logger implementation
2024-05-06 07:57:02,046 [ERROR] LogOutputStream:75 - [STDERR_REDIRECT] SLF4J: See http://www.slf4j.org/codes.html#StaticLoggerBinder for further details.
2024-05-06 07:59:00,315 [ERROR] ConfigurationRetriever:142 - IOException on connection: sw-center.st.com
2024-05-06 07:59:00,316 [ERROR] ConfigurationRetriever:142 - IOException on connection: sw-center.st.com
2024-05-06 07:59:00,316 [ERROR] ConfigurationRetriever:142 - IOException on connection: sw-center.st.com
2024-05-06 07:59:18,933 [ERROR] ConfigurationRetriever:142 - IOException on connection: sw-center.st.com
2024-05-06 07:59:18,934 [ERROR] ConfigurationRetriever:142 - IOException on connection: sw-center.st.com
2024-05-06 07:59:18,936 [ERROR] ConfigurationRetriever:142 - IOException on connection: sw-center.st.com
2024-05-06 08:32:02,040 [ERROR] LogOutputStream:75 - [STDERR_REDIRECT] 
2024-05-06 08:34:04,971 [INFO] Activator:176 - 


2024-05-06 08:34:04,977 [INFO] Activator:177 - !SESSION log4j initialized
2024-05-06 08:34:21,323 [INFO] LogOutputStream:77 - [STDOUT_REDIRECT] 
2024-05-06 08:34:22,993 [INFO] ApplicationProperties:184 - Using Application install path: C:\ST\STM32CubeIDE_1.14.1\STM32CubeIDE\plugins\com.st.stm32cube.common.mx_6.10.0.202311202037
2024-05-06 08:34:23,016 [INFO] DbMcusXml:78 - Set database path to: C:\ST\STM32CubeIDE_1.14.1\STM32CubeIDE\plugins\com.st.stm32cube.common.mx_6.10.0.202311202037\\db\/mcu/
2024-05-06 08:34:23,017 [INFO] ApiDb:274 - Set plugin database path to: C:\ST\STM32CubeIDE_1.14.1\STM32CubeIDE\plugins\com.st.stm32cube.common.mx_6.10.0.202311202037\\db\/plugins/boardmanager/
2024-05-06 08:34:23,017 [WARN] ApiDb:259 - Overriding images path with different value:  => C:\ST\STM32CubeIDE_1.14.1\STM32CubeIDE\plugins\com.st.stm32cube.common.mx_6.10.0.202311202037\\db\/plugins/mcufinder/images/
2024-05-06 08:34:23,034 [INFO] ApiDb:250 - Set database path to: C:\Users\TuranyElijah\.stmcufinder\plugins\mcufinder//mcu/
2024-05-06 08:34:23,035 [INFO] DbMcusAds:125 - Set database path to: C:\Users\TuranyElijah\.stmcufinder\plugins\mcufinder//mcu/
2024-05-06 08:34:23,037 [INFO] CrossReferenceDbSqlite:203 - Set database path to: C:\Users\TuranyElijah\.stmcufinder\plugins\mcufinder//mcu/cs/
2024-05-06 08:34:23,164 [INFO] RulesReader:64 - Compatibility file has been processed (297 Rules)
2024-05-06 08:34:23,263 [INFO] DbMcusXml:78 - Set database path to: C:\ST\STM32CubeIDE_1.14.1\STM32CubeIDE\plugins\com.st.stm32cube.common.mx_6.10.0.202311202037\\db\/mcu/
2024-05-06 08:34:23,264 [INFO] ApiDb:274 - Set plugin database path to: C:\ST\STM32CubeIDE_1.14.1\STM32CubeIDE\plugins\com.st.stm32cube.common.mx_6.10.0.202311202037\\db\/plugins/boardmanager/
2024-05-06 08:34:23,264 [INFO] ApiDb:261 - Set plugin images path to: C:\ST\STM32CubeIDE_1.14.1\STM32CubeIDE\plugins\com.st.stm32cube.common.mx_6.10.0.202311202037\\db\/plugins/mcufinder/images/
2024-05-06 08:34:23,264 [WARN] DbFile:41 - Overriding database path with different value: C:\Users\TuranyElijah\.stmcufinder\plugins\mcufinder/ => C:\Users\TuranyElijah\.stmcufinder\plugins\mcufinder
2024-05-06 08:34:23,264 [INFO] ApiDb:250 - Set database path to: C:\Users\TuranyElijah\.stmcufinder\plugins\mcufinder//mcu/
2024-05-06 08:34:23,264 [WARN] DbFile:41 - Overriding database path with different value: C:\Users\TuranyElijah\.stmcufinder\plugins\mcufinder/ => C:\Users\TuranyElijah\.stmcufinder\plugins\mcufinder
2024-05-06 08:34:23,264 [INFO] DbMcusAds:125 - Set database path to: C:\Users\TuranyElijah\.stmcufinder\plugins\mcufinder//mcu/
2024-05-06 08:34:23,265 [WARN] DbFile:41 - Overriding database path with different value: C:\Users\TuranyElijah\.stmcufinder\plugins\mcufinder/ => C:\Users\TuranyElijah\.stmcufinder\plugins\mcufinder
2024-05-06 08:34:23,265 [WARN] DbFile:41 - Overriding database path with different value: C:\Users\TuranyElijah\.stmcufinder\plugins\mcufinder/ => C:\Users\TuranyElijah\.stmcufinder\plugins\mcufinder
2024-05-06 08:34:23,265 [INFO] CrossReferenceDbSqlite:203 - Set database path to: C:\Users\TuranyElijah\.stmcufinder\plugins\mcufinder//mcu/cs/
2024-05-06 08:34:23,355 [INFO] MainPanel:264 - HeapMemory: 268435456
2024-05-06 08:34:23,465 [INFO] DbMcusXml:78 - Set database path to: C:\ST\STM32CubeIDE_1.14.1\STM32CubeIDE\plugins\com.st.stm32cube.common.mx_6.10.0.202311202037\\db\/mcu/
2024-05-06 08:34:23,465 [INFO] ApiDb:274 - Set plugin database path to: C:\ST\STM32CubeIDE_1.14.1\STM32CubeIDE\plugins\com.st.stm32cube.common.mx_6.10.0.202311202037\\db\/plugins/boardmanager/
2024-05-06 08:34:23,465 [INFO] ApiDb:261 - Set plugin images path to: C:\ST\STM32CubeIDE_1.14.1\STM32CubeIDE\plugins\com.st.stm32cube.common.mx_6.10.0.202311202037\\db\/plugins/mcufinder/images/
2024-05-06 08:34:23,466 [WARN] DbFile:41 - Overriding database path with different value: C:\Users\TuranyElijah\.stmcufinder\plugins\mcufinder/ => C:\Users\TuranyElijah\.stmcufinder\plugins\mcufinder
2024-05-06 08:34:23,466 [INFO] ApiDb:250 - Set database path to: C:\Users\TuranyElijah\.stmcufinder\plugins\mcufinder//mcu/
2024-05-06 08:34:23,466 [WARN] DbFile:41 - Overriding database path with different value: C:\Users\TuranyElijah\.stmcufinder\plugins\mcufinder/ => C:\Users\TuranyElijah\.stmcufinder\plugins\mcufinder
2024-05-06 08:34:23,466 [INFO] DbMcusAds:125 - Set database path to: C:\Users\TuranyElijah\.stmcufinder\plugins\mcufinder//mcu/
2024-05-06 08:34:23,466 [WARN] DbFile:41 - Overriding database path with different value: C:\Users\TuranyElijah\.stmcufinder\plugins\mcufinder/ => C:\Users\TuranyElijah\.stmcufinder\plugins\mcufinder
2024-05-06 08:34:23,466 [WARN] DbFile:41 - Overriding database path with different value: C:\Users\TuranyElijah\.stmcufinder\plugins\mcufinder/ => C:\Users\TuranyElijah\.stmcufinder\plugins\mcufinder
2024-05-06 08:34:23,466 [INFO] CrossReferenceDbSqlite:203 - Set database path to: C:\Users\TuranyElijah\.stmcufinder\plugins\mcufinder//mcu/cs/
2024-05-06 08:34:23,494 [INFO] ApplicationProperties:184 - Using Application install path: C:\ST\STM32CubeIDE_1.14.1\STM32CubeIDE\plugins\com.st.stm32cube.common.mx_6.10.0.202311202037
2024-05-06 08:34:23,495 [INFO] PluginManage:196 - Search for loadable plugins [exclusion list=, ]
2024-05-06 08:34:23,496 [INFO] PluginManage:310 - Check plugin analytics
2024-05-06 08:34:23,708 [INFO] AnalyticsPlugin:253 - Accepted Software Licenses: STM32CubeMX.6.10.0
2024-05-06 08:34:23,709 [INFO] AnalyticsPlugin:255 - Accepted CMSIS Pack Licenses: 
2024-05-06 08:34:23,709 [INFO] AnalyticsPlugin:257 - Accepted Firmware Licenses: 
2024-05-06 08:34:23,712 [INFO] PluginManage:359 - Loaded plugin analytics (category:tool,tabindex:-1)
2024-05-06 08:34:23,712 [INFO] PluginManage:310 - Check plugin cadmodel
2024-05-06 08:34:23,727 [INFO] CADModel:105 - Init CAD model plugin
2024-05-06 08:34:23,727 [INFO] PluginManage:359 - Loaded plugin cadmodel (category:power,tabindex:5)
2024-05-06 08:34:23,727 [INFO] PluginManage:310 - Check plugin clock
2024-05-06 08:34:23,752 [INFO] PluginManage:359 - Loaded plugin clock (category:base,tabindex:2)
2024-05-06 08:34:23,752 [INFO] PluginManage:310 - Check plugin ddr
2024-05-06 08:34:23,756 [INFO] PluginManage:359 - Loaded plugin ddr (category:tool,tabindex:6)
2024-05-06 08:34:23,756 [INFO] PluginManage:310 - Check plugin filemanager
2024-05-06 08:34:23,931 [INFO] PluginManage:359 - Loaded plugin filemanager (category:base,tabindex:10)
2024-05-06 08:34:23,932 [INFO] PluginManage:310 - Check plugin ipmanager
2024-05-06 08:34:23,941 [INFO] PluginManage:359 - Loaded plugin ipmanager (category:base,tabindex:5)
2024-05-06 08:34:23,941 [INFO] PluginManage:310 - Check plugin lpbam
2024-05-06 08:34:23,964 [INFO] PluginManage:359 - Loaded plugin lpbam (category:base,tabindex:0)
2024-05-06 08:34:23,965 [INFO] PluginManage:310 - Check plugin memorymap
2024-05-06 08:34:23,992 [INFO] PluginManage:359 - Loaded plugin memorymap (category:base,tabindex:4)
2024-05-06 08:34:23,993 [INFO] PluginManage:310 - Check plugin pinoutandconfiguration
2024-05-06 08:34:24,011 [INFO] PluginManage:359 - Loaded plugin pinoutandconfiguration (category:base,tabindex:1)
2024-05-06 08:34:24,011 [INFO] PluginManage:310 - Check plugin pinoutconfig
2024-05-06 08:34:24,136 [WARN] SupportedApi:132 - Cannot load RTOS API schema: s4s-elt-must-match.1: The content of 'definitions' must match (annotation?, (simpleType | complexType)?, (unique | key | keyref)*)). A problem was found starting at: attribute.
2024-05-06 08:34:24,298 [INFO] PluginManage:359 - Loaded plugin pinoutconfig (category:base,tabindex:0)
2024-05-06 08:34:24,299 [INFO] PluginManage:310 - Check plugin power
2024-05-06 08:34:24,320 [INFO] PluginManage:359 - Loaded plugin power (category:power,tabindex:4)
2024-05-06 08:34:24,320 [INFO] PluginManage:310 - Check plugin projectmanager
2024-05-06 08:34:24,341 [INFO] PluginManage:359 - Loaded plugin projectmanager (category:projectmanager,tabindex:3)
2024-05-06 08:34:24,341 [INFO] PluginManage:310 - Check plugin thirdparty
2024-05-06 08:34:24,672 [INFO] PluginManage:359 - Loaded plugin thirdparty (category:base,tabindex:-1)
2024-05-06 08:34:24,672 [WARN] IntegrityCheckThread:84 - waiting for thirdparty lock release [integrity check]
2024-05-06 08:34:24,672 [INFO] PluginManage:310 - Check plugin tools
2024-05-06 08:34:24,672 [INFO] IntegrityCheckThread:86 - entering critical section [integrity check]
2024-05-06 08:34:24,673 [INFO] ThirdPartyUpdaterWithRetryManager:70 - Updater plugin not ready yet. [1/15]
2024-05-06 08:34:24,723 [INFO] PluginManage:359 - Loaded plugin tools (category:base,tabindex:7)
2024-05-06 08:34:24,723 [INFO] PluginManage:310 - Check plugin tutovideos
2024-05-06 08:34:24,970 [INFO] PluginManage:359 - Loaded plugin tutovideos (category:base,tabindex:-1)
2024-05-06 08:34:24,970 [INFO] PluginManage:310 - Check plugin updater
2024-05-06 08:34:24,986 [INFO] PluginManage:359 - Loaded plugin updater (category:base,tabindex:12)
2024-05-06 08:34:24,987 [INFO] PluginManage:310 - Check plugin userauth
2024-05-06 08:34:24,994 [INFO] UserAuth:114 - Init User Auth plugin
2024-05-06 08:34:24,994 [INFO] PluginManage:359 - Loaded plugin userauth (category:base,tabindex:14)
2024-05-06 08:34:24,995 [INFO] PluginManage:283 - PluginManage : Loaded plugins [17]
2024-05-06 08:34:25,252 [INFO] PinOutPanel:1499 - setPackage(No Configuration,No Configuration)
2024-05-06 08:34:25,339 [INFO] CADModel:165 - CPN selected for project level
2024-05-06 08:34:25,339 [INFO] CADModel:114 - Register for checkConnection events
2024-05-06 08:34:25,370 [INFO] IPUIPlugin:80 - create IPUIPlugin
2024-05-06 08:34:25,370 [INFO] PluginManager:220 - loadIPPluginJar : add adc
2024-05-06 08:34:25,414 [INFO] IPUIPlugin:80 - create IPUIPlugin
2024-05-06 08:34:25,414 [INFO] PluginManager:220 - loadIPPluginJar : add aes
2024-05-06 08:34:25,459 [INFO] IPUIPlugin:80 - create IPUIPlugin
2024-05-06 08:34:25,459 [INFO] PluginManager:220 - loadIPPluginJar : add can
2024-05-06 08:34:25,485 [INFO] IPUIPlugin:80 - create IPUIPlugin
2024-05-06 08:34:25,486 [INFO] PluginManager:220 - loadIPPluginJar : add comp
2024-05-06 08:34:25,521 [INFO] IPUIPlugin:80 - create IPUIPlugin
2024-05-06 08:34:25,521 [INFO] PluginManager:220 - loadIPPluginJar : add cryp
2024-05-06 08:34:25,558 [INFO] IPUIPlugin:80 - create IPUIPlugin
2024-05-06 08:34:25,559 [INFO] PluginManager:220 - loadIPPluginJar : add dfsdm
2024-05-06 08:34:25,577 [INFO] IPUIPlugin:80 - create IPUIPlugin
2024-05-06 08:34:25,578 [INFO] PluginManager:220 - loadIPPluginJar : add dma
2024-05-06 08:34:25,641 [INFO] IPUIPlugin:80 - create IPUIPlugin
2024-05-06 08:34:25,641 [INFO] PluginManager:220 - loadIPPluginJar : add dma3
2024-05-06 08:34:25,673 [INFO] IPUIPlugin:80 - create IPUIPlugin
2024-05-06 08:34:25,673 [INFO] PluginManager:220 - loadIPPluginJar : add fatfs
2024-05-06 08:34:25,725 [INFO] IPUIPlugin:80 - create IPUIPlugin
2024-05-06 08:34:25,725 [INFO] PluginManager:220 - loadIPPluginJar : add fmc
2024-05-06 08:34:25,741 [INFO] IPUIPlugin:80 - create IPUIPlugin
2024-05-06 08:34:25,742 [INFO] PluginManager:220 - loadIPPluginJar : add freertos
2024-05-06 08:34:25,763 [INFO] IPUIPlugin:80 - create IPUIPlugin
2024-05-06 08:34:25,764 [INFO] PluginManager:220 - loadIPPluginJar : add genericplugin
2024-05-06 08:34:25,857 [INFO] IPUIPlugin:80 - create IPUIPlugin
2024-05-06 08:34:25,857 [INFO] PluginManager:220 - loadIPPluginJar : add gfxmmu
2024-05-06 08:34:25,984 [INFO] IPUIPlugin:80 - create IPUIPlugin
2024-05-06 08:34:25,984 [INFO] PluginManager:220 - loadIPPluginJar : add gic
2024-05-06 08:34:25,997 [INFO] IPUIPlugin:80 - create IPUIPlugin
2024-05-06 08:34:25,997 [INFO] PluginManager:220 - loadIPPluginJar : add gpio
2024-05-06 08:34:26,080 [INFO] IPUIPlugin:80 - create IPUIPlugin
2024-05-06 08:34:26,080 [INFO] PluginManager:220 - loadIPPluginJar : add gtzc
2024-05-06 08:34:26,110 [INFO] IPUIPlugin:80 - create IPUIPlugin
2024-05-06 08:34:26,111 [INFO] PluginManager:220 - loadIPPluginJar : add hash
2024-05-06 08:34:26,158 [INFO] IPUIPlugin:80 - create IPUIPlugin
2024-05-06 08:34:26,158 [INFO] PluginManager:220 - loadIPPluginJar : add i2c
2024-05-06 08:34:26,195 [INFO] IPUIPlugin:80 - create IPUIPlugin
2024-05-06 08:34:26,196 [INFO] PluginManager:220 - loadIPPluginJar : add i2s
2024-05-06 08:34:26,238 [INFO] IPUIPlugin:80 - create IPUIPlugin
2024-05-06 08:34:26,239 [INFO] PluginManager:220 - loadIPPluginJar : add i3c
2024-05-06 08:34:26,337 [INFO] IPUIPlugin:80 - create IPUIPlugin
2024-05-06 08:34:26,337 [INFO] PluginManager:220 - loadIPPluginJar : add ipddr
2024-05-06 08:34:26,419 [INFO] IPUIPlugin:80 - create IPUIPlugin
2024-05-06 08:34:26,419 [INFO] PluginManager:220 - loadIPPluginJar : add linkedlist
2024-05-06 08:34:26,456 [INFO] IPUIPlugin:80 - create IPUIPlugin
2024-05-06 08:34:26,456 [INFO] PluginManager:220 - loadIPPluginJar : add lorawan
2024-05-06 08:34:26,491 [INFO] IPUIPlugin:80 - create IPUIPlugin
2024-05-06 08:34:26,491 [INFO] PluginManager:220 - loadIPPluginJar : add ltdc
2024-05-06 08:34:26,505 [INFO] IPUIPlugin:80 - create IPUIPlugin
2024-05-06 08:34:26,505 [INFO] PluginManager:220 - loadIPPluginJar : add mdma
2024-05-06 08:34:26,517 [INFO] IPUIPlugin:80 - create IPUIPlugin
2024-05-06 08:34:26,517 [INFO] PluginManager:220 - loadIPPluginJar : add nvic
2024-05-06 08:34:26,553 [INFO] IPUIPlugin:80 - create IPUIPlugin
2024-05-06 08:34:26,553 [INFO] PluginManager:220 - loadIPPluginJar : add opamp
2024-05-06 08:34:26,614 [INFO] IPUIPlugin:80 - create IPUIPlugin
2024-05-06 08:34:26,614 [INFO] PluginManager:220 - loadIPPluginJar : add openamp
2024-05-06 08:34:26,653 [INFO] IPUIPlugin:80 - create IPUIPlugin
2024-05-06 08:34:26,653 [INFO] PluginManager:220 - loadIPPluginJar : add pdm2pcm
2024-05-06 08:34:26,669 [INFO] IPUIPlugin:80 - create IPUIPlugin
2024-05-06 08:34:26,672 [INFO] PluginManager:220 - loadIPPluginJar : add plateformsettings
2024-05-06 08:34:26,697 [INFO] IPUIPlugin:80 - create IPUIPlugin
2024-05-06 08:34:26,697 [INFO] PluginManager:220 - loadIPPluginJar : add quadspi
2024-05-06 08:34:26,710 [INFO] IPUIPlugin:80 - create IPUIPlugin
2024-05-06 08:34:26,711 [INFO] PluginManager:220 - loadIPPluginJar : add resmgrutility
2024-05-06 08:34:26,763 [INFO] IPUIPlugin:80 - create IPUIPlugin
2024-05-06 08:34:26,763 [INFO] PluginManager:220 - loadIPPluginJar : add sai
2024-05-06 08:34:26,800 [INFO] IPUIPlugin:80 - create IPUIPlugin
2024-05-06 08:34:26,800 [INFO] PluginManager:220 - loadIPPluginJar : add spi
2024-05-06 08:34:26,874 [INFO] IPUIPlugin:80 - create IPUIPlugin
2024-05-06 08:34:26,875 [INFO] PluginManager:220 - loadIPPluginJar : add stm32_wpan
2024-05-06 08:34:26,901 [INFO] IPUIPlugin:80 - create IPUIPlugin
2024-05-06 08:34:26,901 [INFO] PluginManager:220 - loadIPPluginJar : add tim
2024-05-06 08:34:26,984 [INFO] IPUIPlugin:80 - create IPUIPlugin
2024-05-06 08:34:26,984 [INFO] PluginManager:220 - loadIPPluginJar : add touchsensing
2024-05-06 08:34:27,018 [INFO] IPUIPlugin:80 - create IPUIPlugin
2024-05-06 08:34:27,018 [INFO] PluginManager:220 - loadIPPluginJar : add tracer_emb
2024-05-06 08:34:27,054 [INFO] IPUIPlugin:80 - create IPUIPlugin
2024-05-06 08:34:27,054 [INFO] PluginManager:220 - loadIPPluginJar : add ts
2024-05-06 08:34:27,077 [INFO] IPUIPlugin:80 - create IPUIPlugin
2024-05-06 08:34:27,077 [INFO] PluginManager:220 - loadIPPluginJar : add tsc
2024-05-06 08:34:27,101 [INFO] IPUIPlugin:80 - create IPUIPlugin
2024-05-06 08:34:27,101 [INFO] PluginManager:220 - loadIPPluginJar : add ucpd
2024-05-06 08:34:27,149 [INFO] IPUIPlugin:80 - create IPUIPlugin
2024-05-06 08:34:27,149 [INFO] PluginManager:220 - loadIPPluginJar : add usart
2024-05-06 08:34:27,194 [INFO] IPUIPlugin:80 - create IPUIPlugin
2024-05-06 08:34:27,194 [INFO] PluginManager:220 - loadIPPluginJar : add usbx
2024-05-06 08:34:27,328 [INFO] CADModel:165 - CPN selected for project level
2024-05-06 08:34:27,328 [INFO] CADModel:114 - Register for checkConnection events
2024-05-06 08:34:27,328 [FATAL] Updater:308 - Updater called before beeing initialized
2024-05-06 08:34:27,329 [ERROR] CADModel:125 - Updater not yet initialized, retry later 
2024-05-06 08:34:27,494 [INFO] CADModel:165 - CPN selected for project level
2024-05-06 08:34:27,494 [INFO] CADModel:114 - Register for checkConnection events
2024-05-06 08:34:27,494 [FATAL] Updater:308 - Updater called before beeing initialized
2024-05-06 08:34:27,494 [ERROR] CADModel:125 - Updater not yet initialized, retry later 
2024-05-06 08:34:27,501 [FATAL] Updater:308 - Updater called before beeing initialized
2024-05-06 08:34:27,640 [FATAL] Updater:308 - Updater called before beeing initialized
2024-05-06 08:34:27,651 [INFO] DbMcusAds:53 - JSON generation date=Wed Nov 29 04:52:27 CST 2023 (1701255147349)
2024-05-06 08:34:27,651 [FATAL] Updater:308 - Updater called before beeing initialized
2024-05-06 08:34:27,675 [INFO] ThirdPartyUpdaterWithRetryManager:70 - Updater plugin not ready yet. [2/15]
2024-05-06 08:34:27,742 [WARN] DetailPanel:346 - Failed to get advertising image, set to default
2024-05-06 08:34:27,851 [FATAL] Updater:308 - Updater called before beeing initialized
2024-05-06 08:34:27,853 [FATAL] Updater:308 - Updater called before beeing initialized
2024-05-06 08:34:27,853 [FATAL] Updater:308 - Updater called before beeing initialized
2024-05-06 08:34:27,853 [WARN] DetailPanel:346 - Failed to get advertising image, set to default
2024-05-06 08:34:27,854 [FATAL] Updater:308 - Updater called before beeing initialized
2024-05-06 08:34:27,949 [ERROR] Updater:1120 - MainUpdater not yet initialized. External WinMGr cannot be set.
2024-05-06 08:34:27,959 [INFO] Updater:1056 - Updater Version found : 6.10.0
2024-05-06 08:34:27,976 [INFO] ApplicationProperties:184 - Using Application install path: C:\ST\STM32CubeIDE_1.14.1\STM32CubeIDE\plugins\com.st.stm32cube.common.mx_6.10.0.202311202037
2024-05-06 08:34:29,600 [ERROR] LogOutputStream:75 - [STDERR_REDIRECT] May 06, 2024 8:34:29 AM java.util.prefs.WindowsPreferences <init>
2024-05-06 08:34:29,602 [ERROR] LogOutputStream:75 - [STDERR_REDIRECT] WARNING: Could not open/create prefs root node Software\JavaSoft\Prefs at root 0xffffffff80000002. Windows RegCreateKeyEx(...) returned error code 5.
2024-05-06 08:34:29,603 [ERROR] LogOutputStream:75 - [STDERR_REDIRECT] 
2024-05-06 08:34:30,044 [INFO] MainUpdater:2873 - connection check result : 10
2024-05-06 08:34:30,045 [INFO] MainUpdater:290 - Updater Check For Update Now.
2024-05-06 08:34:30,045 [INFO] MicroXplorer:498 - Change Database Version : DB.6.0.100
2024-05-06 08:34:30,117 [INFO] McuFinderGlobals:63 - Set McuFinder mode to 2 (CubeIDE integrated)
2024-05-06 08:34:30,118 [INFO] UserAuth:180 - activating auth plugin
2024-05-06 08:34:30,123 [INFO] UserAuth:404 - Internet connection configuration mode: 1
2024-05-06 08:34:30,177 [INFO] JxBrowserEngine:152 - Initiate JxBrowser Engine with user profile folder
2024-05-06 08:34:30,357 [INFO] CheckServerUpdateThread:120 - End of CheckServer Thread
2024-05-06 08:34:31,014 [WARN] PackLoader:240 - Cannot read IP mode file for STMicroelectronics.FP-SNS-MOTENVWB1.1.4.0
2024-05-06 08:34:31,041 [WARN] PackLoader:240 - Cannot read IP mode file for STMicroelectronics.X-CUBE-SMBUS.2.1.0
2024-05-06 08:34:31,061 [WARN] PackLoader:240 - Cannot read IP mode file for STMicroelectronics.X-CUBE-TOUCHGFX.4.23.1
2024-05-06 08:34:31,083 [WARN] PackLoader:240 - Cannot read IP mode file for STMicroelectronics.X-CUBE-TOUCHGFX.4.23.0
2024-05-06 08:34:31,099 [WARN] PackLoader:240 - Cannot read IP mode file for STMicroelectronics.X-CUBE-TOUCHGFX.4.23.2
2024-05-06 08:34:31,157 [WARN] PackLoader:240 - Cannot read IP mode file for STMicroelectronics.X-CUBE-AZRTOS-F7.1.1.0
2024-05-06 08:34:31,182 [WARN] PackLoader:240 - Cannot read IP mode file for STMicroelectronics.FP-SNS-MOTENV1.4.3.2
2024-05-06 08:34:31,205 [WARN] PackLoader:240 - Cannot read IP mode file for STMicroelectronics.FP-SNS-FLIGHT1.5.0.2
2024-05-06 08:34:31,229 [WARN] PackLoader:240 - Cannot read IP mode file for STMicroelectronics.X-CUBE-DISPLAY.3.0.0
2024-05-06 08:34:31,256 [WARN] PackLoader:240 - Cannot read IP mode file for STMicroelectronics.X-CUBE-BLE1.7.0.0
2024-05-06 08:34:31,275 [WARN] PackLoader:240 - Cannot read IP mode file for emotas.I-CUBE-CANOPEN.1.3.0
2024-05-06 08:34:31,308 [WARN] PackLoader:240 - Cannot read IP mode file for STMicroelectronics.X-CUBE-BLEMGR.3.1.0
2024-05-06 08:34:31,346 [WARN] PackLoader:240 - Cannot read IP mode file for STMicroelectronics.FP-SNS-SMARTAG2.1.2.0
2024-05-06 08:34:31,378 [INFO] LogOutputStream:77 - [STDOUT_REDIRECT] 1 : Invalid condition id : UX_CORESTACK_Condition cause : null
2024-05-06 08:34:31,379 [INFO] LogOutputStream:77 - [STDOUT_REDIRECT] 1 : Invalid condition id : UX_CORESTACK_Condition cause : null
2024-05-06 08:34:31,382 [INFO] LogOutputStream:77 - [STDOUT_REDIRECT] 1 : Invalid condition id : UX_CORESTACK_Condition cause : null
2024-05-06 08:34:31,384 [INFO] LogOutputStream:77 - [STDOUT_REDIRECT] 1 : Invalid condition id : UX_CORESTACK_Condition cause : null
2024-05-06 08:34:31,386 [INFO] LogOutputStream:77 - [STDOUT_REDIRECT] 1 : Invalid condition id : UX_CORESTACK_Condition cause : null
2024-05-06 08:34:31,391 [WARN] PackLoader:240 - Cannot read IP mode file for STMicroelectronics.X-CUBE-AZRTOS-WL.2.0.0
2024-05-06 08:34:31,408 [WARN] PackLoader:240 - Cannot read IP mode file for STMicroelectronics.FP-SNS-MOTENV1.5.0.0
2024-05-06 08:34:31,428 [WARN] PackLoader:240 - Cannot read IP mode file for WES.I-CUBE-Cesium.1.3.0
2024-05-06 08:34:31,443 [WARN] PackLoader:240 - Cannot read IP mode file for STMicroelectronics.X-CUBE-BLE2.3.3.0
2024-05-06 08:34:31,458 [WARN] PackLoader:240 - Cannot read IP mode file for STMicroelectronics.X-CUBE-TCPP.4.1.0
2024-05-06 08:34:31,486 [WARN] PackLoader:240 - Cannot read IP mode file for STMicroelectronics.X-CUBE-ALGOBUILD.1.3.0
2024-05-06 08:34:31,529 [WARN] PackLoader:240 - Cannot read IP mode file for STMicroelectronics.X-CUBE-AZRTOS-G0.1.1.0
2024-05-06 08:34:31,553 [WARN] PackLoader:240 - Cannot read IP mode file for STMicroelectronics.X-CUBE-SAFEA1.1.2.2
2024-05-06 08:34:31,569 [WARN] PackLoader:240 - Cannot read IP mode file for STMicroelectronics.X-CUBE-NFC4.3.0.0
2024-05-06 08:34:31,591 [WARN] PackLoader:240 - Cannot read IP mode file for STMicroelectronics.X-CUBE-BLEMGR.3.0.0
2024-05-06 08:34:31,610 [WARN] PackLoader:240 - Cannot read IP mode file for STMicroelectronics.FP-ATR-SIGFOX1.3.2.0
2024-05-06 08:34:31,629 [WARN] PackLoader:240 - Cannot read IP mode file for STMicroelectronics.X-CUBE-EEPRMA1.5.1.0
2024-05-06 08:34:31,684 [WARN] PackLoader:240 - Cannot read IP mode file for SEGGER.I-CUBE-embOS.1.3.1
2024-05-06 08:34:31,739 [WARN] PackLoader:240 - Cannot read IP mode file for STMicroelectronics.X-CUBE-GNSS1.6.0.0
2024-05-06 08:34:31,777 [WARN] PackLoader:240 - Cannot read IP mode file for STMicroelectronics.X-CUBE-AZRTOS-F4.1.1.0
2024-05-06 08:34:31,799 [WARN] PackLoader:240 - Cannot read IP mode file for STMicroelectronics.X-CUBE-FREERTOS.1.2.0
2024-05-06 08:34:31,816 [WARN] PackLoader:240 - Cannot read IP mode file for wolfSSL.I-CUBE-wolfSSL.5.6.6
2024-05-06 08:34:31,852 [WARN] PackLoader:240 - Cannot read IP mode file for STMicroelectronics.X-CUBE-AZRTOS-L5.2.0.0
2024-05-06 08:34:31,868 [WARN] PackLoader:240 - Cannot read IP mode file for STMicroelectronics.X-CUBE-EEPRMA1.4.2.0
2024-05-06 08:34:31,887 [WARN] PackLoader:240 - Cannot read IP mode file for STMicroelectronics.X-CUBE-NFC6.3.1.0
2024-05-06 08:34:31,914 [WARN] PackLoader:240 - Cannot read IP mode file for ITTIA_DB.I-CUBE-ITTIADB.8.8.0
2024-05-06 08:34:31,933 [WARN] PackLoader:240 - Cannot read IP mode file for STMicroelectronics.X-CUBE-AI.9.0.0
2024-05-06 08:34:31,953 [WARN] PackLoader:240 - Cannot read IP mode file for STMicroelectronics.X-CUBE-NFC7.1.0.1
2024-05-06 08:34:31,998 [WARN] PackLoader:240 - Cannot read IP mode file for STMicroelectronics.X-CUBE-NFC6.3.0.0
2024-05-06 08:34:32,019 [WARN] PackLoader:240 - Cannot read IP mode file for STMicroelectronics.X-CUBE-AI.8.1.0
2024-05-06 08:34:32,054 [WARN] ConditionMgr:438 - getConditionDescription Invalid condition id : LAN8742 Phy interface Condition cause : null
2024-05-06 08:34:32,054 [WARN] PackLoader:240 - Cannot read IP mode file for STMicroelectronics.X-CUBE-AZRTOS-L4.2.0.0
2024-05-06 08:34:32,056 [WARN] ConditionMgr:1039 - genDependencies : Invalid condition id : LAN8742 Phy interface Condition cause : null
2024-05-06 08:34:32,056 [WARN] ConditionMgr:1039 - genDependencies : Invalid condition id : LAN8742 Phy interface Condition cause : null
2024-05-06 08:34:32,057 [WARN] ConditionMgr:1039 - genDependencies : Invalid condition id : LAN8742 Phy interface Condition cause : null
2024-05-06 08:34:32,075 [WARN] PackLoader:240 - Cannot read IP mode file for STMicroelectronics.X-CUBE-SFXS2LP1.4.0.0
2024-05-06 08:34:32,103 [WARN] ConditionMgr:438 - getConditionDescription Invalid condition id : UX DEVICE CLASS RTOS Condition cause : null
2024-05-06 08:34:32,103 [WARN] ConditionMgr:438 - getConditionDescription Invalid condition id : UX DEVICE CLASS RTOS Condition cause : null
2024-05-06 08:34:32,105 [WARN] PackLoader:240 - Cannot read IP mode file for STMicroelectronics.X-CUBE-AZRTOS-WB.2.0.0
2024-05-06 08:34:32,105 [WARN] ConditionMgr:1039 - genDependencies : Invalid condition id : UX DEVICE CLASS RTOS Condition cause : null
2024-05-06 08:34:32,105 [WARN] ConditionMgr:1039 - genDependencies : Invalid condition id : UX DEVICE CLASS RTOS Condition cause : null
2024-05-06 08:34:32,106 [WARN] ConditionMgr:1039 - genDependencies : Invalid condition id : UX DEVICE CLASS RTOS Condition cause : null
2024-05-06 08:34:32,106 [WARN] ConditionMgr:1039 - genDependencies : Invalid condition id : UX DEVICE CLASS RTOS Condition cause : null
2024-05-06 08:34:32,106 [WARN] ConditionMgr:1039 - genDependencies : Invalid condition id : UX DEVICE CLASS RTOS Condition cause : null
2024-05-06 08:34:32,131 [WARN] PackLoader:240 - Cannot read IP mode file for STMicroelectronics.X-CUBE-SUBG2.5.0.0
2024-05-06 08:34:32,167 [WARN] PackLoader:240 - Cannot read IP mode file for STMicroelectronics.X-CUBE-AZRTOS-G4.2.0.0
2024-05-06 08:34:32,200 [WARN] PackLoader:240 - Cannot read IP mode file for Infineon.AIROC-Wi-Fi-Bluetooth-STM32.1.5.1
2024-05-06 08:34:32,221 [WARN] PackLoader:240 - Cannot read IP mode file for STMicroelectronics.FP-SNS-MOTENVWB1.1.3.1
2024-05-06 08:34:32,239 [WARN] PackLoader:240 - Cannot read IP mode file for STMicroelectronics.X-CUBE-ISPU.2.0.0
2024-05-06 08:34:32,293 [WARN] PackLoader:240 - Cannot read IP mode file for STMicroelectronics.X-CUBE-MEMS1.10.0.0
2024-05-06 08:34:32,446 [WARN] PackLoader:240 - Cannot read IP mode file for STMicroelectronics.X-CUBE-FREERTOS.1.1.0
2024-05-06 08:34:32,464 [WARN] PackLoader:240 - Cannot read IP mode file for portGmbH.I-Cube-SoM-uGOAL.1.1.0
2024-05-06 08:34:32,480 [WARN] PackLoader:240 - Cannot read IP mode file for STMicroelectronics.X-CUBE-ALS.1.0.1
2024-05-06 08:34:32,514 [WARN] PackLoader:240 - Cannot read IP mode file for STMicroelectronics.X-CUBE-AZRTOS-H7RS.1.0.0
2024-05-06 08:34:32,533 [WARN] PackLoader:240 - Cannot read IP mode file for STMicroelectronics.FP-ATR-ASTRA1.2.0.0
2024-05-06 08:34:32,559 [WARN] PackLoader:240 - Cannot read IP mode file for STMicroelectronics.X-CUBE-TOF1.3.4.0
2024-05-06 08:34:32,593 [WARN] PackLoader:240 - Cannot read IP mode file for STMicroelectronics.X-CUBE-TOF1.3.4.1
2024-05-06 08:34:32,649 [WARN] PackLoader:240 - Cannot read IP mode file for STMicroelectronics.X-CUBE-AZRTOS-H7.3.2.0
2024-05-06 08:34:32,653 [INFO] ThirdParty:978 - Integrity check success = true
2024-05-06 08:34:32,654 [INFO] IntegrityCheckThread:100 - exiting critical section [integrity check]
2024-05-06 08:34:32,654 [INFO] IntegrityCheckThread:103 - End integrity checks thread
2024-05-06 08:34:33,967 [INFO] WebApp:161 - Instantiating new browser for Auth
2024-05-06 08:34:34,740 [INFO] WebApp:780 - Register for checkConnection events
2024-05-06 08:34:34,740 [INFO] WebApp:414 - Apply proxy settings
2024-05-06 08:34:34,740 [INFO] WebApp:499 - Chromium requires no authentication
2024-05-06 08:34:34,750 [INFO] WebApp:442 - Direct internet connection detected
2024-05-06 08:34:34,961 [INFO] WebApp:192 - Starting web application
2024-05-06 08:34:34,961 [INFO] WebApp:544 - Web application path used C:\ST\STM32CubeIDE_1.14.1\STM32CubeIDE\plugins\com.st.stm32cube.common.mx_6.10.0.202311202037\db\plugins\mcufinder\reactClient1\index.html
2024-05-06 08:34:57,363 [ERROR] LogOutputStream:75 - [STDERR_REDIRECT] SLF4J: Failed to load class "org.slf4j.impl.StaticLoggerBinder".
2024-05-06 08:34:57,363 [ERROR] LogOutputStream:75 - [STDERR_REDIRECT] SLF4J: Defaulting to no-operation (NOP) logger implementation
2024-05-06 08:34:57,363 [ERROR] LogOutputStream:75 - [STDERR_REDIRECT] SLF4J: See http://www.slf4j.org/codes.html#StaticLoggerBinder for further details.
