2024-04-08 12:06:59,515 [INFO] Activator:176 - 


2024-04-08 12:06:59,521 [INFO] Activator:177 - !SESSION log4j initialized
2024-04-08 12:07:08,243 [INFO] LogOutputStream:77 - [STDOUT_REDIRECT] 
2024-04-08 12:07:12,231 [INFO] ApplicationProperties:184 - Using Application install path: C:\ST\STM32CubeIDE_1.14.1\STM32CubeIDE\plugins\com.st.stm32cube.common.mx_6.10.0.202311202037
2024-04-08 12:07:12,255 [INFO] DbMcusXml:78 - Set database path to: C:\ST\STM32CubeIDE_1.14.1\STM32CubeIDE\plugins\com.st.stm32cube.common.mx_6.10.0.202311202037\\db\/mcu/
2024-04-08 12:07:12,255 [INFO] ApiDb:274 - Set plugin database path to: C:\ST\STM32CubeIDE_1.14.1\STM32CubeIDE\plugins\com.st.stm32cube.common.mx_6.10.0.202311202037\\db\/plugins/boardmanager/
2024-04-08 12:07:12,256 [WARN] ApiDb:259 - Overriding images path with different value:  => C:\ST\STM32CubeIDE_1.14.1\STM32CubeIDE\plugins\com.st.stm32cube.common.mx_6.10.0.202311202037\\db\/plugins/mcufinder/images/
2024-04-08 12:07:12,275 [INFO] ApiDb:250 - Set database path to: C:\Users\TuranyElijah\.stmcufinder\plugins\mcufinder//mcu/
2024-04-08 12:07:12,277 [INFO] DbMcusAds:125 - Set database path to: C:\Users\TuranyElijah\.stmcufinder\plugins\mcufinder//mcu/
2024-04-08 12:07:12,280 [INFO] CrossReferenceDbSqlite:203 - Set database path to: C:\Users\TuranyElijah\.stmcufinder\plugins\mcufinder//mcu/cs/
2024-04-08 12:07:12,443 [INFO] RulesReader:64 - Compatibility file has been processed (297 Rules)
2024-04-08 12:07:12,567 [INFO] DbMcusXml:78 - Set database path to: C:\ST\STM32CubeIDE_1.14.1\STM32CubeIDE\plugins\com.st.stm32cube.common.mx_6.10.0.202311202037\\db\/mcu/
2024-04-08 12:07:12,567 [INFO] ApiDb:274 - Set plugin database path to: C:\ST\STM32CubeIDE_1.14.1\STM32CubeIDE\plugins\com.st.stm32cube.common.mx_6.10.0.202311202037\\db\/plugins/boardmanager/
2024-04-08 12:07:12,567 [INFO] ApiDb:261 - Set plugin images path to: C:\ST\STM32CubeIDE_1.14.1\STM32CubeIDE\plugins\com.st.stm32cube.common.mx_6.10.0.202311202037\\db\/plugins/mcufinder/images/
2024-04-08 12:07:12,567 [WARN] DbFile:41 - Overriding database path with different value: C:\Users\TuranyElijah\.stmcufinder\plugins\mcufinder/ => C:\Users\TuranyElijah\.stmcufinder\plugins\mcufinder
2024-04-08 12:07:12,568 [INFO] ApiDb:250 - Set database path to: C:\Users\TuranyElijah\.stmcufinder\plugins\mcufinder//mcu/
2024-04-08 12:07:12,568 [WARN] DbFile:41 - Overriding database path with different value: C:\Users\TuranyElijah\.stmcufinder\plugins\mcufinder/ => C:\Users\TuranyElijah\.stmcufinder\plugins\mcufinder
2024-04-08 12:07:12,568 [INFO] DbMcusAds:125 - Set database path to: C:\Users\TuranyElijah\.stmcufinder\plugins\mcufinder//mcu/
2024-04-08 12:07:12,568 [WARN] DbFile:41 - Overriding database path with different value: C:\Users\TuranyElijah\.stmcufinder\plugins\mcufinder/ => C:\Users\TuranyElijah\.stmcufinder\plugins\mcufinder
2024-04-08 12:07:12,568 [WARN] DbFile:41 - Overriding database path with different value: C:\Users\TuranyElijah\.stmcufinder\plugins\mcufinder/ => C:\Users\TuranyElijah\.stmcufinder\plugins\mcufinder
2024-04-08 12:07:12,568 [INFO] CrossReferenceDbSqlite:203 - Set database path to: C:\Users\TuranyElijah\.stmcufinder\plugins\mcufinder//mcu/cs/
2024-04-08 12:07:12,678 [INFO] MainPanel:264 - HeapMemory: 268435456
2024-04-08 12:07:12,831 [INFO] DbMcusXml:78 - Set database path to: C:\ST\STM32CubeIDE_1.14.1\STM32CubeIDE\plugins\com.st.stm32cube.common.mx_6.10.0.202311202037\\db\/mcu/
2024-04-08 12:07:12,831 [INFO] ApiDb:274 - Set plugin database path to: C:\ST\STM32CubeIDE_1.14.1\STM32CubeIDE\plugins\com.st.stm32cube.common.mx_6.10.0.202311202037\\db\/plugins/boardmanager/
2024-04-08 12:07:12,832 [INFO] ApiDb:261 - Set plugin images path to: C:\ST\STM32CubeIDE_1.14.1\STM32CubeIDE\plugins\com.st.stm32cube.common.mx_6.10.0.202311202037\\db\/plugins/mcufinder/images/
2024-04-08 12:07:12,833 [WARN] DbFile:41 - Overriding database path with different value: C:\Users\TuranyElijah\.stmcufinder\plugins\mcufinder/ => C:\Users\TuranyElijah\.stmcufinder\plugins\mcufinder
2024-04-08 12:07:12,833 [INFO] ApiDb:250 - Set database path to: C:\Users\TuranyElijah\.stmcufinder\plugins\mcufinder//mcu/
2024-04-08 12:07:12,833 [WARN] DbFile:41 - Overriding database path with different value: C:\Users\TuranyElijah\.stmcufinder\plugins\mcufinder/ => C:\Users\TuranyElijah\.stmcufinder\plugins\mcufinder
2024-04-08 12:07:12,833 [INFO] DbMcusAds:125 - Set database path to: C:\Users\TuranyElijah\.stmcufinder\plugins\mcufinder//mcu/
2024-04-08 12:07:12,834 [WARN] DbFile:41 - Overriding database path with different value: C:\Users\TuranyElijah\.stmcufinder\plugins\mcufinder/ => C:\Users\TuranyElijah\.stmcufinder\plugins\mcufinder
2024-04-08 12:07:12,834 [WARN] DbFile:41 - Overriding database path with different value: C:\Users\TuranyElijah\.stmcufinder\plugins\mcufinder/ => C:\Users\TuranyElijah\.stmcufinder\plugins\mcufinder
2024-04-08 12:07:12,834 [INFO] CrossReferenceDbSqlite:203 - Set database path to: C:\Users\TuranyElijah\.stmcufinder\plugins\mcufinder//mcu/cs/
2024-04-08 12:07:12,863 [INFO] ApplicationProperties:184 - Using Application install path: C:\ST\STM32CubeIDE_1.14.1\STM32CubeIDE\plugins\com.st.stm32cube.common.mx_6.10.0.202311202037
2024-04-08 12:07:12,865 [INFO] PluginManage:196 - Search for loadable plugins [exclusion list=, ]
2024-04-08 12:07:12,867 [INFO] PluginManage:310 - Check plugin analytics
2024-04-08 12:07:13,126 [INFO] AnalyticsPlugin:253 - Accepted Software Licenses: STM32CubeMX.6.10.0
2024-04-08 12:07:13,127 [INFO] AnalyticsPlugin:255 - Accepted CMSIS Pack Licenses: 
2024-04-08 12:07:13,127 [INFO] AnalyticsPlugin:257 - Accepted Firmware Licenses: 
2024-04-08 12:07:13,131 [INFO] PluginManage:359 - Loaded plugin analytics (category:tool,tabindex:-1)
2024-04-08 12:07:13,132 [INFO] PluginManage:310 - Check plugin cadmodel
2024-04-08 12:07:13,155 [INFO] CADModel:105 - Init CAD model plugin
2024-04-08 12:07:13,156 [INFO] PluginManage:359 - Loaded plugin cadmodel (category:power,tabindex:5)
2024-04-08 12:07:13,156 [INFO] PluginManage:310 - Check plugin clock
2024-04-08 12:07:13,185 [INFO] PluginManage:359 - Loaded plugin clock (category:base,tabindex:2)
2024-04-08 12:07:13,186 [INFO] PluginManage:310 - Check plugin ddr
2024-04-08 12:07:13,188 [INFO] PluginManage:359 - Loaded plugin ddr (category:tool,tabindex:6)
2024-04-08 12:07:13,189 [INFO] PluginManage:310 - Check plugin filemanager
2024-04-08 12:07:13,375 [INFO] PluginManage:359 - Loaded plugin filemanager (category:base,tabindex:10)
2024-04-08 12:07:13,375 [INFO] PluginManage:310 - Check plugin ipmanager
2024-04-08 12:07:13,386 [INFO] PluginManage:359 - Loaded plugin ipmanager (category:base,tabindex:5)
2024-04-08 12:07:13,386 [INFO] PluginManage:310 - Check plugin lpbam
2024-04-08 12:07:13,412 [INFO] PluginManage:359 - Loaded plugin lpbam (category:base,tabindex:0)
2024-04-08 12:07:13,412 [INFO] PluginManage:310 - Check plugin memorymap
2024-04-08 12:07:13,447 [INFO] PluginManage:359 - Loaded plugin memorymap (category:base,tabindex:4)
2024-04-08 12:07:13,447 [INFO] PluginManage:310 - Check plugin pinoutandconfiguration
2024-04-08 12:07:13,473 [INFO] PluginManage:359 - Loaded plugin pinoutandconfiguration (category:base,tabindex:1)
2024-04-08 12:07:13,473 [INFO] PluginManage:310 - Check plugin pinoutconfig
2024-04-08 12:07:13,613 [WARN] SupportedApi:132 - Cannot load RTOS API schema: s4s-elt-must-match.1: The content of 'definitions' must match (annotation?, (simpleType | complexType)?, (unique | key | keyref)*)). A problem was found starting at: attribute.
2024-04-08 12:07:13,812 [INFO] PluginManage:359 - Loaded plugin pinoutconfig (category:base,tabindex:0)
2024-04-08 12:07:13,813 [INFO] PluginManage:310 - Check plugin power
2024-04-08 12:07:13,843 [INFO] PluginManage:359 - Loaded plugin power (category:power,tabindex:4)
2024-04-08 12:07:13,843 [INFO] PluginManage:310 - Check plugin projectmanager
2024-04-08 12:07:13,865 [INFO] PluginManage:359 - Loaded plugin projectmanager (category:projectmanager,tabindex:3)
2024-04-08 12:07:13,865 [INFO] PluginManage:310 - Check plugin thirdparty
2024-04-08 12:07:14,232 [INFO] PluginManage:359 - Loaded plugin thirdparty (category:base,tabindex:-1)
2024-04-08 12:07:14,232 [INFO] PluginManage:310 - Check plugin tools
2024-04-08 12:07:14,232 [WARN] IntegrityCheckThread:84 - waiting for thirdparty lock release [integrity check]
2024-04-08 12:07:14,233 [INFO] IntegrityCheckThread:86 - entering critical section [integrity check]
2024-04-08 12:07:14,233 [INFO] ThirdPartyUpdaterWithRetryManager:70 - Updater plugin not ready yet. [1/15]
2024-04-08 12:07:14,274 [INFO] PluginManage:359 - Loaded plugin tools (category:base,tabindex:7)
2024-04-08 12:07:14,274 [INFO] PluginManage:310 - Check plugin tutovideos
2024-04-08 12:07:14,542 [INFO] PluginManage:359 - Loaded plugin tutovideos (category:base,tabindex:-1)
2024-04-08 12:07:14,542 [INFO] PluginManage:310 - Check plugin updater
2024-04-08 12:07:14,557 [INFO] PluginManage:359 - Loaded plugin updater (category:base,tabindex:12)
2024-04-08 12:07:14,558 [INFO] PluginManage:310 - Check plugin userauth
2024-04-08 12:07:14,565 [INFO] UserAuth:114 - Init User Auth plugin
2024-04-08 12:07:14,566 [INFO] PluginManage:359 - Loaded plugin userauth (category:base,tabindex:14)
2024-04-08 12:07:14,566 [INFO] PluginManage:283 - PluginManage : Loaded plugins [17]
2024-04-08 12:07:14,924 [INFO] PinOutPanel:1499 - setPackage(No Configuration,No Configuration)
2024-04-08 12:07:15,053 [INFO] CADModel:165 - CPN selected for project level
2024-04-08 12:07:15,053 [INFO] CADModel:114 - Register for checkConnection events
2024-04-08 12:07:15,098 [INFO] IPUIPlugin:80 - create IPUIPlugin
2024-04-08 12:07:15,098 [INFO] PluginManager:220 - loadIPPluginJar : add adc
2024-04-08 12:07:15,162 [INFO] IPUIPlugin:80 - create IPUIPlugin
2024-04-08 12:07:15,163 [INFO] PluginManager:220 - loadIPPluginJar : add aes
2024-04-08 12:07:15,229 [INFO] IPUIPlugin:80 - create IPUIPlugin
2024-04-08 12:07:15,230 [INFO] PluginManager:220 - loadIPPluginJar : add can
2024-04-08 12:07:15,262 [INFO] IPUIPlugin:80 - create IPUIPlugin
2024-04-08 12:07:15,263 [INFO] PluginManager:220 - loadIPPluginJar : add comp
2024-04-08 12:07:15,308 [INFO] IPUIPlugin:80 - create IPUIPlugin
2024-04-08 12:07:15,309 [INFO] PluginManager:220 - loadIPPluginJar : add cryp
2024-04-08 12:07:15,349 [INFO] IPUIPlugin:80 - create IPUIPlugin
2024-04-08 12:07:15,349 [INFO] PluginManager:220 - loadIPPluginJar : add dfsdm
2024-04-08 12:07:15,371 [INFO] IPUIPlugin:80 - create IPUIPlugin
2024-04-08 12:07:15,372 [INFO] PluginManager:220 - loadIPPluginJar : add dma
2024-04-08 12:07:15,427 [INFO] IPUIPlugin:80 - create IPUIPlugin
2024-04-08 12:07:15,428 [INFO] PluginManager:220 - loadIPPluginJar : add dma3
2024-04-08 12:07:15,456 [INFO] IPUIPlugin:80 - create IPUIPlugin
2024-04-08 12:07:15,456 [INFO] PluginManager:220 - loadIPPluginJar : add fatfs
2024-04-08 12:07:15,519 [INFO] IPUIPlugin:80 - create IPUIPlugin
2024-04-08 12:07:15,519 [INFO] PluginManager:220 - loadIPPluginJar : add fmc
2024-04-08 12:07:15,544 [INFO] IPUIPlugin:80 - create IPUIPlugin
2024-04-08 12:07:15,544 [INFO] PluginManager:220 - loadIPPluginJar : add freertos
2024-04-08 12:07:15,570 [INFO] IPUIPlugin:80 - create IPUIPlugin
2024-04-08 12:07:15,571 [INFO] PluginManager:220 - loadIPPluginJar : add genericplugin
2024-04-08 12:07:15,694 [INFO] IPUIPlugin:80 - create IPUIPlugin
2024-04-08 12:07:15,695 [INFO] PluginManager:220 - loadIPPluginJar : add gfxmmu
2024-04-08 12:07:15,845 [INFO] IPUIPlugin:80 - create IPUIPlugin
2024-04-08 12:07:15,846 [INFO] PluginManager:220 - loadIPPluginJar : add gic
2024-04-08 12:07:15,870 [INFO] IPUIPlugin:80 - create IPUIPlugin
2024-04-08 12:07:15,870 [INFO] PluginManager:220 - loadIPPluginJar : add gpio
2024-04-08 12:07:16,000 [INFO] IPUIPlugin:80 - create IPUIPlugin
2024-04-08 12:07:16,000 [INFO] PluginManager:220 - loadIPPluginJar : add gtzc
2024-04-08 12:07:16,044 [INFO] IPUIPlugin:80 - create IPUIPlugin
2024-04-08 12:07:16,044 [INFO] PluginManager:220 - loadIPPluginJar : add hash
2024-04-08 12:07:16,105 [INFO] IPUIPlugin:80 - create IPUIPlugin
2024-04-08 12:07:16,105 [INFO] PluginManager:220 - loadIPPluginJar : add i2c
2024-04-08 12:07:16,153 [INFO] IPUIPlugin:80 - create IPUIPlugin
2024-04-08 12:07:16,153 [INFO] PluginManager:220 - loadIPPluginJar : add i2s
2024-04-08 12:07:16,202 [INFO] IPUIPlugin:80 - create IPUIPlugin
2024-04-08 12:07:16,203 [INFO] PluginManager:220 - loadIPPluginJar : add i3c
2024-04-08 12:07:16,372 [INFO] IPUIPlugin:80 - create IPUIPlugin
2024-04-08 12:07:16,372 [INFO] PluginManager:220 - loadIPPluginJar : add ipddr
2024-04-08 12:07:16,509 [INFO] IPUIPlugin:80 - create IPUIPlugin
2024-04-08 12:07:16,509 [INFO] PluginManager:220 - loadIPPluginJar : add linkedlist
2024-04-08 12:07:16,561 [INFO] IPUIPlugin:80 - create IPUIPlugin
2024-04-08 12:07:16,561 [INFO] PluginManager:220 - loadIPPluginJar : add lorawan
2024-04-08 12:07:16,605 [INFO] IPUIPlugin:80 - create IPUIPlugin
2024-04-08 12:07:16,606 [INFO] PluginManager:220 - loadIPPluginJar : add ltdc
2024-04-08 12:07:16,625 [INFO] IPUIPlugin:80 - create IPUIPlugin
2024-04-08 12:07:16,625 [INFO] PluginManager:220 - loadIPPluginJar : add mdma
2024-04-08 12:07:16,641 [INFO] IPUIPlugin:80 - create IPUIPlugin
2024-04-08 12:07:16,641 [INFO] PluginManager:220 - loadIPPluginJar : add nvic
2024-04-08 12:07:16,683 [INFO] IPUIPlugin:80 - create IPUIPlugin
2024-04-08 12:07:16,683 [INFO] PluginManager:220 - loadIPPluginJar : add opamp
2024-04-08 12:07:16,749 [INFO] IPUIPlugin:80 - create IPUIPlugin
2024-04-08 12:07:16,750 [INFO] PluginManager:220 - loadIPPluginJar : add openamp
2024-04-08 12:07:16,796 [INFO] IPUIPlugin:80 - create IPUIPlugin
2024-04-08 12:07:16,796 [INFO] PluginManager:220 - loadIPPluginJar : add pdm2pcm
2024-04-08 12:07:16,813 [INFO] IPUIPlugin:80 - create IPUIPlugin
2024-04-08 12:07:16,815 [INFO] PluginManager:220 - loadIPPluginJar : add plateformsettings
2024-04-08 12:07:16,841 [INFO] IPUIPlugin:80 - create IPUIPlugin
2024-04-08 12:07:16,841 [INFO] PluginManager:220 - loadIPPluginJar : add quadspi
2024-04-08 12:07:16,855 [INFO] IPUIPlugin:80 - create IPUIPlugin
2024-04-08 12:07:16,855 [INFO] PluginManager:220 - loadIPPluginJar : add resmgrutility
2024-04-08 12:07:16,901 [INFO] IPUIPlugin:80 - create IPUIPlugin
2024-04-08 12:07:16,901 [INFO] PluginManager:220 - loadIPPluginJar : add sai
2024-04-08 12:07:16,950 [INFO] IPUIPlugin:80 - create IPUIPlugin
2024-04-08 12:07:16,950 [INFO] PluginManager:220 - loadIPPluginJar : add spi
2024-04-08 12:07:17,011 [INFO] IPUIPlugin:80 - create IPUIPlugin
2024-04-08 12:07:17,011 [INFO] PluginManager:220 - loadIPPluginJar : add stm32_wpan
2024-04-08 12:07:17,038 [INFO] IPUIPlugin:80 - create IPUIPlugin
2024-04-08 12:07:17,038 [INFO] PluginManager:220 - loadIPPluginJar : add tim
2024-04-08 12:07:17,087 [INFO] IPUIPlugin:80 - create IPUIPlugin
2024-04-08 12:07:17,087 [INFO] PluginManager:220 - loadIPPluginJar : add touchsensing
2024-04-08 12:07:17,109 [INFO] IPUIPlugin:80 - create IPUIPlugin
2024-04-08 12:07:17,109 [INFO] PluginManager:220 - loadIPPluginJar : add tracer_emb
2024-04-08 12:07:17,133 [INFO] IPUIPlugin:80 - create IPUIPlugin
2024-04-08 12:07:17,133 [INFO] PluginManager:220 - loadIPPluginJar : add ts
2024-04-08 12:07:17,152 [INFO] IPUIPlugin:80 - create IPUIPlugin
2024-04-08 12:07:17,152 [INFO] PluginManager:220 - loadIPPluginJar : add tsc
2024-04-08 12:07:17,172 [INFO] IPUIPlugin:80 - create IPUIPlugin
2024-04-08 12:07:17,172 [INFO] PluginManager:220 - loadIPPluginJar : add ucpd
2024-04-08 12:07:17,213 [INFO] IPUIPlugin:80 - create IPUIPlugin
2024-04-08 12:07:17,214 [INFO] PluginManager:220 - loadIPPluginJar : add usart
2024-04-08 12:07:17,236 [INFO] ThirdPartyUpdaterWithRetryManager:70 - Updater plugin not ready yet. [2/15]
2024-04-08 12:07:17,253 [INFO] IPUIPlugin:80 - create IPUIPlugin
2024-04-08 12:07:17,253 [INFO] PluginManager:220 - loadIPPluginJar : add usbx
2024-04-08 12:07:17,393 [INFO] CADModel:165 - CPN selected for project level
2024-04-08 12:07:17,393 [INFO] CADModel:114 - Register for checkConnection events
2024-04-08 12:07:17,394 [FATAL] Updater:308 - Updater called before beeing initialized
2024-04-08 12:07:17,394 [ERROR] CADModel:125 - Updater not yet initialized, retry later 
2024-04-08 12:07:17,575 [INFO] CADModel:165 - CPN selected for project level
2024-04-08 12:07:17,575 [INFO] CADModel:114 - Register for checkConnection events
2024-04-08 12:07:17,576 [FATAL] Updater:308 - Updater called before beeing initialized
2024-04-08 12:07:17,576 [ERROR] CADModel:125 - Updater not yet initialized, retry later 
2024-04-08 12:07:17,579 [FATAL] Updater:308 - Updater called before beeing initialized
2024-04-08 12:07:17,724 [FATAL] Updater:308 - Updater called before beeing initialized
2024-04-08 12:07:17,734 [INFO] DbMcusAds:53 - JSON generation date=Wed Nov 29 04:52:27 CST 2023 (1701255147349)
2024-04-08 12:07:17,734 [FATAL] Updater:308 - Updater called before beeing initialized
2024-04-08 12:07:17,824 [WARN] DetailPanel:346 - Failed to get advertising image, set to default
2024-04-08 12:07:17,939 [FATAL] Updater:308 - Updater called before beeing initialized
2024-04-08 12:07:17,957 [FATAL] Updater:308 - Updater called before beeing initialized
2024-04-08 12:07:17,957 [FATAL] Updater:308 - Updater called before beeing initialized
2024-04-08 12:07:17,957 [WARN] DetailPanel:346 - Failed to get advertising image, set to default
2024-04-08 12:07:17,958 [FATAL] Updater:308 - Updater called before beeing initialized
2024-04-08 12:07:18,042 [ERROR] Updater:1120 - MainUpdater not yet initialized. External WinMGr cannot be set.
2024-04-08 12:07:18,053 [INFO] Updater:1056 - Updater Version found : 6.10.0
2024-04-08 12:07:18,071 [INFO] ApplicationProperties:184 - Using Application install path: C:\ST\STM32CubeIDE_1.14.1\STM32CubeIDE\plugins\com.st.stm32cube.common.mx_6.10.0.202311202037
2024-04-08 12:07:19,660 [ERROR] LogOutputStream:75 - [STDERR_REDIRECT] Apr 08, 2024 12:07:19 PM java.util.prefs.WindowsPreferences <init>
2024-04-08 12:07:19,663 [ERROR] LogOutputStream:75 - [STDERR_REDIRECT] WARNING: Could not open/create prefs root node Software\JavaSoft\Prefs at root 0xffffffff80000002. Windows RegCreateKeyEx(...) returned error code 5.
2024-04-08 12:07:19,663 [ERROR] LogOutputStream:75 - [STDERR_REDIRECT] 
2024-04-08 12:07:20,163 [INFO] MainUpdater:2873 - connection check result : 10
2024-04-08 12:07:20,164 [INFO] MainUpdater:3567 - Updater definition file requires update
2024-04-08 12:07:20,166 [INFO] MainUpdater:290 - Updater Check For Update Now.
2024-04-08 12:07:20,166 [INFO] MicroXplorer:498 - Change Database Version : DB.6.0.100
2024-04-08 12:07:20,203 [INFO] McuFinderGlobals:63 - Set McuFinder mode to 2 (CubeIDE integrated)
2024-04-08 12:07:20,203 [INFO] UserAuth:180 - activating auth plugin
2024-04-08 12:07:20,208 [INFO] UserAuth:404 - Internet connection configuration mode: 1
2024-04-08 12:07:20,236 [WARN] MainUpdater:1194 - Updater busy. Cannot search thirdparties
2024-04-08 12:07:20,237 [INFO] ThirdPartyUpdaterWithRetryManager:96 - Updater plugin is busy. [1/15]
2024-04-08 12:07:20,243 [INFO] JxBrowserEngine:152 - Initiate JxBrowser Engine with user profile folder
2024-04-08 12:07:20,292 [INFO] ServerAccessManage:473 - Download File updaters.zip
2024-04-08 12:07:20,417 [INFO] FileExtend:240 - Unzip File : updaters.zip
2024-04-08 12:07:20,418 [INFO] FileExtend:255 - Standard Zip Deflate
2024-04-08 12:07:21,005 [INFO] ServerAccessManage:473 - Download File PacksControlFlags.xml
2024-04-08 12:07:21,183 [INFO] ServerAccessManage:473 - Download File cubemx.pidx
2024-04-08 12:07:22,333 [INFO] ServerAccessManage:473 - Download File STMicroelectronics.X-CUBE-TCPP.pdsc
2024-04-08 12:07:22,564 [INFO] ServerAccessManage:473 - Download File STMicroelectronics.X-CUBE-TOUCHGFX.pdsc
2024-04-08 12:07:23,238 [WARN] MainUpdater:1194 - Updater busy. Cannot search thirdparties
2024-04-08 12:07:23,238 [INFO] ThirdPartyUpdaterWithRetryManager:96 - Updater plugin is busy. [2/15]
2024-04-08 12:07:25,372 [WARN] PackLoader:240 - Cannot read IP mode file for STMicroelectronics.X-CUBE-TCPP.4.1.0
2024-04-08 12:07:25,388 [WARN] PackLoader:240 - Cannot read IP mode file for STMicroelectronics.X-CUBE-TOUCHGFX.4.23.2
2024-04-08 12:07:25,388 [INFO] PopulateThirdPartyThread:66 - Ending populate Thread
2024-04-08 12:07:25,388 [INFO] ThirdParty:1030 - CMSIS Pack Vendor :STMicroelectronics X-CUBE-TOUCHGFX 4.23.2
2024-04-08 12:07:25,388 [INFO] ThirdParty:1030 - CMSIS Pack Vendor :STMicroelectronics X-CUBE-TCPP 4.1.0
2024-04-08 12:07:25,388 [INFO] LoadServerUpdatesThread:375 - End of LoadServerUpdate Thread
2024-04-08 12:07:25,403 [INFO] WebApp:161 - Instantiating new browser for Auth
2024-04-08 12:07:25,466 [INFO] CheckServerUpdateThread:120 - End of CheckServer Thread
2024-04-08 12:07:26,228 [INFO] WebApp:780 - Register for checkConnection events
2024-04-08 12:07:26,228 [INFO] WebApp:414 - Apply proxy settings
2024-04-08 12:07:26,228 [INFO] WebApp:499 - Chromium requires no authentication
2024-04-08 12:07:26,244 [INFO] WebApp:442 - Direct internet connection detected
2024-04-08 12:07:26,476 [WARN] PackLoader:240 - Cannot read IP mode file for STMicroelectronics.X-CUBE-SMBUS.2.1.0
2024-04-08 12:07:26,493 [WARN] PackLoader:240 - Cannot read IP mode file for STMicroelectronics.X-CUBE-TOUCHGFX.4.23.1
2024-04-08 12:07:26,501 [WARN] PackLoader:240 - Cannot read IP mode file for STMicroelectronics.X-CUBE-TOUCHGFX.4.23.0
2024-04-08 12:07:26,501 [WARN] PackLoader:240 - Cannot read IP mode file for STMicroelectronics.X-CUBE-TOUCHGFX.4.23.2
2024-04-08 12:07:26,564 [WARN] PackLoader:240 - Cannot read IP mode file for STMicroelectronics.X-CUBE-AZRTOS-F7.1.1.0
2024-04-08 12:07:26,595 [WARN] PackLoader:240 - Cannot read IP mode file for STMicroelectronics.FP-SNS-MOTENV1.4.3.2
2024-04-08 12:07:26,595 [INFO] WebApp:192 - Starting web application
2024-04-08 12:07:26,595 [INFO] WebApp:544 - Web application path used C:\ST\STM32CubeIDE_1.14.1\STM32CubeIDE\plugins\com.st.stm32cube.common.mx_6.10.0.202311202037\db\plugins\mcufinder\reactClient1\index.html
2024-04-08 12:07:26,595 [WARN] PackLoader:240 - Cannot read IP mode file for STMicroelectronics.FP-SNS-FLIGHT1.5.0.2
2024-04-08 12:07:26,627 [WARN] PackLoader:240 - Cannot read IP mode file for STMicroelectronics.X-CUBE-DISPLAY.3.0.0
2024-04-08 12:07:26,651 [WARN] PackLoader:240 - Cannot read IP mode file for STMicroelectronics.X-CUBE-BLE1.7.0.0
2024-04-08 12:07:26,675 [WARN] PackLoader:240 - Cannot read IP mode file for emotas.I-CUBE-CANOPEN.1.3.0
2024-04-08 12:07:26,702 [WARN] PackLoader:240 - Cannot read IP mode file for STMicroelectronics.X-CUBE-BLEMGR.3.1.0
2024-04-08 12:07:26,724 [WARN] PackLoader:240 - Cannot read IP mode file for STMicroelectronics.FP-SNS-SMARTAG2.1.2.0
2024-04-08 12:07:26,739 [INFO] LogOutputStream:77 - [STDOUT_REDIRECT] 1 : Invalid condition id : UX_CORESTACK_Condition cause : null
2024-04-08 12:07:26,739 [INFO] LogOutputStream:77 - [STDOUT_REDIRECT] 1 : Invalid condition id : UX_CORESTACK_Condition cause : null
2024-04-08 12:07:26,748 [INFO] LogOutputStream:77 - [STDOUT_REDIRECT] 1 : Invalid condition id : UX_CORESTACK_Condition cause : null
2024-04-08 12:07:26,750 [INFO] LogOutputStream:77 - [STDOUT_REDIRECT] 1 : Invalid condition id : UX_CORESTACK_Condition cause : null
2024-04-08 12:07:26,750 [INFO] LogOutputStream:77 - [STDOUT_REDIRECT] 1 : Invalid condition id : UX_CORESTACK_Condition cause : null
2024-04-08 12:07:26,756 [WARN] PackLoader:240 - Cannot read IP mode file for STMicroelectronics.X-CUBE-AZRTOS-WL.2.0.0
2024-04-08 12:07:26,773 [WARN] PackLoader:240 - Cannot read IP mode file for STMicroelectronics.FP-SNS-MOTENV1.5.0.0
2024-04-08 12:07:26,797 [WARN] PackLoader:240 - Cannot read IP mode file for WES.I-CUBE-Cesium.1.3.0
2024-04-08 12:07:26,813 [WARN] PackLoader:240 - Cannot read IP mode file for STMicroelectronics.X-CUBE-BLE2.3.3.0
2024-04-08 12:07:26,818 [WARN] PackLoader:240 - Cannot read IP mode file for STMicroelectronics.X-CUBE-TCPP.4.1.0
2024-04-08 12:07:26,845 [WARN] PackLoader:240 - Cannot read IP mode file for STMicroelectronics.X-CUBE-ALGOBUILD.1.3.0
2024-04-08 12:07:26,869 [WARN] PackLoader:240 - Cannot read IP mode file for STMicroelectronics.X-CUBE-AZRTOS-G0.1.1.0
2024-04-08 12:07:26,900 [WARN] PackLoader:240 - Cannot read IP mode file for STMicroelectronics.X-CUBE-SAFEA1.1.2.2
2024-04-08 12:07:26,916 [WARN] PackLoader:240 - Cannot read IP mode file for STMicroelectronics.X-CUBE-NFC4.3.0.0
2024-04-08 12:07:26,939 [WARN] PackLoader:240 - Cannot read IP mode file for STMicroelectronics.X-CUBE-BLEMGR.3.0.0
2024-04-08 12:07:26,947 [WARN] PackLoader:240 - Cannot read IP mode file for STMicroelectronics.FP-ATR-SIGFOX1.3.2.0
2024-04-08 12:07:26,963 [WARN] PackLoader:240 - Cannot read IP mode file for STMicroelectronics.X-CUBE-EEPRMA1.5.1.0
2024-04-08 12:07:27,010 [WARN] PackLoader:240 - Cannot read IP mode file for SEGGER.I-CUBE-embOS.1.3.1
2024-04-08 12:07:27,058 [WARN] PackLoader:240 - Cannot read IP mode file for STMicroelectronics.X-CUBE-GNSS1.6.0.0
2024-04-08 12:07:27,089 [WARN] PackLoader:240 - Cannot read IP mode file for STMicroelectronics.X-CUBE-AZRTOS-F4.1.1.0
2024-04-08 12:07:27,104 [WARN] PackLoader:240 - Cannot read IP mode file for wolfSSL.I-CUBE-wolfSSL.5.6.6
2024-04-08 12:07:27,139 [WARN] PackLoader:240 - Cannot read IP mode file for STMicroelectronics.X-CUBE-AZRTOS-L5.2.0.0
2024-04-08 12:07:27,152 [WARN] PackLoader:240 - Cannot read IP mode file for STMicroelectronics.X-CUBE-EEPRMA1.4.2.0
2024-04-08 12:07:27,167 [WARN] PackLoader:240 - Cannot read IP mode file for STMicroelectronics.X-CUBE-NFC6.3.1.0
2024-04-08 12:07:27,183 [WARN] PackLoader:240 - Cannot read IP mode file for ITTIA_DB.I-CUBE-ITTIADB.8.8.0
2024-04-08 12:07:27,199 [WARN] PackLoader:240 - Cannot read IP mode file for STMicroelectronics.X-CUBE-NFC7.1.0.1
2024-04-08 12:07:27,214 [WARN] PackLoader:240 - Cannot read IP mode file for STMicroelectronics.X-CUBE-NFC6.3.0.0
2024-04-08 12:07:27,230 [WARN] PackLoader:240 - Cannot read IP mode file for STMicroelectronics.X-CUBE-AI.8.1.0
2024-04-08 12:07:27,246 [WARN] ConditionMgr:438 - getConditionDescription Invalid condition id : LAN8742 Phy interface Condition cause : null
2024-04-08 12:07:27,246 [WARN] PackLoader:240 - Cannot read IP mode file for STMicroelectronics.X-CUBE-AZRTOS-L4.2.0.0
2024-04-08 12:07:27,246 [WARN] ConditionMgr:1039 - genDependencies : Invalid condition id : LAN8742 Phy interface Condition cause : null
2024-04-08 12:07:27,246 [WARN] ConditionMgr:1039 - genDependencies : Invalid condition id : LAN8742 Phy interface Condition cause : null
2024-04-08 12:07:27,246 [WARN] ConditionMgr:1039 - genDependencies : Invalid condition id : LAN8742 Phy interface Condition cause : null
2024-04-08 12:07:27,262 [WARN] PackLoader:240 - Cannot read IP mode file for STMicroelectronics.X-CUBE-SFXS2LP1.4.0.0
2024-04-08 12:07:27,293 [WARN] ConditionMgr:438 - getConditionDescription Invalid condition id : UX DEVICE CLASS RTOS Condition cause : null
2024-04-08 12:07:27,293 [WARN] ConditionMgr:438 - getConditionDescription Invalid condition id : UX DEVICE CLASS RTOS Condition cause : null
2024-04-08 12:07:27,293 [WARN] PackLoader:240 - Cannot read IP mode file for STMicroelectronics.X-CUBE-AZRTOS-WB.2.0.0
2024-04-08 12:07:27,293 [WARN] ConditionMgr:1039 - genDependencies : Invalid condition id : UX DEVICE CLASS RTOS Condition cause : null
2024-04-08 12:07:27,293 [WARN] ConditionMgr:1039 - genDependencies : Invalid condition id : UX DEVICE CLASS RTOS Condition cause : null
2024-04-08 12:07:27,293 [WARN] ConditionMgr:1039 - genDependencies : Invalid condition id : UX DEVICE CLASS RTOS Condition cause : null
2024-04-08 12:07:27,293 [WARN] ConditionMgr:1039 - genDependencies : Invalid condition id : UX DEVICE CLASS RTOS Condition cause : null
2024-04-08 12:07:27,293 [WARN] ConditionMgr:1039 - genDependencies : Invalid condition id : UX DEVICE CLASS RTOS Condition cause : null
2024-04-08 12:07:27,308 [WARN] PackLoader:240 - Cannot read IP mode file for STMicroelectronics.X-CUBE-SUBG2.5.0.0
2024-04-08 12:07:27,340 [WARN] PackLoader:240 - Cannot read IP mode file for STMicroelectronics.X-CUBE-AZRTOS-G4.2.0.0
2024-04-08 12:07:27,355 [WARN] PackLoader:240 - Cannot read IP mode file for Infineon.AIROC-Wi-Fi-Bluetooth-STM32.1.5.1
2024-04-08 12:07:27,371 [WARN] PackLoader:240 - Cannot read IP mode file for STMicroelectronics.FP-SNS-MOTENVWB1.1.3.1
2024-04-08 12:07:27,386 [WARN] PackLoader:240 - Cannot read IP mode file for STMicroelectronics.X-CUBE-ISPU.2.0.0
2024-04-08 12:07:27,418 [WARN] PackLoader:240 - Cannot read IP mode file for STMicroelectronics.X-CUBE-MEMS1.10.0.0
2024-04-08 12:07:27,512 [WARN] PackLoader:240 - Cannot read IP mode file for STMicroelectronics.X-CUBE-FREERTOS.1.1.0
2024-04-08 12:07:27,512 [WARN] PackLoader:240 - Cannot read IP mode file for portGmbH.I-Cube-SoM-uGOAL.1.1.0
2024-04-08 12:07:27,528 [WARN] PackLoader:240 - Cannot read IP mode file for STMicroelectronics.X-CUBE-ALS.1.0.1
2024-04-08 12:07:27,540 [WARN] PackLoader:240 - Cannot read IP mode file for STMicroelectronics.FP-ATR-ASTRA1.2.0.0
2024-04-08 12:07:27,544 [WARN] PackLoader:240 - Cannot read IP mode file for STMicroelectronics.X-CUBE-TOF1.3.4.0
2024-04-08 12:07:27,590 [WARN] PackLoader:240 - Cannot read IP mode file for STMicroelectronics.X-CUBE-TOF1.3.4.1
2024-04-08 12:07:27,622 [WARN] PackLoader:240 - Cannot read IP mode file for STMicroelectronics.X-CUBE-AZRTOS-H7.3.2.0
2024-04-08 12:07:27,622 [INFO] ThirdParty:978 - Integrity check success = true
2024-04-08 12:07:27,622 [INFO] IntegrityCheckThread:100 - exiting critical section [integrity check]
2024-04-08 12:07:27,622 [INFO] IntegrityCheckThread:103 - End integrity checks thread
2024-04-08 12:07:48,009 [ERROR] LogOutputStream:75 - [STDERR_REDIRECT] SLF4J: Failed to load class "org.slf4j.impl.StaticLoggerBinder".
2024-04-08 12:07:48,011 [ERROR] LogOutputStream:75 - [STDERR_REDIRECT] SLF4J: Defaulting to no-operation (NOP) logger implementation
2024-04-08 12:07:48,013 [ERROR] LogOutputStream:75 - [STDERR_REDIRECT] SLF4J: See http://www.slf4j.org/codes.html#StaticLoggerBinder for further details.
2024-04-08 14:23:56,925 [ERROR] LogOutputStream:75 - [STDERR_REDIRECT] 
2024-04-08 14:23:56,926 [ERROR] LogOutputStream:75 - [STDERR_REDIRECT] 
