2024-03-25 12:58:32,132 [INFO] Activator:176 - 


2024-03-25 12:58:32,139 [INFO] Activator:177 - !SESSION log4j initialized
2024-03-25 12:58:40,845 [INFO] LogOutputStream:77 - [STDOUT_REDIRECT] 
2024-03-25 12:58:43,680 [INFO] ApplicationProperties:184 - Using Application install path: C:\ST\STM32CubeIDE_1.14.1\STM32CubeIDE\plugins\com.st.stm32cube.common.mx_6.10.0.202311202037
2024-03-25 12:58:43,700 [INFO] DbMcusXml:78 - Set database path to: C:\ST\STM32CubeIDE_1.14.1\STM32CubeIDE\plugins\com.st.stm32cube.common.mx_6.10.0.202311202037\\db\/mcu/
2024-03-25 12:58:43,700 [INFO] ApiDb:274 - Set plugin database path to: C:\ST\STM32CubeIDE_1.14.1\STM32CubeIDE\plugins\com.st.stm32cube.common.mx_6.10.0.202311202037\\db\/plugins/boardmanager/
2024-03-25 12:58:43,700 [WARN] ApiDb:259 - Overriding images path with different value:  => C:\ST\STM32CubeIDE_1.14.1\STM32CubeIDE\plugins\com.st.stm32cube.common.mx_6.10.0.202311202037\\db\/plugins/mcufinder/images/
2024-03-25 12:58:43,715 [INFO] ApiDb:250 - Set database path to: C:\Users\TuranyElijah\.stmcufinder\plugins\mcufinder//mcu/
2024-03-25 12:58:43,717 [INFO] DbMcusAds:125 - Set database path to: C:\Users\TuranyElijah\.stmcufinder\plugins\mcufinder//mcu/
2024-03-25 12:58:43,720 [INFO] CrossReferenceDbSqlite:203 - Set database path to: C:\Users\TuranyElijah\.stmcufinder\plugins\mcufinder//mcu/cs/
2024-03-25 12:58:43,898 [INFO] RulesReader:64 - Compatibility file has been processed (297 Rules)
2024-03-25 12:58:44,028 [INFO] DbMcusXml:78 - Set database path to: C:\ST\STM32CubeIDE_1.14.1\STM32CubeIDE\plugins\com.st.stm32cube.common.mx_6.10.0.202311202037\\db\/mcu/
2024-03-25 12:58:44,028 [INFO] ApiDb:274 - Set plugin database path to: C:\ST\STM32CubeIDE_1.14.1\STM32CubeIDE\plugins\com.st.stm32cube.common.mx_6.10.0.202311202037\\db\/plugins/boardmanager/
2024-03-25 12:58:44,028 [INFO] ApiDb:261 - Set plugin images path to: C:\ST\STM32CubeIDE_1.14.1\STM32CubeIDE\plugins\com.st.stm32cube.common.mx_6.10.0.202311202037\\db\/plugins/mcufinder/images/
2024-03-25 12:58:44,028 [WARN] DbFile:41 - Overriding database path with different value: C:\Users\TuranyElijah\.stmcufinder\plugins\mcufinder/ => C:\Users\TuranyElijah\.stmcufinder\plugins\mcufinder
2024-03-25 12:58:44,028 [INFO] ApiDb:250 - Set database path to: C:\Users\TuranyElijah\.stmcufinder\plugins\mcufinder//mcu/
2024-03-25 12:58:44,028 [WARN] DbFile:41 - Overriding database path with different value: C:\Users\TuranyElijah\.stmcufinder\plugins\mcufinder/ => C:\Users\TuranyElijah\.stmcufinder\plugins\mcufinder
2024-03-25 12:58:44,028 [INFO] DbMcusAds:125 - Set database path to: C:\Users\TuranyElijah\.stmcufinder\plugins\mcufinder//mcu/
2024-03-25 12:58:44,028 [WARN] DbFile:41 - Overriding database path with different value: C:\Users\TuranyElijah\.stmcufinder\plugins\mcufinder/ => C:\Users\TuranyElijah\.stmcufinder\plugins\mcufinder
2024-03-25 12:58:44,028 [WARN] DbFile:41 - Overriding database path with different value: C:\Users\TuranyElijah\.stmcufinder\plugins\mcufinder/ => C:\Users\TuranyElijah\.stmcufinder\plugins\mcufinder
2024-03-25 12:58:44,028 [INFO] CrossReferenceDbSqlite:203 - Set database path to: C:\Users\TuranyElijah\.stmcufinder\plugins\mcufinder//mcu/cs/
2024-03-25 12:58:44,145 [INFO] MainPanel:264 - HeapMemory: 268435456
2024-03-25 12:58:44,283 [INFO] DbMcusXml:78 - Set database path to: C:\ST\STM32CubeIDE_1.14.1\STM32CubeIDE\plugins\com.st.stm32cube.common.mx_6.10.0.202311202037\\db\/mcu/
2024-03-25 12:58:44,283 [INFO] ApiDb:274 - Set plugin database path to: C:\ST\STM32CubeIDE_1.14.1\STM32CubeIDE\plugins\com.st.stm32cube.common.mx_6.10.0.202311202037\\db\/plugins/boardmanager/
2024-03-25 12:58:44,283 [INFO] ApiDb:261 - Set plugin images path to: C:\ST\STM32CubeIDE_1.14.1\STM32CubeIDE\plugins\com.st.stm32cube.common.mx_6.10.0.202311202037\\db\/plugins/mcufinder/images/
2024-03-25 12:58:44,283 [WARN] DbFile:41 - Overriding database path with different value: C:\Users\TuranyElijah\.stmcufinder\plugins\mcufinder/ => C:\Users\TuranyElijah\.stmcufinder\plugins\mcufinder
2024-03-25 12:58:44,284 [INFO] ApiDb:250 - Set database path to: C:\Users\TuranyElijah\.stmcufinder\plugins\mcufinder//mcu/
2024-03-25 12:58:44,284 [WARN] DbFile:41 - Overriding database path with different value: C:\Users\TuranyElijah\.stmcufinder\plugins\mcufinder/ => C:\Users\TuranyElijah\.stmcufinder\plugins\mcufinder
2024-03-25 12:58:44,284 [INFO] DbMcusAds:125 - Set database path to: C:\Users\TuranyElijah\.stmcufinder\plugins\mcufinder//mcu/
2024-03-25 12:58:44,284 [WARN] DbFile:41 - Overriding database path with different value: C:\Users\TuranyElijah\.stmcufinder\plugins\mcufinder/ => C:\Users\TuranyElijah\.stmcufinder\plugins\mcufinder
2024-03-25 12:58:44,284 [WARN] DbFile:41 - Overriding database path with different value: C:\Users\TuranyElijah\.stmcufinder\plugins\mcufinder/ => C:\Users\TuranyElijah\.stmcufinder\plugins\mcufinder
2024-03-25 12:58:44,284 [INFO] CrossReferenceDbSqlite:203 - Set database path to: C:\Users\TuranyElijah\.stmcufinder\plugins\mcufinder//mcu/cs/
2024-03-25 12:58:44,308 [INFO] ApplicationProperties:184 - Using Application install path: C:\ST\STM32CubeIDE_1.14.1\STM32CubeIDE\plugins\com.st.stm32cube.common.mx_6.10.0.202311202037
2024-03-25 12:58:44,311 [INFO] PluginManage:196 - Search for loadable plugins [exclusion list=, ]
2024-03-25 12:58:44,312 [INFO] PluginManage:310 - Check plugin analytics
2024-03-25 12:58:44,603 [INFO] AnalyticsPlugin:253 - Accepted Software Licenses: STM32CubeMX.6.10.0
2024-03-25 12:58:44,603 [INFO] AnalyticsPlugin:255 - Accepted CMSIS Pack Licenses: 
2024-03-25 12:58:44,603 [INFO] AnalyticsPlugin:257 - Accepted Firmware Licenses: 
2024-03-25 12:58:44,607 [INFO] PluginManage:359 - Loaded plugin analytics (category:tool,tabindex:-1)
2024-03-25 12:58:44,607 [INFO] PluginManage:310 - Check plugin cadmodel
2024-03-25 12:58:44,625 [INFO] CADModel:105 - Init CAD model plugin
2024-03-25 12:58:44,625 [INFO] PluginManage:359 - Loaded plugin cadmodel (category:power,tabindex:5)
2024-03-25 12:58:44,625 [INFO] PluginManage:310 - Check plugin clock
2024-03-25 12:58:44,651 [INFO] PluginManage:359 - Loaded plugin clock (category:base,tabindex:2)
2024-03-25 12:58:44,651 [INFO] PluginManage:310 - Check plugin ddr
2024-03-25 12:58:44,655 [INFO] PluginManage:359 - Loaded plugin ddr (category:tool,tabindex:6)
2024-03-25 12:58:44,656 [INFO] PluginManage:310 - Check plugin filemanager
2024-03-25 12:58:44,805 [INFO] PluginManage:359 - Loaded plugin filemanager (category:base,tabindex:10)
2024-03-25 12:58:44,805 [INFO] PluginManage:310 - Check plugin ipmanager
2024-03-25 12:58:44,816 [INFO] PluginManage:359 - Loaded plugin ipmanager (category:base,tabindex:5)
2024-03-25 12:58:44,816 [INFO] PluginManage:310 - Check plugin lpbam
2024-03-25 12:58:44,835 [INFO] PluginManage:359 - Loaded plugin lpbam (category:base,tabindex:0)
2024-03-25 12:58:44,835 [INFO] PluginManage:310 - Check plugin memorymap
2024-03-25 12:58:44,863 [INFO] PluginManage:359 - Loaded plugin memorymap (category:base,tabindex:4)
2024-03-25 12:58:44,864 [INFO] PluginManage:310 - Check plugin pinoutandconfiguration
2024-03-25 12:58:44,883 [INFO] PluginManage:359 - Loaded plugin pinoutandconfiguration (category:base,tabindex:1)
2024-03-25 12:58:44,883 [INFO] PluginManage:310 - Check plugin pinoutconfig
2024-03-25 12:58:45,014 [WARN] SupportedApi:132 - Cannot load RTOS API schema: s4s-elt-must-match.1: The content of 'definitions' must match (annotation?, (simpleType | complexType)?, (unique | key | keyref)*)). A problem was found starting at: attribute.
2024-03-25 12:58:45,180 [INFO] PluginManage:359 - Loaded plugin pinoutconfig (category:base,tabindex:0)
2024-03-25 12:58:45,180 [INFO] PluginManage:310 - Check plugin power
2024-03-25 12:58:45,201 [INFO] PluginManage:359 - Loaded plugin power (category:power,tabindex:4)
2024-03-25 12:58:45,201 [INFO] PluginManage:310 - Check plugin projectmanager
2024-03-25 12:58:45,218 [INFO] PluginManage:359 - Loaded plugin projectmanager (category:projectmanager,tabindex:3)
2024-03-25 12:58:45,218 [INFO] PluginManage:310 - Check plugin thirdparty
2024-03-25 12:58:45,513 [INFO] PluginManage:359 - Loaded plugin thirdparty (category:base,tabindex:-1)
2024-03-25 12:58:45,513 [WARN] IntegrityCheckThread:84 - waiting for thirdparty lock release [integrity check]
2024-03-25 12:58:45,513 [INFO] PluginManage:310 - Check plugin tools
2024-03-25 12:58:45,514 [INFO] IntegrityCheckThread:86 - entering critical section [integrity check]
2024-03-25 12:58:45,515 [INFO] ThirdPartyUpdaterWithRetryManager:70 - Updater plugin not ready yet. [1/15]
2024-03-25 12:58:45,564 [INFO] PluginManage:359 - Loaded plugin tools (category:base,tabindex:7)
2024-03-25 12:58:45,564 [INFO] PluginManage:310 - Check plugin tutovideos
2024-03-25 12:58:45,765 [INFO] PluginManage:359 - Loaded plugin tutovideos (category:base,tabindex:-1)
2024-03-25 12:58:45,765 [INFO] PluginManage:310 - Check plugin updater
2024-03-25 12:58:45,777 [INFO] PluginManage:359 - Loaded plugin updater (category:base,tabindex:12)
2024-03-25 12:58:45,777 [INFO] PluginManage:310 - Check plugin userauth
2024-03-25 12:58:45,784 [INFO] UserAuth:114 - Init User Auth plugin
2024-03-25 12:58:45,784 [INFO] PluginManage:359 - Loaded plugin userauth (category:base,tabindex:14)
2024-03-25 12:58:45,784 [INFO] PluginManage:283 - PluginManage : Loaded plugins [17]
2024-03-25 12:58:46,009 [INFO] PinOutPanel:1499 - setPackage(No Configuration,No Configuration)
2024-03-25 12:58:46,087 [INFO] CADModel:165 - CPN selected for project level
2024-03-25 12:58:46,088 [INFO] CADModel:114 - Register for checkConnection events
2024-03-25 12:58:46,121 [INFO] IPUIPlugin:80 - create IPUIPlugin
2024-03-25 12:58:46,122 [INFO] PluginManager:220 - loadIPPluginJar : add adc
2024-03-25 12:58:46,163 [INFO] IPUIPlugin:80 - create IPUIPlugin
2024-03-25 12:58:46,164 [INFO] PluginManager:220 - loadIPPluginJar : add aes
2024-03-25 12:58:46,207 [INFO] IPUIPlugin:80 - create IPUIPlugin
2024-03-25 12:58:46,207 [INFO] PluginManager:220 - loadIPPluginJar : add can
2024-03-25 12:58:46,230 [INFO] IPUIPlugin:80 - create IPUIPlugin
2024-03-25 12:58:46,231 [INFO] PluginManager:220 - loadIPPluginJar : add comp
2024-03-25 12:58:46,262 [INFO] IPUIPlugin:80 - create IPUIPlugin
2024-03-25 12:58:46,262 [INFO] PluginManager:220 - loadIPPluginJar : add cryp
2024-03-25 12:58:46,291 [INFO] IPUIPlugin:80 - create IPUIPlugin
2024-03-25 12:58:46,291 [INFO] PluginManager:220 - loadIPPluginJar : add dfsdm
2024-03-25 12:58:46,305 [INFO] IPUIPlugin:80 - create IPUIPlugin
2024-03-25 12:58:46,305 [INFO] PluginManager:220 - loadIPPluginJar : add dma
2024-03-25 12:58:46,344 [INFO] IPUIPlugin:80 - create IPUIPlugin
2024-03-25 12:58:46,344 [INFO] PluginManager:220 - loadIPPluginJar : add dma3
2024-03-25 12:58:46,362 [INFO] IPUIPlugin:80 - create IPUIPlugin
2024-03-25 12:58:46,362 [INFO] PluginManager:220 - loadIPPluginJar : add fatfs
2024-03-25 12:58:46,405 [INFO] IPUIPlugin:80 - create IPUIPlugin
2024-03-25 12:58:46,405 [INFO] PluginManager:220 - loadIPPluginJar : add fmc
2024-03-25 12:58:46,421 [INFO] IPUIPlugin:80 - create IPUIPlugin
2024-03-25 12:58:46,421 [INFO] PluginManager:220 - loadIPPluginJar : add freertos
2024-03-25 12:58:46,440 [INFO] IPUIPlugin:80 - create IPUIPlugin
2024-03-25 12:58:46,441 [INFO] PluginManager:220 - loadIPPluginJar : add genericplugin
2024-03-25 12:58:46,522 [INFO] IPUIPlugin:80 - create IPUIPlugin
2024-03-25 12:58:46,522 [INFO] PluginManager:220 - loadIPPluginJar : add gfxmmu
2024-03-25 12:58:46,633 [INFO] IPUIPlugin:80 - create IPUIPlugin
2024-03-25 12:58:46,633 [INFO] PluginManager:220 - loadIPPluginJar : add gic
2024-03-25 12:58:46,647 [INFO] IPUIPlugin:80 - create IPUIPlugin
2024-03-25 12:58:46,648 [INFO] PluginManager:220 - loadIPPluginJar : add gpio
2024-03-25 12:58:46,736 [INFO] IPUIPlugin:80 - create IPUIPlugin
2024-03-25 12:58:46,736 [INFO] PluginManager:220 - loadIPPluginJar : add gtzc
2024-03-25 12:58:46,766 [INFO] IPUIPlugin:80 - create IPUIPlugin
2024-03-25 12:58:46,767 [INFO] PluginManager:220 - loadIPPluginJar : add hash
2024-03-25 12:58:46,814 [INFO] IPUIPlugin:80 - create IPUIPlugin
2024-03-25 12:58:46,814 [INFO] PluginManager:220 - loadIPPluginJar : add i2c
2024-03-25 12:58:46,849 [INFO] IPUIPlugin:80 - create IPUIPlugin
2024-03-25 12:58:46,849 [INFO] PluginManager:220 - loadIPPluginJar : add i2s
2024-03-25 12:58:46,888 [INFO] IPUIPlugin:80 - create IPUIPlugin
2024-03-25 12:58:46,888 [INFO] PluginManager:220 - loadIPPluginJar : add i3c
2024-03-25 12:58:46,987 [INFO] IPUIPlugin:80 - create IPUIPlugin
2024-03-25 12:58:46,987 [INFO] PluginManager:220 - loadIPPluginJar : add ipddr
2024-03-25 12:58:47,069 [INFO] IPUIPlugin:80 - create IPUIPlugin
2024-03-25 12:58:47,070 [INFO] PluginManager:220 - loadIPPluginJar : add linkedlist
2024-03-25 12:58:47,106 [INFO] IPUIPlugin:80 - create IPUIPlugin
2024-03-25 12:58:47,106 [INFO] PluginManager:220 - loadIPPluginJar : add lorawan
2024-03-25 12:58:47,137 [INFO] IPUIPlugin:80 - create IPUIPlugin
2024-03-25 12:58:47,137 [INFO] PluginManager:220 - loadIPPluginJar : add ltdc
2024-03-25 12:58:47,151 [INFO] IPUIPlugin:80 - create IPUIPlugin
2024-03-25 12:58:47,152 [INFO] PluginManager:220 - loadIPPluginJar : add mdma
2024-03-25 12:58:47,164 [INFO] IPUIPlugin:80 - create IPUIPlugin
2024-03-25 12:58:47,164 [INFO] PluginManager:220 - loadIPPluginJar : add nvic
2024-03-25 12:58:47,197 [INFO] IPUIPlugin:80 - create IPUIPlugin
2024-03-25 12:58:47,197 [INFO] PluginManager:220 - loadIPPluginJar : add opamp
2024-03-25 12:58:47,248 [INFO] IPUIPlugin:80 - create IPUIPlugin
2024-03-25 12:58:47,248 [INFO] PluginManager:220 - loadIPPluginJar : add openamp
2024-03-25 12:58:47,285 [INFO] IPUIPlugin:80 - create IPUIPlugin
2024-03-25 12:58:47,285 [INFO] PluginManager:220 - loadIPPluginJar : add pdm2pcm
2024-03-25 12:58:47,299 [INFO] IPUIPlugin:80 - create IPUIPlugin
2024-03-25 12:58:47,301 [INFO] PluginManager:220 - loadIPPluginJar : add plateformsettings
2024-03-25 12:58:47,322 [INFO] IPUIPlugin:80 - create IPUIPlugin
2024-03-25 12:58:47,322 [INFO] PluginManager:220 - loadIPPluginJar : add quadspi
2024-03-25 12:58:47,333 [INFO] IPUIPlugin:80 - create IPUIPlugin
2024-03-25 12:58:47,334 [INFO] PluginManager:220 - loadIPPluginJar : add resmgrutility
2024-03-25 12:58:47,377 [INFO] IPUIPlugin:80 - create IPUIPlugin
2024-03-25 12:58:47,377 [INFO] PluginManager:220 - loadIPPluginJar : add sai
2024-03-25 12:58:47,413 [INFO] IPUIPlugin:80 - create IPUIPlugin
2024-03-25 12:58:47,413 [INFO] PluginManager:220 - loadIPPluginJar : add spi
2024-03-25 12:58:47,510 [INFO] IPUIPlugin:80 - create IPUIPlugin
2024-03-25 12:58:47,510 [INFO] PluginManager:220 - loadIPPluginJar : add stm32_wpan
2024-03-25 12:58:47,535 [INFO] IPUIPlugin:80 - create IPUIPlugin
2024-03-25 12:58:47,535 [INFO] PluginManager:220 - loadIPPluginJar : add tim
2024-03-25 12:58:47,586 [INFO] IPUIPlugin:80 - create IPUIPlugin
2024-03-25 12:58:47,586 [INFO] PluginManager:220 - loadIPPluginJar : add touchsensing
2024-03-25 12:58:47,608 [INFO] IPUIPlugin:80 - create IPUIPlugin
2024-03-25 12:58:47,608 [INFO] PluginManager:220 - loadIPPluginJar : add tracer_emb
2024-03-25 12:58:47,630 [INFO] IPUIPlugin:80 - create IPUIPlugin
2024-03-25 12:58:47,630 [INFO] PluginManager:220 - loadIPPluginJar : add ts
2024-03-25 12:58:47,650 [INFO] IPUIPlugin:80 - create IPUIPlugin
2024-03-25 12:58:47,650 [INFO] PluginManager:220 - loadIPPluginJar : add tsc
2024-03-25 12:58:47,672 [INFO] IPUIPlugin:80 - create IPUIPlugin
2024-03-25 12:58:47,672 [INFO] PluginManager:220 - loadIPPluginJar : add ucpd
2024-03-25 12:58:47,715 [INFO] IPUIPlugin:80 - create IPUIPlugin
2024-03-25 12:58:47,715 [INFO] PluginManager:220 - loadIPPluginJar : add usart
2024-03-25 12:58:47,759 [INFO] IPUIPlugin:80 - create IPUIPlugin
2024-03-25 12:58:47,759 [INFO] PluginManager:220 - loadIPPluginJar : add usbx
2024-03-25 12:58:47,895 [INFO] CADModel:165 - CPN selected for project level
2024-03-25 12:58:47,895 [INFO] CADModel:114 - Register for checkConnection events
2024-03-25 12:58:47,896 [FATAL] Updater:308 - Updater called before beeing initialized
2024-03-25 12:58:47,896 [ERROR] CADModel:125 - Updater not yet initialized, retry later 
2024-03-25 12:58:48,069 [INFO] CADModel:165 - CPN selected for project level
2024-03-25 12:58:48,070 [INFO] CADModel:114 - Register for checkConnection events
2024-03-25 12:58:48,070 [FATAL] Updater:308 - Updater called before beeing initialized
2024-03-25 12:58:48,070 [ERROR] CADModel:125 - Updater not yet initialized, retry later 
2024-03-25 12:58:48,073 [FATAL] Updater:308 - Updater called before beeing initialized
2024-03-25 12:58:48,202 [FATAL] Updater:308 - Updater called before beeing initialized
2024-03-25 12:58:48,213 [INFO] DbMcusAds:53 - JSON generation date=Wed Nov 29 04:52:27 CST 2023 (1701255147349)
2024-03-25 12:58:48,213 [FATAL] Updater:308 - Updater called before beeing initialized
2024-03-25 12:58:48,290 [WARN] DetailPanel:346 - Failed to get advertising image, set to default
2024-03-25 12:58:48,429 [FATAL] Updater:308 - Updater called before beeing initialized
2024-03-25 12:58:48,432 [FATAL] Updater:308 - Updater called before beeing initialized
2024-03-25 12:58:48,432 [FATAL] Updater:308 - Updater called before beeing initialized
2024-03-25 12:58:48,432 [WARN] DetailPanel:346 - Failed to get advertising image, set to default
2024-03-25 12:58:48,433 [FATAL] Updater:308 - Updater called before beeing initialized
2024-03-25 12:58:48,495 [ERROR] Updater:1120 - MainUpdater not yet initialized. External WinMGr cannot be set.
2024-03-25 12:58:48,505 [INFO] Updater:1056 - Updater Version found : 6.10.0
2024-03-25 12:58:48,518 [INFO] ThirdPartyUpdaterWithRetryManager:70 - Updater plugin not ready yet. [2/15]
2024-03-25 12:58:48,521 [INFO] ApplicationProperties:184 - Using Application install path: C:\ST\STM32CubeIDE_1.14.1\STM32CubeIDE\plugins\com.st.stm32cube.common.mx_6.10.0.202311202037
2024-03-25 12:58:50,104 [ERROR] LogOutputStream:75 - [STDERR_REDIRECT] Mar 25, 2024 12:58:50 PM java.util.prefs.WindowsPreferences <init>
2024-03-25 12:58:50,106 [ERROR] LogOutputStream:75 - [STDERR_REDIRECT] WARNING: Could not open/create prefs root node Software\JavaSoft\Prefs at root 0xffffffff80000002. Windows RegCreateKeyEx(...) returned error code 5.
2024-03-25 12:58:50,107 [ERROR] LogOutputStream:75 - [STDERR_REDIRECT] 
2024-03-25 12:58:50,523 [INFO] MainUpdater:2873 - connection check result : 10
2024-03-25 12:58:50,525 [INFO] MainUpdater:3567 - Updater definition file requires update
2024-03-25 12:58:50,526 [INFO] MainUpdater:290 - Updater Check For Update Now.
2024-03-25 12:58:50,526 [INFO] MicroXplorer:498 - Change Database Version : DB.6.0.100
2024-03-25 12:58:50,565 [INFO] McuFinderGlobals:63 - Set McuFinder mode to 2 (CubeIDE integrated)
2024-03-25 12:58:50,565 [INFO] UserAuth:180 - activating auth plugin
2024-03-25 12:58:50,570 [INFO] UserAuth:404 - Internet connection configuration mode: 1
2024-03-25 12:58:50,585 [INFO] ServerAccessManage:473 - Download File updaters.zip
2024-03-25 12:58:50,611 [INFO] JxBrowserEngine:152 - Initiate JxBrowser Engine with user profile folder
2024-03-25 12:58:50,726 [INFO] FileExtend:240 - Unzip File : updaters.zip
2024-03-25 12:58:50,726 [INFO] FileExtend:255 - Standard Zip Deflate
2024-03-25 12:58:51,257 [INFO] ServerAccessManage:473 - Download File PacksControlFlags.xml
2024-03-25 12:58:51,384 [INFO] ServerAccessManage:473 - Download File cubemx.pidx
2024-03-25 12:58:51,519 [WARN] MainUpdater:1194 - Updater busy. Cannot search thirdparties
2024-03-25 12:58:51,520 [INFO] ThirdPartyUpdaterWithRetryManager:96 - Updater plugin is busy. [1/15]
2024-03-25 12:58:52,420 [INFO] ServerAccessManage:473 - Download File STMicroelectronics.X-CUBE-NFC6.pdsc
2024-03-25 12:58:53,325 [WARN] PackLoader:240 - Cannot read IP mode file for STMicroelectronics.X-CUBE-NFC6.3.1.0
2024-03-25 12:58:53,335 [INFO] PopulateThirdPartyThread:66 - Ending populate Thread
2024-03-25 12:58:53,337 [INFO] ThirdParty:1030 - CMSIS Pack Vendor :STMicroelectronics X-CUBE-NFC6 3.1.0
2024-03-25 12:58:53,338 [INFO] LoadServerUpdatesThread:375 - End of LoadServerUpdate Thread
2024-03-25 12:58:53,430 [INFO] CheckServerUpdateThread:120 - End of CheckServer Thread
2024-03-25 12:58:54,795 [WARN] PackLoader:240 - Cannot read IP mode file for STMicroelectronics.X-CUBE-SMBUS.2.1.0
2024-03-25 12:58:54,810 [WARN] PackLoader:240 - Cannot read IP mode file for STMicroelectronics.X-CUBE-TOUCHGFX.4.23.0
2024-03-25 12:58:54,861 [WARN] PackLoader:240 - Cannot read IP mode file for STMicroelectronics.X-CUBE-AZRTOS-F7.1.1.0
2024-03-25 12:58:54,886 [WARN] PackLoader:240 - Cannot read IP mode file for STMicroelectronics.FP-SNS-MOTENV1.4.3.2
2024-03-25 12:58:54,896 [WARN] PackLoader:240 - Cannot read IP mode file for STMicroelectronics.FP-SNS-FLIGHT1.5.0.2
2024-03-25 12:58:54,915 [WARN] PackLoader:240 - Cannot read IP mode file for STMicroelectronics.X-CUBE-DISPLAY.3.0.0
2024-03-25 12:58:54,938 [WARN] PackLoader:240 - Cannot read IP mode file for STMicroelectronics.X-CUBE-BLE1.7.0.0
2024-03-25 12:58:54,956 [WARN] PackLoader:240 - Cannot read IP mode file for emotas.I-CUBE-CANOPEN.1.3.0
2024-03-25 12:58:55,055 [WARN] PackLoader:240 - Cannot read IP mode file for STMicroelectronics.X-CUBE-BLEMGR.3.1.0
2024-03-25 12:58:55,084 [WARN] PackLoader:240 - Cannot read IP mode file for STMicroelectronics.FP-SNS-SMARTAG2.1.2.0
2024-03-25 12:58:55,128 [INFO] LogOutputStream:77 - [STDOUT_REDIRECT] 1 : Invalid condition id : UX_CORESTACK_Condition cause : null
2024-03-25 12:58:55,129 [INFO] LogOutputStream:77 - [STDOUT_REDIRECT] 1 : Invalid condition id : UX_CORESTACK_Condition cause : null
2024-03-25 12:58:55,132 [INFO] LogOutputStream:77 - [STDOUT_REDIRECT] 1 : Invalid condition id : UX_CORESTACK_Condition cause : null
2024-03-25 12:58:55,137 [INFO] LogOutputStream:77 - [STDOUT_REDIRECT] 1 : Invalid condition id : UX_CORESTACK_Condition cause : null
2024-03-25 12:58:55,139 [INFO] LogOutputStream:77 - [STDOUT_REDIRECT] 1 : Invalid condition id : UX_CORESTACK_Condition cause : null
2024-03-25 12:58:55,150 [WARN] PackLoader:240 - Cannot read IP mode file for STMicroelectronics.X-CUBE-AZRTOS-WL.2.0.0
2024-03-25 12:58:55,190 [WARN] PackLoader:240 - Cannot read IP mode file for WES.I-CUBE-Cesium.1.3.0
2024-03-25 12:58:55,209 [WARN] PackLoader:240 - Cannot read IP mode file for STMicroelectronics.X-CUBE-BLE2.3.3.0
2024-03-25 12:58:55,232 [WARN] PackLoader:240 - Cannot read IP mode file for STMicroelectronics.X-CUBE-ALGOBUILD.1.3.0
2024-03-25 12:58:55,303 [WARN] PackLoader:240 - Cannot read IP mode file for STMicroelectronics.X-CUBE-AZRTOS-G0.1.1.0
2024-03-25 12:58:55,360 [WARN] PackLoader:240 - Cannot read IP mode file for STMicroelectronics.X-CUBE-NFC4.3.0.0
2024-03-25 12:58:55,408 [WARN] PackLoader:240 - Cannot read IP mode file for STMicroelectronics.X-CUBE-BLEMGR.3.0.0
2024-03-25 12:58:55,429 [WARN] PackLoader:240 - Cannot read IP mode file for STMicroelectronics.FP-ATR-SIGFOX1.3.2.0
2024-03-25 12:58:55,463 [WARN] PackLoader:240 - Cannot read IP mode file for STMicroelectronics.X-CUBE-EEPRMA1.5.1.0
2024-03-25 12:58:55,566 [WARN] PackLoader:240 - Cannot read IP mode file for SEGGER.I-CUBE-embOS.1.3.1
2024-03-25 12:58:55,631 [WARN] PackLoader:240 - Cannot read IP mode file for STMicroelectronics.X-CUBE-GNSS1.6.0.0
2024-03-25 12:58:55,673 [WARN] PackLoader:240 - Cannot read IP mode file for STMicroelectronics.X-CUBE-AZRTOS-F4.1.1.0
2024-03-25 12:58:55,692 [WARN] PackLoader:240 - Cannot read IP mode file for wolfSSL.I-CUBE-wolfSSL.5.6.6
2024-03-25 12:58:55,731 [WARN] PackLoader:240 - Cannot read IP mode file for STMicroelectronics.X-CUBE-AZRTOS-L5.2.0.0
2024-03-25 12:58:55,736 [INFO] WebApp:161 - Instantiating new browser for Auth
2024-03-25 12:58:55,769 [WARN] PackLoader:240 - Cannot read IP mode file for STMicroelectronics.X-CUBE-EEPRMA1.4.2.0
2024-03-25 12:58:55,797 [WARN] PackLoader:240 - Cannot read IP mode file for STMicroelectronics.X-CUBE-NFC6.3.1.0
2024-03-25 12:58:55,822 [WARN] PackLoader:240 - Cannot read IP mode file for ITTIA_DB.I-CUBE-ITTIADB.8.8.0
2024-03-25 12:58:55,842 [WARN] PackLoader:240 - Cannot read IP mode file for STMicroelectronics.X-CUBE-NFC7.1.0.1
2024-03-25 12:58:55,864 [WARN] PackLoader:240 - Cannot read IP mode file for STMicroelectronics.X-CUBE-NFC6.3.0.0
2024-03-25 12:58:55,883 [WARN] PackLoader:240 - Cannot read IP mode file for STMicroelectronics.X-CUBE-AI.8.1.0
2024-03-25 12:58:55,934 [WARN] ConditionMgr:438 - getConditionDescription Invalid condition id : LAN8742 Phy interface Condition cause : null
2024-03-25 12:58:55,936 [WARN] PackLoader:240 - Cannot read IP mode file for STMicroelectronics.X-CUBE-AZRTOS-L4.2.0.0
2024-03-25 12:58:55,938 [WARN] ConditionMgr:1039 - genDependencies : Invalid condition id : LAN8742 Phy interface Condition cause : null
2024-03-25 12:58:55,938 [WARN] ConditionMgr:1039 - genDependencies : Invalid condition id : LAN8742 Phy interface Condition cause : null
2024-03-25 12:58:55,939 [WARN] ConditionMgr:1039 - genDependencies : Invalid condition id : LAN8742 Phy interface Condition cause : null
2024-03-25 12:58:55,960 [WARN] PackLoader:240 - Cannot read IP mode file for STMicroelectronics.X-CUBE-SFXS2LP1.4.0.0
2024-03-25 12:58:55,993 [WARN] ConditionMgr:438 - getConditionDescription Invalid condition id : UX DEVICE CLASS RTOS Condition cause : null
2024-03-25 12:58:55,993 [WARN] ConditionMgr:438 - getConditionDescription Invalid condition id : UX DEVICE CLASS RTOS Condition cause : null
2024-03-25 12:58:55,996 [WARN] PackLoader:240 - Cannot read IP mode file for STMicroelectronics.X-CUBE-AZRTOS-WB.2.0.0
2024-03-25 12:58:55,998 [WARN] ConditionMgr:1039 - genDependencies : Invalid condition id : UX DEVICE CLASS RTOS Condition cause : null
2024-03-25 12:58:55,998 [WARN] ConditionMgr:1039 - genDependencies : Invalid condition id : UX DEVICE CLASS RTOS Condition cause : null
2024-03-25 12:58:55,998 [WARN] ConditionMgr:1039 - genDependencies : Invalid condition id : UX DEVICE CLASS RTOS Condition cause : null
2024-03-25 12:58:55,999 [WARN] ConditionMgr:1039 - genDependencies : Invalid condition id : UX DEVICE CLASS RTOS Condition cause : null
2024-03-25 12:58:55,999 [WARN] ConditionMgr:1039 - genDependencies : Invalid condition id : UX DEVICE CLASS RTOS Condition cause : null
2024-03-25 12:58:56,026 [WARN] PackLoader:240 - Cannot read IP mode file for STMicroelectronics.X-CUBE-SUBG2.5.0.0
2024-03-25 12:58:56,063 [WARN] PackLoader:240 - Cannot read IP mode file for STMicroelectronics.X-CUBE-AZRTOS-G4.2.0.0
2024-03-25 12:58:56,091 [WARN] PackLoader:240 - Cannot read IP mode file for Infineon.AIROC-Wi-Fi-Bluetooth-STM32.1.5.1
2024-03-25 12:58:56,102 [WARN] PackLoader:240 - Cannot read IP mode file for STMicroelectronics.FP-SNS-MOTENVWB1.1.3.1
2024-03-25 12:58:56,119 [WARN] PackLoader:240 - Cannot read IP mode file for STMicroelectronics.X-CUBE-ISPU.2.0.0
2024-03-25 12:58:56,172 [WARN] PackLoader:240 - Cannot read IP mode file for STMicroelectronics.X-CUBE-MEMS1.10.0.0
2024-03-25 12:58:56,293 [WARN] PackLoader:240 - Cannot read IP mode file for STMicroelectronics.X-CUBE-FREERTOS.1.1.0
2024-03-25 12:58:56,309 [WARN] PackLoader:240 - Cannot read IP mode file for portGmbH.I-Cube-SoM-uGOAL.1.1.0
2024-03-25 12:58:56,323 [WARN] PackLoader:240 - Cannot read IP mode file for STMicroelectronics.X-CUBE-ALS.1.0.1
2024-03-25 12:58:56,329 [WARN] PackLoader:240 - Cannot read IP mode file for STMicroelectronics.FP-ATR-ASTRA1.2.0.0
2024-03-25 12:58:56,351 [WARN] PackLoader:240 - Cannot read IP mode file for STMicroelectronics.X-CUBE-TOF1.3.4.0
2024-03-25 12:58:56,380 [WARN] PackLoader:240 - Cannot read IP mode file for STMicroelectronics.X-CUBE-TOF1.3.4.1
2024-03-25 12:58:56,422 [WARN] PackLoader:240 - Cannot read IP mode file for STMicroelectronics.X-CUBE-AZRTOS-H7.3.2.0
2024-03-25 12:58:56,426 [INFO] ThirdParty:978 - Integrity check success = true
2024-03-25 12:58:56,426 [INFO] IntegrityCheckThread:100 - exiting critical section [integrity check]
2024-03-25 12:58:56,426 [INFO] IntegrityCheckThread:103 - End integrity checks thread
2024-03-25 12:58:56,849 [INFO] WebApp:780 - Register for checkConnection events
2024-03-25 12:58:56,849 [INFO] WebApp:414 - Apply proxy settings
2024-03-25 12:58:56,849 [INFO] WebApp:499 - Chromium requires no authentication
2024-03-25 12:58:56,866 [INFO] WebApp:442 - Direct internet connection detected
2024-03-25 12:58:57,243 [INFO] WebApp:192 - Starting web application
2024-03-25 12:58:57,243 [INFO] WebApp:544 - Web application path used C:\ST\STM32CubeIDE_1.14.1\STM32CubeIDE\plugins\com.st.stm32cube.common.mx_6.10.0.202311202037\db\plugins\mcufinder\reactClient1\index.html
2024-03-25 12:59:18,676 [ERROR] LogOutputStream:75 - [STDERR_REDIRECT] SLF4J: Failed to load class "org.slf4j.impl.StaticLoggerBinder".
2024-03-25 12:59:18,686 [ERROR] LogOutputStream:75 - [STDERR_REDIRECT] SLF4J: Defaulting to no-operation (NOP) logger implementation
2024-03-25 12:59:18,688 [ERROR] LogOutputStream:75 - [STDERR_REDIRECT] SLF4J: See http://www.slf4j.org/codes.html#StaticLoggerBinder for further details.
2024-03-25 14:34:35,104 [ERROR] LogOutputStream:75 - [STDERR_REDIRECT] 
