2024-04-19 13:56:07,281 [INFO] Activator:176 - 


2024-04-19 13:56:07,281 [INFO] Activator:177 - !SESSION log4j initialized
2024-04-19 13:56:13,988 [INFO] LogOutputStream:77 - [STDOUT_REDIRECT] 
2024-04-19 13:56:15,919 [INFO] ApplicationProperties:184 - Using Application install path: C:\ST\STM32CubeIDE_1.14.1\STM32CubeIDE\plugins\com.st.stm32cube.common.mx_6.10.0.202311202037
2024-04-19 13:56:15,941 [INFO] DbMcusXml:78 - Set database path to: C:\ST\STM32CubeIDE_1.14.1\STM32CubeIDE\plugins\com.st.stm32cube.common.mx_6.10.0.202311202037\\db\/mcu/
2024-04-19 13:56:15,941 [INFO] ApiDb:274 - Set plugin database path to: C:\ST\STM32CubeIDE_1.14.1\STM32CubeIDE\plugins\com.st.stm32cube.common.mx_6.10.0.202311202037\\db\/plugins/boardmanager/
2024-04-19 13:56:15,942 [WARN] ApiDb:259 - Overriding images path with different value:  => C:\ST\STM32CubeIDE_1.14.1\STM32CubeIDE\plugins\com.st.stm32cube.common.mx_6.10.0.202311202037\\db\/plugins/mcufinder/images/
2024-04-19 13:56:15,961 [INFO] ApiDb:250 - Set database path to: C:\Users\TuranyElijah\.stmcufinder\plugins\mcufinder//mcu/
2024-04-19 13:56:15,964 [INFO] DbMcusAds:125 - Set database path to: C:\Users\TuranyElijah\.stmcufinder\plugins\mcufinder//mcu/
2024-04-19 13:56:15,966 [INFO] CrossReferenceDbSqlite:203 - Set database path to: C:\Users\TuranyElijah\.stmcufinder\plugins\mcufinder//mcu/cs/
2024-04-19 13:56:16,124 [INFO] RulesReader:64 - Compatibility file has been processed (297 Rules)
2024-04-19 13:56:16,248 [INFO] DbMcusXml:78 - Set database path to: C:\ST\STM32CubeIDE_1.14.1\STM32CubeIDE\plugins\com.st.stm32cube.common.mx_6.10.0.202311202037\\db\/mcu/
2024-04-19 13:56:16,248 [INFO] ApiDb:274 - Set plugin database path to: C:\ST\STM32CubeIDE_1.14.1\STM32CubeIDE\plugins\com.st.stm32cube.common.mx_6.10.0.202311202037\\db\/plugins/boardmanager/
2024-04-19 13:56:16,248 [INFO] ApiDb:261 - Set plugin images path to: C:\ST\STM32CubeIDE_1.14.1\STM32CubeIDE\plugins\com.st.stm32cube.common.mx_6.10.0.202311202037\\db\/plugins/mcufinder/images/
2024-04-19 13:56:16,249 [WARN] DbFile:41 - Overriding database path with different value: C:\Users\TuranyElijah\.stmcufinder\plugins\mcufinder/ => C:\Users\TuranyElijah\.stmcufinder\plugins\mcufinder
2024-04-19 13:56:16,249 [INFO] ApiDb:250 - Set database path to: C:\Users\TuranyElijah\.stmcufinder\plugins\mcufinder//mcu/
2024-04-19 13:56:16,249 [WARN] DbFile:41 - Overriding database path with different value: C:\Users\TuranyElijah\.stmcufinder\plugins\mcufinder/ => C:\Users\TuranyElijah\.stmcufinder\plugins\mcufinder
2024-04-19 13:56:16,249 [INFO] DbMcusAds:125 - Set database path to: C:\Users\TuranyElijah\.stmcufinder\plugins\mcufinder//mcu/
2024-04-19 13:56:16,249 [WARN] DbFile:41 - Overriding database path with different value: C:\Users\TuranyElijah\.stmcufinder\plugins\mcufinder/ => C:\Users\TuranyElijah\.stmcufinder\plugins\mcufinder
2024-04-19 13:56:16,249 [WARN] DbFile:41 - Overriding database path with different value: C:\Users\TuranyElijah\.stmcufinder\plugins\mcufinder/ => C:\Users\TuranyElijah\.stmcufinder\plugins\mcufinder
2024-04-19 13:56:16,250 [INFO] CrossReferenceDbSqlite:203 - Set database path to: C:\Users\TuranyElijah\.stmcufinder\plugins\mcufinder//mcu/cs/
2024-04-19 13:56:16,357 [INFO] MainPanel:264 - HeapMemory: 268435456
2024-04-19 13:56:16,491 [INFO] DbMcusXml:78 - Set database path to: C:\ST\STM32CubeIDE_1.14.1\STM32CubeIDE\plugins\com.st.stm32cube.common.mx_6.10.0.202311202037\\db\/mcu/
2024-04-19 13:56:16,491 [INFO] ApiDb:274 - Set plugin database path to: C:\ST\STM32CubeIDE_1.14.1\STM32CubeIDE\plugins\com.st.stm32cube.common.mx_6.10.0.202311202037\\db\/plugins/boardmanager/
2024-04-19 13:56:16,491 [INFO] ApiDb:261 - Set plugin images path to: C:\ST\STM32CubeIDE_1.14.1\STM32CubeIDE\plugins\com.st.stm32cube.common.mx_6.10.0.202311202037\\db\/plugins/mcufinder/images/
2024-04-19 13:56:16,492 [WARN] DbFile:41 - Overriding database path with different value: C:\Users\TuranyElijah\.stmcufinder\plugins\mcufinder/ => C:\Users\TuranyElijah\.stmcufinder\plugins\mcufinder
2024-04-19 13:56:16,492 [INFO] ApiDb:250 - Set database path to: C:\Users\TuranyElijah\.stmcufinder\plugins\mcufinder//mcu/
2024-04-19 13:56:16,492 [WARN] DbFile:41 - Overriding database path with different value: C:\Users\TuranyElijah\.stmcufinder\plugins\mcufinder/ => C:\Users\TuranyElijah\.stmcufinder\plugins\mcufinder
2024-04-19 13:56:16,492 [INFO] DbMcusAds:125 - Set database path to: C:\Users\TuranyElijah\.stmcufinder\plugins\mcufinder//mcu/
2024-04-19 13:56:16,492 [WARN] DbFile:41 - Overriding database path with different value: C:\Users\TuranyElijah\.stmcufinder\plugins\mcufinder/ => C:\Users\TuranyElijah\.stmcufinder\plugins\mcufinder
2024-04-19 13:56:16,492 [WARN] DbFile:41 - Overriding database path with different value: C:\Users\TuranyElijah\.stmcufinder\plugins\mcufinder/ => C:\Users\TuranyElijah\.stmcufinder\plugins\mcufinder
2024-04-19 13:56:16,492 [INFO] CrossReferenceDbSqlite:203 - Set database path to: C:\Users\TuranyElijah\.stmcufinder\plugins\mcufinder//mcu/cs/
2024-04-19 13:56:16,519 [INFO] ApplicationProperties:184 - Using Application install path: C:\ST\STM32CubeIDE_1.14.1\STM32CubeIDE\plugins\com.st.stm32cube.common.mx_6.10.0.202311202037
2024-04-19 13:56:16,521 [INFO] PluginManage:196 - Search for loadable plugins [exclusion list=, ]
2024-04-19 13:56:16,523 [INFO] PluginManage:310 - Check plugin analytics
2024-04-19 13:56:16,782 [INFO] AnalyticsPlugin:253 - Accepted Software Licenses: STM32CubeMX.6.10.0
2024-04-19 13:56:16,782 [INFO] AnalyticsPlugin:255 - Accepted CMSIS Pack Licenses: 
2024-04-19 13:56:16,782 [INFO] AnalyticsPlugin:257 - Accepted Firmware Licenses: 
2024-04-19 13:56:16,786 [INFO] PluginManage:359 - Loaded plugin analytics (category:tool,tabindex:-1)
2024-04-19 13:56:16,786 [INFO] PluginManage:310 - Check plugin cadmodel
2024-04-19 13:56:16,807 [INFO] CADModel:105 - Init CAD model plugin
2024-04-19 13:56:16,807 [INFO] PluginManage:359 - Loaded plugin cadmodel (category:power,tabindex:5)
2024-04-19 13:56:16,807 [INFO] PluginManage:310 - Check plugin clock
2024-04-19 13:56:16,833 [INFO] PluginManage:359 - Loaded plugin clock (category:base,tabindex:2)
2024-04-19 13:56:16,834 [INFO] PluginManage:310 - Check plugin ddr
2024-04-19 13:56:16,836 [INFO] PluginManage:359 - Loaded plugin ddr (category:tool,tabindex:6)
2024-04-19 13:56:16,836 [INFO] PluginManage:310 - Check plugin filemanager
2024-04-19 13:56:17,018 [INFO] PluginManage:359 - Loaded plugin filemanager (category:base,tabindex:10)
2024-04-19 13:56:17,018 [INFO] PluginManage:310 - Check plugin ipmanager
2024-04-19 13:56:17,027 [INFO] PluginManage:359 - Loaded plugin ipmanager (category:base,tabindex:5)
2024-04-19 13:56:17,027 [INFO] PluginManage:310 - Check plugin lpbam
2024-04-19 13:56:17,051 [INFO] PluginManage:359 - Loaded plugin lpbam (category:base,tabindex:0)
2024-04-19 13:56:17,052 [INFO] PluginManage:310 - Check plugin memorymap
2024-04-19 13:56:17,084 [INFO] PluginManage:359 - Loaded plugin memorymap (category:base,tabindex:4)
2024-04-19 13:56:17,084 [INFO] PluginManage:310 - Check plugin pinoutandconfiguration
2024-04-19 13:56:17,113 [INFO] PluginManage:359 - Loaded plugin pinoutandconfiguration (category:base,tabindex:1)
2024-04-19 13:56:17,113 [INFO] PluginManage:310 - Check plugin pinoutconfig
2024-04-19 13:56:17,258 [WARN] SupportedApi:132 - Cannot load RTOS API schema: s4s-elt-must-match.1: The content of 'definitions' must match (annotation?, (simpleType | complexType)?, (unique | key | keyref)*)). A problem was found starting at: attribute.
2024-04-19 13:56:17,461 [INFO] PluginManage:359 - Loaded plugin pinoutconfig (category:base,tabindex:0)
2024-04-19 13:56:17,462 [INFO] PluginManage:310 - Check plugin power
2024-04-19 13:56:17,491 [INFO] PluginManage:359 - Loaded plugin power (category:power,tabindex:4)
2024-04-19 13:56:17,491 [INFO] PluginManage:310 - Check plugin projectmanager
2024-04-19 13:56:17,513 [INFO] PluginManage:359 - Loaded plugin projectmanager (category:projectmanager,tabindex:3)
2024-04-19 13:56:17,513 [INFO] PluginManage:310 - Check plugin thirdparty
2024-04-19 13:56:17,900 [INFO] PluginManage:359 - Loaded plugin thirdparty (category:base,tabindex:-1)
2024-04-19 13:56:17,900 [WARN] IntegrityCheckThread:84 - waiting for thirdparty lock release [integrity check]
2024-04-19 13:56:17,900 [INFO] PluginManage:310 - Check plugin tools
2024-04-19 13:56:17,900 [INFO] IntegrityCheckThread:86 - entering critical section [integrity check]
2024-04-19 13:56:17,901 [INFO] ThirdPartyUpdaterWithRetryManager:70 - Updater plugin not ready yet. [1/15]
2024-04-19 13:56:17,944 [INFO] PluginManage:359 - Loaded plugin tools (category:base,tabindex:7)
2024-04-19 13:56:17,944 [INFO] PluginManage:310 - Check plugin tutovideos
2024-04-19 13:56:18,211 [INFO] PluginManage:359 - Loaded plugin tutovideos (category:base,tabindex:-1)
2024-04-19 13:56:18,211 [INFO] PluginManage:310 - Check plugin updater
2024-04-19 13:56:18,226 [INFO] PluginManage:359 - Loaded plugin updater (category:base,tabindex:12)
2024-04-19 13:56:18,226 [INFO] PluginManage:310 - Check plugin userauth
2024-04-19 13:56:18,232 [INFO] UserAuth:114 - Init User Auth plugin
2024-04-19 13:56:18,233 [INFO] PluginManage:359 - Loaded plugin userauth (category:base,tabindex:14)
2024-04-19 13:56:18,233 [INFO] PluginManage:283 - PluginManage : Loaded plugins [17]
2024-04-19 13:56:18,516 [INFO] PinOutPanel:1499 - setPackage(No Configuration,No Configuration)
2024-04-19 13:56:18,611 [INFO] CADModel:165 - CPN selected for project level
2024-04-19 13:56:18,612 [INFO] CADModel:114 - Register for checkConnection events
2024-04-19 13:56:18,645 [INFO] IPUIPlugin:80 - create IPUIPlugin
2024-04-19 13:56:18,645 [INFO] PluginManager:220 - loadIPPluginJar : add adc
2024-04-19 13:56:18,689 [INFO] IPUIPlugin:80 - create IPUIPlugin
2024-04-19 13:56:18,690 [INFO] PluginManager:220 - loadIPPluginJar : add aes
2024-04-19 13:56:18,738 [INFO] IPUIPlugin:80 - create IPUIPlugin
2024-04-19 13:56:18,738 [INFO] PluginManager:220 - loadIPPluginJar : add can
2024-04-19 13:56:18,767 [INFO] IPUIPlugin:80 - create IPUIPlugin
2024-04-19 13:56:18,767 [INFO] PluginManager:220 - loadIPPluginJar : add comp
2024-04-19 13:56:18,808 [INFO] IPUIPlugin:80 - create IPUIPlugin
2024-04-19 13:56:18,809 [INFO] PluginManager:220 - loadIPPluginJar : add cryp
2024-04-19 13:56:18,844 [INFO] IPUIPlugin:80 - create IPUIPlugin
2024-04-19 13:56:18,844 [INFO] PluginManager:220 - loadIPPluginJar : add dfsdm
2024-04-19 13:56:18,862 [INFO] IPUIPlugin:80 - create IPUIPlugin
2024-04-19 13:56:18,863 [INFO] PluginManager:220 - loadIPPluginJar : add dma
2024-04-19 13:56:18,913 [INFO] IPUIPlugin:80 - create IPUIPlugin
2024-04-19 13:56:18,913 [INFO] PluginManager:220 - loadIPPluginJar : add dma3
2024-04-19 13:56:18,938 [INFO] IPUIPlugin:80 - create IPUIPlugin
2024-04-19 13:56:18,939 [INFO] PluginManager:220 - loadIPPluginJar : add fatfs
2024-04-19 13:56:18,995 [INFO] IPUIPlugin:80 - create IPUIPlugin
2024-04-19 13:56:18,995 [INFO] PluginManager:220 - loadIPPluginJar : add fmc
2024-04-19 13:56:19,018 [INFO] IPUIPlugin:80 - create IPUIPlugin
2024-04-19 13:56:19,018 [INFO] PluginManager:220 - loadIPPluginJar : add freertos
2024-04-19 13:56:19,044 [INFO] IPUIPlugin:80 - create IPUIPlugin
2024-04-19 13:56:19,044 [INFO] PluginManager:220 - loadIPPluginJar : add genericplugin
2024-04-19 13:56:19,150 [INFO] IPUIPlugin:80 - create IPUIPlugin
2024-04-19 13:56:19,151 [INFO] PluginManager:220 - loadIPPluginJar : add gfxmmu
2024-04-19 13:56:19,302 [INFO] IPUIPlugin:80 - create IPUIPlugin
2024-04-19 13:56:19,302 [INFO] PluginManager:220 - loadIPPluginJar : add gic
2024-04-19 13:56:19,326 [INFO] IPUIPlugin:80 - create IPUIPlugin
2024-04-19 13:56:19,326 [INFO] PluginManager:220 - loadIPPluginJar : add gpio
2024-04-19 13:56:19,435 [INFO] IPUIPlugin:80 - create IPUIPlugin
2024-04-19 13:56:19,435 [INFO] PluginManager:220 - loadIPPluginJar : add gtzc
2024-04-19 13:56:19,481 [INFO] IPUIPlugin:80 - create IPUIPlugin
2024-04-19 13:56:19,482 [INFO] PluginManager:220 - loadIPPluginJar : add hash
2024-04-19 13:56:19,542 [INFO] IPUIPlugin:80 - create IPUIPlugin
2024-04-19 13:56:19,543 [INFO] PluginManager:220 - loadIPPluginJar : add i2c
2024-04-19 13:56:19,590 [INFO] IPUIPlugin:80 - create IPUIPlugin
2024-04-19 13:56:19,590 [INFO] PluginManager:220 - loadIPPluginJar : add i2s
2024-04-19 13:56:19,639 [INFO] IPUIPlugin:80 - create IPUIPlugin
2024-04-19 13:56:19,639 [INFO] PluginManager:220 - loadIPPluginJar : add i3c
2024-04-19 13:56:19,774 [INFO] IPUIPlugin:80 - create IPUIPlugin
2024-04-19 13:56:19,774 [INFO] PluginManager:220 - loadIPPluginJar : add ipddr
2024-04-19 13:56:19,880 [INFO] IPUIPlugin:80 - create IPUIPlugin
2024-04-19 13:56:19,880 [INFO] PluginManager:220 - loadIPPluginJar : add linkedlist
2024-04-19 13:56:19,922 [INFO] IPUIPlugin:80 - create IPUIPlugin
2024-04-19 13:56:19,923 [INFO] PluginManager:220 - loadIPPluginJar : add lorawan
2024-04-19 13:56:19,965 [INFO] IPUIPlugin:80 - create IPUIPlugin
2024-04-19 13:56:19,965 [INFO] PluginManager:220 - loadIPPluginJar : add ltdc
2024-04-19 13:56:19,986 [INFO] IPUIPlugin:80 - create IPUIPlugin
2024-04-19 13:56:19,986 [INFO] PluginManager:220 - loadIPPluginJar : add mdma
2024-04-19 13:56:20,007 [INFO] IPUIPlugin:80 - create IPUIPlugin
2024-04-19 13:56:20,007 [INFO] PluginManager:220 - loadIPPluginJar : add nvic
2024-04-19 13:56:20,052 [INFO] IPUIPlugin:80 - create IPUIPlugin
2024-04-19 13:56:20,053 [INFO] PluginManager:220 - loadIPPluginJar : add opamp
2024-04-19 13:56:20,144 [INFO] IPUIPlugin:80 - create IPUIPlugin
2024-04-19 13:56:20,145 [INFO] PluginManager:220 - loadIPPluginJar : add openamp
2024-04-19 13:56:20,216 [INFO] IPUIPlugin:80 - create IPUIPlugin
2024-04-19 13:56:20,216 [INFO] PluginManager:220 - loadIPPluginJar : add pdm2pcm
2024-04-19 13:56:20,239 [INFO] IPUIPlugin:80 - create IPUIPlugin
2024-04-19 13:56:20,241 [INFO] PluginManager:220 - loadIPPluginJar : add plateformsettings
2024-04-19 13:56:20,274 [INFO] IPUIPlugin:80 - create IPUIPlugin
2024-04-19 13:56:20,274 [INFO] PluginManager:220 - loadIPPluginJar : add quadspi
2024-04-19 13:56:20,293 [INFO] IPUIPlugin:80 - create IPUIPlugin
2024-04-19 13:56:20,293 [INFO] PluginManager:220 - loadIPPluginJar : add resmgrutility
2024-04-19 13:56:20,350 [INFO] IPUIPlugin:80 - create IPUIPlugin
2024-04-19 13:56:20,350 [INFO] PluginManager:220 - loadIPPluginJar : add sai
2024-04-19 13:56:20,394 [INFO] IPUIPlugin:80 - create IPUIPlugin
2024-04-19 13:56:20,394 [INFO] PluginManager:220 - loadIPPluginJar : add spi
2024-04-19 13:56:20,492 [INFO] IPUIPlugin:80 - create IPUIPlugin
2024-04-19 13:56:20,492 [INFO] PluginManager:220 - loadIPPluginJar : add stm32_wpan
2024-04-19 13:56:20,532 [INFO] IPUIPlugin:80 - create IPUIPlugin
2024-04-19 13:56:20,532 [INFO] PluginManager:220 - loadIPPluginJar : add tim
2024-04-19 13:56:20,614 [INFO] IPUIPlugin:80 - create IPUIPlugin
2024-04-19 13:56:20,615 [INFO] PluginManager:220 - loadIPPluginJar : add touchsensing
2024-04-19 13:56:20,644 [INFO] IPUIPlugin:80 - create IPUIPlugin
2024-04-19 13:56:20,645 [INFO] PluginManager:220 - loadIPPluginJar : add tracer_emb
2024-04-19 13:56:20,677 [INFO] IPUIPlugin:80 - create IPUIPlugin
2024-04-19 13:56:20,678 [INFO] PluginManager:220 - loadIPPluginJar : add ts
2024-04-19 13:56:20,704 [INFO] IPUIPlugin:80 - create IPUIPlugin
2024-04-19 13:56:20,705 [INFO] PluginManager:220 - loadIPPluginJar : add tsc
2024-04-19 13:56:20,733 [INFO] IPUIPlugin:80 - create IPUIPlugin
2024-04-19 13:56:20,734 [INFO] PluginManager:220 - loadIPPluginJar : add ucpd
2024-04-19 13:56:20,786 [INFO] IPUIPlugin:80 - create IPUIPlugin
2024-04-19 13:56:20,786 [INFO] PluginManager:220 - loadIPPluginJar : add usart
2024-04-19 13:56:20,837 [INFO] IPUIPlugin:80 - create IPUIPlugin
2024-04-19 13:56:20,837 [INFO] PluginManager:220 - loadIPPluginJar : add usbx
2024-04-19 13:56:20,903 [INFO] ThirdPartyUpdaterWithRetryManager:70 - Updater plugin not ready yet. [2/15]
2024-04-19 13:56:20,988 [INFO] CADModel:165 - CPN selected for project level
2024-04-19 13:56:20,989 [INFO] CADModel:114 - Register for checkConnection events
2024-04-19 13:56:20,989 [FATAL] Updater:308 - Updater called before beeing initialized
2024-04-19 13:56:20,989 [ERROR] CADModel:125 - Updater not yet initialized, retry later 
2024-04-19 13:56:21,174 [INFO] CADModel:165 - CPN selected for project level
2024-04-19 13:56:21,175 [INFO] CADModel:114 - Register for checkConnection events
2024-04-19 13:56:21,175 [FATAL] Updater:308 - Updater called before beeing initialized
2024-04-19 13:56:21,175 [ERROR] CADModel:125 - Updater not yet initialized, retry later 
2024-04-19 13:56:21,178 [FATAL] Updater:308 - Updater called before beeing initialized
2024-04-19 13:56:21,345 [FATAL] Updater:308 - Updater called before beeing initialized
2024-04-19 13:56:21,355 [INFO] DbMcusAds:53 - JSON generation date=Wed Nov 29 04:52:27 CST 2023 (1701255147349)
2024-04-19 13:56:21,355 [FATAL] Updater:308 - Updater called before beeing initialized
2024-04-19 13:56:21,448 [WARN] DetailPanel:346 - Failed to get advertising image, set to default
2024-04-19 13:56:21,562 [FATAL] Updater:308 - Updater called before beeing initialized
2024-04-19 13:56:21,564 [FATAL] Updater:308 - Updater called before beeing initialized
2024-04-19 13:56:21,564 [FATAL] Updater:308 - Updater called before beeing initialized
2024-04-19 13:56:21,565 [WARN] DetailPanel:346 - Failed to get advertising image, set to default
2024-04-19 13:56:21,565 [FATAL] Updater:308 - Updater called before beeing initialized
2024-04-19 13:56:21,645 [ERROR] Updater:1120 - MainUpdater not yet initialized. External WinMGr cannot be set.
2024-04-19 13:56:21,661 [INFO] Updater:1056 - Updater Version found : 6.10.0
2024-04-19 13:56:21,688 [INFO] ApplicationProperties:184 - Using Application install path: C:\ST\STM32CubeIDE_1.14.1\STM32CubeIDE\plugins\com.st.stm32cube.common.mx_6.10.0.202311202037
2024-04-19 13:56:23,279 [ERROR] LogOutputStream:75 - [STDERR_REDIRECT] Apr 19, 2024 1:56:23 PM java.util.prefs.WindowsPreferences <init>
2024-04-19 13:56:23,283 [ERROR] LogOutputStream:75 - [STDERR_REDIRECT] WARNING: Could not open/create prefs root node Software\JavaSoft\Prefs at root 0xffffffff80000002. Windows RegCreateKeyEx(...) returned error code 5.
2024-04-19 13:56:23,283 [ERROR] LogOutputStream:75 - [STDERR_REDIRECT] 
2024-04-19 13:56:23,772 [INFO] MainUpdater:2873 - connection check result : 10
2024-04-19 13:56:23,774 [INFO] MainUpdater:290 - Updater Check For Update Now.
2024-04-19 13:56:23,775 [INFO] MicroXplorer:498 - Change Database Version : DB.6.0.100
2024-04-19 13:56:23,816 [INFO] McuFinderGlobals:63 - Set McuFinder mode to 2 (CubeIDE integrated)
2024-04-19 13:56:23,816 [INFO] UserAuth:180 - activating auth plugin
2024-04-19 13:56:23,825 [INFO] UserAuth:404 - Internet connection configuration mode: 1
2024-04-19 13:56:23,878 [INFO] JxBrowserEngine:152 - Initiate JxBrowser Engine with user profile folder
2024-04-19 13:56:23,903 [WARN] MainUpdater:1194 - Updater busy. Cannot search thirdparties
2024-04-19 13:56:23,903 [INFO] ThirdPartyUpdaterWithRetryManager:96 - Updater plugin is busy. [1/15]
2024-04-19 13:56:24,071 [INFO] CheckServerUpdateThread:120 - End of CheckServer Thread
2024-04-19 13:56:27,191 [WARN] PackLoader:240 - Cannot read IP mode file for STMicroelectronics.X-CUBE-SMBUS.2.1.0
2024-04-19 13:56:27,217 [WARN] PackLoader:240 - Cannot read IP mode file for STMicroelectronics.X-CUBE-TOUCHGFX.4.23.1
2024-04-19 13:56:27,236 [WARN] PackLoader:240 - Cannot read IP mode file for STMicroelectronics.X-CUBE-TOUCHGFX.4.23.0
2024-04-19 13:56:27,254 [WARN] PackLoader:240 - Cannot read IP mode file for STMicroelectronics.X-CUBE-TOUCHGFX.4.23.2
2024-04-19 13:56:27,320 [WARN] PackLoader:240 - Cannot read IP mode file for STMicroelectronics.X-CUBE-AZRTOS-F7.1.1.0
2024-04-19 13:56:27,349 [WARN] PackLoader:240 - Cannot read IP mode file for STMicroelectronics.FP-SNS-MOTENV1.4.3.2
2024-04-19 13:56:27,376 [WARN] PackLoader:240 - Cannot read IP mode file for STMicroelectronics.FP-SNS-FLIGHT1.5.0.2
2024-04-19 13:56:27,411 [WARN] PackLoader:240 - Cannot read IP mode file for STMicroelectronics.X-CUBE-DISPLAY.3.0.0
2024-04-19 13:56:27,456 [WARN] PackLoader:240 - Cannot read IP mode file for STMicroelectronics.X-CUBE-BLE1.7.0.0
2024-04-19 13:56:27,484 [WARN] PackLoader:240 - Cannot read IP mode file for emotas.I-CUBE-CANOPEN.1.3.0
2024-04-19 13:56:27,527 [WARN] PackLoader:240 - Cannot read IP mode file for STMicroelectronics.X-CUBE-BLEMGR.3.1.0
2024-04-19 13:56:27,555 [WARN] PackLoader:240 - Cannot read IP mode file for STMicroelectronics.FP-SNS-SMARTAG2.1.2.0
2024-04-19 13:56:27,589 [INFO] LogOutputStream:77 - [STDOUT_REDIRECT] 1 : Invalid condition id : UX_CORESTACK_Condition cause : null
2024-04-19 13:56:27,590 [INFO] LogOutputStream:77 - [STDOUT_REDIRECT] 1 : Invalid condition id : UX_CORESTACK_Condition cause : null
2024-04-19 13:56:27,592 [INFO] LogOutputStream:77 - [STDOUT_REDIRECT] 1 : Invalid condition id : UX_CORESTACK_Condition cause : null
2024-04-19 13:56:27,593 [INFO] LogOutputStream:77 - [STDOUT_REDIRECT] 1 : Invalid condition id : UX_CORESTACK_Condition cause : null
2024-04-19 13:56:27,595 [INFO] LogOutputStream:77 - [STDOUT_REDIRECT] 1 : Invalid condition id : UX_CORESTACK_Condition cause : null
2024-04-19 13:56:27,610 [WARN] PackLoader:240 - Cannot read IP mode file for STMicroelectronics.X-CUBE-AZRTOS-WL.2.0.0
2024-04-19 13:56:27,639 [WARN] PackLoader:240 - Cannot read IP mode file for STMicroelectronics.FP-SNS-MOTENV1.5.0.0
2024-04-19 13:56:27,673 [WARN] PackLoader:240 - Cannot read IP mode file for WES.I-CUBE-Cesium.1.3.0
2024-04-19 13:56:27,718 [WARN] PackLoader:240 - Cannot read IP mode file for STMicroelectronics.X-CUBE-BLE2.3.3.0
2024-04-19 13:56:27,742 [WARN] PackLoader:240 - Cannot read IP mode file for STMicroelectronics.X-CUBE-TCPP.4.1.0
2024-04-19 13:56:27,765 [WARN] PackLoader:240 - Cannot read IP mode file for STMicroelectronics.X-CUBE-ALGOBUILD.1.3.0
2024-04-19 13:56:27,799 [WARN] PackLoader:240 - Cannot read IP mode file for STMicroelectronics.X-CUBE-AZRTOS-G0.1.1.0
2024-04-19 13:56:27,820 [WARN] PackLoader:240 - Cannot read IP mode file for STMicroelectronics.X-CUBE-SAFEA1.1.2.2
2024-04-19 13:56:27,838 [WARN] PackLoader:240 - Cannot read IP mode file for STMicroelectronics.X-CUBE-NFC4.3.0.0
2024-04-19 13:56:27,859 [WARN] PackLoader:240 - Cannot read IP mode file for STMicroelectronics.X-CUBE-BLEMGR.3.0.0
2024-04-19 13:56:27,876 [WARN] PackLoader:240 - Cannot read IP mode file for STMicroelectronics.FP-ATR-SIGFOX1.3.2.0
2024-04-19 13:56:27,894 [WARN] PackLoader:240 - Cannot read IP mode file for STMicroelectronics.X-CUBE-EEPRMA1.5.1.0
2024-04-19 13:56:27,963 [WARN] PackLoader:240 - Cannot read IP mode file for SEGGER.I-CUBE-embOS.1.3.1
2024-04-19 13:56:28,032 [WARN] PackLoader:240 - Cannot read IP mode file for STMicroelectronics.X-CUBE-GNSS1.6.0.0
2024-04-19 13:56:28,115 [WARN] PackLoader:240 - Cannot read IP mode file for STMicroelectronics.X-CUBE-AZRTOS-F4.1.1.0
2024-04-19 13:56:28,138 [WARN] PackLoader:240 - Cannot read IP mode file for wolfSSL.I-CUBE-wolfSSL.5.6.6
2024-04-19 13:56:28,178 [WARN] PackLoader:240 - Cannot read IP mode file for STMicroelectronics.X-CUBE-AZRTOS-L5.2.0.0
2024-04-19 13:56:28,230 [WARN] PackLoader:240 - Cannot read IP mode file for STMicroelectronics.X-CUBE-EEPRMA1.4.2.0
2024-04-19 13:56:28,294 [WARN] PackLoader:240 - Cannot read IP mode file for STMicroelectronics.X-CUBE-NFC6.3.1.0
2024-04-19 13:56:28,315 [WARN] PackLoader:240 - Cannot read IP mode file for ITTIA_DB.I-CUBE-ITTIADB.8.8.0
2024-04-19 13:56:28,332 [WARN] PackLoader:240 - Cannot read IP mode file for STMicroelectronics.X-CUBE-NFC7.1.0.1
2024-04-19 13:56:28,355 [WARN] PackLoader:240 - Cannot read IP mode file for STMicroelectronics.X-CUBE-NFC6.3.0.0
2024-04-19 13:56:28,376 [WARN] PackLoader:240 - Cannot read IP mode file for STMicroelectronics.X-CUBE-AI.8.1.0
2024-04-19 13:56:28,419 [WARN] ConditionMgr:438 - getConditionDescription Invalid condition id : LAN8742 Phy interface Condition cause : null
2024-04-19 13:56:28,420 [WARN] PackLoader:240 - Cannot read IP mode file for STMicroelectronics.X-CUBE-AZRTOS-L4.2.0.0
2024-04-19 13:56:28,421 [WARN] ConditionMgr:1039 - genDependencies : Invalid condition id : LAN8742 Phy interface Condition cause : null
2024-04-19 13:56:28,421 [WARN] ConditionMgr:1039 - genDependencies : Invalid condition id : LAN8742 Phy interface Condition cause : null
2024-04-19 13:56:28,422 [WARN] ConditionMgr:1039 - genDependencies : Invalid condition id : LAN8742 Phy interface Condition cause : null
2024-04-19 13:56:28,449 [WARN] PackLoader:240 - Cannot read IP mode file for STMicroelectronics.X-CUBE-SFXS2LP1.4.0.0
2024-04-19 13:56:28,493 [WARN] ConditionMgr:438 - getConditionDescription Invalid condition id : UX DEVICE CLASS RTOS Condition cause : null
2024-04-19 13:56:28,493 [WARN] ConditionMgr:438 - getConditionDescription Invalid condition id : UX DEVICE CLASS RTOS Condition cause : null
2024-04-19 13:56:28,497 [WARN] PackLoader:240 - Cannot read IP mode file for STMicroelectronics.X-CUBE-AZRTOS-WB.2.0.0
2024-04-19 13:56:28,498 [WARN] ConditionMgr:1039 - genDependencies : Invalid condition id : UX DEVICE CLASS RTOS Condition cause : null
2024-04-19 13:56:28,498 [WARN] ConditionMgr:1039 - genDependencies : Invalid condition id : UX DEVICE CLASS RTOS Condition cause : null
2024-04-19 13:56:28,499 [WARN] ConditionMgr:1039 - genDependencies : Invalid condition id : UX DEVICE CLASS RTOS Condition cause : null
2024-04-19 13:56:28,499 [WARN] ConditionMgr:1039 - genDependencies : Invalid condition id : UX DEVICE CLASS RTOS Condition cause : null
2024-04-19 13:56:28,499 [WARN] ConditionMgr:1039 - genDependencies : Invalid condition id : UX DEVICE CLASS RTOS Condition cause : null
2024-04-19 13:56:28,532 [WARN] PackLoader:240 - Cannot read IP mode file for STMicroelectronics.X-CUBE-SUBG2.5.0.0
2024-04-19 13:56:28,584 [WARN] PackLoader:240 - Cannot read IP mode file for STMicroelectronics.X-CUBE-AZRTOS-G4.2.0.0
2024-04-19 13:56:28,621 [WARN] PackLoader:240 - Cannot read IP mode file for Infineon.AIROC-Wi-Fi-Bluetooth-STM32.1.5.1
2024-04-19 13:56:28,643 [WARN] PackLoader:240 - Cannot read IP mode file for STMicroelectronics.FP-SNS-MOTENVWB1.1.3.1
2024-04-19 13:56:28,658 [WARN] PackLoader:240 - Cannot read IP mode file for STMicroelectronics.X-CUBE-ISPU.2.0.0
2024-04-19 13:56:28,728 [WARN] PackLoader:240 - Cannot read IP mode file for STMicroelectronics.X-CUBE-MEMS1.10.0.0
2024-04-19 13:56:28,834 [WARN] PackLoader:240 - Cannot read IP mode file for STMicroelectronics.X-CUBE-FREERTOS.1.1.0
2024-04-19 13:56:28,854 [WARN] PackLoader:240 - Cannot read IP mode file for portGmbH.I-Cube-SoM-uGOAL.1.1.0
2024-04-19 13:56:28,873 [WARN] PackLoader:240 - Cannot read IP mode file for STMicroelectronics.X-CUBE-ALS.1.0.1
2024-04-19 13:56:28,882 [INFO] WebApp:161 - Instantiating new browser for Auth
2024-04-19 13:56:28,891 [WARN] PackLoader:240 - Cannot read IP mode file for STMicroelectronics.FP-ATR-ASTRA1.2.0.0
2024-04-19 13:56:28,932 [WARN] PackLoader:240 - Cannot read IP mode file for STMicroelectronics.X-CUBE-TOF1.3.4.0
2024-04-19 13:56:28,981 [WARN] PackLoader:240 - Cannot read IP mode file for STMicroelectronics.X-CUBE-TOF1.3.4.1
2024-04-19 13:56:29,045 [WARN] PackLoader:240 - Cannot read IP mode file for STMicroelectronics.X-CUBE-AZRTOS-H7.3.2.0
2024-04-19 13:56:29,051 [INFO] ThirdParty:978 - Integrity check success = true
2024-04-19 13:56:29,051 [INFO] IntegrityCheckThread:100 - exiting critical section [integrity check]
2024-04-19 13:56:29,051 [INFO] IntegrityCheckThread:103 - End integrity checks thread
2024-04-19 13:56:29,861 [INFO] WebApp:780 - Register for checkConnection events
2024-04-19 13:56:29,862 [INFO] WebApp:414 - Apply proxy settings
2024-04-19 13:56:29,862 [INFO] WebApp:499 - Chromium requires no authentication
2024-04-19 13:56:29,872 [INFO] WebApp:442 - Direct internet connection detected
2024-04-19 13:56:30,108 [INFO] WebApp:192 - Starting web application
2024-04-19 13:56:30,108 [INFO] WebApp:544 - Web application path used C:\ST\STM32CubeIDE_1.14.1\STM32CubeIDE\plugins\com.st.stm32cube.common.mx_6.10.0.202311202037\db\plugins\mcufinder\reactClient1\index.html
2024-04-19 13:56:51,413 [ERROR] LogOutputStream:75 - [STDERR_REDIRECT] SLF4J: Failed to load class "org.slf4j.impl.StaticLoggerBinder".
2024-04-19 13:56:51,413 [ERROR] LogOutputStream:75 - [STDERR_REDIRECT] SLF4J: Defaulting to no-operation (NOP) logger implementation
2024-04-19 13:56:51,413 [ERROR] LogOutputStream:75 - [STDERR_REDIRECT] SLF4J: See http://www.slf4j.org/codes.html#StaticLoggerBinder for further details.
