2024-04-15 12:17:38,571 [INFO] Activator:176 - 


2024-04-15 12:17:38,578 [INFO] Activator:177 - !SESSION log4j initialized
2024-04-15 12:17:45,658 [INFO] LogOutputStream:77 - [STDOUT_REDIRECT] 
2024-04-15 12:17:47,302 [INFO] ApplicationProperties:184 - Using Application install path: C:\ST\STM32CubeIDE_1.14.1\STM32CubeIDE\plugins\com.st.stm32cube.common.mx_6.10.0.202311202037
2024-04-15 12:17:47,321 [INFO] DbMcusXml:78 - Set database path to: C:\ST\STM32CubeIDE_1.14.1\STM32CubeIDE\plugins\com.st.stm32cube.common.mx_6.10.0.202311202037\\db\/mcu/
2024-04-15 12:17:47,321 [INFO] ApiDb:274 - Set plugin database path to: C:\ST\STM32CubeIDE_1.14.1\STM32CubeIDE\plugins\com.st.stm32cube.common.mx_6.10.0.202311202037\\db\/plugins/boardmanager/
2024-04-15 12:17:47,322 [WARN] ApiDb:259 - Overriding images path with different value:  => C:\ST\STM32CubeIDE_1.14.1\STM32CubeIDE\plugins\com.st.stm32cube.common.mx_6.10.0.202311202037\\db\/plugins/mcufinder/images/
2024-04-15 12:17:47,336 [INFO] ApiDb:250 - Set database path to: C:\Users\TuranyElijah\.stmcufinder\plugins\mcufinder//mcu/
2024-04-15 12:17:47,338 [INFO] DbMcusAds:125 - Set database path to: C:\Users\TuranyElijah\.stmcufinder\plugins\mcufinder//mcu/
2024-04-15 12:17:47,339 [INFO] CrossReferenceDbSqlite:203 - Set database path to: C:\Users\TuranyElijah\.stmcufinder\plugins\mcufinder//mcu/cs/
2024-04-15 12:17:47,473 [INFO] RulesReader:64 - Compatibility file has been processed (297 Rules)
2024-04-15 12:17:47,562 [INFO] DbMcusXml:78 - Set database path to: C:\ST\STM32CubeIDE_1.14.1\STM32CubeIDE\plugins\com.st.stm32cube.common.mx_6.10.0.202311202037\\db\/mcu/
2024-04-15 12:17:47,562 [INFO] ApiDb:274 - Set plugin database path to: C:\ST\STM32CubeIDE_1.14.1\STM32CubeIDE\plugins\com.st.stm32cube.common.mx_6.10.0.202311202037\\db\/plugins/boardmanager/
2024-04-15 12:17:47,562 [INFO] ApiDb:261 - Set plugin images path to: C:\ST\STM32CubeIDE_1.14.1\STM32CubeIDE\plugins\com.st.stm32cube.common.mx_6.10.0.202311202037\\db\/plugins/mcufinder/images/
2024-04-15 12:17:47,562 [WARN] DbFile:41 - Overriding database path with different value: C:\Users\TuranyElijah\.stmcufinder\plugins\mcufinder/ => C:\Users\TuranyElijah\.stmcufinder\plugins\mcufinder
2024-04-15 12:17:47,562 [INFO] ApiDb:250 - Set database path to: C:\Users\TuranyElijah\.stmcufinder\plugins\mcufinder//mcu/
2024-04-15 12:17:47,563 [WARN] DbFile:41 - Overriding database path with different value: C:\Users\TuranyElijah\.stmcufinder\plugins\mcufinder/ => C:\Users\TuranyElijah\.stmcufinder\plugins\mcufinder
2024-04-15 12:17:47,563 [INFO] DbMcusAds:125 - Set database path to: C:\Users\TuranyElijah\.stmcufinder\plugins\mcufinder//mcu/
2024-04-15 12:17:47,563 [WARN] DbFile:41 - Overriding database path with different value: C:\Users\TuranyElijah\.stmcufinder\plugins\mcufinder/ => C:\Users\TuranyElijah\.stmcufinder\plugins\mcufinder
2024-04-15 12:17:47,563 [WARN] DbFile:41 - Overriding database path with different value: C:\Users\TuranyElijah\.stmcufinder\plugins\mcufinder/ => C:\Users\TuranyElijah\.stmcufinder\plugins\mcufinder
2024-04-15 12:17:47,563 [INFO] CrossReferenceDbSqlite:203 - Set database path to: C:\Users\TuranyElijah\.stmcufinder\plugins\mcufinder//mcu/cs/
2024-04-15 12:17:47,646 [INFO] MainPanel:264 - HeapMemory: 268435456
2024-04-15 12:17:47,749 [INFO] DbMcusXml:78 - Set database path to: C:\ST\STM32CubeIDE_1.14.1\STM32CubeIDE\plugins\com.st.stm32cube.common.mx_6.10.0.202311202037\\db\/mcu/
2024-04-15 12:17:47,749 [INFO] ApiDb:274 - Set plugin database path to: C:\ST\STM32CubeIDE_1.14.1\STM32CubeIDE\plugins\com.st.stm32cube.common.mx_6.10.0.202311202037\\db\/plugins/boardmanager/
2024-04-15 12:17:47,749 [INFO] ApiDb:261 - Set plugin images path to: C:\ST\STM32CubeIDE_1.14.1\STM32CubeIDE\plugins\com.st.stm32cube.common.mx_6.10.0.202311202037\\db\/plugins/mcufinder/images/
2024-04-15 12:17:47,750 [WARN] DbFile:41 - Overriding database path with different value: C:\Users\TuranyElijah\.stmcufinder\plugins\mcufinder/ => C:\Users\TuranyElijah\.stmcufinder\plugins\mcufinder
2024-04-15 12:17:47,750 [INFO] ApiDb:250 - Set database path to: C:\Users\TuranyElijah\.stmcufinder\plugins\mcufinder//mcu/
2024-04-15 12:17:47,750 [WARN] DbFile:41 - Overriding database path with different value: C:\Users\TuranyElijah\.stmcufinder\plugins\mcufinder/ => C:\Users\TuranyElijah\.stmcufinder\plugins\mcufinder
2024-04-15 12:17:47,750 [INFO] DbMcusAds:125 - Set database path to: C:\Users\TuranyElijah\.stmcufinder\plugins\mcufinder//mcu/
2024-04-15 12:17:47,750 [WARN] DbFile:41 - Overriding database path with different value: C:\Users\TuranyElijah\.stmcufinder\plugins\mcufinder/ => C:\Users\TuranyElijah\.stmcufinder\plugins\mcufinder
2024-04-15 12:17:47,750 [WARN] DbFile:41 - Overriding database path with different value: C:\Users\TuranyElijah\.stmcufinder\plugins\mcufinder/ => C:\Users\TuranyElijah\.stmcufinder\plugins\mcufinder
2024-04-15 12:17:47,750 [INFO] CrossReferenceDbSqlite:203 - Set database path to: C:\Users\TuranyElijah\.stmcufinder\plugins\mcufinder//mcu/cs/
2024-04-15 12:17:47,770 [INFO] ApplicationProperties:184 - Using Application install path: C:\ST\STM32CubeIDE_1.14.1\STM32CubeIDE\plugins\com.st.stm32cube.common.mx_6.10.0.202311202037
2024-04-15 12:17:47,772 [INFO] PluginManage:196 - Search for loadable plugins [exclusion list=, ]
2024-04-15 12:17:47,773 [INFO] PluginManage:310 - Check plugin analytics
2024-04-15 12:17:47,964 [INFO] AnalyticsPlugin:253 - Accepted Software Licenses: STM32CubeMX.6.10.0
2024-04-15 12:17:47,965 [INFO] AnalyticsPlugin:255 - Accepted CMSIS Pack Licenses: 
2024-04-15 12:17:47,965 [INFO] AnalyticsPlugin:257 - Accepted Firmware Licenses: 
2024-04-15 12:17:47,969 [INFO] PluginManage:359 - Loaded plugin analytics (category:tool,tabindex:-1)
2024-04-15 12:17:47,970 [INFO] PluginManage:310 - Check plugin cadmodel
2024-04-15 12:17:47,988 [INFO] CADModel:105 - Init CAD model plugin
2024-04-15 12:17:47,989 [INFO] PluginManage:359 - Loaded plugin cadmodel (category:power,tabindex:5)
2024-04-15 12:17:47,989 [INFO] PluginManage:310 - Check plugin clock
2024-04-15 12:17:48,010 [INFO] PluginManage:359 - Loaded plugin clock (category:base,tabindex:2)
2024-04-15 12:17:48,011 [INFO] PluginManage:310 - Check plugin ddr
2024-04-15 12:17:48,013 [INFO] PluginManage:359 - Loaded plugin ddr (category:tool,tabindex:6)
2024-04-15 12:17:48,013 [INFO] PluginManage:310 - Check plugin filemanager
2024-04-15 12:17:48,149 [INFO] PluginManage:359 - Loaded plugin filemanager (category:base,tabindex:10)
2024-04-15 12:17:48,150 [INFO] PluginManage:310 - Check plugin ipmanager
2024-04-15 12:17:48,157 [INFO] PluginManage:359 - Loaded plugin ipmanager (category:base,tabindex:5)
2024-04-15 12:17:48,157 [INFO] PluginManage:310 - Check plugin lpbam
2024-04-15 12:17:48,177 [INFO] PluginManage:359 - Loaded plugin lpbam (category:base,tabindex:0)
2024-04-15 12:17:48,177 [INFO] PluginManage:310 - Check plugin memorymap
2024-04-15 12:17:48,205 [INFO] PluginManage:359 - Loaded plugin memorymap (category:base,tabindex:4)
2024-04-15 12:17:48,205 [INFO] PluginManage:310 - Check plugin pinoutandconfiguration
2024-04-15 12:17:48,224 [INFO] PluginManage:359 - Loaded plugin pinoutandconfiguration (category:base,tabindex:1)
2024-04-15 12:17:48,224 [INFO] PluginManage:310 - Check plugin pinoutconfig
2024-04-15 12:17:48,327 [WARN] SupportedApi:132 - Cannot load RTOS API schema: s4s-elt-must-match.1: The content of 'definitions' must match (annotation?, (simpleType | complexType)?, (unique | key | keyref)*)). A problem was found starting at: attribute.
2024-04-15 12:17:48,487 [INFO] PluginManage:359 - Loaded plugin pinoutconfig (category:base,tabindex:0)
2024-04-15 12:17:48,487 [INFO] PluginManage:310 - Check plugin power
2024-04-15 12:17:48,510 [INFO] PluginManage:359 - Loaded plugin power (category:power,tabindex:4)
2024-04-15 12:17:48,510 [INFO] PluginManage:310 - Check plugin projectmanager
2024-04-15 12:17:48,530 [INFO] PluginManage:359 - Loaded plugin projectmanager (category:projectmanager,tabindex:3)
2024-04-15 12:17:48,530 [INFO] PluginManage:310 - Check plugin thirdparty
2024-04-15 12:17:48,815 [INFO] PluginManage:359 - Loaded plugin thirdparty (category:base,tabindex:-1)
2024-04-15 12:17:48,815 [WARN] IntegrityCheckThread:84 - waiting for thirdparty lock release [integrity check]
2024-04-15 12:17:48,815 [INFO] PluginManage:310 - Check plugin tools
2024-04-15 12:17:48,815 [INFO] IntegrityCheckThread:86 - entering critical section [integrity check]
2024-04-15 12:17:48,815 [INFO] ThirdPartyUpdaterWithRetryManager:70 - Updater plugin not ready yet. [1/15]
2024-04-15 12:17:48,854 [INFO] PluginManage:359 - Loaded plugin tools (category:base,tabindex:7)
2024-04-15 12:17:48,854 [INFO] PluginManage:310 - Check plugin tutovideos
2024-04-15 12:17:49,054 [INFO] PluginManage:359 - Loaded plugin tutovideos (category:base,tabindex:-1)
2024-04-15 12:17:49,054 [INFO] PluginManage:310 - Check plugin updater
2024-04-15 12:17:49,066 [INFO] PluginManage:359 - Loaded plugin updater (category:base,tabindex:12)
2024-04-15 12:17:49,066 [INFO] PluginManage:310 - Check plugin userauth
2024-04-15 12:17:49,072 [INFO] UserAuth:114 - Init User Auth plugin
2024-04-15 12:17:49,072 [INFO] PluginManage:359 - Loaded plugin userauth (category:base,tabindex:14)
2024-04-15 12:17:49,073 [INFO] PluginManage:283 - PluginManage : Loaded plugins [17]
2024-04-15 12:17:49,295 [INFO] PinOutPanel:1499 - setPackage(No Configuration,No Configuration)
2024-04-15 12:17:49,373 [INFO] CADModel:165 - CPN selected for project level
2024-04-15 12:17:49,373 [INFO] CADModel:114 - Register for checkConnection events
2024-04-15 12:17:49,400 [INFO] IPUIPlugin:80 - create IPUIPlugin
2024-04-15 12:17:49,400 [INFO] PluginManager:220 - loadIPPluginJar : add adc
2024-04-15 12:17:49,432 [INFO] IPUIPlugin:80 - create IPUIPlugin
2024-04-15 12:17:49,432 [INFO] PluginManager:220 - loadIPPluginJar : add aes
2024-04-15 12:17:49,468 [INFO] IPUIPlugin:80 - create IPUIPlugin
2024-04-15 12:17:49,468 [INFO] PluginManager:220 - loadIPPluginJar : add can
2024-04-15 12:17:49,490 [INFO] IPUIPlugin:80 - create IPUIPlugin
2024-04-15 12:17:49,490 [INFO] PluginManager:220 - loadIPPluginJar : add comp
2024-04-15 12:17:49,519 [INFO] IPUIPlugin:80 - create IPUIPlugin
2024-04-15 12:17:49,519 [INFO] PluginManager:220 - loadIPPluginJar : add cryp
2024-04-15 12:17:49,547 [INFO] IPUIPlugin:80 - create IPUIPlugin
2024-04-15 12:17:49,547 [INFO] PluginManager:220 - loadIPPluginJar : add dfsdm
2024-04-15 12:17:49,563 [INFO] IPUIPlugin:80 - create IPUIPlugin
2024-04-15 12:17:49,563 [INFO] PluginManager:220 - loadIPPluginJar : add dma
2024-04-15 12:17:49,604 [INFO] IPUIPlugin:80 - create IPUIPlugin
2024-04-15 12:17:49,604 [INFO] PluginManager:220 - loadIPPluginJar : add dma3
2024-04-15 12:17:49,621 [INFO] IPUIPlugin:80 - create IPUIPlugin
2024-04-15 12:17:49,621 [INFO] PluginManager:220 - loadIPPluginJar : add fatfs
2024-04-15 12:17:49,664 [INFO] IPUIPlugin:80 - create IPUIPlugin
2024-04-15 12:17:49,664 [INFO] PluginManager:220 - loadIPPluginJar : add fmc
2024-04-15 12:17:49,700 [INFO] IPUIPlugin:80 - create IPUIPlugin
2024-04-15 12:17:49,700 [INFO] PluginManager:220 - loadIPPluginJar : add freertos
2024-04-15 12:17:49,720 [INFO] IPUIPlugin:80 - create IPUIPlugin
2024-04-15 12:17:49,720 [INFO] PluginManager:220 - loadIPPluginJar : add genericplugin
2024-04-15 12:17:49,796 [INFO] IPUIPlugin:80 - create IPUIPlugin
2024-04-15 12:17:49,797 [INFO] PluginManager:220 - loadIPPluginJar : add gfxmmu
2024-04-15 12:17:49,909 [INFO] IPUIPlugin:80 - create IPUIPlugin
2024-04-15 12:17:49,909 [INFO] PluginManager:220 - loadIPPluginJar : add gic
2024-04-15 12:17:49,932 [INFO] IPUIPlugin:80 - create IPUIPlugin
2024-04-15 12:17:49,932 [INFO] PluginManager:220 - loadIPPluginJar : add gpio
2024-04-15 12:17:50,011 [INFO] IPUIPlugin:80 - create IPUIPlugin
2024-04-15 12:17:50,011 [INFO] PluginManager:220 - loadIPPluginJar : add gtzc
2024-04-15 12:17:50,042 [INFO] IPUIPlugin:80 - create IPUIPlugin
2024-04-15 12:17:50,042 [INFO] PluginManager:220 - loadIPPluginJar : add hash
2024-04-15 12:17:50,085 [INFO] IPUIPlugin:80 - create IPUIPlugin
2024-04-15 12:17:50,085 [INFO] PluginManager:220 - loadIPPluginJar : add i2c
2024-04-15 12:17:50,117 [INFO] IPUIPlugin:80 - create IPUIPlugin
2024-04-15 12:17:50,118 [INFO] PluginManager:220 - loadIPPluginJar : add i2s
2024-04-15 12:17:50,152 [INFO] IPUIPlugin:80 - create IPUIPlugin
2024-04-15 12:17:50,152 [INFO] PluginManager:220 - loadIPPluginJar : add i3c
2024-04-15 12:17:50,241 [INFO] IPUIPlugin:80 - create IPUIPlugin
2024-04-15 12:17:50,241 [INFO] PluginManager:220 - loadIPPluginJar : add ipddr
2024-04-15 12:17:50,321 [INFO] IPUIPlugin:80 - create IPUIPlugin
2024-04-15 12:17:50,321 [INFO] PluginManager:220 - loadIPPluginJar : add linkedlist
2024-04-15 12:17:50,351 [INFO] IPUIPlugin:80 - create IPUIPlugin
2024-04-15 12:17:50,351 [INFO] PluginManager:220 - loadIPPluginJar : add lorawan
2024-04-15 12:17:50,381 [INFO] IPUIPlugin:80 - create IPUIPlugin
2024-04-15 12:17:50,381 [INFO] PluginManager:220 - loadIPPluginJar : add ltdc
2024-04-15 12:17:50,395 [INFO] IPUIPlugin:80 - create IPUIPlugin
2024-04-15 12:17:50,395 [INFO] PluginManager:220 - loadIPPluginJar : add mdma
2024-04-15 12:17:50,406 [INFO] IPUIPlugin:80 - create IPUIPlugin
2024-04-15 12:17:50,406 [INFO] PluginManager:220 - loadIPPluginJar : add nvic
2024-04-15 12:17:50,436 [INFO] IPUIPlugin:80 - create IPUIPlugin
2024-04-15 12:17:50,436 [INFO] PluginManager:220 - loadIPPluginJar : add opamp
2024-04-15 12:17:50,486 [INFO] IPUIPlugin:80 - create IPUIPlugin
2024-04-15 12:17:50,487 [INFO] PluginManager:220 - loadIPPluginJar : add openamp
2024-04-15 12:17:50,525 [INFO] IPUIPlugin:80 - create IPUIPlugin
2024-04-15 12:17:50,525 [INFO] PluginManager:220 - loadIPPluginJar : add pdm2pcm
2024-04-15 12:17:50,539 [INFO] IPUIPlugin:80 - create IPUIPlugin
2024-04-15 12:17:50,541 [INFO] PluginManager:220 - loadIPPluginJar : add plateformsettings
2024-04-15 12:17:50,561 [INFO] IPUIPlugin:80 - create IPUIPlugin
2024-04-15 12:17:50,561 [INFO] PluginManager:220 - loadIPPluginJar : add quadspi
2024-04-15 12:17:50,572 [INFO] IPUIPlugin:80 - create IPUIPlugin
2024-04-15 12:17:50,573 [INFO] PluginManager:220 - loadIPPluginJar : add resmgrutility
2024-04-15 12:17:50,614 [INFO] IPUIPlugin:80 - create IPUIPlugin
2024-04-15 12:17:50,615 [INFO] PluginManager:220 - loadIPPluginJar : add sai
2024-04-15 12:17:50,645 [INFO] IPUIPlugin:80 - create IPUIPlugin
2024-04-15 12:17:50,645 [INFO] PluginManager:220 - loadIPPluginJar : add spi
2024-04-15 12:17:50,704 [INFO] IPUIPlugin:80 - create IPUIPlugin
2024-04-15 12:17:50,704 [INFO] PluginManager:220 - loadIPPluginJar : add stm32_wpan
2024-04-15 12:17:50,729 [INFO] IPUIPlugin:80 - create IPUIPlugin
2024-04-15 12:17:50,730 [INFO] PluginManager:220 - loadIPPluginJar : add tim
2024-04-15 12:17:50,777 [INFO] IPUIPlugin:80 - create IPUIPlugin
2024-04-15 12:17:50,777 [INFO] PluginManager:220 - loadIPPluginJar : add touchsensing
2024-04-15 12:17:50,798 [INFO] IPUIPlugin:80 - create IPUIPlugin
2024-04-15 12:17:50,798 [INFO] PluginManager:220 - loadIPPluginJar : add tracer_emb
2024-04-15 12:17:50,818 [INFO] IPUIPlugin:80 - create IPUIPlugin
2024-04-15 12:17:50,818 [INFO] PluginManager:220 - loadIPPluginJar : add ts
2024-04-15 12:17:50,837 [INFO] IPUIPlugin:80 - create IPUIPlugin
2024-04-15 12:17:50,837 [INFO] PluginManager:220 - loadIPPluginJar : add tsc
2024-04-15 12:17:50,862 [INFO] IPUIPlugin:80 - create IPUIPlugin
2024-04-15 12:17:50,862 [INFO] PluginManager:220 - loadIPPluginJar : add ucpd
2024-04-15 12:17:50,907 [INFO] IPUIPlugin:80 - create IPUIPlugin
2024-04-15 12:17:50,907 [INFO] PluginManager:220 - loadIPPluginJar : add usart
2024-04-15 12:17:50,944 [INFO] IPUIPlugin:80 - create IPUIPlugin
2024-04-15 12:17:50,945 [INFO] PluginManager:220 - loadIPPluginJar : add usbx
2024-04-15 12:17:51,075 [INFO] CADModel:165 - CPN selected for project level
2024-04-15 12:17:51,075 [INFO] CADModel:114 - Register for checkConnection events
2024-04-15 12:17:51,075 [FATAL] Updater:308 - Updater called before beeing initialized
2024-04-15 12:17:51,075 [ERROR] CADModel:125 - Updater not yet initialized, retry later 
2024-04-15 12:17:51,240 [INFO] CADModel:165 - CPN selected for project level
2024-04-15 12:17:51,240 [INFO] CADModel:114 - Register for checkConnection events
2024-04-15 12:17:51,240 [FATAL] Updater:308 - Updater called before beeing initialized
2024-04-15 12:17:51,240 [ERROR] CADModel:125 - Updater not yet initialized, retry later 
2024-04-15 12:17:51,242 [FATAL] Updater:308 - Updater called before beeing initialized
2024-04-15 12:17:51,361 [FATAL] Updater:308 - Updater called before beeing initialized
2024-04-15 12:17:51,371 [INFO] DbMcusAds:53 - JSON generation date=Wed Nov 29 04:52:27 CST 2023 (1701255147349)
2024-04-15 12:17:51,371 [FATAL] Updater:308 - Updater called before beeing initialized
2024-04-15 12:17:51,449 [WARN] DetailPanel:346 - Failed to get advertising image, set to default
2024-04-15 12:17:51,553 [FATAL] Updater:308 - Updater called before beeing initialized
2024-04-15 12:17:51,554 [FATAL] Updater:308 - Updater called before beeing initialized
2024-04-15 12:17:51,554 [FATAL] Updater:308 - Updater called before beeing initialized
2024-04-15 12:17:51,554 [WARN] DetailPanel:346 - Failed to get advertising image, set to default
2024-04-15 12:17:51,556 [FATAL] Updater:308 - Updater called before beeing initialized
2024-04-15 12:17:51,621 [ERROR] Updater:1120 - MainUpdater not yet initialized. External WinMGr cannot be set.
2024-04-15 12:17:51,631 [INFO] Updater:1056 - Updater Version found : 6.10.0
2024-04-15 12:17:51,650 [INFO] ApplicationProperties:184 - Using Application install path: C:\ST\STM32CubeIDE_1.14.1\STM32CubeIDE\plugins\com.st.stm32cube.common.mx_6.10.0.202311202037
2024-04-15 12:17:51,817 [INFO] ThirdPartyUpdaterWithRetryManager:70 - Updater plugin not ready yet. [2/15]
2024-04-15 12:17:53,232 [ERROR] LogOutputStream:75 - [STDERR_REDIRECT] Apr 15, 2024 12:17:53 PM java.util.prefs.WindowsPreferences <init>
2024-04-15 12:17:53,235 [ERROR] LogOutputStream:75 - [STDERR_REDIRECT] WARNING: Could not open/create prefs root node Software\JavaSoft\Prefs at root 0xffffffff80000002. Windows RegCreateKeyEx(...) returned error code 5.
2024-04-15 12:17:53,235 [ERROR] LogOutputStream:75 - [STDERR_REDIRECT] 
2024-04-15 12:17:53,784 [INFO] MainUpdater:2873 - connection check result : 10
2024-04-15 12:17:53,785 [INFO] MainUpdater:290 - Updater Check For Update Now.
2024-04-15 12:17:53,785 [INFO] MicroXplorer:498 - Change Database Version : DB.6.0.100
2024-04-15 12:17:53,812 [INFO] McuFinderGlobals:63 - Set McuFinder mode to 2 (CubeIDE integrated)
2024-04-15 12:17:53,812 [INFO] UserAuth:180 - activating auth plugin
2024-04-15 12:17:53,817 [INFO] UserAuth:404 - Internet connection configuration mode: 1
2024-04-15 12:17:53,862 [INFO] JxBrowserEngine:152 - Initiate JxBrowser Engine with user profile folder
2024-04-15 12:17:54,061 [INFO] CheckServerUpdateThread:120 - End of CheckServer Thread
2024-04-15 12:17:55,167 [WARN] PackLoader:240 - Cannot read IP mode file for STMicroelectronics.X-CUBE-SMBUS.2.1.0
2024-04-15 12:17:55,191 [WARN] PackLoader:240 - Cannot read IP mode file for STMicroelectronics.X-CUBE-TOUCHGFX.4.23.1
2024-04-15 12:17:55,212 [WARN] PackLoader:240 - Cannot read IP mode file for STMicroelectronics.X-CUBE-TOUCHGFX.4.23.0
2024-04-15 12:17:55,229 [WARN] PackLoader:240 - Cannot read IP mode file for STMicroelectronics.X-CUBE-TOUCHGFX.4.23.2
2024-04-15 12:17:55,292 [WARN] PackLoader:240 - Cannot read IP mode file for STMicroelectronics.X-CUBE-AZRTOS-F7.1.1.0
2024-04-15 12:17:55,320 [WARN] PackLoader:240 - Cannot read IP mode file for STMicroelectronics.FP-SNS-MOTENV1.4.3.2
2024-04-15 12:17:55,346 [WARN] PackLoader:240 - Cannot read IP mode file for STMicroelectronics.FP-SNS-FLIGHT1.5.0.2
2024-04-15 12:17:55,369 [WARN] PackLoader:240 - Cannot read IP mode file for STMicroelectronics.X-CUBE-DISPLAY.3.0.0
2024-04-15 12:17:55,399 [WARN] PackLoader:240 - Cannot read IP mode file for STMicroelectronics.X-CUBE-BLE1.7.0.0
2024-04-15 12:17:55,419 [WARN] PackLoader:240 - Cannot read IP mode file for emotas.I-CUBE-CANOPEN.1.3.0
2024-04-15 12:17:55,443 [WARN] PackLoader:240 - Cannot read IP mode file for STMicroelectronics.X-CUBE-BLEMGR.3.1.0
2024-04-15 12:17:55,462 [WARN] PackLoader:240 - Cannot read IP mode file for STMicroelectronics.FP-SNS-SMARTAG2.1.2.0
2024-04-15 12:17:55,492 [INFO] LogOutputStream:77 - [STDOUT_REDIRECT] 1 : Invalid condition id : UX_CORESTACK_Condition cause : null
2024-04-15 12:17:55,493 [INFO] LogOutputStream:77 - [STDOUT_REDIRECT] 1 : Invalid condition id : UX_CORESTACK_Condition cause : null
2024-04-15 12:17:55,494 [INFO] LogOutputStream:77 - [STDOUT_REDIRECT] 1 : Invalid condition id : UX_CORESTACK_Condition cause : null
2024-04-15 12:17:55,496 [INFO] LogOutputStream:77 - [STDOUT_REDIRECT] 1 : Invalid condition id : UX_CORESTACK_Condition cause : null
2024-04-15 12:17:55,497 [INFO] LogOutputStream:77 - [STDOUT_REDIRECT] 1 : Invalid condition id : UX_CORESTACK_Condition cause : null
2024-04-15 12:17:55,501 [WARN] PackLoader:240 - Cannot read IP mode file for STMicroelectronics.X-CUBE-AZRTOS-WL.2.0.0
2024-04-15 12:17:55,520 [WARN] PackLoader:240 - Cannot read IP mode file for STMicroelectronics.FP-SNS-MOTENV1.5.0.0
2024-04-15 12:17:55,544 [WARN] PackLoader:240 - Cannot read IP mode file for WES.I-CUBE-Cesium.1.3.0
2024-04-15 12:17:55,566 [WARN] PackLoader:240 - Cannot read IP mode file for STMicroelectronics.X-CUBE-BLE2.3.3.0
2024-04-15 12:17:55,587 [WARN] PackLoader:240 - Cannot read IP mode file for STMicroelectronics.X-CUBE-TCPP.4.1.0
2024-04-15 12:17:55,610 [WARN] PackLoader:240 - Cannot read IP mode file for STMicroelectronics.X-CUBE-ALGOBUILD.1.3.0
2024-04-15 12:17:55,650 [WARN] PackLoader:240 - Cannot read IP mode file for STMicroelectronics.X-CUBE-AZRTOS-G0.1.1.0
2024-04-15 12:17:55,675 [WARN] PackLoader:240 - Cannot read IP mode file for STMicroelectronics.X-CUBE-SAFEA1.1.2.2
2024-04-15 12:17:55,695 [WARN] PackLoader:240 - Cannot read IP mode file for STMicroelectronics.X-CUBE-NFC4.3.0.0
2024-04-15 12:17:55,716 [WARN] PackLoader:240 - Cannot read IP mode file for STMicroelectronics.X-CUBE-BLEMGR.3.0.0
2024-04-15 12:17:55,733 [WARN] PackLoader:240 - Cannot read IP mode file for STMicroelectronics.FP-ATR-SIGFOX1.3.2.0
2024-04-15 12:17:55,753 [WARN] PackLoader:240 - Cannot read IP mode file for STMicroelectronics.X-CUBE-EEPRMA1.5.1.0
2024-04-15 12:17:55,797 [WARN] PackLoader:240 - Cannot read IP mode file for SEGGER.I-CUBE-embOS.1.3.1
2024-04-15 12:17:55,911 [WARN] PackLoader:240 - Cannot read IP mode file for STMicroelectronics.X-CUBE-GNSS1.6.0.0
2024-04-15 12:17:55,975 [WARN] PackLoader:240 - Cannot read IP mode file for STMicroelectronics.X-CUBE-AZRTOS-F4.1.1.0
2024-04-15 12:17:56,000 [WARN] PackLoader:240 - Cannot read IP mode file for wolfSSL.I-CUBE-wolfSSL.5.6.6
2024-04-15 12:17:56,039 [WARN] PackLoader:240 - Cannot read IP mode file for STMicroelectronics.X-CUBE-AZRTOS-L5.2.0.0
2024-04-15 12:17:56,060 [WARN] PackLoader:240 - Cannot read IP mode file for STMicroelectronics.X-CUBE-EEPRMA1.4.2.0
2024-04-15 12:17:56,081 [WARN] PackLoader:240 - Cannot read IP mode file for STMicroelectronics.X-CUBE-NFC6.3.1.0
2024-04-15 12:17:56,102 [WARN] PackLoader:240 - Cannot read IP mode file for ITTIA_DB.I-CUBE-ITTIADB.8.8.0
2024-04-15 12:17:56,122 [WARN] PackLoader:240 - Cannot read IP mode file for STMicroelectronics.X-CUBE-NFC7.1.0.1
2024-04-15 12:17:56,142 [WARN] PackLoader:240 - Cannot read IP mode file for STMicroelectronics.X-CUBE-NFC6.3.0.0
2024-04-15 12:17:56,160 [WARN] PackLoader:240 - Cannot read IP mode file for STMicroelectronics.X-CUBE-AI.8.1.0
2024-04-15 12:17:56,194 [WARN] ConditionMgr:438 - getConditionDescription Invalid condition id : LAN8742 Phy interface Condition cause : null
2024-04-15 12:17:56,195 [WARN] PackLoader:240 - Cannot read IP mode file for STMicroelectronics.X-CUBE-AZRTOS-L4.2.0.0
2024-04-15 12:17:56,196 [WARN] ConditionMgr:1039 - genDependencies : Invalid condition id : LAN8742 Phy interface Condition cause : null
2024-04-15 12:17:56,196 [WARN] ConditionMgr:1039 - genDependencies : Invalid condition id : LAN8742 Phy interface Condition cause : null
2024-04-15 12:17:56,197 [WARN] ConditionMgr:1039 - genDependencies : Invalid condition id : LAN8742 Phy interface Condition cause : null
2024-04-15 12:17:56,217 [WARN] PackLoader:240 - Cannot read IP mode file for STMicroelectronics.X-CUBE-SFXS2LP1.4.0.0
2024-04-15 12:17:56,244 [WARN] ConditionMgr:438 - getConditionDescription Invalid condition id : UX DEVICE CLASS RTOS Condition cause : null
2024-04-15 12:17:56,245 [WARN] ConditionMgr:438 - getConditionDescription Invalid condition id : UX DEVICE CLASS RTOS Condition cause : null
2024-04-15 12:17:56,247 [WARN] PackLoader:240 - Cannot read IP mode file for STMicroelectronics.X-CUBE-AZRTOS-WB.2.0.0
2024-04-15 12:17:56,248 [WARN] ConditionMgr:1039 - genDependencies : Invalid condition id : UX DEVICE CLASS RTOS Condition cause : null
2024-04-15 12:17:56,248 [WARN] ConditionMgr:1039 - genDependencies : Invalid condition id : UX DEVICE CLASS RTOS Condition cause : null
2024-04-15 12:17:56,248 [WARN] ConditionMgr:1039 - genDependencies : Invalid condition id : UX DEVICE CLASS RTOS Condition cause : null
2024-04-15 12:17:56,249 [WARN] ConditionMgr:1039 - genDependencies : Invalid condition id : UX DEVICE CLASS RTOS Condition cause : null
2024-04-15 12:17:56,249 [WARN] ConditionMgr:1039 - genDependencies : Invalid condition id : UX DEVICE CLASS RTOS Condition cause : null
2024-04-15 12:17:56,272 [WARN] PackLoader:240 - Cannot read IP mode file for STMicroelectronics.X-CUBE-SUBG2.5.0.0
2024-04-15 12:17:56,316 [WARN] PackLoader:240 - Cannot read IP mode file for STMicroelectronics.X-CUBE-AZRTOS-G4.2.0.0
2024-04-15 12:17:56,345 [WARN] PackLoader:240 - Cannot read IP mode file for Infineon.AIROC-Wi-Fi-Bluetooth-STM32.1.5.1
2024-04-15 12:17:56,374 [WARN] PackLoader:240 - Cannot read IP mode file for STMicroelectronics.FP-SNS-MOTENVWB1.1.3.1
2024-04-15 12:17:56,389 [WARN] PackLoader:240 - Cannot read IP mode file for STMicroelectronics.X-CUBE-ISPU.2.0.0
2024-04-15 12:17:56,465 [WARN] PackLoader:240 - Cannot read IP mode file for STMicroelectronics.X-CUBE-MEMS1.10.0.0
2024-04-15 12:17:56,572 [WARN] PackLoader:240 - Cannot read IP mode file for STMicroelectronics.X-CUBE-FREERTOS.1.1.0
2024-04-15 12:17:56,661 [WARN] PackLoader:240 - Cannot read IP mode file for portGmbH.I-Cube-SoM-uGOAL.1.1.0
2024-04-15 12:17:56,680 [WARN] PackLoader:240 - Cannot read IP mode file for STMicroelectronics.X-CUBE-ALS.1.0.1
2024-04-15 12:17:56,695 [WARN] PackLoader:240 - Cannot read IP mode file for STMicroelectronics.FP-ATR-ASTRA1.2.0.0
2024-04-15 12:17:56,721 [WARN] PackLoader:240 - Cannot read IP mode file for STMicroelectronics.X-CUBE-TOF1.3.4.0
2024-04-15 12:17:56,786 [WARN] PackLoader:240 - Cannot read IP mode file for STMicroelectronics.X-CUBE-TOF1.3.4.1
2024-04-15 12:17:56,866 [WARN] PackLoader:240 - Cannot read IP mode file for STMicroelectronics.X-CUBE-AZRTOS-H7.3.2.0
2024-04-15 12:17:56,870 [INFO] ThirdParty:978 - Integrity check success = true
2024-04-15 12:17:56,871 [INFO] IntegrityCheckThread:100 - exiting critical section [integrity check]
2024-04-15 12:17:56,871 [INFO] IntegrityCheckThread:103 - End integrity checks thread
2024-04-15 12:17:58,500 [INFO] WebApp:161 - Instantiating new browser for Auth
2024-04-15 12:17:59,303 [INFO] WebApp:780 - Register for checkConnection events
2024-04-15 12:17:59,304 [INFO] WebApp:414 - Apply proxy settings
2024-04-15 12:17:59,304 [INFO] WebApp:499 - Chromium requires no authentication
2024-04-15 12:17:59,316 [INFO] WebApp:442 - Direct internet connection detected
2024-04-15 12:17:59,534 [INFO] WebApp:192 - Starting web application
2024-04-15 12:17:59,534 [INFO] WebApp:544 - Web application path used C:\ST\STM32CubeIDE_1.14.1\STM32CubeIDE\plugins\com.st.stm32cube.common.mx_6.10.0.202311202037\db\plugins\mcufinder\reactClient1\index.html
2024-04-15 12:18:20,760 [ERROR] LogOutputStream:75 - [STDERR_REDIRECT] SLF4J: Failed to load class "org.slf4j.impl.StaticLoggerBinder".
2024-04-15 12:18:20,762 [ERROR] LogOutputStream:75 - [STDERR_REDIRECT] SLF4J: Defaulting to no-operation (NOP) logger implementation
2024-04-15 12:18:20,763 [ERROR] LogOutputStream:75 - [STDERR_REDIRECT] SLF4J: See http://www.slf4j.org/codes.html#StaticLoggerBinder for further details.
2024-04-15 13:05:12,538 [ERROR] LogOutputStream:75 - [STDERR_REDIRECT] Exception in thread "Thread-279" java.lang.NullPointerException: Cannot invoke "com.st.stm32cube.ide.mcu.stackanalyzer.Activator.getLog()" because the return value of "com.st.stm32cube.ide.mcu.stackanalyzer.Activator.getDefault()" is null
2024-04-15 13:05:12,540 [ERROR] LogOutputStream:75 - [STDERR_REDIRECT] 	at com.st.stm32cube.ide.mcu.stackanalyzer.ui.StackAnalyzerView.inputChanged(StackAnalyzerView.java:1000)
2024-04-15 13:05:12,542 [ERROR] LogOutputStream:75 - [STDERR_REDIRECT] 	at com.st.stm32cube.ide.mcu.stackanalyzer.ui.StackAnalyzerView.lambda$15(StackAnalyzerView.java:1307)
2024-04-15 13:05:12,544 [ERROR] LogOutputStream:75 - [STDERR_REDIRECT] 	at java.base/java.lang.Thread.run(Thread.java:833)
2024-04-15 13:05:12,570 [ERROR] LogOutputStream:75 - [STDERR_REDIRECT] 
2024-04-15 13:05:12,571 [ERROR] LogOutputStream:75 - [STDERR_REDIRECT] 
2024-04-15 13:05:30,778 [INFO] Activator:176 - 


2024-04-15 13:05:30,781 [INFO] Activator:177 - !SESSION log4j initialized
2024-04-15 13:05:36,168 [INFO] LogOutputStream:77 - [STDOUT_REDIRECT] 
2024-04-15 13:05:37,285 [INFO] ApplicationProperties:184 - Using Application install path: C:\ST\STM32CubeIDE_1.14.1\STM32CubeIDE\plugins\com.st.stm32cube.common.mx_6.10.0.202311202037
2024-04-15 13:05:37,317 [INFO] DbMcusXml:78 - Set database path to: C:\ST\STM32CubeIDE_1.14.1\STM32CubeIDE\plugins\com.st.stm32cube.common.mx_6.10.0.202311202037\\db\/mcu/
2024-04-15 13:05:37,318 [INFO] ApiDb:274 - Set plugin database path to: C:\ST\STM32CubeIDE_1.14.1\STM32CubeIDE\plugins\com.st.stm32cube.common.mx_6.10.0.202311202037\\db\/plugins/boardmanager/
2024-04-15 13:05:37,318 [WARN] ApiDb:259 - Overriding images path with different value:  => C:\ST\STM32CubeIDE_1.14.1\STM32CubeIDE\plugins\com.st.stm32cube.common.mx_6.10.0.202311202037\\db\/plugins/mcufinder/images/
2024-04-15 13:05:37,326 [INFO] ApiDb:250 - Set database path to: C:\Users\TuranyElijah\.stmcufinder\plugins\mcufinder//mcu/
2024-04-15 13:05:37,327 [INFO] DbMcusAds:125 - Set database path to: C:\Users\TuranyElijah\.stmcufinder\plugins\mcufinder//mcu/
2024-04-15 13:05:37,330 [INFO] CrossReferenceDbSqlite:203 - Set database path to: C:\Users\TuranyElijah\.stmcufinder\plugins\mcufinder//mcu/cs/
2024-04-15 13:05:37,495 [INFO] RulesReader:64 - Compatibility file has been processed (297 Rules)
2024-04-15 13:05:37,604 [INFO] DbMcusXml:78 - Set database path to: C:\ST\STM32CubeIDE_1.14.1\STM32CubeIDE\plugins\com.st.stm32cube.common.mx_6.10.0.202311202037\\db\/mcu/
2024-04-15 13:05:37,605 [INFO] ApiDb:274 - Set plugin database path to: C:\ST\STM32CubeIDE_1.14.1\STM32CubeIDE\plugins\com.st.stm32cube.common.mx_6.10.0.202311202037\\db\/plugins/boardmanager/
2024-04-15 13:05:37,605 [INFO] ApiDb:261 - Set plugin images path to: C:\ST\STM32CubeIDE_1.14.1\STM32CubeIDE\plugins\com.st.stm32cube.common.mx_6.10.0.202311202037\\db\/plugins/mcufinder/images/
2024-04-15 13:05:37,605 [WARN] DbFile:41 - Overriding database path with different value: C:\Users\TuranyElijah\.stmcufinder\plugins\mcufinder/ => C:\Users\TuranyElijah\.stmcufinder\plugins\mcufinder
2024-04-15 13:05:37,605 [INFO] ApiDb:250 - Set database path to: C:\Users\TuranyElijah\.stmcufinder\plugins\mcufinder//mcu/
2024-04-15 13:05:37,605 [WARN] DbFile:41 - Overriding database path with different value: C:\Users\TuranyElijah\.stmcufinder\plugins\mcufinder/ => C:\Users\TuranyElijah\.stmcufinder\plugins\mcufinder
2024-04-15 13:05:37,606 [INFO] DbMcusAds:125 - Set database path to: C:\Users\TuranyElijah\.stmcufinder\plugins\mcufinder//mcu/
2024-04-15 13:05:37,606 [WARN] DbFile:41 - Overriding database path with different value: C:\Users\TuranyElijah\.stmcufinder\plugins\mcufinder/ => C:\Users\TuranyElijah\.stmcufinder\plugins\mcufinder
2024-04-15 13:05:37,606 [WARN] DbFile:41 - Overriding database path with different value: C:\Users\TuranyElijah\.stmcufinder\plugins\mcufinder/ => C:\Users\TuranyElijah\.stmcufinder\plugins\mcufinder
2024-04-15 13:05:37,606 [INFO] CrossReferenceDbSqlite:203 - Set database path to: C:\Users\TuranyElijah\.stmcufinder\plugins\mcufinder//mcu/cs/
2024-04-15 13:05:37,709 [INFO] MainPanel:264 - HeapMemory: 268435456
2024-04-15 13:05:37,816 [INFO] DbMcusXml:78 - Set database path to: C:\ST\STM32CubeIDE_1.14.1\STM32CubeIDE\plugins\com.st.stm32cube.common.mx_6.10.0.202311202037\\db\/mcu/
2024-04-15 13:05:37,816 [INFO] ApiDb:274 - Set plugin database path to: C:\ST\STM32CubeIDE_1.14.1\STM32CubeIDE\plugins\com.st.stm32cube.common.mx_6.10.0.202311202037\\db\/plugins/boardmanager/
2024-04-15 13:05:37,816 [INFO] ApiDb:261 - Set plugin images path to: C:\ST\STM32CubeIDE_1.14.1\STM32CubeIDE\plugins\com.st.stm32cube.common.mx_6.10.0.202311202037\\db\/plugins/mcufinder/images/
2024-04-15 13:05:37,817 [WARN] DbFile:41 - Overriding database path with different value: C:\Users\TuranyElijah\.stmcufinder\plugins\mcufinder/ => C:\Users\TuranyElijah\.stmcufinder\plugins\mcufinder
2024-04-15 13:05:37,817 [INFO] ApiDb:250 - Set database path to: C:\Users\TuranyElijah\.stmcufinder\plugins\mcufinder//mcu/
2024-04-15 13:05:37,817 [WARN] DbFile:41 - Overriding database path with different value: C:\Users\TuranyElijah\.stmcufinder\plugins\mcufinder/ => C:\Users\TuranyElijah\.stmcufinder\plugins\mcufinder
2024-04-15 13:05:37,817 [INFO] DbMcusAds:125 - Set database path to: C:\Users\TuranyElijah\.stmcufinder\plugins\mcufinder//mcu/
2024-04-15 13:05:37,817 [WARN] DbFile:41 - Overriding database path with different value: C:\Users\TuranyElijah\.stmcufinder\plugins\mcufinder/ => C:\Users\TuranyElijah\.stmcufinder\plugins\mcufinder
2024-04-15 13:05:37,817 [WARN] DbFile:41 - Overriding database path with different value: C:\Users\TuranyElijah\.stmcufinder\plugins\mcufinder/ => C:\Users\TuranyElijah\.stmcufinder\plugins\mcufinder
2024-04-15 13:05:37,817 [INFO] CrossReferenceDbSqlite:203 - Set database path to: C:\Users\TuranyElijah\.stmcufinder\plugins\mcufinder//mcu/cs/
2024-04-15 13:05:37,843 [INFO] ApplicationProperties:184 - Using Application install path: C:\ST\STM32CubeIDE_1.14.1\STM32CubeIDE\plugins\com.st.stm32cube.common.mx_6.10.0.202311202037
2024-04-15 13:05:37,845 [INFO] PluginManage:196 - Search for loadable plugins [exclusion list=, ]
2024-04-15 13:05:37,847 [INFO] PluginManage:310 - Check plugin analytics
2024-04-15 13:05:38,072 [INFO] AnalyticsPlugin:253 - Accepted Software Licenses: STM32CubeMX.6.10.0
2024-04-15 13:05:38,073 [INFO] AnalyticsPlugin:255 - Accepted CMSIS Pack Licenses: 
2024-04-15 13:05:38,073 [INFO] AnalyticsPlugin:257 - Accepted Firmware Licenses: 
2024-04-15 13:05:38,077 [INFO] PluginManage:359 - Loaded plugin analytics (category:tool,tabindex:-1)
2024-04-15 13:05:38,077 [INFO] PluginManage:310 - Check plugin cadmodel
2024-04-15 13:05:38,082 [INFO] CADModel:105 - Init CAD model plugin
2024-04-15 13:05:38,082 [INFO] PluginManage:359 - Loaded plugin cadmodel (category:power,tabindex:5)
2024-04-15 13:05:38,083 [INFO] PluginManage:310 - Check plugin clock
2024-04-15 13:05:38,092 [INFO] PluginManage:359 - Loaded plugin clock (category:base,tabindex:2)
2024-04-15 13:05:38,092 [INFO] PluginManage:310 - Check plugin ddr
2024-04-15 13:05:38,095 [INFO] PluginManage:359 - Loaded plugin ddr (category:tool,tabindex:6)
2024-04-15 13:05:38,095 [INFO] PluginManage:310 - Check plugin filemanager
2024-04-15 13:05:38,297 [INFO] PluginManage:359 - Loaded plugin filemanager (category:base,tabindex:10)
2024-04-15 13:05:38,298 [INFO] PluginManage:310 - Check plugin ipmanager
2024-04-15 13:05:38,307 [INFO] PluginManage:359 - Loaded plugin ipmanager (category:base,tabindex:5)
2024-04-15 13:05:38,307 [INFO] PluginManage:310 - Check plugin lpbam
2024-04-15 13:05:38,322 [INFO] PluginManage:359 - Loaded plugin lpbam (category:base,tabindex:0)
2024-04-15 13:05:38,322 [INFO] PluginManage:310 - Check plugin memorymap
2024-04-15 13:05:38,344 [INFO] PluginManage:359 - Loaded plugin memorymap (category:base,tabindex:4)
2024-04-15 13:05:38,344 [INFO] PluginManage:310 - Check plugin pinoutandconfiguration
2024-04-15 13:05:38,354 [INFO] PluginManage:359 - Loaded plugin pinoutandconfiguration (category:base,tabindex:1)
2024-04-15 13:05:38,354 [INFO] PluginManage:310 - Check plugin pinoutconfig
2024-04-15 13:05:38,495 [WARN] SupportedApi:132 - Cannot load RTOS API schema: s4s-elt-must-match.1: The content of 'definitions' must match (annotation?, (simpleType | complexType)?, (unique | key | keyref)*)). A problem was found starting at: attribute.
2024-04-15 13:05:38,711 [INFO] PluginManage:359 - Loaded plugin pinoutconfig (category:base,tabindex:0)
2024-04-15 13:05:38,711 [INFO] PluginManage:310 - Check plugin power
2024-04-15 13:05:38,731 [INFO] PluginManage:359 - Loaded plugin power (category:power,tabindex:4)
2024-04-15 13:05:38,732 [INFO] PluginManage:310 - Check plugin projectmanager
2024-04-15 13:05:38,759 [INFO] PluginManage:359 - Loaded plugin projectmanager (category:projectmanager,tabindex:3)
2024-04-15 13:05:38,759 [INFO] PluginManage:310 - Check plugin thirdparty
2024-04-15 13:05:38,938 [INFO] PluginManage:359 - Loaded plugin thirdparty (category:base,tabindex:-1)
2024-04-15 13:05:38,938 [INFO] PluginManage:310 - Check plugin tools
2024-04-15 13:05:38,938 [WARN] IntegrityCheckThread:84 - waiting for thirdparty lock release [integrity check]
2024-04-15 13:05:38,939 [INFO] IntegrityCheckThread:86 - entering critical section [integrity check]
2024-04-15 13:05:38,940 [INFO] ThirdPartyUpdaterWithRetryManager:70 - Updater plugin not ready yet. [1/15]
2024-04-15 13:05:38,943 [INFO] PluginManage:359 - Loaded plugin tools (category:base,tabindex:7)
2024-04-15 13:05:38,943 [INFO] PluginManage:310 - Check plugin tutovideos
2024-04-15 13:05:39,130 [INFO] PluginManage:359 - Loaded plugin tutovideos (category:base,tabindex:-1)
2024-04-15 13:05:39,130 [INFO] PluginManage:310 - Check plugin updater
2024-04-15 13:05:39,144 [INFO] PluginManage:359 - Loaded plugin updater (category:base,tabindex:12)
2024-04-15 13:05:39,144 [INFO] PluginManage:310 - Check plugin userauth
2024-04-15 13:05:39,150 [INFO] UserAuth:114 - Init User Auth plugin
2024-04-15 13:05:39,150 [INFO] PluginManage:359 - Loaded plugin userauth (category:base,tabindex:14)
2024-04-15 13:05:39,150 [INFO] PluginManage:283 - PluginManage : Loaded plugins [17]
2024-04-15 13:05:39,398 [INFO] PinOutPanel:1499 - setPackage(No Configuration,No Configuration)
2024-04-15 13:05:39,493 [INFO] CADModel:165 - CPN selected for project level
2024-04-15 13:05:39,494 [INFO] CADModel:114 - Register for checkConnection events
2024-04-15 13:05:39,509 [INFO] IPUIPlugin:80 - create IPUIPlugin
2024-04-15 13:05:39,509 [INFO] PluginManager:220 - loadIPPluginJar : add adc
2024-04-15 13:05:39,511 [INFO] IPUIPlugin:80 - create IPUIPlugin
2024-04-15 13:05:39,511 [INFO] PluginManager:220 - loadIPPluginJar : add aes
2024-04-15 13:05:39,514 [INFO] IPUIPlugin:80 - create IPUIPlugin
2024-04-15 13:05:39,514 [INFO] PluginManager:220 - loadIPPluginJar : add can
2024-04-15 13:05:39,515 [INFO] IPUIPlugin:80 - create IPUIPlugin
2024-04-15 13:05:39,515 [INFO] PluginManager:220 - loadIPPluginJar : add comp
2024-04-15 13:05:39,518 [INFO] IPUIPlugin:80 - create IPUIPlugin
2024-04-15 13:05:39,518 [INFO] PluginManager:220 - loadIPPluginJar : add cryp
2024-04-15 13:05:39,520 [INFO] IPUIPlugin:80 - create IPUIPlugin
2024-04-15 13:05:39,520 [INFO] PluginManager:220 - loadIPPluginJar : add dfsdm
2024-04-15 13:05:39,525 [INFO] IPUIPlugin:80 - create IPUIPlugin
2024-04-15 13:05:39,526 [INFO] PluginManager:220 - loadIPPluginJar : add dma
2024-04-15 13:05:39,528 [INFO] IPUIPlugin:80 - create IPUIPlugin
2024-04-15 13:05:39,528 [INFO] PluginManager:220 - loadIPPluginJar : add dma3
2024-04-15 13:05:39,530 [INFO] IPUIPlugin:80 - create IPUIPlugin
2024-04-15 13:05:39,530 [INFO] PluginManager:220 - loadIPPluginJar : add fatfs
2024-04-15 13:05:39,534 [INFO] IPUIPlugin:80 - create IPUIPlugin
2024-04-15 13:05:39,534 [INFO] PluginManager:220 - loadIPPluginJar : add fmc
2024-04-15 13:05:39,539 [INFO] IPUIPlugin:80 - create IPUIPlugin
2024-04-15 13:05:39,539 [INFO] PluginManager:220 - loadIPPluginJar : add freertos
2024-04-15 13:05:39,540 [INFO] IPUIPlugin:80 - create IPUIPlugin
2024-04-15 13:05:39,540 [INFO] PluginManager:220 - loadIPPluginJar : add genericplugin
2024-04-15 13:05:39,542 [INFO] IPUIPlugin:80 - create IPUIPlugin
2024-04-15 13:05:39,543 [INFO] PluginManager:220 - loadIPPluginJar : add gfxmmu
2024-04-15 13:05:39,548 [INFO] IPUIPlugin:80 - create IPUIPlugin
2024-04-15 13:05:39,548 [INFO] PluginManager:220 - loadIPPluginJar : add gic
2024-04-15 13:05:39,552 [INFO] IPUIPlugin:80 - create IPUIPlugin
2024-04-15 13:05:39,552 [INFO] PluginManager:220 - loadIPPluginJar : add gpio
2024-04-15 13:05:39,555 [INFO] IPUIPlugin:80 - create IPUIPlugin
2024-04-15 13:05:39,555 [INFO] PluginManager:220 - loadIPPluginJar : add gtzc
2024-04-15 13:05:39,557 [INFO] IPUIPlugin:80 - create IPUIPlugin
2024-04-15 13:05:39,557 [INFO] PluginManager:220 - loadIPPluginJar : add hash
2024-04-15 13:05:39,560 [INFO] IPUIPlugin:80 - create IPUIPlugin
2024-04-15 13:05:39,560 [INFO] PluginManager:220 - loadIPPluginJar : add i2c
2024-04-15 13:05:39,563 [INFO] IPUIPlugin:80 - create IPUIPlugin
2024-04-15 13:05:39,563 [INFO] PluginManager:220 - loadIPPluginJar : add i2s
2024-04-15 13:05:39,566 [INFO] IPUIPlugin:80 - create IPUIPlugin
2024-04-15 13:05:39,566 [INFO] PluginManager:220 - loadIPPluginJar : add i3c
2024-04-15 13:05:39,572 [INFO] IPUIPlugin:80 - create IPUIPlugin
2024-04-15 13:05:39,573 [INFO] PluginManager:220 - loadIPPluginJar : add ipddr
2024-04-15 13:05:39,580 [INFO] IPUIPlugin:80 - create IPUIPlugin
2024-04-15 13:05:39,580 [INFO] PluginManager:220 - loadIPPluginJar : add linkedlist
2024-04-15 13:05:39,583 [INFO] IPUIPlugin:80 - create IPUIPlugin
2024-04-15 13:05:39,583 [INFO] PluginManager:220 - loadIPPluginJar : add lorawan
2024-04-15 13:05:39,585 [INFO] IPUIPlugin:80 - create IPUIPlugin
2024-04-15 13:05:39,585 [INFO] PluginManager:220 - loadIPPluginJar : add ltdc
2024-04-15 13:05:39,601 [INFO] IPUIPlugin:80 - create IPUIPlugin
2024-04-15 13:05:39,601 [INFO] PluginManager:220 - loadIPPluginJar : add mdma
2024-04-15 13:05:39,605 [INFO] IPUIPlugin:80 - create IPUIPlugin
2024-04-15 13:05:39,605 [INFO] PluginManager:220 - loadIPPluginJar : add nvic
2024-04-15 13:05:39,608 [INFO] IPUIPlugin:80 - create IPUIPlugin
2024-04-15 13:05:39,608 [INFO] PluginManager:220 - loadIPPluginJar : add opamp
2024-04-15 13:05:39,610 [INFO] IPUIPlugin:80 - create IPUIPlugin
2024-04-15 13:05:39,612 [INFO] PluginManager:220 - loadIPPluginJar : add openamp
2024-04-15 13:05:39,615 [INFO] IPUIPlugin:80 - create IPUIPlugin
2024-04-15 13:05:39,615 [INFO] PluginManager:220 - loadIPPluginJar : add pdm2pcm
2024-04-15 13:05:39,621 [INFO] IPUIPlugin:80 - create IPUIPlugin
2024-04-15 13:05:39,624 [INFO] PluginManager:220 - loadIPPluginJar : add plateformsettings
2024-04-15 13:05:39,625 [INFO] IPUIPlugin:80 - create IPUIPlugin
2024-04-15 13:05:39,625 [INFO] PluginManager:220 - loadIPPluginJar : add quadspi
2024-04-15 13:05:39,629 [INFO] IPUIPlugin:80 - create IPUIPlugin
2024-04-15 13:05:39,629 [INFO] PluginManager:220 - loadIPPluginJar : add resmgrutility
2024-04-15 13:05:39,632 [INFO] IPUIPlugin:80 - create IPUIPlugin
2024-04-15 13:05:39,632 [INFO] PluginManager:220 - loadIPPluginJar : add sai
2024-04-15 13:05:39,634 [INFO] IPUIPlugin:80 - create IPUIPlugin
2024-04-15 13:05:39,634 [INFO] PluginManager:220 - loadIPPluginJar : add spi
2024-04-15 13:05:39,639 [INFO] IPUIPlugin:80 - create IPUIPlugin
2024-04-15 13:05:39,639 [INFO] PluginManager:220 - loadIPPluginJar : add stm32_wpan
2024-04-15 13:05:39,640 [INFO] IPUIPlugin:80 - create IPUIPlugin
2024-04-15 13:05:39,640 [INFO] PluginManager:220 - loadIPPluginJar : add tim
2024-04-15 13:05:39,643 [INFO] IPUIPlugin:80 - create IPUIPlugin
2024-04-15 13:05:39,643 [INFO] PluginManager:220 - loadIPPluginJar : add touchsensing
2024-04-15 13:05:39,645 [INFO] IPUIPlugin:80 - create IPUIPlugin
2024-04-15 13:05:39,645 [INFO] PluginManager:220 - loadIPPluginJar : add tracer_emb
2024-04-15 13:05:39,646 [INFO] IPUIPlugin:80 - create IPUIPlugin
2024-04-15 13:05:39,646 [INFO] PluginManager:220 - loadIPPluginJar : add ts
2024-04-15 13:05:39,648 [INFO] IPUIPlugin:80 - create IPUIPlugin
2024-04-15 13:05:39,648 [INFO] PluginManager:220 - loadIPPluginJar : add tsc
2024-04-15 13:05:39,649 [INFO] IPUIPlugin:80 - create IPUIPlugin
2024-04-15 13:05:39,650 [INFO] PluginManager:220 - loadIPPluginJar : add ucpd
2024-04-15 13:05:39,652 [INFO] IPUIPlugin:80 - create IPUIPlugin
2024-04-15 13:05:39,652 [INFO] PluginManager:220 - loadIPPluginJar : add usart
2024-04-15 13:05:39,655 [INFO] IPUIPlugin:80 - create IPUIPlugin
2024-04-15 13:05:39,655 [INFO] PluginManager:220 - loadIPPluginJar : add usbx
2024-04-15 13:05:39,796 [INFO] CADModel:165 - CPN selected for project level
2024-04-15 13:05:39,796 [INFO] CADModel:114 - Register for checkConnection events
2024-04-15 13:05:39,796 [FATAL] Updater:308 - Updater called before beeing initialized
2024-04-15 13:05:39,796 [ERROR] CADModel:125 - Updater not yet initialized, retry later 
2024-04-15 13:05:39,973 [INFO] CADModel:165 - CPN selected for project level
2024-04-15 13:05:39,973 [INFO] CADModel:114 - Register for checkConnection events
2024-04-15 13:05:39,973 [FATAL] Updater:308 - Updater called before beeing initialized
2024-04-15 13:05:39,973 [ERROR] CADModel:125 - Updater not yet initialized, retry later 
2024-04-15 13:05:39,977 [FATAL] Updater:308 - Updater called before beeing initialized
2024-04-15 13:05:40,130 [FATAL] Updater:308 - Updater called before beeing initialized
2024-04-15 13:05:40,135 [INFO] DbMcusAds:53 - JSON generation date=Wed Nov 29 04:52:27 CST 2023 (1701255147349)
2024-04-15 13:05:40,135 [FATAL] Updater:308 - Updater called before beeing initialized
2024-04-15 13:05:40,176 [WARN] DetailPanel:346 - Failed to get advertising image, set to default
2024-04-15 13:05:40,299 [FATAL] Updater:308 - Updater called before beeing initialized
2024-04-15 13:05:40,301 [FATAL] Updater:308 - Updater called before beeing initialized
2024-04-15 13:05:40,301 [FATAL] Updater:308 - Updater called before beeing initialized
2024-04-15 13:05:40,301 [WARN] DetailPanel:346 - Failed to get advertising image, set to default
2024-04-15 13:05:40,302 [FATAL] Updater:308 - Updater called before beeing initialized
2024-04-15 13:05:40,363 [ERROR] Updater:1120 - MainUpdater not yet initialized. External WinMGr cannot be set.
2024-04-15 13:05:40,374 [INFO] Updater:1056 - Updater Version found : 6.10.0
2024-04-15 13:05:40,393 [INFO] ApplicationProperties:184 - Using Application install path: C:\ST\STM32CubeIDE_1.14.1\STM32CubeIDE\plugins\com.st.stm32cube.common.mx_6.10.0.202311202037
2024-04-15 13:05:41,941 [INFO] ThirdPartyUpdaterWithRetryManager:70 - Updater plugin not ready yet. [2/15]
2024-04-15 13:05:41,979 [ERROR] LogOutputStream:75 - [STDERR_REDIRECT] Apr 15, 2024 1:05:41 PM java.util.prefs.WindowsPreferences <init>
2024-04-15 13:05:41,981 [ERROR] LogOutputStream:75 - [STDERR_REDIRECT] WARNING: Could not open/create prefs root node Software\JavaSoft\Prefs at root 0xffffffff80000002. Windows RegCreateKeyEx(...) returned error code 5.
2024-04-15 13:05:41,981 [ERROR] LogOutputStream:75 - [STDERR_REDIRECT] 
2024-04-15 13:05:42,397 [INFO] MainUpdater:2873 - connection check result : 10
2024-04-15 13:05:42,398 [INFO] MainUpdater:290 - Updater Check For Update Now.
2024-04-15 13:05:42,399 [INFO] MicroXplorer:498 - Change Database Version : DB.6.0.100
2024-04-15 13:05:42,409 [INFO] McuFinderGlobals:63 - Set McuFinder mode to 2 (CubeIDE integrated)
2024-04-15 13:05:42,409 [INFO] UserAuth:180 - activating auth plugin
2024-04-15 13:05:42,414 [INFO] UserAuth:404 - Internet connection configuration mode: 1
2024-04-15 13:05:42,442 [INFO] JxBrowserEngine:152 - Initiate JxBrowser Engine with user profile folder
2024-04-15 13:05:42,616 [INFO] CheckServerUpdateThread:120 - End of CheckServer Thread
2024-04-15 13:05:43,329 [INFO] WebApp:161 - Instantiating new browser for Auth
2024-04-15 13:05:44,014 [INFO] WebApp:780 - Register for checkConnection events
2024-04-15 13:05:44,014 [INFO] WebApp:414 - Apply proxy settings
2024-04-15 13:05:44,014 [INFO] WebApp:499 - Chromium requires no authentication
2024-04-15 13:05:44,023 [INFO] WebApp:442 - Direct internet connection detected
2024-04-15 13:05:44,211 [INFO] WebApp:192 - Starting web application
2024-04-15 13:05:44,212 [INFO] WebApp:544 - Web application path used C:\ST\STM32CubeIDE_1.14.1\STM32CubeIDE\plugins\com.st.stm32cube.common.mx_6.10.0.202311202037\db\plugins\mcufinder\reactClient1\index.html
2024-04-15 13:05:45,203 [WARN] PackLoader:240 - Cannot read IP mode file for STMicroelectronics.X-CUBE-SMBUS.2.1.0
2024-04-15 13:05:45,214 [WARN] PackLoader:240 - Cannot read IP mode file for STMicroelectronics.X-CUBE-TOUCHGFX.4.23.1
2024-04-15 13:05:45,218 [WARN] PackLoader:240 - Cannot read IP mode file for STMicroelectronics.X-CUBE-TOUCHGFX.4.23.0
2024-04-15 13:05:45,227 [WARN] PackLoader:240 - Cannot read IP mode file for STMicroelectronics.X-CUBE-TOUCHGFX.4.23.2
2024-04-15 13:05:45,291 [WARN] PackLoader:240 - Cannot read IP mode file for STMicroelectronics.X-CUBE-AZRTOS-F7.1.1.0
2024-04-15 13:05:45,317 [WARN] PackLoader:240 - Cannot read IP mode file for STMicroelectronics.FP-SNS-MOTENV1.4.3.2
2024-04-15 13:05:45,332 [WARN] PackLoader:240 - Cannot read IP mode file for STMicroelectronics.FP-SNS-FLIGHT1.5.0.2
2024-04-15 13:05:45,348 [WARN] PackLoader:240 - Cannot read IP mode file for STMicroelectronics.X-CUBE-DISPLAY.3.0.0
2024-04-15 13:05:45,405 [WARN] PackLoader:240 - Cannot read IP mode file for STMicroelectronics.X-CUBE-BLE1.7.0.0
2024-04-15 13:05:45,424 [WARN] PackLoader:240 - Cannot read IP mode file for emotas.I-CUBE-CANOPEN.1.3.0
2024-04-15 13:05:45,440 [WARN] PackLoader:240 - Cannot read IP mode file for STMicroelectronics.X-CUBE-BLEMGR.3.1.0
2024-04-15 13:05:45,451 [WARN] PackLoader:240 - Cannot read IP mode file for STMicroelectronics.FP-SNS-SMARTAG2.1.2.0
2024-04-15 13:05:45,467 [INFO] LogOutputStream:77 - [STDOUT_REDIRECT] 1 : Invalid condition id : UX_CORESTACK_Condition cause : null
2024-04-15 13:05:45,468 [INFO] LogOutputStream:77 - [STDOUT_REDIRECT] 1 : Invalid condition id : UX_CORESTACK_Condition cause : null
2024-04-15 13:05:45,470 [INFO] LogOutputStream:77 - [STDOUT_REDIRECT] 1 : Invalid condition id : UX_CORESTACK_Condition cause : null
2024-04-15 13:05:45,472 [INFO] LogOutputStream:77 - [STDOUT_REDIRECT] 1 : Invalid condition id : UX_CORESTACK_Condition cause : null
2024-04-15 13:05:45,473 [INFO] LogOutputStream:77 - [STDOUT_REDIRECT] 1 : Invalid condition id : UX_CORESTACK_Condition cause : null
2024-04-15 13:05:45,481 [WARN] PackLoader:240 - Cannot read IP mode file for STMicroelectronics.X-CUBE-AZRTOS-WL.2.0.0
2024-04-15 13:05:45,494 [WARN] PackLoader:240 - Cannot read IP mode file for STMicroelectronics.FP-SNS-MOTENV1.5.0.0
2024-04-15 13:05:45,512 [WARN] PackLoader:240 - Cannot read IP mode file for WES.I-CUBE-Cesium.1.3.0
2024-04-15 13:05:45,522 [WARN] PackLoader:240 - Cannot read IP mode file for STMicroelectronics.X-CUBE-BLE2.3.3.0
2024-04-15 13:05:45,531 [WARN] PackLoader:240 - Cannot read IP mode file for STMicroelectronics.X-CUBE-TCPP.4.1.0
2024-04-15 13:05:45,542 [WARN] PackLoader:240 - Cannot read IP mode file for STMicroelectronics.X-CUBE-ALGOBUILD.1.3.0
2024-04-15 13:05:45,568 [WARN] PackLoader:240 - Cannot read IP mode file for STMicroelectronics.X-CUBE-AZRTOS-G0.1.1.0
2024-04-15 13:05:45,579 [WARN] PackLoader:240 - Cannot read IP mode file for STMicroelectronics.X-CUBE-SAFEA1.1.2.2
2024-04-15 13:05:45,587 [WARN] PackLoader:240 - Cannot read IP mode file for STMicroelectronics.X-CUBE-NFC4.3.0.0
2024-04-15 13:05:45,599 [WARN] PackLoader:240 - Cannot read IP mode file for STMicroelectronics.X-CUBE-BLEMGR.3.0.0
2024-04-15 13:05:45,610 [WARN] PackLoader:240 - Cannot read IP mode file for STMicroelectronics.FP-ATR-SIGFOX1.3.2.0
2024-04-15 13:05:45,618 [WARN] PackLoader:240 - Cannot read IP mode file for STMicroelectronics.X-CUBE-EEPRMA1.5.1.0
2024-04-15 13:05:45,655 [WARN] PackLoader:240 - Cannot read IP mode file for SEGGER.I-CUBE-embOS.1.3.1
2024-04-15 13:05:45,701 [WARN] PackLoader:240 - Cannot read IP mode file for STMicroelectronics.X-CUBE-GNSS1.6.0.0
2024-04-15 13:05:45,729 [WARN] PackLoader:240 - Cannot read IP mode file for STMicroelectronics.X-CUBE-AZRTOS-F4.1.1.0
2024-04-15 13:05:45,741 [WARN] PackLoader:240 - Cannot read IP mode file for wolfSSL.I-CUBE-wolfSSL.5.6.6
2024-04-15 13:05:45,766 [WARN] PackLoader:240 - Cannot read IP mode file for STMicroelectronics.X-CUBE-AZRTOS-L5.2.0.0
2024-04-15 13:05:45,777 [WARN] PackLoader:240 - Cannot read IP mode file for STMicroelectronics.X-CUBE-EEPRMA1.4.2.0
2024-04-15 13:05:45,789 [WARN] PackLoader:240 - Cannot read IP mode file for STMicroelectronics.X-CUBE-NFC6.3.1.0
2024-04-15 13:05:45,800 [WARN] PackLoader:240 - Cannot read IP mode file for ITTIA_DB.I-CUBE-ITTIADB.8.8.0
2024-04-15 13:05:45,807 [WARN] PackLoader:240 - Cannot read IP mode file for STMicroelectronics.X-CUBE-NFC7.1.0.1
2024-04-15 13:05:45,815 [WARN] PackLoader:240 - Cannot read IP mode file for STMicroelectronics.X-CUBE-NFC6.3.0.0
2024-04-15 13:05:45,821 [WARN] PackLoader:240 - Cannot read IP mode file for STMicroelectronics.X-CUBE-AI.8.1.0
2024-04-15 13:05:45,841 [WARN] ConditionMgr:438 - getConditionDescription Invalid condition id : LAN8742 Phy interface Condition cause : null
2024-04-15 13:05:45,841 [WARN] PackLoader:240 - Cannot read IP mode file for STMicroelectronics.X-CUBE-AZRTOS-L4.2.0.0
2024-04-15 13:05:45,843 [WARN] ConditionMgr:1039 - genDependencies : Invalid condition id : LAN8742 Phy interface Condition cause : null
2024-04-15 13:05:45,843 [WARN] ConditionMgr:1039 - genDependencies : Invalid condition id : LAN8742 Phy interface Condition cause : null
2024-04-15 13:05:45,844 [WARN] ConditionMgr:1039 - genDependencies : Invalid condition id : LAN8742 Phy interface Condition cause : null
2024-04-15 13:05:45,854 [WARN] PackLoader:240 - Cannot read IP mode file for STMicroelectronics.X-CUBE-SFXS2LP1.4.0.0
2024-04-15 13:05:45,874 [WARN] ConditionMgr:438 - getConditionDescription Invalid condition id : UX DEVICE CLASS RTOS Condition cause : null
2024-04-15 13:05:45,875 [WARN] ConditionMgr:438 - getConditionDescription Invalid condition id : UX DEVICE CLASS RTOS Condition cause : null
2024-04-15 13:05:45,878 [WARN] PackLoader:240 - Cannot read IP mode file for STMicroelectronics.X-CUBE-AZRTOS-WB.2.0.0
2024-04-15 13:05:45,879 [WARN] ConditionMgr:1039 - genDependencies : Invalid condition id : UX DEVICE CLASS RTOS Condition cause : null
2024-04-15 13:05:45,879 [WARN] ConditionMgr:1039 - genDependencies : Invalid condition id : UX DEVICE CLASS RTOS Condition cause : null
2024-04-15 13:05:45,879 [WARN] ConditionMgr:1039 - genDependencies : Invalid condition id : UX DEVICE CLASS RTOS Condition cause : null
2024-04-15 13:05:45,880 [WARN] ConditionMgr:1039 - genDependencies : Invalid condition id : UX DEVICE CLASS RTOS Condition cause : null
2024-04-15 13:05:45,880 [WARN] ConditionMgr:1039 - genDependencies : Invalid condition id : UX DEVICE CLASS RTOS Condition cause : null
2024-04-15 13:05:45,892 [WARN] PackLoader:240 - Cannot read IP mode file for STMicroelectronics.X-CUBE-SUBG2.5.0.0
2024-04-15 13:05:45,911 [WARN] PackLoader:240 - Cannot read IP mode file for STMicroelectronics.X-CUBE-AZRTOS-G4.2.0.0
2024-04-15 13:05:45,922 [WARN] PackLoader:240 - Cannot read IP mode file for Infineon.AIROC-Wi-Fi-Bluetooth-STM32.1.5.1
2024-04-15 13:05:45,931 [WARN] PackLoader:240 - Cannot read IP mode file for STMicroelectronics.FP-SNS-MOTENVWB1.1.3.1
2024-04-15 13:05:45,936 [WARN] PackLoader:240 - Cannot read IP mode file for STMicroelectronics.X-CUBE-ISPU.2.0.0
2024-04-15 13:05:45,971 [WARN] PackLoader:240 - Cannot read IP mode file for STMicroelectronics.X-CUBE-MEMS1.10.0.0
2024-04-15 13:05:46,096 [WARN] PackLoader:240 - Cannot read IP mode file for STMicroelectronics.X-CUBE-FREERTOS.1.1.0
2024-04-15 13:05:46,101 [WARN] PackLoader:240 - Cannot read IP mode file for portGmbH.I-Cube-SoM-uGOAL.1.1.0
2024-04-15 13:05:46,106 [WARN] PackLoader:240 - Cannot read IP mode file for STMicroelectronics.X-CUBE-ALS.1.0.1
2024-04-15 13:05:46,110 [WARN] PackLoader:240 - Cannot read IP mode file for STMicroelectronics.FP-ATR-ASTRA1.2.0.0
2024-04-15 13:05:46,119 [WARN] PackLoader:240 - Cannot read IP mode file for STMicroelectronics.X-CUBE-TOF1.3.4.0
2024-04-15 13:05:46,138 [WARN] PackLoader:240 - Cannot read IP mode file for STMicroelectronics.X-CUBE-TOF1.3.4.1
2024-04-15 13:05:46,170 [WARN] PackLoader:240 - Cannot read IP mode file for STMicroelectronics.X-CUBE-AZRTOS-H7.3.2.0
2024-04-15 13:05:46,174 [INFO] ThirdParty:978 - Integrity check success = true
2024-04-15 13:05:46,174 [INFO] IntegrityCheckThread:100 - exiting critical section [integrity check]
2024-04-15 13:05:46,174 [INFO] IntegrityCheckThread:103 - End integrity checks thread
2024-04-15 13:06:05,129 [ERROR] LogOutputStream:75 - [STDERR_REDIRECT] SLF4J: Failed to load class "org.slf4j.impl.StaticLoggerBinder".
2024-04-15 13:06:05,130 [ERROR] LogOutputStream:75 - [STDERR_REDIRECT] SLF4J: Defaulting to no-operation (NOP) logger implementation
2024-04-15 13:06:05,132 [ERROR] LogOutputStream:75 - [STDERR_REDIRECT] SLF4J: See http://www.slf4j.org/codes.html#StaticLoggerBinder for further details.
2024-04-15 14:28:24,206 [ERROR] LogOutputStream:75 - [STDERR_REDIRECT] 
