2024-03-06 12:17:36,597 [INFO] Activator:176 - 


2024-03-06 12:17:36,603 [INFO] Activator:177 - !SESSION log4j initialized
2024-03-06 12:17:44,034 [INFO] LogOutputStream:77 - [STDOUT_REDIRECT] 
2024-03-06 12:17:44,457 [ERROR] ConfigurationRetriever:142 - IOException on connection: sw-center.st.com
2024-03-06 12:17:44,458 [ERROR] ConfigurationRetriever:142 - IOException on connection: sw-center.st.com
2024-03-06 12:17:44,458 [ERROR] ConfigurationRetriever:142 - IOException on connection: sw-center.st.com
2024-03-06 12:17:44,461 [ERROR] ConfigurationRetriever:142 - IOException on connection: sw-center.st.com
2024-03-06 12:17:44,462 [ERROR] ConfigurationRetriever:142 - IOException on connection: sw-center.st.com
2024-03-06 12:17:44,462 [ERROR] ConfigurationRetriever:142 - IOException on connection: sw-center.st.com
2024-03-06 12:17:46,582 [INFO] ApplicationProperties:184 - Using Application install path: C:\ST\STM32CubeIDE_1.14.1\STM32CubeIDE\plugins\com.st.stm32cube.common.mx_6.10.0.202311202037
2024-03-06 12:17:46,602 [INFO] DbMcusXml:78 - Set database path to: C:\ST\STM32CubeIDE_1.14.1\STM32CubeIDE\plugins\com.st.stm32cube.common.mx_6.10.0.202311202037\\db\/mcu/
2024-03-06 12:17:46,603 [INFO] ApiDb:274 - Set plugin database path to: C:\ST\STM32CubeIDE_1.14.1\STM32CubeIDE\plugins\com.st.stm32cube.common.mx_6.10.0.202311202037\\db\/plugins/boardmanager/
2024-03-06 12:17:46,603 [WARN] ApiDb:259 - Overriding images path with different value:  => C:\ST\STM32CubeIDE_1.14.1\STM32CubeIDE\plugins\com.st.stm32cube.common.mx_6.10.0.202311202037\\db\/plugins/mcufinder/images/
2024-03-06 12:17:46,617 [INFO] ApiDb:250 - Set database path to: C:\Users\TuranyElijah\.stmcufinder\plugins\mcufinder//mcu/
2024-03-06 12:17:46,619 [INFO] DbMcusAds:125 - Set database path to: C:\Users\TuranyElijah\.stmcufinder\plugins\mcufinder//mcu/
2024-03-06 12:17:46,620 [INFO] CrossReferenceDbSqlite:203 - Set database path to: C:\Users\TuranyElijah\.stmcufinder\plugins\mcufinder//mcu/cs/
2024-03-06 12:17:46,737 [INFO] RulesReader:64 - Compatibility file has been processed (297 Rules)
2024-03-06 12:17:46,826 [INFO] DbMcusXml:78 - Set database path to: C:\ST\STM32CubeIDE_1.14.1\STM32CubeIDE\plugins\com.st.stm32cube.common.mx_6.10.0.202311202037\\db\/mcu/
2024-03-06 12:17:46,826 [INFO] ApiDb:274 - Set plugin database path to: C:\ST\STM32CubeIDE_1.14.1\STM32CubeIDE\plugins\com.st.stm32cube.common.mx_6.10.0.202311202037\\db\/plugins/boardmanager/
2024-03-06 12:17:46,826 [INFO] ApiDb:261 - Set plugin images path to: C:\ST\STM32CubeIDE_1.14.1\STM32CubeIDE\plugins\com.st.stm32cube.common.mx_6.10.0.202311202037\\db\/plugins/mcufinder/images/
2024-03-06 12:17:46,827 [WARN] DbFile:41 - Overriding database path with different value: C:\Users\TuranyElijah\.stmcufinder\plugins\mcufinder/ => C:\Users\TuranyElijah\.stmcufinder\plugins\mcufinder
2024-03-06 12:17:46,827 [INFO] ApiDb:250 - Set database path to: C:\Users\TuranyElijah\.stmcufinder\plugins\mcufinder//mcu/
2024-03-06 12:17:46,827 [WARN] DbFile:41 - Overriding database path with different value: C:\Users\TuranyElijah\.stmcufinder\plugins\mcufinder/ => C:\Users\TuranyElijah\.stmcufinder\plugins\mcufinder
2024-03-06 12:17:46,827 [INFO] DbMcusAds:125 - Set database path to: C:\Users\TuranyElijah\.stmcufinder\plugins\mcufinder//mcu/
2024-03-06 12:17:46,827 [WARN] DbFile:41 - Overriding database path with different value: C:\Users\TuranyElijah\.stmcufinder\plugins\mcufinder/ => C:\Users\TuranyElijah\.stmcufinder\plugins\mcufinder
2024-03-06 12:17:46,827 [WARN] DbFile:41 - Overriding database path with different value: C:\Users\TuranyElijah\.stmcufinder\plugins\mcufinder/ => C:\Users\TuranyElijah\.stmcufinder\plugins\mcufinder
2024-03-06 12:17:46,827 [INFO] CrossReferenceDbSqlite:203 - Set database path to: C:\Users\TuranyElijah\.stmcufinder\plugins\mcufinder//mcu/cs/
2024-03-06 12:17:46,912 [INFO] MainPanel:264 - HeapMemory: 268435456
2024-03-06 12:17:47,023 [INFO] DbMcusXml:78 - Set database path to: C:\ST\STM32CubeIDE_1.14.1\STM32CubeIDE\plugins\com.st.stm32cube.common.mx_6.10.0.202311202037\\db\/mcu/
2024-03-06 12:17:47,024 [INFO] ApiDb:274 - Set plugin database path to: C:\ST\STM32CubeIDE_1.14.1\STM32CubeIDE\plugins\com.st.stm32cube.common.mx_6.10.0.202311202037\\db\/plugins/boardmanager/
2024-03-06 12:17:47,024 [INFO] ApiDb:261 - Set plugin images path to: C:\ST\STM32CubeIDE_1.14.1\STM32CubeIDE\plugins\com.st.stm32cube.common.mx_6.10.0.202311202037\\db\/plugins/mcufinder/images/
2024-03-06 12:17:47,024 [WARN] DbFile:41 - Overriding database path with different value: C:\Users\TuranyElijah\.stmcufinder\plugins\mcufinder/ => C:\Users\TuranyElijah\.stmcufinder\plugins\mcufinder
2024-03-06 12:17:47,024 [INFO] ApiDb:250 - Set database path to: C:\Users\TuranyElijah\.stmcufinder\plugins\mcufinder//mcu/
2024-03-06 12:17:47,025 [WARN] DbFile:41 - Overriding database path with different value: C:\Users\TuranyElijah\.stmcufinder\plugins\mcufinder/ => C:\Users\TuranyElijah\.stmcufinder\plugins\mcufinder
2024-03-06 12:17:47,025 [INFO] DbMcusAds:125 - Set database path to: C:\Users\TuranyElijah\.stmcufinder\plugins\mcufinder//mcu/
2024-03-06 12:17:47,025 [WARN] DbFile:41 - Overriding database path with different value: C:\Users\TuranyElijah\.stmcufinder\plugins\mcufinder/ => C:\Users\TuranyElijah\.stmcufinder\plugins\mcufinder
2024-03-06 12:17:47,025 [WARN] DbFile:41 - Overriding database path with different value: C:\Users\TuranyElijah\.stmcufinder\plugins\mcufinder/ => C:\Users\TuranyElijah\.stmcufinder\plugins\mcufinder
2024-03-06 12:17:47,025 [INFO] CrossReferenceDbSqlite:203 - Set database path to: C:\Users\TuranyElijah\.stmcufinder\plugins\mcufinder//mcu/cs/
2024-03-06 12:17:47,046 [INFO] ApplicationProperties:184 - Using Application install path: C:\ST\STM32CubeIDE_1.14.1\STM32CubeIDE\plugins\com.st.stm32cube.common.mx_6.10.0.202311202037
2024-03-06 12:17:47,048 [INFO] PluginManage:196 - Search for loadable plugins [exclusion list=, ]
2024-03-06 12:17:47,051 [INFO] PluginManage:310 - Check plugin analytics
2024-03-06 12:17:47,231 [INFO] AnalyticsPlugin:253 - Accepted Software Licenses: STM32CubeMX.6.10.0
2024-03-06 12:17:47,232 [INFO] AnalyticsPlugin:255 - Accepted CMSIS Pack Licenses: 
2024-03-06 12:17:47,232 [INFO] AnalyticsPlugin:257 - Accepted Firmware Licenses: 
2024-03-06 12:17:47,236 [INFO] PluginManage:359 - Loaded plugin analytics (category:tool,tabindex:-1)
2024-03-06 12:17:47,236 [INFO] PluginManage:310 - Check plugin cadmodel
2024-03-06 12:17:47,236 [ERROR] ConfigurationRetriever:142 - IOException on connection: sw-center.st.com
2024-03-06 12:17:47,237 [ERROR] ConfigurationRetriever:142 - IOException on connection: sw-center.st.com
2024-03-06 12:17:47,237 [ERROR] ConfigurationRetriever:142 - IOException on connection: sw-center.st.com
2024-03-06 12:17:47,253 [INFO] CADModel:105 - Init CAD model plugin
2024-03-06 12:17:47,254 [INFO] PluginManage:359 - Loaded plugin cadmodel (category:power,tabindex:5)
2024-03-06 12:17:47,254 [INFO] PluginManage:310 - Check plugin clock
2024-03-06 12:17:47,274 [INFO] PluginManage:359 - Loaded plugin clock (category:base,tabindex:2)
2024-03-06 12:17:47,275 [INFO] PluginManage:310 - Check plugin ddr
2024-03-06 12:17:47,277 [INFO] PluginManage:359 - Loaded plugin ddr (category:tool,tabindex:6)
2024-03-06 12:17:47,277 [INFO] PluginManage:310 - Check plugin filemanager
2024-03-06 12:17:47,433 [INFO] PluginManage:359 - Loaded plugin filemanager (category:base,tabindex:10)
2024-03-06 12:17:47,434 [INFO] PluginManage:310 - Check plugin ipmanager
2024-03-06 12:17:47,440 [INFO] PluginManage:359 - Loaded plugin ipmanager (category:base,tabindex:5)
2024-03-06 12:17:47,441 [INFO] PluginManage:310 - Check plugin lpbam
2024-03-06 12:17:47,458 [INFO] PluginManage:359 - Loaded plugin lpbam (category:base,tabindex:0)
2024-03-06 12:17:47,459 [INFO] PluginManage:310 - Check plugin memorymap
2024-03-06 12:17:47,483 [INFO] PluginManage:359 - Loaded plugin memorymap (category:base,tabindex:4)
2024-03-06 12:17:47,484 [INFO] PluginManage:310 - Check plugin pinoutandconfiguration
2024-03-06 12:17:47,501 [INFO] PluginManage:359 - Loaded plugin pinoutandconfiguration (category:base,tabindex:1)
2024-03-06 12:17:47,501 [INFO] PluginManage:310 - Check plugin pinoutconfig
2024-03-06 12:17:47,615 [WARN] SupportedApi:132 - Cannot load RTOS API schema: s4s-elt-must-match.1: The content of 'definitions' must match (annotation?, (simpleType | complexType)?, (unique | key | keyref)*)). A problem was found starting at: attribute.
2024-03-06 12:17:47,781 [INFO] PluginManage:359 - Loaded plugin pinoutconfig (category:base,tabindex:0)
2024-03-06 12:17:47,781 [INFO] PluginManage:310 - Check plugin power
2024-03-06 12:17:47,811 [INFO] PluginManage:359 - Loaded plugin power (category:power,tabindex:4)
2024-03-06 12:17:47,811 [INFO] PluginManage:310 - Check plugin projectmanager
2024-03-06 12:17:47,830 [INFO] PluginManage:359 - Loaded plugin projectmanager (category:projectmanager,tabindex:3)
2024-03-06 12:17:47,830 [INFO] PluginManage:310 - Check plugin thirdparty
2024-03-06 12:17:48,097 [INFO] PluginManage:359 - Loaded plugin thirdparty (category:base,tabindex:-1)
2024-03-06 12:17:48,097 [INFO] PluginManage:310 - Check plugin tools
2024-03-06 12:17:48,097 [WARN] IntegrityCheckThread:84 - waiting for thirdparty lock release [integrity check]
2024-03-06 12:17:48,097 [INFO] IntegrityCheckThread:86 - entering critical section [integrity check]
2024-03-06 12:17:48,097 [INFO] ThirdPartyUpdaterWithRetryManager:70 - Updater plugin not ready yet. [1/15]
2024-03-06 12:17:48,129 [INFO] PluginManage:359 - Loaded plugin tools (category:base,tabindex:7)
2024-03-06 12:17:48,129 [INFO] PluginManage:310 - Check plugin tutovideos
2024-03-06 12:17:48,352 [INFO] PluginManage:359 - Loaded plugin tutovideos (category:base,tabindex:-1)
2024-03-06 12:17:48,352 [INFO] PluginManage:310 - Check plugin updater
2024-03-06 12:17:48,364 [INFO] PluginManage:359 - Loaded plugin updater (category:base,tabindex:12)
2024-03-06 12:17:48,365 [INFO] PluginManage:310 - Check plugin userauth
2024-03-06 12:17:48,371 [INFO] UserAuth:114 - Init User Auth plugin
2024-03-06 12:17:48,371 [INFO] PluginManage:359 - Loaded plugin userauth (category:base,tabindex:14)
2024-03-06 12:17:48,372 [INFO] PluginManage:283 - PluginManage : Loaded plugins [17]
2024-03-06 12:17:48,620 [INFO] PinOutPanel:1499 - setPackage(No Configuration,No Configuration)
2024-03-06 12:17:48,701 [INFO] CADModel:165 - CPN selected for project level
2024-03-06 12:17:48,701 [INFO] CADModel:114 - Register for checkConnection events
2024-03-06 12:17:48,732 [INFO] IPUIPlugin:80 - create IPUIPlugin
2024-03-06 12:17:48,732 [INFO] PluginManager:220 - loadIPPluginJar : add adc
2024-03-06 12:17:48,779 [INFO] IPUIPlugin:80 - create IPUIPlugin
2024-03-06 12:17:48,779 [INFO] PluginManager:220 - loadIPPluginJar : add aes
2024-03-06 12:17:48,828 [INFO] IPUIPlugin:80 - create IPUIPlugin
2024-03-06 12:17:48,828 [INFO] PluginManager:220 - loadIPPluginJar : add can
2024-03-06 12:17:48,853 [INFO] IPUIPlugin:80 - create IPUIPlugin
2024-03-06 12:17:48,853 [INFO] PluginManager:220 - loadIPPluginJar : add comp
2024-03-06 12:17:48,890 [INFO] IPUIPlugin:80 - create IPUIPlugin
2024-03-06 12:17:48,890 [INFO] PluginManager:220 - loadIPPluginJar : add cryp
2024-03-06 12:17:48,920 [INFO] IPUIPlugin:80 - create IPUIPlugin
2024-03-06 12:17:48,920 [INFO] PluginManager:220 - loadIPPluginJar : add dfsdm
2024-03-06 12:17:48,935 [INFO] IPUIPlugin:80 - create IPUIPlugin
2024-03-06 12:17:48,935 [INFO] PluginManager:220 - loadIPPluginJar : add dma
2024-03-06 12:17:48,981 [INFO] IPUIPlugin:80 - create IPUIPlugin
2024-03-06 12:17:48,982 [INFO] PluginManager:220 - loadIPPluginJar : add dma3
2024-03-06 12:17:49,008 [INFO] IPUIPlugin:80 - create IPUIPlugin
2024-03-06 12:17:49,008 [INFO] PluginManager:220 - loadIPPluginJar : add fatfs
2024-03-06 12:17:49,064 [INFO] IPUIPlugin:80 - create IPUIPlugin
2024-03-06 12:17:49,064 [INFO] PluginManager:220 - loadIPPluginJar : add fmc
2024-03-06 12:17:49,082 [INFO] IPUIPlugin:80 - create IPUIPlugin
2024-03-06 12:17:49,082 [INFO] PluginManager:220 - loadIPPluginJar : add freertos
2024-03-06 12:17:49,108 [INFO] IPUIPlugin:80 - create IPUIPlugin
2024-03-06 12:17:49,108 [INFO] PluginManager:220 - loadIPPluginJar : add genericplugin
2024-03-06 12:17:49,191 [INFO] IPUIPlugin:80 - create IPUIPlugin
2024-03-06 12:17:49,191 [INFO] PluginManager:220 - loadIPPluginJar : add gfxmmu
2024-03-06 12:17:49,312 [INFO] IPUIPlugin:80 - create IPUIPlugin
2024-03-06 12:17:49,312 [INFO] PluginManager:220 - loadIPPluginJar : add gic
2024-03-06 12:17:49,329 [INFO] IPUIPlugin:80 - create IPUIPlugin
2024-03-06 12:17:49,329 [INFO] PluginManager:220 - loadIPPluginJar : add gpio
2024-03-06 12:17:49,414 [INFO] IPUIPlugin:80 - create IPUIPlugin
2024-03-06 12:17:49,414 [INFO] PluginManager:220 - loadIPPluginJar : add gtzc
2024-03-06 12:17:49,444 [INFO] IPUIPlugin:80 - create IPUIPlugin
2024-03-06 12:17:49,445 [INFO] PluginManager:220 - loadIPPluginJar : add hash
2024-03-06 12:17:49,491 [INFO] IPUIPlugin:80 - create IPUIPlugin
2024-03-06 12:17:49,491 [INFO] PluginManager:220 - loadIPPluginJar : add i2c
2024-03-06 12:17:49,529 [INFO] IPUIPlugin:80 - create IPUIPlugin
2024-03-06 12:17:49,529 [INFO] PluginManager:220 - loadIPPluginJar : add i2s
2024-03-06 12:17:49,567 [INFO] IPUIPlugin:80 - create IPUIPlugin
2024-03-06 12:17:49,567 [INFO] PluginManager:220 - loadIPPluginJar : add i3c
2024-03-06 12:17:49,673 [INFO] IPUIPlugin:80 - create IPUIPlugin
2024-03-06 12:17:49,673 [INFO] PluginManager:220 - loadIPPluginJar : add ipddr
2024-03-06 12:17:49,752 [INFO] IPUIPlugin:80 - create IPUIPlugin
2024-03-06 12:17:49,752 [INFO] PluginManager:220 - loadIPPluginJar : add linkedlist
2024-03-06 12:17:49,784 [INFO] IPUIPlugin:80 - create IPUIPlugin
2024-03-06 12:17:49,784 [INFO] PluginManager:220 - loadIPPluginJar : add lorawan
2024-03-06 12:17:49,828 [INFO] IPUIPlugin:80 - create IPUIPlugin
2024-03-06 12:17:49,828 [INFO] PluginManager:220 - loadIPPluginJar : add ltdc
2024-03-06 12:17:49,844 [INFO] IPUIPlugin:80 - create IPUIPlugin
2024-03-06 12:17:49,845 [INFO] PluginManager:220 - loadIPPluginJar : add mdma
2024-03-06 12:17:49,858 [INFO] IPUIPlugin:80 - create IPUIPlugin
2024-03-06 12:17:49,858 [INFO] PluginManager:220 - loadIPPluginJar : add nvic
2024-03-06 12:17:49,894 [INFO] IPUIPlugin:80 - create IPUIPlugin
2024-03-06 12:17:49,894 [INFO] PluginManager:220 - loadIPPluginJar : add opamp
2024-03-06 12:17:49,951 [INFO] IPUIPlugin:80 - create IPUIPlugin
2024-03-06 12:17:49,951 [INFO] PluginManager:220 - loadIPPluginJar : add openamp
2024-03-06 12:17:49,991 [INFO] IPUIPlugin:80 - create IPUIPlugin
2024-03-06 12:17:49,991 [INFO] PluginManager:220 - loadIPPluginJar : add pdm2pcm
2024-03-06 12:17:50,005 [INFO] IPUIPlugin:80 - create IPUIPlugin
2024-03-06 12:17:50,007 [INFO] PluginManager:220 - loadIPPluginJar : add plateformsettings
2024-03-06 12:17:50,029 [INFO] IPUIPlugin:80 - create IPUIPlugin
2024-03-06 12:17:50,029 [INFO] PluginManager:220 - loadIPPluginJar : add quadspi
2024-03-06 12:17:50,042 [INFO] IPUIPlugin:80 - create IPUIPlugin
2024-03-06 12:17:50,043 [INFO] PluginManager:220 - loadIPPluginJar : add resmgrutility
2024-03-06 12:17:50,088 [INFO] IPUIPlugin:80 - create IPUIPlugin
2024-03-06 12:17:50,088 [INFO] PluginManager:220 - loadIPPluginJar : add sai
2024-03-06 12:17:50,121 [INFO] IPUIPlugin:80 - create IPUIPlugin
2024-03-06 12:17:50,121 [INFO] PluginManager:220 - loadIPPluginJar : add spi
2024-03-06 12:17:50,187 [INFO] IPUIPlugin:80 - create IPUIPlugin
2024-03-06 12:17:50,187 [INFO] PluginManager:220 - loadIPPluginJar : add stm32_wpan
2024-03-06 12:17:50,211 [INFO] IPUIPlugin:80 - create IPUIPlugin
2024-03-06 12:17:50,211 [INFO] PluginManager:220 - loadIPPluginJar : add tim
2024-03-06 12:17:50,264 [INFO] IPUIPlugin:80 - create IPUIPlugin
2024-03-06 12:17:50,265 [INFO] PluginManager:220 - loadIPPluginJar : add touchsensing
2024-03-06 12:17:50,287 [INFO] IPUIPlugin:80 - create IPUIPlugin
2024-03-06 12:17:50,287 [INFO] PluginManager:220 - loadIPPluginJar : add tracer_emb
2024-03-06 12:17:50,310 [INFO] IPUIPlugin:80 - create IPUIPlugin
2024-03-06 12:17:50,310 [INFO] PluginManager:220 - loadIPPluginJar : add ts
2024-03-06 12:17:50,330 [INFO] IPUIPlugin:80 - create IPUIPlugin
2024-03-06 12:17:50,330 [INFO] PluginManager:220 - loadIPPluginJar : add tsc
2024-03-06 12:17:50,356 [INFO] IPUIPlugin:80 - create IPUIPlugin
2024-03-06 12:17:50,356 [INFO] PluginManager:220 - loadIPPluginJar : add ucpd
2024-03-06 12:17:50,408 [INFO] IPUIPlugin:80 - create IPUIPlugin
2024-03-06 12:17:50,408 [INFO] PluginManager:220 - loadIPPluginJar : add usart
2024-03-06 12:17:50,449 [INFO] IPUIPlugin:80 - create IPUIPlugin
2024-03-06 12:17:50,449 [INFO] PluginManager:220 - loadIPPluginJar : add usbx
2024-03-06 12:17:50,586 [INFO] CADModel:165 - CPN selected for project level
2024-03-06 12:17:50,587 [INFO] CADModel:114 - Register for checkConnection events
2024-03-06 12:17:50,587 [FATAL] Updater:308 - Updater called before beeing initialized
2024-03-06 12:17:50,587 [ERROR] CADModel:125 - Updater not yet initialized, retry later 
2024-03-06 12:17:50,759 [INFO] CADModel:165 - CPN selected for project level
2024-03-06 12:17:50,759 [INFO] CADModel:114 - Register for checkConnection events
2024-03-06 12:17:50,759 [FATAL] Updater:308 - Updater called before beeing initialized
2024-03-06 12:17:50,759 [ERROR] CADModel:125 - Updater not yet initialized, retry later 
2024-03-06 12:17:50,762 [FATAL] Updater:308 - Updater called before beeing initialized
2024-03-06 12:17:50,883 [FATAL] Updater:308 - Updater called before beeing initialized
2024-03-06 12:17:50,894 [INFO] DbMcusAds:53 - JSON generation date=Wed Nov 29 04:52:27 CST 2023 (1701255147349)
2024-03-06 12:17:50,894 [FATAL] Updater:308 - Updater called before beeing initialized
2024-03-06 12:17:50,971 [WARN] DetailPanel:346 - Failed to get advertising image, set to default
2024-03-06 12:17:51,082 [FATAL] Updater:308 - Updater called before beeing initialized
2024-03-06 12:17:51,085 [FATAL] Updater:308 - Updater called before beeing initialized
2024-03-06 12:17:51,085 [FATAL] Updater:308 - Updater called before beeing initialized
2024-03-06 12:17:51,085 [WARN] DetailPanel:346 - Failed to get advertising image, set to default
2024-03-06 12:17:51,086 [FATAL] Updater:308 - Updater called before beeing initialized
2024-03-06 12:17:51,099 [INFO] ThirdPartyUpdaterWithRetryManager:70 - Updater plugin not ready yet. [2/15]
2024-03-06 12:17:51,183 [ERROR] Updater:1120 - MainUpdater not yet initialized. External WinMGr cannot be set.
2024-03-06 12:17:51,194 [INFO] Updater:1056 - Updater Version found : 6.10.0
2024-03-06 12:17:51,212 [INFO] ApplicationProperties:184 - Using Application install path: C:\ST\STM32CubeIDE_1.14.1\STM32CubeIDE\plugins\com.st.stm32cube.common.mx_6.10.0.202311202037
2024-03-06 12:17:52,816 [ERROR] LogOutputStream:75 - [STDERR_REDIRECT] Mar 06, 2024 12:17:52 PM java.util.prefs.WindowsPreferences <init>
2024-03-06 12:17:52,820 [ERROR] LogOutputStream:75 - [STDERR_REDIRECT] WARNING: Could not open/create prefs root node Software\JavaSoft\Prefs at root 0xffffffff80000002. Windows RegCreateKeyEx(...) returned error code 5.
2024-03-06 12:17:52,820 [ERROR] LogOutputStream:75 - [STDERR_REDIRECT] 
2024-03-06 12:17:53,166 [INFO] MainUpdater:2873 - connection check result : 22
2024-03-06 12:17:53,167 [INFO] MainUpdater:290 - Updater Check For Update Now.
2024-03-06 12:17:53,167 [INFO] MicroXplorer:498 - Change Database Version : DB.6.0.100
2024-03-06 12:17:53,189 [INFO] McuFinderGlobals:63 - Set McuFinder mode to 2 (CubeIDE integrated)
2024-03-06 12:17:53,190 [INFO] UserAuth:180 - activating auth plugin
2024-03-06 12:17:53,194 [INFO] UserAuth:404 - Internet connection configuration mode: 2
2024-03-06 12:17:53,225 [INFO] UserAuth:404 - Internet connection configuration mode: 2
2024-03-06 12:17:53,422 [INFO] CheckServerUpdateThread:120 - End of CheckServer Thread
2024-03-06 12:17:54,458 [WARN] PackLoader:240 - Cannot read IP mode file for STMicroelectronics.X-CUBE-SMBUS.2.1.0
2024-03-06 12:17:54,485 [WARN] PackLoader:240 - Cannot read IP mode file for STMicroelectronics.X-CUBE-TOUCHGFX.4.23.0
2024-03-06 12:17:54,554 [WARN] PackLoader:240 - Cannot read IP mode file for STMicroelectronics.X-CUBE-AZRTOS-F7.1.1.0
2024-03-06 12:17:54,590 [WARN] PackLoader:240 - Cannot read IP mode file for STMicroelectronics.FP-SNS-MOTENV1.4.3.2
2024-03-06 12:17:54,616 [WARN] PackLoader:240 - Cannot read IP mode file for STMicroelectronics.FP-SNS-FLIGHT1.5.0.2
2024-03-06 12:17:54,645 [WARN] PackLoader:240 - Cannot read IP mode file for STMicroelectronics.X-CUBE-DISPLAY.3.0.0
2024-03-06 12:17:54,680 [WARN] PackLoader:240 - Cannot read IP mode file for STMicroelectronics.X-CUBE-BLE1.7.0.0
2024-03-06 12:17:54,705 [WARN] PackLoader:240 - Cannot read IP mode file for emotas.I-CUBE-CANOPEN.1.3.0
2024-03-06 12:17:54,738 [WARN] PackLoader:240 - Cannot read IP mode file for STMicroelectronics.X-CUBE-BLEMGR.3.1.0
2024-03-06 12:17:54,765 [WARN] PackLoader:240 - Cannot read IP mode file for STMicroelectronics.FP-SNS-SMARTAG2.1.2.0
2024-03-06 12:17:54,799 [INFO] LogOutputStream:77 - [STDOUT_REDIRECT] 1 : Invalid condition id : UX_CORESTACK_Condition cause : null
2024-03-06 12:17:54,799 [INFO] LogOutputStream:77 - [STDOUT_REDIRECT] 1 : Invalid condition id : UX_CORESTACK_Condition cause : null
2024-03-06 12:17:54,800 [INFO] LogOutputStream:77 - [STDOUT_REDIRECT] 1 : Invalid condition id : UX_CORESTACK_Condition cause : null
2024-03-06 12:17:54,802 [INFO] LogOutputStream:77 - [STDOUT_REDIRECT] 1 : Invalid condition id : UX_CORESTACK_Condition cause : null
2024-03-06 12:17:54,803 [INFO] LogOutputStream:77 - [STDOUT_REDIRECT] 1 : Invalid condition id : UX_CORESTACK_Condition cause : null
2024-03-06 12:17:54,807 [WARN] PackLoader:240 - Cannot read IP mode file for STMicroelectronics.X-CUBE-AZRTOS-WL.2.0.0
2024-03-06 12:17:54,833 [WARN] PackLoader:240 - Cannot read IP mode file for WES.I-CUBE-Cesium.1.3.0
2024-03-06 12:17:54,854 [WARN] PackLoader:240 - Cannot read IP mode file for STMicroelectronics.X-CUBE-BLE2.3.3.0
2024-03-06 12:17:54,879 [WARN] PackLoader:240 - Cannot read IP mode file for STMicroelectronics.X-CUBE-ALGOBUILD.1.3.0
2024-03-06 12:17:54,921 [WARN] PackLoader:240 - Cannot read IP mode file for STMicroelectronics.X-CUBE-AZRTOS-G0.1.1.0
2024-03-06 12:17:54,948 [WARN] PackLoader:240 - Cannot read IP mode file for STMicroelectronics.X-CUBE-NFC4.3.0.0
2024-03-06 12:17:54,978 [WARN] PackLoader:240 - Cannot read IP mode file for STMicroelectronics.X-CUBE-BLEMGR.3.0.0
2024-03-06 12:17:55,000 [WARN] PackLoader:240 - Cannot read IP mode file for STMicroelectronics.FP-ATR-SIGFOX1.3.2.0
2024-03-06 12:17:55,021 [WARN] PackLoader:240 - Cannot read IP mode file for STMicroelectronics.X-CUBE-EEPRMA1.5.1.0
2024-03-06 12:17:55,077 [WARN] PackLoader:240 - Cannot read IP mode file for SEGGER.I-CUBE-embOS.1.3.1
2024-03-06 12:17:55,133 [WARN] PackLoader:240 - Cannot read IP mode file for STMicroelectronics.X-CUBE-GNSS1.6.0.0
2024-03-06 12:17:55,167 [WARN] PackLoader:240 - Cannot read IP mode file for STMicroelectronics.X-CUBE-AZRTOS-F4.1.1.0
2024-03-06 12:17:55,188 [WARN] PackLoader:240 - Cannot read IP mode file for wolfSSL.I-CUBE-wolfSSL.5.6.6
2024-03-06 12:17:55,226 [WARN] PackLoader:240 - Cannot read IP mode file for STMicroelectronics.X-CUBE-AZRTOS-L5.2.0.0
2024-03-06 12:17:55,245 [WARN] PackLoader:240 - Cannot read IP mode file for STMicroelectronics.X-CUBE-EEPRMA1.4.2.0
2024-03-06 12:17:55,261 [WARN] PackLoader:240 - Cannot read IP mode file for ITTIA_DB.I-CUBE-ITTIADB.8.8.0
2024-03-06 12:17:55,277 [WARN] PackLoader:240 - Cannot read IP mode file for STMicroelectronics.X-CUBE-NFC7.1.0.1
2024-03-06 12:17:55,294 [WARN] PackLoader:240 - Cannot read IP mode file for STMicroelectronics.X-CUBE-NFC6.3.0.0
2024-03-06 12:17:55,311 [WARN] PackLoader:240 - Cannot read IP mode file for STMicroelectronics.X-CUBE-AI.8.1.0
2024-03-06 12:17:55,347 [WARN] ConditionMgr:438 - getConditionDescription Invalid condition id : LAN8742 Phy interface Condition cause : null
2024-03-06 12:17:55,348 [WARN] PackLoader:240 - Cannot read IP mode file for STMicroelectronics.X-CUBE-AZRTOS-L4.2.0.0
2024-03-06 12:17:55,349 [WARN] ConditionMgr:1039 - genDependencies : Invalid condition id : LAN8742 Phy interface Condition cause : null
2024-03-06 12:17:55,349 [WARN] ConditionMgr:1039 - genDependencies : Invalid condition id : LAN8742 Phy interface Condition cause : null
2024-03-06 12:17:55,350 [WARN] ConditionMgr:1039 - genDependencies : Invalid condition id : LAN8742 Phy interface Condition cause : null
2024-03-06 12:17:55,366 [WARN] PackLoader:240 - Cannot read IP mode file for STMicroelectronics.X-CUBE-SFXS2LP1.4.0.0
2024-03-06 12:17:55,392 [WARN] ConditionMgr:438 - getConditionDescription Invalid condition id : UX DEVICE CLASS RTOS Condition cause : null
2024-03-06 12:17:55,392 [WARN] ConditionMgr:438 - getConditionDescription Invalid condition id : UX DEVICE CLASS RTOS Condition cause : null
2024-03-06 12:17:55,394 [WARN] PackLoader:240 - Cannot read IP mode file for STMicroelectronics.X-CUBE-AZRTOS-WB.2.0.0
2024-03-06 12:17:55,394 [WARN] ConditionMgr:1039 - genDependencies : Invalid condition id : UX DEVICE CLASS RTOS Condition cause : null
2024-03-06 12:17:55,395 [WARN] ConditionMgr:1039 - genDependencies : Invalid condition id : UX DEVICE CLASS RTOS Condition cause : null
2024-03-06 12:17:55,395 [WARN] ConditionMgr:1039 - genDependencies : Invalid condition id : UX DEVICE CLASS RTOS Condition cause : null
2024-03-06 12:17:55,395 [WARN] ConditionMgr:1039 - genDependencies : Invalid condition id : UX DEVICE CLASS RTOS Condition cause : null
2024-03-06 12:17:55,395 [WARN] ConditionMgr:1039 - genDependencies : Invalid condition id : UX DEVICE CLASS RTOS Condition cause : null
2024-03-06 12:17:55,420 [WARN] PackLoader:240 - Cannot read IP mode file for STMicroelectronics.X-CUBE-SUBG2.5.0.0
2024-03-06 12:17:55,461 [WARN] PackLoader:240 - Cannot read IP mode file for STMicroelectronics.X-CUBE-AZRTOS-G4.2.0.0
2024-03-06 12:17:55,517 [WARN] PackLoader:240 - Cannot read IP mode file for Infineon.AIROC-Wi-Fi-Bluetooth-STM32.1.5.1
2024-03-06 12:17:55,538 [WARN] PackLoader:240 - Cannot read IP mode file for STMicroelectronics.FP-SNS-MOTENVWB1.1.3.1
2024-03-06 12:17:55,556 [WARN] PackLoader:240 - Cannot read IP mode file for STMicroelectronics.X-CUBE-ISPU.2.0.0
2024-03-06 12:17:55,609 [WARN] PackLoader:240 - Cannot read IP mode file for STMicroelectronics.X-CUBE-MEMS1.10.0.0
2024-03-06 12:17:55,766 [WARN] PackLoader:240 - Cannot read IP mode file for STMicroelectronics.X-CUBE-FREERTOS.1.1.0
2024-03-06 12:17:55,785 [WARN] PackLoader:240 - Cannot read IP mode file for portGmbH.I-Cube-SoM-uGOAL.1.1.0
2024-03-06 12:17:55,801 [WARN] PackLoader:240 - Cannot read IP mode file for STMicroelectronics.X-CUBE-ALS.1.0.1
2024-03-06 12:17:55,815 [WARN] PackLoader:240 - Cannot read IP mode file for STMicroelectronics.FP-ATR-ASTRA1.2.0.0
2024-03-06 12:17:55,839 [WARN] PackLoader:240 - Cannot read IP mode file for STMicroelectronics.X-CUBE-TOF1.3.4.0
2024-03-06 12:17:55,874 [WARN] PackLoader:240 - Cannot read IP mode file for STMicroelectronics.X-CUBE-TOF1.3.4.1
2024-03-06 12:17:55,926 [WARN] PackLoader:240 - Cannot read IP mode file for STMicroelectronics.X-CUBE-AZRTOS-H7.3.2.0
2024-03-06 12:17:55,931 [INFO] ThirdParty:978 - Integrity check success = true
2024-03-06 12:17:55,931 [INFO] IntegrityCheckThread:100 - exiting critical section [integrity check]
2024-03-06 12:17:55,931 [INFO] IntegrityCheckThread:103 - End integrity checks thread
2024-03-06 12:18:14,365 [ERROR] LogOutputStream:75 - [STDERR_REDIRECT] SLF4J: Failed to load class "org.slf4j.impl.StaticLoggerBinder".
2024-03-06 12:18:14,367 [ERROR] LogOutputStream:75 - [STDERR_REDIRECT] SLF4J: Defaulting to no-operation (NOP) logger implementation
2024-03-06 12:18:14,368 [ERROR] LogOutputStream:75 - [STDERR_REDIRECT] SLF4J: See http://www.slf4j.org/codes.html#StaticLoggerBinder for further details.
2024-03-06 14:05:52,655 [ERROR] LogOutputStream:75 - [STDERR_REDIRECT] 
