13:37:04 **** Build of configuration Debug for project Lab8_2 ****
make -j12 all 
arm-none-eabi-gcc "../Src/adc.c" -mcpu=cortex-m4 -std=gnu11 -g3 -DDEBUG -DSTM32L4 -DSTM32 -DSTM32L476RGTx -DNUCLEO_L476RG -c -I../Inc -I"C:/Users/TuranyElijah/OneDrive - University of Wisconsin-Stout/Documents/School/2024Spring/MicroproccessorSystemDesign/Lab1Blinky/Headers/CMSIS/Device/ST/STM32L4xx/Include" -I"C:/Users/TuranyElijah/OneDrive - University of Wisconsin-Stout/Documents/School/2024Spring/MicroproccessorSystemDesign/Lab1Blinky/Headers/CMSIS/Include" -O0 -ffunction-sections -fdata-sections -Wall -fstack-usage -fcyclomatic-complexity -MMD -MP -MF"Src/adc.d" -MT"Src/adc.o" --specs=nano.specs -mfpu=fpv4-sp-d16 -mfloat-abi=hard -mthumb -o "Src/adc.o"
arm-none-eabi-gcc "../Src/fpu.c" -mcpu=cortex-m4 -std=gnu11 -g3 -DDEBUG -DSTM32L4 -DSTM32 -DSTM32L476RGTx -DNUCLEO_L476RG -c -I../Inc -I"C:/Users/TuranyElijah/OneDrive - University of Wisconsin-Stout/Documents/School/2024Spring/MicroproccessorSystemDesign/Lab1Blinky/Headers/CMSIS/Device/ST/STM32L4xx/Include" -I"C:/Users/TuranyElijah/OneDrive - University of Wisconsin-Stout/Documents/School/2024Spring/MicroproccessorSystemDesign/Lab1Blinky/Headers/CMSIS/Include" -O0 -ffunction-sections -fdata-sections -Wall -fstack-usage -fcyclomatic-complexity -MMD -MP -MF"Src/fpu.d" -MT"Src/fpu.o" --specs=nano.specs -mfpu=fpv4-sp-d16 -mfloat-abi=hard -mthumb -o "Src/fpu.o"
arm-none-eabi-gcc "../Src/main.c" -mcpu=cortex-m4 -std=gnu11 -g3 -DDEBUG -DSTM32L4 -DSTM32 -DSTM32L476RGTx -DNUCLEO_L476RG -c -I../Inc -I"C:/Users/TuranyElijah/OneDrive - University of Wisconsin-Stout/Documents/School/2024Spring/MicroproccessorSystemDesign/Lab1Blinky/Headers/CMSIS/Device/ST/STM32L4xx/Include" -I"C:/Users/TuranyElijah/OneDrive - University of Wisconsin-Stout/Documents/School/2024Spring/MicroproccessorSystemDesign/Lab1Blinky/Headers/CMSIS/Include" -O0 -ffunction-sections -fdata-sections -Wall -fstack-usage -fcyclomatic-complexity -MMD -MP -MF"Src/main.d" -MT"Src/main.o" --specs=nano.specs -mfpu=fpv4-sp-d16 -mfloat-abi=hard -mthumb -o "Src/main.o"
arm-none-eabi-gcc "../Src/syscalls.c" -mcpu=cortex-m4 -std=gnu11 -g3 -DDEBUG -DSTM32L4 -DSTM32 -DSTM32L476RGTx -DNUCLEO_L476RG -c -I../Inc -I"C:/Users/TuranyElijah/OneDrive - University of Wisconsin-Stout/Documents/School/2024Spring/MicroproccessorSystemDesign/Lab1Blinky/Headers/CMSIS/Device/ST/STM32L4xx/Include" -I"C:/Users/TuranyElijah/OneDrive - University of Wisconsin-Stout/Documents/School/2024Spring/MicroproccessorSystemDesign/Lab1Blinky/Headers/CMSIS/Include" -O0 -ffunction-sections -fdata-sections -Wall -fstack-usage -fcyclomatic-complexity -MMD -MP -MF"Src/syscalls.d" -MT"Src/syscalls.o" --specs=nano.specs -mfpu=fpv4-sp-d16 -mfloat-abi=hard -mthumb -o "Src/syscalls.o"
arm-none-eabi-gcc "../Src/sysmem.c" -mcpu=cortex-m4 -std=gnu11 -g3 -DDEBUG -DSTM32L4 -DSTM32 -DSTM32L476RGTx -DNUCLEO_L476RG -c -I../Inc -I"C:/Users/TuranyElijah/OneDrive - University of Wisconsin-Stout/Documents/School/2024Spring/MicroproccessorSystemDesign/Lab1Blinky/Headers/CMSIS/Device/ST/STM32L4xx/Include" -I"C:/Users/TuranyElijah/OneDrive - University of Wisconsin-Stout/Documents/School/2024Spring/MicroproccessorSystemDesign/Lab1Blinky/Headers/CMSIS/Include" -O0 -ffunction-sections -fdata-sections -Wall -fstack-usage -fcyclomatic-complexity -MMD -MP -MF"Src/sysmem.d" -MT"Src/sysmem.o" --specs=nano.specs -mfpu=fpv4-sp-d16 -mfloat-abi=hard -mthumb -o "Src/sysmem.o"
arm-none-eabi-gcc "../Src/uart.c" -mcpu=cortex-m4 -std=gnu11 -g3 -DDEBUG -DSTM32L4 -DSTM32 -DSTM32L476RGTx -DNUCLEO_L476RG -c -I../Inc -I"C:/Users/TuranyElijah/OneDrive - University of Wisconsin-Stout/Documents/School/2024Spring/MicroproccessorSystemDesign/Lab1Blinky/Headers/CMSIS/Device/ST/STM32L4xx/Include" -I"C:/Users/TuranyElijah/OneDrive - University of Wisconsin-Stout/Documents/School/2024Spring/MicroproccessorSystemDesign/Lab1Blinky/Headers/CMSIS/Include" -O0 -ffunction-sections -fdata-sections -Wall -fstack-usage -fcyclomatic-complexity -MMD -MP -MF"Src/uart.d" -MT"Src/uart.o" --specs=nano.specs -mfpu=fpv4-sp-d16 -mfloat-abi=hard -mthumb -o "Src/uart.o"
In file included from ../Src/adc.c:3:
../Inc/adc.h:2:10: fatal error: stm32l4xx.h: No such file or directory
    2 | #include "stm32l4xx.h"
      |          ^~~~~~~~~~~~~
compilation terminated.
../Src/fpu.c:1:10: fatal error: stm32l476xx.h: No such file or directory
    1 | #include "stm32l476xx.h"
      |          ^~~~~~~~~~~~~~~
compilation terminated.
make: *** [Src/subdir.mk:34: Src/adc.o] Error 1
make: *** Waiting for unfinished jobs....
make: *** [Src/subdir.mk:34: Src/fpu.o] Error 1
../Src/main.c:2:10: fatal error: stm32l476xx.h: No such file or directory
    2 | #include "stm32l476xx.h"
      |          ^~~~~~~~~~~~~~~
compilation terminated.
make: *** [Src/subdir.mk:34: Src/main.o] Error 1
In file included from ../Src/uart.c:3:
../Inc/uart.h:4:10: fatal error: stm32l476xx.h: No such file or directory
    4 | #include "stm32l476xx.h"
      |          ^~~~~~~~~~~~~~~
compilation terminated.
make: *** [Src/subdir.mk:34: Src/uart.o] Error 1
"make -j12 all" terminated with exit code 2. Build might be incomplete.

13:37:04 Build Failed. 9 errors, 0 warnings. (took 486ms)

